2016-12-23 17:36:02  /entrypoint.sh: static: does not generate config
HEALTH_WARN too few PGs per OSD (10 < min 30)
2016-12-23 17:36:03  /entrypoint.sh: static: does not generate admin key
2016-12-23 17:36:04  /entrypoint.sh: SUCCESS
2016-12-23 17:36:04.167214 7f4d998ae300  0 set uid:gid to 64045:64045 (ceph:ceph)
2016-12-23 17:36:04.167257 7f4d998ae300  0 ceph version 9.0.0-18991-gec12610 (ec12610bb1358fb2eab74cb7b0483c2613bae38f), process ceph-mds, pid 88
starting mds.issdm-18 at -
2016-12-23 17:36:04.169380 7f4d998ae300  0 pidfile_write: ignore empty --pid-file
2016-12-23 17:36:48.997864 7f4d922b8700  0 mds.1.cache creating system inode with ino:101
2016-12-23 17:36:48.998019 7f4d922b8700  0 mds.1.cache creating system inode with ino:60a
2016-12-23 17:36:48.998280 7f4d922b8700  0 mds.1.cache creating system inode with ino:60b
2016-12-23 17:36:48.998382 7f4d922b8700  0 mds.1.cache creating system inode with ino:60c
2016-12-23 17:36:48.998495 7f4d922b8700  0 mds.1.cache creating system inode with ino:60d
2016-12-23 17:36:48.998786 7f4d922b8700  0 mds.1.cache creating system inode with ino:60e
2016-12-23 17:36:48.998914 7f4d922b8700  0 mds.1.cache creating system inode with ino:60f
2016-12-23 17:36:48.999088 7f4d922b8700  0 mds.1.cache creating system inode with ino:610
2016-12-23 17:36:48.999185 7f4d922b8700  0 mds.1.cache creating system inode with ino:611
2016-12-23 17:36:48.999299 7f4d922b8700  0 mds.1.cache creating system inode with ino:612
2016-12-23 17:36:48.999420 7f4d922b8700  0 mds.1.cache creating system inode with ino:613
2016-12-23 17:51:50.467078 7f4d94237700  0 -- 192.168.140.230:6800/877844801 >> 192.168.140.248:6800/4192917331 conn(0x7f4da28bd800 :6800 s=STATE_OPEN pgs=11 cs=1 l=0).fault with nothing to send, going to standby
