2016-12-23 17:34:46  /entrypoint.sh: static: does not generate config
HEALTH_WARN too few PGs per OSD (8 < min 30)
2016-12-23 17:34:46  /entrypoint.sh: static: does not generate admin key
pool 'cephfs_data' created
pool 'cephfs_metadata' created
new fs with metadata pool 2 and data pool 1
2016-12-23 17:34:50  /entrypoint.sh: SUCCESS
2016-12-23 17:34:50.453780 7f2ca63ad300  0 set uid:gid to 64045:64045 (ceph:ceph)
2016-12-23 17:34:50.453824 7f2ca63ad300  0 ceph version 9.0.0-18991-gec12610 (ec12610bb1358fb2eab74cb7b0483c2613bae38f), process ceph-mds, pid 198
starting mds.issdm-12 at -
2016-12-23 17:34:50.456164 7f2ca63ad300  0 pidfile_write: ignore empty --pid-file
2016-12-23 17:34:54.698881 7f2c9edb7700  0 mds.0.cache creating system inode with ino:1
2016-12-23 17:34:54.699275 7f2c9edb7700  0 mds.0.cache creating system inode with ino:100
2016-12-23 17:34:54.699303 7f2c9edb7700  0 mds.0.cache creating system inode with ino:600
2016-12-23 17:34:54.699621 7f2c9edb7700  0 mds.0.cache creating system inode with ino:601
2016-12-23 17:34:54.699725 7f2c9edb7700  0 mds.0.cache creating system inode with ino:602
2016-12-23 17:34:54.700020 7f2c9edb7700  0 mds.0.cache creating system inode with ino:603
2016-12-23 17:34:54.700147 7f2c9edb7700  0 mds.0.cache creating system inode with ino:604
2016-12-23 17:34:54.700281 7f2c9edb7700  0 mds.0.cache creating system inode with ino:605
2016-12-23 17:34:54.700386 7f2c9edb7700  0 mds.0.cache creating system inode with ino:606
2016-12-23 17:34:54.700485 7f2c9edb7700  0 mds.0.cache creating system inode with ino:607
2016-12-23 17:34:54.700583 7f2c9edb7700  0 mds.0.cache creating system inode with ino:608
2016-12-23 17:34:54.700713 7f2c9edb7700  0 mds.0.cache creating system inode with ino:609
2016-12-23 17:36:50.061459 7f2ca0d36700  0 -- 192.168.140.188:6800/1403592248 >> 192.168.140.248:6800/4192917331 conn(0x7f2cb0c13800 :6800 s=STATE_ACCEPTING_WAIT_CONNECT_MSG_AUTH pgs=0 cs=0 l=0).handle_connect_msg accept connect_seq 0 vs existing csq=0 existing_state=STATE_CONNECTING_WAIT_CONNECT_REPLY
2016-12-23 17:36:50.061866 7f2ca0d36700  0 -- 192.168.140.188:6800/1403592248 >> 192.168.140.248:6800/4192917331 conn(0x7f2cb0c13800 :6800 s=STATE_ACCEPTING_WAIT_CONNECT_MSG pgs=0 cs=0 l=0).fault with nothing to send and in the half  accept state just closed
