2016-12-23 16:16:55  /entrypoint.sh: static: does not generate config
HEALTH_WARN too few PGs per OSD (10 < min 30)
2016-12-23 16:16:55  /entrypoint.sh: static: does not generate admin key
2016-12-23 16:16:56  /entrypoint.sh: SUCCESS
2016-12-23 16:16:56.170373 7f2b705d0300  0 set uid:gid to 64045:64045 (ceph:ceph)
2016-12-23 16:16:56.170418 7f2b705d0300  0 ceph version 9.0.0-18991-gec12610 (ec12610bb1358fb2eab74cb7b0483c2613bae38f), process ceph-mds, pid 87
starting mds.issdm-15 at -
2016-12-23 16:16:56.172609 7f2b705d0300  0 pidfile_write: ignore empty --pid-file
2016-12-23 16:18:23.050949 7f2b68fda700  0 mds.2.cache creating system inode with ino:102
2016-12-23 16:18:23.051087 7f2b68fda700  0 mds.2.cache creating system inode with ino:614
2016-12-23 16:18:23.051347 7f2b68fda700  0 mds.2.cache creating system inode with ino:615
2016-12-23 16:18:23.051548 7f2b68fda700  0 mds.2.cache creating system inode with ino:616
2016-12-23 16:18:23.051850 7f2b68fda700  0 mds.2.cache creating system inode with ino:617
2016-12-23 16:18:23.051957 7f2b68fda700  0 mds.2.cache creating system inode with ino:618
2016-12-23 16:18:23.052075 7f2b68fda700  0 mds.2.cache creating system inode with ino:619
2016-12-23 16:18:23.052202 7f2b68fda700  0 mds.2.cache creating system inode with ino:61a
2016-12-23 16:18:23.052297 7f2b68fda700  0 mds.2.cache creating system inode with ino:61b
2016-12-23 16:18:23.052396 7f2b68fda700  0 mds.2.cache creating system inode with ino:61c
2016-12-23 16:18:23.052552 7f2b68fda700  0 mds.2.cache creating system inode with ino:61d
2016-12-23 16:18:27.316030 7f2b6af59700  0 -- 192.168.140.248:6800/1350906388 >> 192.168.140.188:6800/3303948119 conn(0x7f2b7a75c000 :6800 s=STATE_ACCEPTING_WAIT_CONNECT_MSG_AUTH pgs=0 cs=0 l=0).handle_connect_msg accept connect_seq 0 vs existing csq=0 existing_state=STATE_CONNECTING_WAIT_CONNECT_REPLY
2016-12-23 16:18:27.316280 7f2b6af59700  0 -- 192.168.140.248:6800/1350906388 >> 192.168.140.188:6800/3303948119 conn(0x7f2b7a75c000 :6800 s=STATE_ACCEPTING_WAIT_CONNECT_MSG pgs=0 cs=0 l=0).fault with nothing to send and in the half  accept state just closed
