2016-12-26 13:44:31  /entrypoint.sh: static: does not generate config
HEALTH_WARN too few PGs per OSD (10 < min 30)
2016-12-26 13:44:32  /entrypoint.sh: static: does not generate admin key
2016-12-26 13:44:33  /entrypoint.sh: SUCCESS
2016-12-26 13:44:33.067483 7fc48e91d300  0 set uid:gid to 64045:64045 (ceph:ceph)
2016-12-26 13:44:33.067528 7fc48e91d300  0 ceph version 9.0.0-18991-gec12610 (ec12610bb1358fb2eab74cb7b0483c2613bae38f), process ceph-mds, pid 88
starting mds.issdm-18 at -
2016-12-26 13:44:33.069626 7fc48e91d300  0 pidfile_write: ignore empty --pid-file
2016-12-26 13:45:42.929823 7fc487327700  0 mds.1.cache creating system inode with ino:101
2016-12-26 13:45:42.929968 7fc487327700  0 mds.1.cache creating system inode with ino:60a
2016-12-26 13:45:42.930215 7fc487327700  0 mds.1.cache creating system inode with ino:60b
2016-12-26 13:45:42.930310 7fc487327700  0 mds.1.cache creating system inode with ino:60c
2016-12-26 13:45:42.930426 7fc487327700  0 mds.1.cache creating system inode with ino:60d
2016-12-26 13:45:42.930687 7fc487327700  0 mds.1.cache creating system inode with ino:60e
2016-12-26 13:45:42.930821 7fc487327700  0 mds.1.cache creating system inode with ino:60f
2016-12-26 13:45:42.930950 7fc487327700  0 mds.1.cache creating system inode with ino:610
2016-12-26 13:45:42.931086 7fc487327700  0 mds.1.cache creating system inode with ino:611
2016-12-26 13:45:42.931179 7fc487327700  0 mds.1.cache creating system inode with ino:612
2016-12-26 13:45:42.931290 7fc487327700  0 mds.1.cache creating system inode with ino:613
2016-12-26 13:45:47.868447 7fc48a2a8700  0 -- 192.168.140.230:6800/3293492592 >> 192.168.140.188:6800/3351083310 conn(0x7fc4979ee000 :6800 s=STATE_ACCEPTING_WAIT_CONNECT_MSG_AUTH pgs=0 cs=0 l=0).handle_connect_msg accept connect_seq 0 vs existing csq=0 existing_state=STATE_CONNECTING_WAIT_CONNECT_REPLY
