2017-03-31 06:09:18  /entrypoint.sh: static: does not generate config
HEALTH_WARN too few PGs per OSD (8 < min 30)
2017-03-31 06:09:19  /entrypoint.sh: static: does not generate admin key
pool 'cephfs_data' created
pool 'cephfs_metadata' created
new fs with metadata pool 2 and data pool 1
2017-03-31 06:09:23  /entrypoint.sh: SUCCESS
2017-03-31 06:09:23.925908 7fed6c002300  0 set uid:gid to 64045:64045 (ceph:ceph)
2017-03-31 06:09:23.925950 7fed6c002300  0 ceph version 9.0.0-18996-gc8198b3 (c8198b367959e5e7ccb362987ae541a526ccaf59), process ceph-mds, pid 197
starting mds.issdm-12 at -
2017-03-31 06:09:23.928253 7fed6c002300  0 pidfile_write: ignore empty --pid-file
2017-03-31 06:09:28.450510 7fed64a05700  0 mds.0.cache creating system inode with ino:1
2017-03-31 06:09:28.451152 7fed64a05700  0 mds.0.cache creating system inode with ino:100
2017-03-31 06:09:28.451185 7fed64a05700  0 mds.0.cache creating system inode with ino:600
2017-03-31 06:09:28.451404 7fed64a05700  0 mds.0.cache creating system inode with ino:601
2017-03-31 06:09:28.451509 7fed64a05700  0 mds.0.cache creating system inode with ino:602
2017-03-31 06:09:28.451797 7fed64a05700  0 mds.0.cache creating system inode with ino:603
2017-03-31 06:09:28.451928 7fed64a05700  0 mds.0.cache creating system inode with ino:604
2017-03-31 06:09:28.452061 7fed64a05700  0 mds.0.cache creating system inode with ino:605
2017-03-31 06:09:28.452166 7fed64a05700  0 mds.0.cache creating system inode with ino:606
2017-03-31 06:09:28.452267 7fed64a05700  0 mds.0.cache creating system inode with ino:607
2017-03-31 06:09:28.452365 7fed64a05700  0 mds.0.cache creating system inode with ino:608
2017-03-31 06:09:28.452497 7fed64a05700  0 mds.0.cache creating system inode with ino:609
