2016-12-12 12:38:06  /entrypoint.sh: static: does not generate config
HEALTH_WARN too few PGs per OSD (10 < min 30)
2016-12-12 12:38:07  /entrypoint.sh: static: does not generate admin key
2016-12-12 12:38:07  /entrypoint.sh: SUCCESS
2016-12-12 12:38:07.798970 7feede564300  0 set uid:gid to 64045:64045 (ceph:ceph)
2016-12-12 12:38:07.799010 7feede564300  0 ceph version 11.0.2-1332-gf628bac (f628bac31aa0b5b2696b8defc4aa18d4bc2ef757), process ceph-mds, pid 87
starting mds.issdm-15 at -
2016-12-12 12:38:07.801034 7feede564300  0 pidfile_write: ignore empty --pid-file
2016-12-12 12:39:25.151873 7feed6f6e700  0 mds.2.cache creating system inode with ino:102
2016-12-12 12:39:25.152051 7feed6f6e700  0 mds.2.cache creating system inode with ino:614
2016-12-12 12:39:25.152345 7feed6f6e700  0 mds.2.cache creating system inode with ino:615
2016-12-12 12:39:25.152459 7feed6f6e700  0 mds.2.cache creating system inode with ino:616
2016-12-12 12:39:25.152803 7feed6f6e700  0 mds.2.cache creating system inode with ino:617
2016-12-12 12:39:25.152902 7feed6f6e700  0 mds.2.cache creating system inode with ino:618
2016-12-12 12:39:25.153032 7feed6f6e700  0 mds.2.cache creating system inode with ino:619
2016-12-12 12:39:25.153165 7feed6f6e700  0 mds.2.cache creating system inode with ino:61a
2016-12-12 12:39:25.153266 7feed6f6e700  0 mds.2.cache creating system inode with ino:61b
2016-12-12 12:39:25.153360 7feed6f6e700  0 mds.2.cache creating system inode with ino:61c
2016-12-12 12:39:25.153468 7feed6f6e700  0 mds.2.cache creating system inode with ino:61d
2016-12-12 12:39:29.398241 7feed9eef700  0 -- 192.168.140.248:6800/1235048890 >> 192.168.140.188:6800/2586406638 conn(0x7feee86c8000 :6800 s=STATE_ACCEPTING_WAIT_CONNECT_MSG_AUTH pgs=0 cs=0 l=0).handle_connect_msg accept connect_seq 0 vs existing csq=0 existing_state=STATE_CONNECTING_WAIT_CONNECT_REPLY
2016-12-12 12:39:29.398465 7feed9eef700  0 -- 192.168.140.248:6800/1235048890 >> 192.168.140.188:6800/2586406638 conn(0x7feee86c8000 :6800 s=STATE_ACCEPTING_WAIT_CONNECT_MSG pgs=0 cs=0 l=0).fault with nothing to send and in the half  accept state just closed
