2017-01-31 22:11:26  /entrypoint.sh: static: does not generate config
HEALTH_WARN too few PGs per OSD (10 < min 30)
2017-01-31 22:11:26  /entrypoint.sh: static: does not generate admin key
pool 'cephfs_data' created
pool 'cephfs_metadata' created
new fs with metadata pool 2 and data pool 1
2017-01-31 22:11:30  /entrypoint.sh: SUCCESS
2017-01-31 22:11:30.552227 7fe8d987b300  0 set uid:gid to 64045:64045 (ceph:ceph)
2017-01-31 22:11:30.552275 7fe8d987b300  0 ceph version 9.0.0-18993-g11a2122 (11a2122891eabb0d29c573ba1bc816c13c1a9064), process ceph-mds, pid 197
starting mds.issdm-12 at -
2017-01-31 22:11:30.554285 7fe8d987b300  0 pidfile_write: ignore empty --pid-file
2017-01-31 22:11:34.786402 7fe8d2283700  0 mds.0.cache creating system inode with ino:1
2017-01-31 22:11:34.786748 7fe8d2283700  0 mds.0.cache creating system inode with ino:100
2017-01-31 22:11:34.786769 7fe8d2283700  0 mds.0.cache creating system inode with ino:600
2017-01-31 22:11:34.786968 7fe8d2283700  0 mds.0.cache creating system inode with ino:601
2017-01-31 22:11:34.787063 7fe8d2283700  0 mds.0.cache creating system inode with ino:602
2017-01-31 22:11:34.787337 7fe8d2283700  0 mds.0.cache creating system inode with ino:603
2017-01-31 22:11:34.787453 7fe8d2283700  0 mds.0.cache creating system inode with ino:604
2017-01-31 22:11:34.787585 7fe8d2283700  0 mds.0.cache creating system inode with ino:605
2017-01-31 22:11:34.787679 7fe8d2283700  0 mds.0.cache creating system inode with ino:606
2017-01-31 22:11:34.787774 7fe8d2283700  0 mds.0.cache creating system inode with ino:607
2017-01-31 22:11:34.787866 7fe8d2283700  0 mds.0.cache creating system inode with ino:608
2017-01-31 22:11:34.787994 7fe8d2283700  0 mds.0.cache creating system inode with ino:609
ignoring --setuser ceph since I am not root
ignoring --setgroup ceph since I am not root
2017-01-31 22:22:42.411515 7f8d7061b300  0 ceph version 9.0.0-18993-g11a2122 (11a2122891eabb0d29c573ba1bc816c13c1a9064), process exe, pid 197
starting mds.issdm-12 at -
2017-01-31 22:22:42.413876 7f8d7061b300  0 pidfile_write: ignore empty --pid-file
2017-01-31 22:22:46.872187 7f8d64053700  0 mds.0.cache creating system inode with ino:100
2017-01-31 22:22:46.872347 7f8d64053700  0 mds.0.cache creating system inode with ino:1
