2016-12-23 23:06:08  /entrypoint.sh: static: does not generate config
HEALTH_WARN too few PGs per OSD (8 < min 30)
2016-12-23 23:06:08  /entrypoint.sh: static: does not generate admin key
pool 'cephfs_data' created
pool 'cephfs_metadata' created
new fs with metadata pool 2 and data pool 1
2016-12-23 23:06:12  /entrypoint.sh: SUCCESS
2016-12-23 23:06:12.413680 7f30dcbf1300  0 set uid:gid to 64045:64045 (ceph:ceph)
2016-12-23 23:06:12.413721 7f30dcbf1300  0 ceph version 9.0.0-18991-gec12610 (ec12610bb1358fb2eab74cb7b0483c2613bae38f), process ceph-mds, pid 198
starting mds.issdm-12 at -
2016-12-23 23:06:12.415948 7f30dcbf1300  0 pidfile_write: ignore empty --pid-file
2016-12-23 23:06:16.573245 7f30d55fb700  0 mds.0.cache creating system inode with ino:1
2016-12-23 23:06:16.573533 7f30d55fb700  0 mds.0.cache creating system inode with ino:100
2016-12-23 23:06:16.573554 7f30d55fb700  0 mds.0.cache creating system inode with ino:600
2016-12-23 23:06:16.573738 7f30d55fb700  0 mds.0.cache creating system inode with ino:601
2016-12-23 23:06:16.573832 7f30d55fb700  0 mds.0.cache creating system inode with ino:602
2016-12-23 23:06:16.574102 7f30d55fb700  0 mds.0.cache creating system inode with ino:603
2016-12-23 23:06:16.574219 7f30d55fb700  0 mds.0.cache creating system inode with ino:604
2016-12-23 23:06:16.574343 7f30d55fb700  0 mds.0.cache creating system inode with ino:605
2016-12-23 23:06:16.574438 7f30d55fb700  0 mds.0.cache creating system inode with ino:606
2016-12-23 23:06:16.574531 7f30d55fb700  0 mds.0.cache creating system inode with ino:607
2016-12-23 23:06:16.574623 7f30d55fb700  0 mds.0.cache creating system inode with ino:608
2016-12-23 23:06:16.574751 7f30d55fb700  0 mds.0.cache creating system inode with ino:609
2016-12-23 23:08:35.885543 7f30d757a700  0 -- 192.168.140.188:6800/444043677 >> 192.168.140.230:6800/1143849569 conn(0x7f30e64f5800 :6800 s=STATE_ACCEPTING_WAIT_CONNECT_MSG_AUTH pgs=0 cs=0 l=0).handle_connect_msg accept connect_seq 0 vs existing csq=0 existing_state=STATE_CONNECTING_RE
2016-12-23 23:08:39.402975 7f30d757a700  0 -- 192.168.140.188:6800/444043677 >> 192.168.140.248:6800/2225129551 conn(0x7f30e64f4000 :6800 s=STATE_ACCEPTING_WAIT_CONNECT_MSG_AUTH pgs=0 cs=0 l=0).handle_connect_msg accept connect_seq 0 vs existing csq=0 existing_state=STATE_CONNECTING_WAIT_CONNECT_REPLY
