2017-03-31 08:47:30  /entrypoint.sh: static: does not generate config
HEALTH_WARN too few PGs per OSD (8 < min 30)
2017-03-31 08:47:31  /entrypoint.sh: static: does not generate admin key
pool 'cephfs_data' created
pool 'cephfs_metadata' created
new fs with metadata pool 2 and data pool 1
2017-03-31 08:47:35  /entrypoint.sh: SUCCESS
2017-03-31 08:47:35.098856 7ff031cf8300  0 set uid:gid to 64045:64045 (ceph:ceph)
2017-03-31 08:47:35.098898 7ff031cf8300  0 ceph version 9.0.0-18996-gc8198b3 (c8198b367959e5e7ccb362987ae541a526ccaf59), process ceph-mds, pid 199
starting mds.issdm-12 at -
2017-03-31 08:47:35.100978 7ff031cf8300  0 pidfile_write: ignore empty --pid-file
2017-03-31 08:47:39.911888 7ff02a6fb700  0 mds.0.cache creating system inode with ino:1
2017-03-31 08:47:39.912338 7ff02a6fb700  0 mds.0.cache creating system inode with ino:100
2017-03-31 08:47:39.912414 7ff02a6fb700  0 mds.0.cache creating system inode with ino:600
2017-03-31 08:47:39.912727 7ff02a6fb700  0 mds.0.cache creating system inode with ino:601
2017-03-31 08:47:39.912832 7ff02a6fb700  0 mds.0.cache creating system inode with ino:602
2017-03-31 08:47:39.913131 7ff02a6fb700  0 mds.0.cache creating system inode with ino:603
2017-03-31 08:47:39.913258 7ff02a6fb700  0 mds.0.cache creating system inode with ino:604
2017-03-31 08:47:39.913396 7ff02a6fb700  0 mds.0.cache creating system inode with ino:605
2017-03-31 08:47:39.913497 7ff02a6fb700  0 mds.0.cache creating system inode with ino:606
2017-03-31 08:47:39.913595 7ff02a6fb700  0 mds.0.cache creating system inode with ino:607
2017-03-31 08:47:39.913697 7ff02a6fb700  0 mds.0.cache creating system inode with ino:608
2017-03-31 08:47:39.913833 7ff02a6fb700  0 mds.0.cache creating system inode with ino:609
