2016-12-23 13:43:40  /entrypoint.sh: static: does not generate config
HEALTH_WARN too few PGs per OSD (8 < min 30)
2016-12-23 13:43:41  /entrypoint.sh: static: does not generate admin key
pool 'cephfs_data' created
pool 'cephfs_metadata' created
new fs with metadata pool 2 and data pool 1
2016-12-23 13:43:44  /entrypoint.sh: SUCCESS
2016-12-23 13:43:44.839640 7f0a16a89300  0 set uid:gid to 64045:64045 (ceph:ceph)
2016-12-23 13:43:44.839684 7f0a16a89300  0 ceph version 9.0.0-18991-gec12610 (ec12610bb1358fb2eab74cb7b0483c2613bae38f), process ceph-mds, pid 197
starting mds.issdm-12 at -
2016-12-23 13:43:44.841950 7f0a16a89300  0 pidfile_write: ignore empty --pid-file
2016-12-23 13:43:49.036089 7f0a0f493700  0 mds.0.cache creating system inode with ino:1
2016-12-23 13:43:49.036567 7f0a0f493700  0 mds.0.cache creating system inode with ino:100
2016-12-23 13:43:49.036589 7f0a0f493700  0 mds.0.cache creating system inode with ino:600
2016-12-23 13:43:49.036840 7f0a0f493700  0 mds.0.cache creating system inode with ino:601
2016-12-23 13:43:49.037015 7f0a0f493700  0 mds.0.cache creating system inode with ino:602
2016-12-23 13:43:49.037413 7f0a0f493700  0 mds.0.cache creating system inode with ino:603
2016-12-23 13:43:49.037619 7f0a0f493700  0 mds.0.cache creating system inode with ino:604
2016-12-23 13:43:49.037813 7f0a0f493700  0 mds.0.cache creating system inode with ino:605
2016-12-23 13:43:49.037938 7f0a0f493700  0 mds.0.cache creating system inode with ino:606
2016-12-23 13:43:49.038078 7f0a0f493700  0 mds.0.cache creating system inode with ino:607
2016-12-23 13:43:49.038224 7f0a0f493700  0 mds.0.cache creating system inode with ino:608
2016-12-23 13:43:49.038401 7f0a0f493700  0 mds.0.cache creating system inode with ino:609
2016-12-23 13:45:39.281667 7f0a12414700  0 -- 192.168.140.188:6800/4072959466 >> 192.168.140.248:6800/329000081 conn(0x7f0a2039d000 :6800 s=STATE_ACCEPTING_WAIT_CONNECT_MSG_AUTH pgs=0 cs=0 l=0).handle_connect_msg accept connect_seq 0 vs existing csq=0 existing_state=STATE_CONNECTING
2016-12-23 13:45:42.323129 7f0a11412700  0 -- 192.168.140.188:6800/4072959466 >> 192.168.140.230:6800/2168639322 conn(0x7f0a2041f000 :6800 s=STATE_ACCEPTING_WAIT_CONNECT_MSG_AUTH pgs=0 cs=0 l=0).handle_connect_msg accept connect_seq 0 vs existing csq=0 existing_state=STATE_CONNECTING_WAIT_CONNECT_REPLY
