2016-12-23 13:44:17  /entrypoint.sh: static: does not generate config
HEALTH_WARN too few PGs per OSD (10 < min 30)
2016-12-23 13:44:18  /entrypoint.sh: static: does not generate admin key
2016-12-23 13:44:18  /entrypoint.sh: SUCCESS
2016-12-23 13:44:18.622909 7f8bf1065300  0 set uid:gid to 64045:64045 (ceph:ceph)
2016-12-23 13:44:18.622949 7f8bf1065300  0 ceph version 9.0.0-18991-gec12610 (ec12610bb1358fb2eab74cb7b0483c2613bae38f), process ceph-mds, pid 88
starting mds.issdm-15 at -
2016-12-23 13:44:18.625020 7f8bf1065300  0 pidfile_write: ignore empty --pid-file
2016-12-23 13:45:38.208389 7f8be9a6f700  0 mds.2.cache creating system inode with ino:102
2016-12-23 13:45:38.208557 7f8be9a6f700  0 mds.2.cache creating system inode with ino:614
2016-12-23 13:45:38.208801 7f8be9a6f700  0 mds.2.cache creating system inode with ino:615
2016-12-23 13:45:38.208896 7f8be9a6f700  0 mds.2.cache creating system inode with ino:616
2016-12-23 13:45:38.209172 7f8be9a6f700  0 mds.2.cache creating system inode with ino:617
2016-12-23 13:45:38.209286 7f8be9a6f700  0 mds.2.cache creating system inode with ino:618
2016-12-23 13:45:38.209401 7f8be9a6f700  0 mds.2.cache creating system inode with ino:619
2016-12-23 13:45:38.209525 7f8be9a6f700  0 mds.2.cache creating system inode with ino:61a
2016-12-23 13:45:38.209618 7f8be9a6f700  0 mds.2.cache creating system inode with ino:61b
2016-12-23 13:45:38.209713 7f8be9a6f700  0 mds.2.cache creating system inode with ino:61c
2016-12-23 13:45:38.209821 7f8be9a6f700  0 mds.2.cache creating system inode with ino:61d
2016-12-23 13:45:39.279977 7f8bec9f0700  0 -- 192.168.140.248:6800/329000081 >> 192.168.140.188:6800/4072959466 conn(0x7f8bfa05c000 :6800 s=STATE_ACCEPTING_WAIT_CONNECT_MSG_AUTH pgs=0 cs=0 l=0).handle_connect_msg accept connect_seq 0 vs existing csq=0 existing_state=STATE_CONNECTING_WAIT_BANNER_AND_IDENTIFY
2016-12-23 13:45:39.280277 7f8bec9f0700  0 -- 192.168.140.248:6800/329000081 >> 192.168.140.188:6800/4072959466 conn(0x7f8bfa05c000 :6800 s=STATE_ACCEPTING_WAIT_CONNECT_MSG pgs=0 cs=0 l=0).fault with nothing to send and in the half  accept state just closed
