2017-03-30 23:59:11  /entrypoint.sh: static: does not generate config
HEALTH_WARN too few PGs per OSD (8 < min 30)
2017-03-30 23:59:12  /entrypoint.sh: static: does not generate admin key
pool 'cephfs_data' created
pool 'cephfs_metadata' created
new fs with metadata pool 2 and data pool 1
2017-03-30 23:59:16  /entrypoint.sh: SUCCESS
2017-03-30 23:59:16.700097 7fe6d7846300  0 set uid:gid to 64045:64045 (ceph:ceph)
2017-03-30 23:59:16.700136 7fe6d7846300  0 ceph version 9.0.0-18996-gc8198b3 (c8198b367959e5e7ccb362987ae541a526ccaf59), process ceph-mds, pid 200
starting mds.issdm-12 at -
2017-03-30 23:59:16.701946 7fe6d7846300  0 pidfile_write: ignore empty --pid-file
2017-03-30 23:59:17.862891 7fe6d0249700  0 mds.0.cache creating system inode with ino:1
2017-03-30 23:59:17.863211 7fe6d0249700  0 mds.0.cache creating system inode with ino:100
2017-03-30 23:59:17.863235 7fe6d0249700  0 mds.0.cache creating system inode with ino:600
2017-03-30 23:59:17.863437 7fe6d0249700  0 mds.0.cache creating system inode with ino:601
2017-03-30 23:59:17.863537 7fe6d0249700  0 mds.0.cache creating system inode with ino:602
2017-03-30 23:59:17.863851 7fe6d0249700  0 mds.0.cache creating system inode with ino:603
2017-03-30 23:59:17.863957 7fe6d0249700  0 mds.0.cache creating system inode with ino:604
2017-03-30 23:59:17.864089 7fe6d0249700  0 mds.0.cache creating system inode with ino:605
2017-03-30 23:59:17.864192 7fe6d0249700  0 mds.0.cache creating system inode with ino:606
2017-03-30 23:59:17.864288 7fe6d0249700  0 mds.0.cache creating system inode with ino:607
2017-03-30 23:59:17.864382 7fe6d0249700  0 mds.0.cache creating system inode with ino:608
2017-03-30 23:59:17.864514 7fe6d0249700  0 mds.0.cache creating system inode with ino:609
