2017-04-01 14:10:59  /entrypoint.sh: static: does not generate config
HEALTH_WARN too few PGs per OSD (8 < min 30)
2017-04-01 14:10:59  /entrypoint.sh: static: does not generate admin key
pool 'cephfs_data' created
pool 'cephfs_metadata' created
new fs with metadata pool 2 and data pool 1
2017-04-01 14:11:04  /entrypoint.sh: SUCCESS
2017-04-01 14:11:04.021792 7f3e89ad3300  0 set uid:gid to 64045:64045 (ceph:ceph)
2017-04-01 14:11:04.021833 7f3e89ad3300  0 ceph version 9.0.0-18996-gc8198b3 (c8198b367959e5e7ccb362987ae541a526ccaf59), process ceph-mds, pid 198
starting mds.issdm-12 at -
2017-04-01 14:11:04.023885 7f3e89ad3300  0 pidfile_write: ignore empty --pid-file
2017-04-01 14:11:09.041401 7f3e824d6700  0 mds.0.cache creating system inode with ino:1
2017-04-01 14:11:09.041711 7f3e824d6700  0 mds.0.cache creating system inode with ino:100
2017-04-01 14:11:09.041731 7f3e824d6700  0 mds.0.cache creating system inode with ino:600
2017-04-01 14:11:09.041935 7f3e824d6700  0 mds.0.cache creating system inode with ino:601
2017-04-01 14:11:09.042050 7f3e824d6700  0 mds.0.cache creating system inode with ino:602
2017-04-01 14:11:09.042522 7f3e824d6700  0 mds.0.cache creating system inode with ino:603
2017-04-01 14:11:09.042772 7f3e824d6700  0 mds.0.cache creating system inode with ino:604
2017-04-01 14:11:09.043114 7f3e824d6700  0 mds.0.cache creating system inode with ino:605
2017-04-01 14:11:09.043264 7f3e824d6700  0 mds.0.cache creating system inode with ino:606
2017-04-01 14:11:09.043368 7f3e824d6700  0 mds.0.cache creating system inode with ino:607
2017-04-01 14:11:09.043476 7f3e824d6700  0 mds.0.cache creating system inode with ino:608
2017-04-01 14:11:09.043627 7f3e824d6700  0 mds.0.cache creating system inode with ino:609
