2016-12-27 16:02:56  /entrypoint.sh: static: does not generate config
HEALTH_WARN too few PGs per OSD (8 < min 30)
2016-12-27 16:02:58  /entrypoint.sh: static: does not generate admin key
pool 'cephfs_data' created
pool 'cephfs_metadata' created
new fs with metadata pool 2 and data pool 1
2016-12-27 16:03:01  /entrypoint.sh: SUCCESS
2016-12-27 16:03:01.897069 7f47ed82f300  0 set uid:gid to 64045:64045 (ceph:ceph)
2016-12-27 16:03:01.897114 7f47ed82f300  0 ceph version 9.0.0-18991-gec12610 (ec12610bb1358fb2eab74cb7b0483c2613bae38f), process ceph-mds, pid 198
starting mds.issdm-12 at -
2016-12-27 16:03:01.972356 7f47ed82f300  0 pidfile_write: ignore empty --pid-file
2016-12-27 16:03:06.350359 7f47e6239700  0 mds.0.cache creating system inode with ino:1
2016-12-27 16:03:06.362474 7f47e6239700  0 mds.0.cache creating system inode with ino:100
2016-12-27 16:03:06.362516 7f47e6239700  0 mds.0.cache creating system inode with ino:600
2016-12-27 16:03:06.362851 7f47e6239700  0 mds.0.cache creating system inode with ino:601
2016-12-27 16:03:06.363025 7f47e6239700  0 mds.0.cache creating system inode with ino:602
2016-12-27 16:03:06.391562 7f47e6239700  0 mds.0.cache creating system inode with ino:603
2016-12-27 16:03:06.391726 7f47e6239700  0 mds.0.cache creating system inode with ino:604
2016-12-27 16:03:06.391891 7f47e6239700  0 mds.0.cache creating system inode with ino:605
2016-12-27 16:03:06.392058 7f47e6239700  0 mds.0.cache creating system inode with ino:606
2016-12-27 16:03:06.392223 7f47e6239700  0 mds.0.cache creating system inode with ino:607
2016-12-27 16:03:06.392434 7f47e6239700  0 mds.0.cache creating system inode with ino:608
2016-12-27 16:03:06.392594 7f47e6239700  0 mds.0.cache creating system inode with ino:609
2016-12-27 16:05:23.790458 7f47e91ba700  0 -- 192.168.140.188:6800/3754656702 >> 192.168.140.248:6800/1832883103 conn(0x7f47f6910800 :6800 s=STATE_ACCEPTING_WAIT_CONNECT_MSG_AUTH pgs=0 cs=0 l=0).handle_connect_msg accept connect_seq 0 vs existing csq=0 existing_state=STATE_CONNECTING_WAIT_CONNECT_REPLY
2016-12-27 16:05:26.823078 7f47e91ba700  0 -- 192.168.140.188:6800/3754656702 >> 192.168.140.230:6800/4033453197 conn(0x7f47f690c000 :6800 s=STATE_ACCEPTING_WAIT_CONNECT_MSG_AUTH pgs=0 cs=0 l=0).handle_connect_msg accept connect_seq 0 vs existing csq=0 existing_state=STATE_CONNECTING_WAIT_CONNECT_REPLY
