2016-12-27 16:03:33  /entrypoint.sh: static: does not generate config
HEALTH_WARN too few PGs per OSD (10 < min 30)
2016-12-27 16:03:34  /entrypoint.sh: static: does not generate admin key
2016-12-27 16:03:34  /entrypoint.sh: SUCCESS
2016-12-27 16:03:34.753430 7f2971f02300  0 set uid:gid to 64045:64045 (ceph:ceph)
2016-12-27 16:03:34.753479 7f2971f02300  0 ceph version 9.0.0-18991-gec12610 (ec12610bb1358fb2eab74cb7b0483c2613bae38f), process ceph-mds, pid 88
starting mds.issdm-15 at -
2016-12-27 16:03:34.755561 7f2971f02300  0 pidfile_write: ignore empty --pid-file
2016-12-27 16:05:22.675691 7f296a90c700  0 mds.2.cache creating system inode with ino:102
2016-12-27 16:05:22.675922 7f296a90c700  0 mds.2.cache creating system inode with ino:614
2016-12-27 16:05:22.676266 7f296a90c700  0 mds.2.cache creating system inode with ino:615
2016-12-27 16:05:22.676697 7f296a90c700  0 mds.2.cache creating system inode with ino:616
2016-12-27 16:05:22.676808 7f296a90c700  0 mds.2.cache creating system inode with ino:617
2016-12-27 16:05:22.676915 7f296a90c700  0 mds.2.cache creating system inode with ino:618
2016-12-27 16:05:22.677050 7f296a90c700  0 mds.2.cache creating system inode with ino:619
2016-12-27 16:05:22.677168 7f296a90c700  0 mds.2.cache creating system inode with ino:61a
2016-12-27 16:05:22.677269 7f296a90c700  0 mds.2.cache creating system inode with ino:61b
2016-12-27 16:05:22.677373 7f296a90c700  0 mds.2.cache creating system inode with ino:61c
2016-12-27 16:05:22.677485 7f296a90c700  0 mds.2.cache creating system inode with ino:61d
2016-12-27 16:05:23.789137 7f296d88d700  0 -- 192.168.140.248:6800/1832883103 >> 192.168.140.188:6800/3754656702 conn(0x7f297c2fc000 :6800 s=STATE_ACCEPTING_WAIT_CONNECT_MSG_AUTH pgs=0 cs=0 l=0).handle_connect_msg accept connect_seq 0 vs existing csq=0 existing_state=STATE_CONNECTING_WAIT_CONNECT_REPLY
2016-12-27 16:05:23.789260 7f296d88d700  0 -- 192.168.140.248:6800/1832883103 >> 192.168.140.188:6800/3754656702 conn(0x7f297c2fc000 :6800 s=STATE_ACCEPTING_WAIT_CONNECT_MSG pgs=0 cs=0 l=0).fault with nothing to send and in the half  accept state just closed
