2017-01-31 21:55:45  /entrypoint.sh: static: does not generate config
HEALTH_WARN too few PGs per OSD (10 < min 30)
2017-01-31 21:55:46  /entrypoint.sh: static: does not generate admin key
pool 'cephfs_data' created
pool 'cephfs_metadata' created
new fs with metadata pool 2 and data pool 1
2017-01-31 21:55:50  /entrypoint.sh: SUCCESS
2017-01-31 21:55:50.046670 7f1e4f7ca300  0 set uid:gid to 64045:64045 (ceph:ceph)
2017-01-31 21:55:50.046739 7f1e4f7ca300  0 ceph version 9.0.0-18993-g11a2122 (11a2122891eabb0d29c573ba1bc816c13c1a9064), process ceph-mds, pid 197
starting mds.issdm-12 at -
2017-01-31 21:55:50.048776 7f1e4f7ca300  0 pidfile_write: ignore empty --pid-file
2017-01-31 21:55:54.237965 7f1e481d2700  0 mds.0.cache creating system inode with ino:1
2017-01-31 21:55:54.238334 7f1e481d2700  0 mds.0.cache creating system inode with ino:100
2017-01-31 21:55:54.238438 7f1e481d2700  0 mds.0.cache creating system inode with ino:600
2017-01-31 21:55:54.238786 7f1e481d2700  0 mds.0.cache creating system inode with ino:601
2017-01-31 21:55:54.239269 7f1e481d2700  0 mds.0.cache creating system inode with ino:602
2017-01-31 21:55:54.239629 7f1e481d2700  0 mds.0.cache creating system inode with ino:603
2017-01-31 21:55:54.239874 7f1e481d2700  0 mds.0.cache creating system inode with ino:604
2017-01-31 21:55:54.240159 7f1e481d2700  0 mds.0.cache creating system inode with ino:605
2017-01-31 21:55:54.240551 7f1e481d2700  0 mds.0.cache creating system inode with ino:606
2017-01-31 21:55:54.241003 7f1e481d2700  0 mds.0.cache creating system inode with ino:607
2017-01-31 21:55:54.241275 7f1e481d2700  0 mds.0.cache creating system inode with ino:608
2017-01-31 21:55:54.241595 7f1e481d2700  0 mds.0.cache creating system inode with ino:609
ignoring --setuser ceph since I am not root
ignoring --setgroup ceph since I am not root
2017-01-31 22:07:02.005846 7f7cbd39f300  0 ceph version 9.0.0-18993-g11a2122 (11a2122891eabb0d29c573ba1bc816c13c1a9064), process exe, pid 197
starting mds.issdm-12 at -
2017-01-31 22:07:02.008555 7f7cbd39f300  0 pidfile_write: ignore empty --pid-file
2017-01-31 22:07:06.556716 7f7cb0dd7700  0 mds.0.cache creating system inode with ino:100
2017-01-31 22:07:06.557066 7f7cb0dd7700  0 mds.0.cache creating system inode with ino:1
