2017-03-30 22:36:01  /entrypoint.sh: static: does not generate config
HEALTH_WARN too few PGs per OSD (8 < min 30)
2017-03-30 22:36:02  /entrypoint.sh: static: does not generate admin key
pool 'cephfs_data' created
pool 'cephfs_metadata' created
new fs with metadata pool 2 and data pool 1
2017-03-30 22:36:06  /entrypoint.sh: SUCCESS
2017-03-30 22:36:06.239759 7f6256ded300  0 set uid:gid to 64045:64045 (ceph:ceph)
2017-03-30 22:36:06.239802 7f6256ded300  0 ceph version 9.0.0-18996-gc8198b3 (c8198b367959e5e7ccb362987ae541a526ccaf59), process ceph-mds, pid 198
starting mds.issdm-12 at -
2017-03-30 22:36:06.241802 7f6256ded300  0 pidfile_write: ignore empty --pid-file
2017-03-30 22:36:10.625715 7f624f7f0700  0 mds.0.cache creating system inode with ino:1
2017-03-30 22:36:10.625996 7f624f7f0700  0 mds.0.cache creating system inode with ino:100
2017-03-30 22:36:10.626017 7f624f7f0700  0 mds.0.cache creating system inode with ino:600
2017-03-30 22:36:10.626198 7f624f7f0700  0 mds.0.cache creating system inode with ino:601
2017-03-30 22:36:10.626291 7f624f7f0700  0 mds.0.cache creating system inode with ino:602
2017-03-30 22:36:10.626561 7f624f7f0700  0 mds.0.cache creating system inode with ino:603
2017-03-30 22:36:10.626673 7f624f7f0700  0 mds.0.cache creating system inode with ino:604
2017-03-30 22:36:10.627287 7f624f7f0700  0 mds.0.cache creating system inode with ino:605
2017-03-30 22:36:10.627681 7f624f7f0700  0 mds.0.cache creating system inode with ino:606
2017-03-30 22:36:10.628103 7f624f7f0700  0 mds.0.cache creating system inode with ino:607
2017-03-30 22:36:10.628236 7f624f7f0700  0 mds.0.cache creating system inode with ino:608
2017-03-30 22:36:10.628378 7f624f7f0700  0 mds.0.cache creating system inode with ino:609
