2016-12-24 07:13:35  /entrypoint.sh: static: does not generate config
HEALTH_WARN too few PGs per OSD (10 < min 30)
2016-12-24 07:13:36  /entrypoint.sh: static: does not generate admin key
2016-12-24 07:13:37  /entrypoint.sh: SUCCESS
2016-12-24 07:13:37.151191 7f058b97f300  0 set uid:gid to 64045:64045 (ceph:ceph)
2016-12-24 07:13:37.151231 7f058b97f300  0 ceph version 9.0.0-18991-gec12610 (ec12610bb1358fb2eab74cb7b0483c2613bae38f), process ceph-mds, pid 89
starting mds.issdm-18 at -
2016-12-24 07:13:37.153302 7f058b97f300  0 pidfile_write: ignore empty --pid-file
2016-12-24 07:14:52.603776 7f0584389700  0 mds.1.cache creating system inode with ino:101
2016-12-24 07:14:52.603961 7f0584389700  0 mds.1.cache creating system inode with ino:60a
2016-12-24 07:14:52.604274 7f0584389700  0 mds.1.cache creating system inode with ino:60b
2016-12-24 07:14:52.604379 7f0584389700  0 mds.1.cache creating system inode with ino:60c
2016-12-24 07:14:52.604494 7f0584389700  0 mds.1.cache creating system inode with ino:60d
2016-12-24 07:14:52.604750 7f0584389700  0 mds.1.cache creating system inode with ino:60e
2016-12-24 07:14:52.604862 7f0584389700  0 mds.1.cache creating system inode with ino:60f
2016-12-24 07:14:52.604995 7f0584389700  0 mds.1.cache creating system inode with ino:610
2016-12-24 07:14:52.605090 7f0584389700  0 mds.1.cache creating system inode with ino:611
2016-12-24 07:14:52.605185 7f0584389700  0 mds.1.cache creating system inode with ino:612
2016-12-24 07:14:52.605291 7f0584389700  0 mds.1.cache creating system inode with ino:613
2016-12-24 07:29:55.312057 7f058730a700  0 -- 192.168.140.230:6800/1233156291 >> 192.168.140.248:6800/2083387908 conn(0x7f0594ce7000 :6800 s=STATE_OPEN pgs=9 cs=1 l=0).fault with nothing to send, going to standby
