2017-01-31 20:27:17  /entrypoint.sh: static: does not generate config
HEALTH_WARN too few PGs per OSD (10 < min 30)
2017-01-31 20:27:18  /entrypoint.sh: static: does not generate admin key
pool 'cephfs_data' created
pool 'cephfs_metadata' created
new fs with metadata pool 2 and data pool 1
2017-01-31 20:27:21  /entrypoint.sh: SUCCESS
2017-01-31 20:27:21.770263 7f1c0c78e300  0 set uid:gid to 64045:64045 (ceph:ceph)
2017-01-31 20:27:21.770307 7f1c0c78e300  0 ceph version 9.0.0-18993-g11a2122 (11a2122891eabb0d29c573ba1bc816c13c1a9064), process ceph-mds, pid 197
starting mds.issdm-12 at -
2017-01-31 20:27:21.772391 7f1c0c78e300  0 pidfile_write: ignore empty --pid-file
2017-01-31 20:27:25.967262 7f1c05196700  0 mds.0.cache creating system inode with ino:1
2017-01-31 20:27:25.967726 7f1c05196700  0 mds.0.cache creating system inode with ino:100
2017-01-31 20:27:25.967753 7f1c05196700  0 mds.0.cache creating system inode with ino:600
2017-01-31 20:27:25.967956 7f1c05196700  0 mds.0.cache creating system inode with ino:601
2017-01-31 20:27:25.968055 7f1c05196700  0 mds.0.cache creating system inode with ino:602
2017-01-31 20:27:25.968338 7f1c05196700  0 mds.0.cache creating system inode with ino:603
2017-01-31 20:27:25.968471 7f1c05196700  0 mds.0.cache creating system inode with ino:604
2017-01-31 20:27:25.968601 7f1c05196700  0 mds.0.cache creating system inode with ino:605
2017-01-31 20:27:25.968701 7f1c05196700  0 mds.0.cache creating system inode with ino:606
2017-01-31 20:27:25.968795 7f1c05196700  0 mds.0.cache creating system inode with ino:607
2017-01-31 20:27:25.968888 7f1c05196700  0 mds.0.cache creating system inode with ino:608
2017-01-31 20:27:25.969022 7f1c05196700  0 mds.0.cache creating system inode with ino:609
ignoring --setuser ceph since I am not root
ignoring --setgroup ceph since I am not root
2017-01-31 20:38:33.736158 7f0685326300  0 ceph version 9.0.0-18993-g11a2122 (11a2122891eabb0d29c573ba1bc816c13c1a9064), process exe, pid 197
starting mds.issdm-12 at -
2017-01-31 20:38:33.738524 7f0685326300  0 pidfile_write: ignore empty --pid-file
2017-01-31 20:38:38.243127 7f0678d5e700  0 mds.0.cache creating system inode with ino:100
2017-01-31 20:38:38.243349 7f0678d5e700  0 mds.0.cache creating system inode with ino:1
