2016-12-27 15:25:50  /entrypoint.sh: static: does not generate config
HEALTH_WARN too few PGs per OSD (10 < min 30)
2016-12-27 15:25:51  /entrypoint.sh: static: does not generate admin key
2016-12-27 15:25:51  /entrypoint.sh: SUCCESS
2016-12-27 15:25:51.708630 7f71336fc300  0 set uid:gid to 64045:64045 (ceph:ceph)
2016-12-27 15:25:51.708670 7f71336fc300  0 ceph version 9.0.0-18991-gec12610 (ec12610bb1358fb2eab74cb7b0483c2613bae38f), process ceph-mds, pid 88
starting mds.issdm-15 at -
2016-12-27 15:25:51.710655 7f71336fc300  0 pidfile_write: ignore empty --pid-file
2016-12-27 15:27:41.446083 7f712c106700  0 mds.2.cache creating system inode with ino:102
2016-12-27 15:27:41.446262 7f712c106700  0 mds.2.cache creating system inode with ino:614
2016-12-27 15:27:41.446587 7f712c106700  0 mds.2.cache creating system inode with ino:615
2016-12-27 15:27:41.446869 7f712c106700  0 mds.2.cache creating system inode with ino:616
2016-12-27 15:27:41.446995 7f712c106700  0 mds.2.cache creating system inode with ino:617
2016-12-27 15:27:41.447094 7f712c106700  0 mds.2.cache creating system inode with ino:618
2016-12-27 15:27:41.447291 7f712c106700  0 mds.2.cache creating system inode with ino:619
2016-12-27 15:27:41.447425 7f712c106700  0 mds.2.cache creating system inode with ino:61a
2016-12-27 15:27:41.447522 7f712c106700  0 mds.2.cache creating system inode with ino:61b
2016-12-27 15:27:41.447620 7f712c106700  0 mds.2.cache creating system inode with ino:61c
2016-12-27 15:27:41.447728 7f712c106700  0 mds.2.cache creating system inode with ino:61d
2016-12-27 15:27:42.534335 7f712f087700  0 -- 192.168.140.248:6800/508529082 >> 192.168.140.188:6800/4128546831 conn(0x7f713dcb4000 :6800 s=STATE_ACCEPTING_WAIT_CONNECT_MSG_AUTH pgs=0 cs=0 l=0).handle_connect_msg accept connect_seq 0 vs existing csq=0 existing_state=STATE_CONNECTING_WAIT_CONNECT_REPLY
