2017-04-01 12:35:28  /entrypoint.sh: static: does not generate config
HEALTH_WARN too few PGs per OSD (8 < min 30)
2017-04-01 12:35:29  /entrypoint.sh: static: does not generate admin key
pool 'cephfs_data' created
pool 'cephfs_metadata' created
new fs with metadata pool 2 and data pool 1
2017-04-01 12:35:33  /entrypoint.sh: SUCCESS
2017-04-01 12:35:33.232326 7f1709ab5300  0 set uid:gid to 64045:64045 (ceph:ceph)
2017-04-01 12:35:33.232366 7f1709ab5300  0 ceph version 9.0.0-18996-gc8198b3 (c8198b367959e5e7ccb362987ae541a526ccaf59), process ceph-mds, pid 198
starting mds.issdm-12 at -
2017-04-01 12:35:33.234491 7f1709ab5300  0 pidfile_write: ignore empty --pid-file
2017-04-01 12:35:37.875087 7f17024b8700  0 mds.0.cache creating system inode with ino:1
2017-04-01 12:35:37.875391 7f17024b8700  0 mds.0.cache creating system inode with ino:100
2017-04-01 12:35:37.875411 7f17024b8700  0 mds.0.cache creating system inode with ino:600
2017-04-01 12:35:37.875609 7f17024b8700  0 mds.0.cache creating system inode with ino:601
2017-04-01 12:35:37.875713 7f17024b8700  0 mds.0.cache creating system inode with ino:602
2017-04-01 12:35:37.876003 7f17024b8700  0 mds.0.cache creating system inode with ino:603
2017-04-01 12:35:37.876130 7f17024b8700  0 mds.0.cache creating system inode with ino:604
2017-04-01 12:35:37.876267 7f17024b8700  0 mds.0.cache creating system inode with ino:605
2017-04-01 12:35:37.876370 7f17024b8700  0 mds.0.cache creating system inode with ino:606
2017-04-01 12:35:37.876467 7f17024b8700  0 mds.0.cache creating system inode with ino:607
2017-04-01 12:35:37.876563 7f17024b8700  0 mds.0.cache creating system inode with ino:608
2017-04-01 12:35:37.876695 7f17024b8700  0 mds.0.cache creating system inode with ino:609
