2017-03-30 23:17:20  /entrypoint.sh: static: does not generate config
HEALTH_WARN too few PGs per OSD (8 < min 30)
2017-03-30 23:17:21  /entrypoint.sh: static: does not generate admin key
pool 'cephfs_data' created
pool 'cephfs_metadata' created
new fs with metadata pool 2 and data pool 1
2017-03-30 23:17:25  /entrypoint.sh: SUCCESS
2017-03-30 23:17:25.376626 7fa41667f300  0 set uid:gid to 64045:64045 (ceph:ceph)
2017-03-30 23:17:25.376671 7fa41667f300  0 ceph version 9.0.0-18996-gc8198b3 (c8198b367959e5e7ccb362987ae541a526ccaf59), process ceph-mds, pid 197
starting mds.issdm-12 at -
2017-03-30 23:17:25.378763 7fa41667f300  0 pidfile_write: ignore empty --pid-file
2017-03-30 23:17:30.608561 7fa40f082700  0 mds.0.cache creating system inode with ino:1
2017-03-30 23:17:30.608840 7fa40f082700  0 mds.0.cache creating system inode with ino:100
2017-03-30 23:17:30.608860 7fa40f082700  0 mds.0.cache creating system inode with ino:600
2017-03-30 23:17:30.609039 7fa40f082700  0 mds.0.cache creating system inode with ino:601
2017-03-30 23:17:30.609131 7fa40f082700  0 mds.0.cache creating system inode with ino:602
2017-03-30 23:17:30.609398 7fa40f082700  0 mds.0.cache creating system inode with ino:603
2017-03-30 23:17:30.609511 7fa40f082700  0 mds.0.cache creating system inode with ino:604
2017-03-30 23:17:30.609633 7fa40f082700  0 mds.0.cache creating system inode with ino:605
2017-03-30 23:17:30.609725 7fa40f082700  0 mds.0.cache creating system inode with ino:606
2017-03-30 23:17:30.609816 7fa40f082700  0 mds.0.cache creating system inode with ino:607
2017-03-30 23:17:30.609906 7fa40f082700  0 mds.0.cache creating system inode with ino:608
2017-03-30 23:17:30.610028 7fa40f082700  0 mds.0.cache creating system inode with ino:609
