This is pdfTeX, Version 3.14159265-2.6-1.40.16 (TeX Live 2015/Debian) (preloaded format=pdflatex)
 \write18 enabled.
entering extended mode
(./paper.tex
LaTeX2e <2016/02/01>
Babel <3.9q> and hyphenation patterns for 3 language(s) loaded.
(./acmart.cls
Document Class: acmart 2017/03/04 v1.31 Typesetting articles for Association of
 Computing Machinery
(/usr/share/texlive/texmf-dist/tex/latex/xkeyval/xkeyval.sty
(/usr/share/texlive/texmf-dist/tex/generic/xkeyval/xkeyval.tex
(/usr/share/texlive/texmf-dist/tex/generic/xkeyval/xkvutils.tex
(/usr/share/texlive/texmf-dist/tex/generic/xkeyval/keyval.tex))))
(/usr/share/texlive/texmf-dist/tex/latex/amscls/amsart.cls
Document Class: amsart 2015/03/04 v2.20.2
(/usr/share/texlive/texmf-dist/tex/latex/amsmath/amsmath.sty
For additional information on amsmath, use the `?' option.
(/usr/share/texlive/texmf-dist/tex/latex/amsmath/amstext.sty
(/usr/share/texlive/texmf-dist/tex/latex/amsmath/amsgen.sty))
(/usr/share/texlive/texmf-dist/tex/latex/amsmath/amsbsy.sty)
(/usr/share/texlive/texmf-dist/tex/latex/amsmath/amsopn.sty))
(/usr/share/texlive/texmf-dist/tex/latex/amsfonts/umsa.fd)
(/usr/share/texlive/texmf-dist/tex/latex/amsfonts/amsfonts.sty))
(/usr/share/texlive/texmf-dist/tex/latex/microtype/microtype.sty
(/usr/share/texlive/texmf-dist/tex/latex/microtype/microtype-pdftex.def)
(/usr/share/texlive/texmf-dist/tex/latex/microtype/microtype.cfg))
(/usr/share/texlive/texmf-dist/tex/latex/totpages/totpages.sty
(/usr/share/texlive/texmf-dist/tex/latex/ms/everyshi.sty))
(/usr/share/texlive/texmf-dist/tex/latex/environ/environ.sty
(/usr/share/texlive/texmf-dist/tex/latex/trimspaces/trimspaces.sty))
(/usr/share/texlive/texmf-dist/tex/latex/natbib/natbib.sty)
(/usr/share/texlive/texmf-dist/tex/latex/hyperref/hyperref.sty
(/usr/share/texlive/texmf-dist/tex/generic/oberdiek/hobsub-hyperref.sty
(/usr/share/texlive/texmf-dist/tex/generic/oberdiek/hobsub-generic.sty))
(/usr/share/texlive/texmf-dist/tex/generic/ifxetex/ifxetex.sty)
(/usr/share/texlive/texmf-dist/tex/latex/oberdiek/auxhook.sty)
(/usr/share/texlive/texmf-dist/tex/latex/oberdiek/kvoptions.sty)
(/usr/share/texlive/texmf-dist/tex/latex/hyperref/pd1enc.def)
(/usr/share/texlive/texmf-dist/tex/latex/latexconfig/hyperref.cfg)
(/usr/share/texlive/texmf-dist/tex/latex/hyperref/puenc.def)
(/usr/share/texlive/texmf-dist/tex/latex/url/url.sty))

Package hyperref Message: Driver (autodetected): hpdftex.

(/usr/share/texlive/texmf-dist/tex/latex/hyperref/hpdftex.def
(/usr/share/texlive/texmf-dist/tex/latex/oberdiek/rerunfilecheck.sty))
(/usr/share/texlive/texmf-dist/tex/latex/graphics/graphicx.sty
(/usr/share/texlive/texmf-dist/tex/latex/graphics/graphics.sty
(/usr/share/texlive/texmf-dist/tex/latex/graphics/trig.sty)
(/usr/share/texlive/texmf-dist/tex/latex/latexconfig/graphics.cfg)
(/usr/share/texlive/texmf-dist/tex/latex/pdftex-def/pdftex.def)))
(/usr/share/texlive/texmf-dist/tex/latex/xcolor/xcolor.sty
(/usr/share/texlive/texmf-dist/tex/latex/latexconfig/color.cfg))
(/usr/share/texlive/texmf-dist/tex/latex/geometry/geometry.sty)
(/usr/share/texlive/texmf-dist/tex/latex/ncctools/manyfoot.sty
(/usr/share/texlive/texmf-dist/tex/latex/ncctools/nccfoots.sty))

Class acmart Warning: You do not have libertine package installed. Please upgra
de your TeX on input line 571.


Class acmart Warning: You do not have zi4 package installed. Please upgrade you
r TeX on input line 573.


Class acmart Warning: You do not have newtxmath package installed. Please upgra
de your TeX on input line 576.

(/usr/share/texlive/texmf-dist/tex/latex/caption/caption.sty
(/usr/share/texlive/texmf-dist/tex/latex/caption/caption3.sty))
(/usr/share/texlive/texmf-dist/tex/latex/float/float.sty)
(/usr/share/texlive/texmf-dist/tex/latex/comment/comment.sty
Excluding comment 'comment') Excluding comment 'CCSXML'
(/usr/share/texlive/texmf-dist/tex/latex/base/textcomp.sty
(/usr/share/texlive/texmf-dist/tex/latex/base/ts1enc.def))
(/usr/share/texlive/texmf-dist/tex/latex/fancyhdr/fancyhdr.sty)
Special comment 'acks' Excluding comment 'screenonly'
Include comment 'printonly' Include comment 'anonsuppress')
(/usr/share/texlive/texmf-dist/tex/latex/booktabs/booktabs.sty)
(/usr/share/texlive/texmf-dist/tex/latex/minted/minted.sty
(/usr/share/texlive/texmf-dist/tex/latex/fancyvrb/fancyvrb.sty
Style option: `fancyvrb' v2.7a, with DG/SPQR fixes, and firstline=lastline fix 
<2008/02/07> (tvz)) (/usr/share/texlive/texmf-dist/tex/latex/base/ifthen.sty)
(/usr/share/texlive/texmf-dist/tex/latex/tools/calc.sty)
(/usr/share/texlive/texmf-dist/tex/latex/ifplatform/ifplatform.sty
(/usr/share/texlive/texmf-dist/tex/generic/oberdiek/catchfile.sty) (./paper.w18
)) (/usr/share/texlive/texmf-dist/tex/latex/etoolbox/etoolbox.sty)
(/usr/share/texlive/texmf-dist/tex/generic/xstring/xstring.sty
(/usr/share/texlive/texmf-dist/tex/generic/xstring/xstring.tex))
(/usr/share/texlive/texmf-dist/tex/latex/lineno/lineno.sty))
(./_minted-paper/default.pygstyle)
(/usr/share/texlive/texmf-dist/tex/latex/arydshln/arydshln.sty)
(/usr/share/texlive/texmf-dist/tex/latex/caption/subcaption.sty)/usr/bin/pygmentize

No file paper.aux.
(/usr/share/texlive/texmf-dist/tex/latex/base/ts1cmr.fd)
(/usr/share/texlive/texmf-dist/tex/latex/amsfonts/umsa.fd)
(/usr/share/texlive/texmf-dist/tex/latex/amsfonts/umsb.fd)
(/usr/share/texlive/texmf-dist/tex/latex/microtype/mt-cmr.cfg)
ABD: EveryShipout initializing macros
(/usr/share/texlive/texmf-dist/tex/latex/hyperref/nameref.sty
(/usr/share/texlive/texmf-dist/tex/generic/oberdiek/gettitlestring.sty))
(/usr/share/texlive/texmf-dist/tex/context/base/supp-pdf.mkii
[Loading MPS to PDF converter (version 2006.09.02).]
) (/usr/share/texlive/texmf-dist/tex/latex/oberdiek/epstopdf-base.sty
(/usr/share/texlive/texmf-dist/tex/latex/oberdiek/grfext.sty)
(/usr/share/texlive/texmf-dist/tex/latex/latexconfig/epstopdf-sys.cfg))
*geometry* driver: auto-detecting
*geometry* detected driver: pdftex
(./_minted-paper/default-pyg-prefix.pygstyle)
(/usr/share/texlive/texmf-dist/tex/latex/microtype/mt-msa.cfg)
(/usr/share/texlive/texmf-dist/tex/latex/microtype/mt-msb.cfg)

LaTeX Warning: Reference `TotPages' on page 1 undefined on input line 95.


Package hyperref Warning: Token not allowed in a PDF string (Unicode):
(hyperref)                removing `\\' on input line 95.

(./sections/1_introduction.tex

Package natbib Warning: Citation `sevilla:sc15-mantle' on page 1 undefined on i
nput line 4.


Package natbib Warning: Citation `sevilla:sc15-malacology' on page 1 undefined 
on input line 4.


Package natbib Warning: Citation `bent_plfs_2009' on page 1 undefined on input 
line 7.

(/usr/share/texlive/texmf-dist/tex/latex/base/omscmr.fd)
<figures/intro.png, id=4, 665.48625pt x 807.015pt> <use figures/intro.png>
Underfull \hbox (badness 10000) in paragraph at lines 25--36


Underfull \hbox (badness 10000) in paragraph at lines 25--36


Overfull \hbox (39.37183pt too wide) in paragraph at lines 19--40
 [][] [] 

Package natbib Warning: Citation `grider:pc17-diddlings' on page 1 undefined on
 input line 50.


Package natbib Warning: Citation `bent_plfs_2009' on page 1 undefined on input 
line 55.


Package natbib Warning: Citation `he:hpdc13-plfs-patterns' on page 1 undefined 
on input line 68.


Package natbib Warning: Citation `zheng:pdsw2014-batchfs' on page 1 undefined o
n input line 77.


Package natbib Warning: Citation `zheng:pdsw2015-deltafs' on page 1 undefined o
n input line 77.


Package natbib Warning: Citation `he:hpdc13-plfs-patterns' on page 1 undefined 
on input line 77.


Package natbib Warning: Citation `shel:pc17-pushdown' on page 1 undefined on in
put line 82.

) (./sections/2_related_work.tex [1.1{/var/lib/texmf/fonts/map/pdftex/updmap/pd
ftex.map} <./figures/intro.png>]

LaTeX Warning: Reference `sec:motivating-example-plfs' on page 2 undefined on i
nput line 17.


LaTeX Warning: Reference `sec:language-patterned-io' on page 2 undefined on inp
ut line 18.


LaTeX Warning: Reference `sec:adapting-to-the-workload-with-cudele' on page 2 u
ndefined on input line 19.

) (./sections/3_methodology.tex

LaTeX Warning: Reference `sec:adapting-to-the-workload-with-cudele' on page 2 u
ndefined on input line 6.

<figures/arch.png, id=30, 953.5625pt x 695.59875pt> <use figures/arch.png>
Overfull \hbox (14.9273pt too wide) in paragraph at lines 14--19
 [][] 

LaTeX Warning: Reference `sec:structured-namespaces' on page 2 undefined on inp
ut line 19.


LaTeX Warning: Reference `sec:unstructured-namespaces' on page 2 undefined on i
nput line 19.


LaTeX Warning: Reference `sec:structured-namespaces' on page 2 undefined on inp
ut line 19.


LaTeX Warning: Reference `sec:unstructured-namespaces' on page 2 undefined on i
nput line 19.


Underfull \vbox (badness 7613) has occurred while \output is active [2.2]

LaTeX Warning: Reference `fig:arch' on page 3 undefined on input line 32.


LaTeX Font Warning: Font shape `OT1/cmss/m/it' in size <9> not available
(Font)              Font shape `OT1/cmss/m/sl' tried instead on input line 46.


LaTeX Warning: Reference `src:example' on page 3 undefined on input line 51.


Overfull \hbox (1.4098pt too wide) in paragraph at lines 58--67
 \OT1/cmss/m/sl/9 (-20) 3.1.2 Trig-ger: Start Names-pace Con-struc-tion.[] \OT1
/cmtt/m/n/9 trigger \OT1/cmr/m/n/9 (-20) spec-

LaTeX Warning: Reference `src:example' on page 3 undefined on input line 69.


(./_minted-paper/B7AAC53F818D693AC6346327FA85AB61C421D329C614D0711DABCE61BAF3AD
77.pygtex)
Underfull \hbox (badness 10000) in paragraph at lines 86--93


Package natbib Warning: Citation `sevilla:sc15-mantle' on page 3 undefined on i
nput line 95.


Package natbib Warning: Citation `he:hpdc13-plfs-patterns' on page 3 undefined 
on input line 116.


LaTeX Warning: Reference `src:example' on page 3 undefined on input line 118.


Package Fancyhdr Warning: \headheight is too small (13.0pt): 
 Make it at least 20.55003pt.
 We now make it that large for the rest of the document.
 This may cause the page layout to be inconsistent, however.

[3.3 <./figures/arch.png>]
Underfull \hbox (badness 10000) in paragraph at lines 122--125


(./_minted-paper/FCA30375081263A3FD7B8AA54F1E4549EFDD60C5B6F24DD3D3C7347B0045E2
D0.pygtex))
No file paper.bbl.

Package natbib Warning: There were undefined citations.

[4.4] (./paper.aux)
kpathsea: Running mktexpk --mfmode / --bdpi 600 --mag 1+0/600 --dpi 600 tcrm0700
mktexpk: Running mf-nowin -progname=mf \mode:=ljfour; mag:=1+0/600; nonstopmode; input tcrm0700
This is METAFONT, Version 2.7182818 (TeX Live 2015/Debian) (preloaded base=mf)

(/usr/share/texlive/texmf-dist/fonts/source/jknappen/ec/tcrm0700.mf
(/usr/share/texlive/texmf-dist/fonts/source/jknappen/ec/exbase.mf)
(/usr/share/texlive/texmf-dist/fonts/source/jknappen/ec/tcrm.mf
(/usr/share/texlive/texmf-dist/fonts/source/jknappen/ec/txsymb.mf
 Ok (/usr/share/texlive/texmf-dist/fonts/source/jknappen/ec/exaccess.mf
 Ok) (/usr/share/texlive/texmf-dist/fonts/source/jknappen/ec/txpseudo.mf
 Ok) (/usr/share/texlive/texmf-dist/fonts/source/jknappen/ec/txaccent.mf
 Ok [0] [1] [2] [3] [4] [5] [6] [7] [8] [9] [10] [11] [12] [27] [29])
(/usr/share/texlive/texmf-dist/fonts/source/jknappen/ec/txgen.mf
 Ok [100] [109] [98] [99] [108])
(/usr/share/texlive/texmf-dist/fonts/source/jknappen/ec/txsymbol.mf
 Ok [13] [18] [21] [22] [23] [24] [25] [26] [28] [31] [32] [36] [39] [44]
[45] [46] [42] [47] [60] [61] [62] [77] [79] [87] [110] [91] [93] [94] [95]
[96] [126] [127] [128] [129] [130] [131] [132] [133] [134] [135] [136] [137]
[138] [139] [140] [141] [142] [143] [144] [145] [146] [147] [148] [149]
[150] [151] [152] [153] [154] [155] [156] [157] [158] [159] [160] [161]
[162] [163] [164] [165] [166] [167] [168] [169] [171] [172] [173] [174]
[175] [177] [176] [180] [181] [182] [183] [184] [187] [191] [214] [246])
(/usr/share/texlive/texmf-dist/fonts/source/jknappen/ec/txromod.mf
 Ok [48] [49] [50] [51] [52] [53] [54] [55] [56] [57])
(/usr/share/texlive/texmf-dist/fonts/source/jknappen/ec/txrsuper.mf
 Ok [185] [178] [179] [170] [186])
(/usr/share/texlive/texmf-dist/fonts/source/jknappen/ec/txrfract.mf
 Ok [188] [189] [190]) ) ) )
Font metrics written on tcrm0700.tfm.
Output written on tcrm0700.600gf (128 characters, 17112 bytes).
Transcript written on tcrm0700.log.
mktexpk: /root/.texmf-var/fonts/pk/ljfour/jknappen/ec/tcrm0700.600pk: successfully generated.


Package rerunfilecheck Warning: File `paper.out' has changed.
(rerunfilecheck)                Rerun to get outlines right
(rerunfilecheck)                or use package `bookmark'.


LaTeX Warning: There were undefined references.


LaTeX Warning: Label(s) may have changed. Rerun to get cross-references right.

 )
(see the transcript file for additional information) </root/.texmf-var/fonts/pk
/ljfour/jknappen/ec/tcrm0700.600pk></usr/share/texlive/texmf-dist/fonts/type1/p
ublic/amsfonts/cm/cmbx10.pfb></usr/share/texlive/texmf-dist/fonts/type1/public/
amsfonts/cm/cmbx8.pfb></usr/share/texlive/texmf-dist/fonts/type1/public/amsfont
s/cm/cmbx9.pfb></usr/share/texlive/texmf-dist/fonts/type1/public/amsfonts/cm/cm
itt10.pfb></usr/share/texlive/texmf-dist/fonts/type1/public/amsfonts/cm/cmmi6.p
fb></usr/share/texlive/texmf-dist/fonts/type1/public/amsfonts/cm/cmmi9.pfb></us
r/share/texlive/texmf-dist/fonts/type1/public/amsfonts/cm/cmr10.pfb></usr/share
/texlive/texmf-dist/fonts/type1/public/amsfonts/cm/cmr12.pfb></usr/share/texliv
e/texmf-dist/fonts/type1/public/amsfonts/cm/cmr7.pfb></usr/share/texlive/texmf-
dist/fonts/type1/public/amsfonts/cm/cmr8.pfb></usr/share/texlive/texmf-dist/fon
ts/type1/public/amsfonts/cm/cmr9.pfb></usr/share/texlive/texmf-dist/fonts/type1
/public/amsfonts/cm/cmss9.pfb></usr/share/texlive/texmf-dist/fonts/type1/public
/amsfonts/cm/cmssbx10.pfb></usr/share/texlive/texmf-dist/fonts/type1/public/ams
fonts/cm/cmssi9.pfb></usr/share/texlive/texmf-dist/fonts/type1/public/amsfonts/
cm/cmsy9.pfb></usr/share/texlive/texmf-dist/fonts/type1/public/amsfonts/cm/cmti
7.pfb></usr/share/texlive/texmf-dist/fonts/type1/public/amsfonts/cm/cmti8.pfb><
/usr/share/texlive/texmf-dist/fonts/type1/public/amsfonts/cm/cmtt9.pfb>
Output written on paper.pdf (4 pages, 342966 bytes).
SyncTeX written on paper.synctex.gz.
Transcript written on paper.log.
This is BibTeX, Version 0.99d (TeX Live 2015/Debian)
The top-level auxiliary file: paper.aux
The style file: ACM-Reference-Format.bst
Database file #1: paper.bib
Warning--I didn't find a database entry for "sevilla:sc15-malacology"
Warning--empty year in bent_plfs_2009
Warning--empty publisher in bent_plfs_2009
Warning--empty address in bent_plfs_2009
Warning--page numbers missing in both pages and numpages fields in bent_plfs_2009
Warning--no journal in shel:pc17-pushdown
Warning--no number and no volume in shel:pc17-pushdown
Warning--page numbers missing in both pages and numpages fields in shel:pc17-pushdown
Warning--no journal in grider:pc17-diddlings
Warning--no number and no volume in grider:pc17-diddlings
Warning--page numbers missing in both pages and numpages fields in grider:pc17-diddlings
Warning--no journal in he:hpdc13-plfs-patterns
Warning--no number and no volume in he:hpdc13-plfs-patterns
Warning--page numbers missing in both pages and numpages fields in he:hpdc13-plfs-patterns
Warning--empty publisher in sevilla:sc15-mantle
Warning--empty address in sevilla:sc15-mantle
Warning--page numbers missing in both pages and numpages fields in sevilla:sc15-mantle
Warning--empty publisher in zheng:pdsw2014-batchfs
Warning--empty address in zheng:pdsw2014-batchfs
Warning--page numbers missing in both pages and numpages fields in zheng:pdsw2014-batchfs
Warning--empty publisher in zheng:pdsw2015-deltafs
Warning--empty address in zheng:pdsw2015-deltafs
Warning--page numbers missing in both pages and numpages fields in zheng:pdsw2015-deltafs
(There were 23 warnings)
This is pdfTeX, Version 3.14159265-2.6-1.40.16 (TeX Live 2015/Debian) (preloaded format=pdflatex)
 \write18 enabled.
entering extended mode
(./paper.tex
LaTeX2e <2016/02/01>
Babel <3.9q> and hyphenation patterns for 3 language(s) loaded.
(./acmart.cls
Document Class: acmart 2017/03/04 v1.31 Typesetting articles for Association of
 Computing Machinery
(/usr/share/texlive/texmf-dist/tex/latex/xkeyval/xkeyval.sty
(/usr/share/texlive/texmf-dist/tex/generic/xkeyval/xkeyval.tex
(/usr/share/texlive/texmf-dist/tex/generic/xkeyval/xkvutils.tex
(/usr/share/texlive/texmf-dist/tex/generic/xkeyval/keyval.tex))))
(/usr/share/texlive/texmf-dist/tex/latex/amscls/amsart.cls
Document Class: amsart 2015/03/04 v2.20.2
(/usr/share/texlive/texmf-dist/tex/latex/amsmath/amsmath.sty
For additional information on amsmath, use the `?' option.
(/usr/share/texlive/texmf-dist/tex/latex/amsmath/amstext.sty
(/usr/share/texlive/texmf-dist/tex/latex/amsmath/amsgen.sty))
(/usr/share/texlive/texmf-dist/tex/latex/amsmath/amsbsy.sty)
(/usr/share/texlive/texmf-dist/tex/latex/amsmath/amsopn.sty))
(/usr/share/texlive/texmf-dist/tex/latex/amsfonts/umsa.fd)
(/usr/share/texlive/texmf-dist/tex/latex/amsfonts/amsfonts.sty))
(/usr/share/texlive/texmf-dist/tex/latex/microtype/microtype.sty
(/usr/share/texlive/texmf-dist/tex/latex/microtype/microtype-pdftex.def)
(/usr/share/texlive/texmf-dist/tex/latex/microtype/microtype.cfg))
(/usr/share/texlive/texmf-dist/tex/latex/totpages/totpages.sty
(/usr/share/texlive/texmf-dist/tex/latex/ms/everyshi.sty))
(/usr/share/texlive/texmf-dist/tex/latex/environ/environ.sty
(/usr/share/texlive/texmf-dist/tex/latex/trimspaces/trimspaces.sty))
(/usr/share/texlive/texmf-dist/tex/latex/natbib/natbib.sty)
(/usr/share/texlive/texmf-dist/tex/latex/hyperref/hyperref.sty
(/usr/share/texlive/texmf-dist/tex/generic/oberdiek/hobsub-hyperref.sty
(/usr/share/texlive/texmf-dist/tex/generic/oberdiek/hobsub-generic.sty))
(/usr/share/texlive/texmf-dist/tex/generic/ifxetex/ifxetex.sty)
(/usr/share/texlive/texmf-dist/tex/latex/oberdiek/auxhook.sty)
(/usr/share/texlive/texmf-dist/tex/latex/oberdiek/kvoptions.sty)
(/usr/share/texlive/texmf-dist/tex/latex/hyperref/pd1enc.def)
(/usr/share/texlive/texmf-dist/tex/latex/latexconfig/hyperref.cfg)
(/usr/share/texlive/texmf-dist/tex/latex/hyperref/puenc.def)
(/usr/share/texlive/texmf-dist/tex/latex/url/url.sty))

Package hyperref Message: Driver (autodetected): hpdftex.

(/usr/share/texlive/texmf-dist/tex/latex/hyperref/hpdftex.def
(/usr/share/texlive/texmf-dist/tex/latex/oberdiek/rerunfilecheck.sty))
(/usr/share/texlive/texmf-dist/tex/latex/graphics/graphicx.sty
(/usr/share/texlive/texmf-dist/tex/latex/graphics/graphics.sty
(/usr/share/texlive/texmf-dist/tex/latex/graphics/trig.sty)
(/usr/share/texlive/texmf-dist/tex/latex/latexconfig/graphics.cfg)
(/usr/share/texlive/texmf-dist/tex/latex/pdftex-def/pdftex.def)))
(/usr/share/texlive/texmf-dist/tex/latex/xcolor/xcolor.sty
(/usr/share/texlive/texmf-dist/tex/latex/latexconfig/color.cfg))
(/usr/share/texlive/texmf-dist/tex/latex/geometry/geometry.sty)
(/usr/share/texlive/texmf-dist/tex/latex/ncctools/manyfoot.sty
(/usr/share/texlive/texmf-dist/tex/latex/ncctools/nccfoots.sty))

Class acmart Warning: You do not have libertine package installed. Please upgra
de your TeX on input line 571.


Class acmart Warning: You do not have zi4 package installed. Please upgrade you
r TeX on input line 573.


Class acmart Warning: You do not have newtxmath package installed. Please upgra
de your TeX on input line 576.

(/usr/share/texlive/texmf-dist/tex/latex/caption/caption.sty
(/usr/share/texlive/texmf-dist/tex/latex/caption/caption3.sty))
(/usr/share/texlive/texmf-dist/tex/latex/float/float.sty)
(/usr/share/texlive/texmf-dist/tex/latex/comment/comment.sty
Excluding comment 'comment') Excluding comment 'CCSXML'
(/usr/share/texlive/texmf-dist/tex/latex/base/textcomp.sty
(/usr/share/texlive/texmf-dist/tex/latex/base/ts1enc.def))
(/usr/share/texlive/texmf-dist/tex/latex/fancyhdr/fancyhdr.sty)
Special comment 'acks' Excluding comment 'screenonly'
Include comment 'printonly' Include comment 'anonsuppress')
(/usr/share/texlive/texmf-dist/tex/latex/booktabs/booktabs.sty)
(/usr/share/texlive/texmf-dist/tex/latex/minted/minted.sty
(/usr/share/texlive/texmf-dist/tex/latex/fancyvrb/fancyvrb.sty
Style option: `fancyvrb' v2.7a, with DG/SPQR fixes, and firstline=lastline fix 
<2008/02/07> (tvz)) (/usr/share/texlive/texmf-dist/tex/latex/base/ifthen.sty)
(/usr/share/texlive/texmf-dist/tex/latex/tools/calc.sty)
(/usr/share/texlive/texmf-dist/tex/latex/ifplatform/ifplatform.sty
(/usr/share/texlive/texmf-dist/tex/generic/oberdiek/catchfile.sty) (./paper.w18
)) (/usr/share/texlive/texmf-dist/tex/latex/etoolbox/etoolbox.sty)
(/usr/share/texlive/texmf-dist/tex/generic/xstring/xstring.sty
(/usr/share/texlive/texmf-dist/tex/generic/xstring/xstring.tex))
(/usr/share/texlive/texmf-dist/tex/latex/lineno/lineno.sty))
(./_minted-paper/default.pygstyle)
(/usr/share/texlive/texmf-dist/tex/latex/arydshln/arydshln.sty)
(/usr/share/texlive/texmf-dist/tex/latex/caption/subcaption.sty)/usr/bin/pygmentize
 (./paper.aux)
(/usr/share/texlive/texmf-dist/tex/latex/base/ts1cmr.fd)
(/usr/share/texlive/texmf-dist/tex/latex/amsfonts/umsa.fd)
(/usr/share/texlive/texmf-dist/tex/latex/amsfonts/umsb.fd)
(/usr/share/texlive/texmf-dist/tex/latex/microtype/mt-cmr.cfg)
ABD: EveryShipout initializing macros
(/usr/share/texlive/texmf-dist/tex/latex/hyperref/nameref.sty
(/usr/share/texlive/texmf-dist/tex/generic/oberdiek/gettitlestring.sty))
(./paper.out) (./paper.out)
(/usr/share/texlive/texmf-dist/tex/context/base/supp-pdf.mkii
[Loading MPS to PDF converter (version 2006.09.02).]
) (/usr/share/texlive/texmf-dist/tex/latex/oberdiek/epstopdf-base.sty
(/usr/share/texlive/texmf-dist/tex/latex/oberdiek/grfext.sty)
(/usr/share/texlive/texmf-dist/tex/latex/latexconfig/epstopdf-sys.cfg))
*geometry* driver: auto-detecting
*geometry* detected driver: pdftex
(./_minted-paper/default-pyg-prefix.pygstyle)
(/usr/share/texlive/texmf-dist/tex/latex/microtype/mt-msa.cfg)
(/usr/share/texlive/texmf-dist/tex/latex/microtype/mt-msb.cfg)

Package hyperref Warning: Token not allowed in a PDF string (Unicode):
(hyperref)                removing `\\' on input line 95.

(./sections/1_introduction.tex

Package natbib Warning: Citation `sevilla:sc15-mantle' on page 1 undefined on i
nput line 4.


Package natbib Warning: Citation `sevilla:sc15-malacology' on page 1 undefined 
on input line 4.


Package natbib Warning: Citation `bent_plfs_2009' on page 1 undefined on input 
line 7.

(/usr/share/texlive/texmf-dist/tex/latex/base/omscmr.fd)
<figures/intro.png, id=37, 665.48625pt x 807.015pt> <use figures/intro.png>
Underfull \hbox (badness 10000) in paragraph at lines 25--36


Underfull \hbox (badness 10000) in paragraph at lines 25--36


Overfull \hbox (39.37183pt too wide) in paragraph at lines 19--40
 [][] [] 

Package natbib Warning: Citation `grider:pc17-diddlings' on page 1 undefined on
 input line 50.


Package natbib Warning: Citation `bent_plfs_2009' on page 1 undefined on input 
line 55.


Package natbib Warning: Citation `he:hpdc13-plfs-patterns' on page 1 undefined 
on input line 68.


Package natbib Warning: Citation `zheng:pdsw2014-batchfs' on page 1 undefined o
n input line 77.


Package natbib Warning: Citation `zheng:pdsw2015-deltafs' on page 1 undefined o
n input line 77.


Package natbib Warning: Citation `he:hpdc13-plfs-patterns' on page 1 undefined 
on input line 77.


Package natbib Warning: Citation `shel:pc17-pushdown' on page 1 undefined on in
put line 82.

) (./sections/2_related_work.tex [1.1{/var/lib/texmf/fonts/map/pdftex/updmap/pd
ftex.map} <./figures/intro.png>]) (./sections/3_methodology.tex
<figures/arch.png, id=66, 953.5625pt x 695.59875pt> <use figures/arch.png>
Overfull \hbox (14.9273pt too wide) in paragraph at lines 14--19
 [][] 

Underfull \vbox (badness 7613) has occurred while \output is active [2.2]

LaTeX Font Warning: Font shape `OT1/cmss/m/it' in size <9> not available
(Font)              Font shape `OT1/cmss/m/sl' tried instead on input line 46.


Overfull \hbox (1.4098pt too wide) in paragraph at lines 58--67
 \OT1/cmss/m/sl/9 (-20) 3.1.2 Trig-ger: Start Names-pace Con-struc-tion.[] \OT1
/cmtt/m/n/9 trigger \OT1/cmr/m/n/9 (-20) spec-

(./_minted-paper/B7AAC53F818D693AC6346327FA85AB61C421D329C614D0711DABCE61BAF3AD
77.pygtex)
Underfull \hbox (badness 10000) in paragraph at lines 86--93


Package natbib Warning: Citation `sevilla:sc15-mantle' on page 3 undefined on i
nput line 95.


Package natbib Warning: Citation `he:hpdc13-plfs-patterns' on page 3 undefined 
on input line 116.


Package Fancyhdr Warning: \headheight is too small (13.0pt): 
 Make it at least 20.55003pt.
 We now make it that large for the rest of the document.
 This may cause the page layout to be inconsistent, however.

[3.3 <./figures/arch.png>]
Underfull \hbox (badness 10000) in paragraph at lines 122--125


(./_minted-paper/FCA30375081263A3FD7B8AA54F1E4549EFDD60C5B6F24DD3D3C7347B0045E2
D0.pygtex)) (./paper.bbl)

Package natbib Warning: There were undefined citations.

[4.4] (./paper.aux

Package natbib Warning: Citation(s) may have changed.
(natbib)                Rerun to get citations correct.

)

Package rerunfilecheck Warning: File `paper.out' has changed.
(rerunfilecheck)                Rerun to get outlines right
(rerunfilecheck)                or use package `bookmark'.

 )
(see the transcript file for additional information) </root/.texmf-var/fonts/pk
/ljfour/jknappen/ec/tcrm0700.600pk></usr/share/texlive/texmf-dist/fonts/type1/p
ublic/amsfonts/cm/cmbx10.pfb></usr/share/texlive/texmf-dist/fonts/type1/public/
amsfonts/cm/cmbx8.pfb></usr/share/texlive/texmf-dist/fonts/type1/public/amsfont
s/cm/cmbx9.pfb></usr/share/texlive/texmf-dist/fonts/type1/public/amsfonts/cm/cm
itt10.pfb></usr/share/texlive/texmf-dist/fonts/type1/public/amsfonts/cm/cmmi6.p
fb></usr/share/texlive/texmf-dist/fonts/type1/public/amsfonts/cm/cmmi9.pfb></us
r/share/texlive/texmf-dist/fonts/type1/public/amsfonts/cm/cmr10.pfb></usr/share
/texlive/texmf-dist/fonts/type1/public/amsfonts/cm/cmr12.pfb></usr/share/texliv
e/texmf-dist/fonts/type1/public/amsfonts/cm/cmr7.pfb></usr/share/texlive/texmf-
dist/fonts/type1/public/amsfonts/cm/cmr8.pfb></usr/share/texlive/texmf-dist/fon
ts/type1/public/amsfonts/cm/cmr9.pfb></usr/share/texlive/texmf-dist/fonts/type1
/public/amsfonts/cm/cmss9.pfb></usr/share/texlive/texmf-dist/fonts/type1/public
/amsfonts/cm/cmssbx10.pfb></usr/share/texlive/texmf-dist/fonts/type1/public/ams
fonts/cm/cmssi9.pfb></usr/share/texlive/texmf-dist/fonts/type1/public/amsfonts/
cm/cmsy9.pfb></usr/share/texlive/texmf-dist/fonts/type1/public/amsfonts/cm/cmti
7.pfb></usr/share/texlive/texmf-dist/fonts/type1/public/amsfonts/cm/cmti8.pfb><
/usr/share/texlive/texmf-dist/fonts/type1/public/amsfonts/cm/cmtt9.pfb>
Output written on paper.pdf (4 pages, 357155 bytes).
SyncTeX written on paper.synctex.gz.
Transcript written on paper.log.
This is pdfTeX, Version 3.14159265-2.6-1.40.16 (TeX Live 2015/Debian) (preloaded format=pdflatex)
 \write18 enabled.
entering extended mode
(./paper.tex
LaTeX2e <2016/02/01>
Babel <3.9q> and hyphenation patterns for 3 language(s) loaded.
(./acmart.cls
Document Class: acmart 2017/03/04 v1.31 Typesetting articles for Association of
 Computing Machinery
(/usr/share/texlive/texmf-dist/tex/latex/xkeyval/xkeyval.sty
(/usr/share/texlive/texmf-dist/tex/generic/xkeyval/xkeyval.tex
(/usr/share/texlive/texmf-dist/tex/generic/xkeyval/xkvutils.tex
(/usr/share/texlive/texmf-dist/tex/generic/xkeyval/keyval.tex))))
(/usr/share/texlive/texmf-dist/tex/latex/amscls/amsart.cls
Document Class: amsart 2015/03/04 v2.20.2
(/usr/share/texlive/texmf-dist/tex/latex/amsmath/amsmath.sty
For additional information on amsmath, use the `?' option.
(/usr/share/texlive/texmf-dist/tex/latex/amsmath/amstext.sty
(/usr/share/texlive/texmf-dist/tex/latex/amsmath/amsgen.sty))
(/usr/share/texlive/texmf-dist/tex/latex/amsmath/amsbsy.sty)
(/usr/share/texlive/texmf-dist/tex/latex/amsmath/amsopn.sty))
(/usr/share/texlive/texmf-dist/tex/latex/amsfonts/umsa.fd)
(/usr/share/texlive/texmf-dist/tex/latex/amsfonts/amsfonts.sty))
(/usr/share/texlive/texmf-dist/tex/latex/microtype/microtype.sty
(/usr/share/texlive/texmf-dist/tex/latex/microtype/microtype-pdftex.def)
(/usr/share/texlive/texmf-dist/tex/latex/microtype/microtype.cfg))
(/usr/share/texlive/texmf-dist/tex/latex/totpages/totpages.sty
(/usr/share/texlive/texmf-dist/tex/latex/ms/everyshi.sty))
(/usr/share/texlive/texmf-dist/tex/latex/environ/environ.sty
(/usr/share/texlive/texmf-dist/tex/latex/trimspaces/trimspaces.sty))
(/usr/share/texlive/texmf-dist/tex/latex/natbib/natbib.sty)
(/usr/share/texlive/texmf-dist/tex/latex/hyperref/hyperref.sty
(/usr/share/texlive/texmf-dist/tex/generic/oberdiek/hobsub-hyperref.sty
(/usr/share/texlive/texmf-dist/tex/generic/oberdiek/hobsub-generic.sty))
(/usr/share/texlive/texmf-dist/tex/generic/ifxetex/ifxetex.sty)
(/usr/share/texlive/texmf-dist/tex/latex/oberdiek/auxhook.sty)
(/usr/share/texlive/texmf-dist/tex/latex/oberdiek/kvoptions.sty)
(/usr/share/texlive/texmf-dist/tex/latex/hyperref/pd1enc.def)
(/usr/share/texlive/texmf-dist/tex/latex/latexconfig/hyperref.cfg)
(/usr/share/texlive/texmf-dist/tex/latex/hyperref/puenc.def)
(/usr/share/texlive/texmf-dist/tex/latex/url/url.sty))

Package hyperref Message: Driver (autodetected): hpdftex.

(/usr/share/texlive/texmf-dist/tex/latex/hyperref/hpdftex.def
(/usr/share/texlive/texmf-dist/tex/latex/oberdiek/rerunfilecheck.sty))
(/usr/share/texlive/texmf-dist/tex/latex/graphics/graphicx.sty
(/usr/share/texlive/texmf-dist/tex/latex/graphics/graphics.sty
(/usr/share/texlive/texmf-dist/tex/latex/graphics/trig.sty)
(/usr/share/texlive/texmf-dist/tex/latex/latexconfig/graphics.cfg)
(/usr/share/texlive/texmf-dist/tex/latex/pdftex-def/pdftex.def)))
(/usr/share/texlive/texmf-dist/tex/latex/xcolor/xcolor.sty
(/usr/share/texlive/texmf-dist/tex/latex/latexconfig/color.cfg))
(/usr/share/texlive/texmf-dist/tex/latex/geometry/geometry.sty)
(/usr/share/texlive/texmf-dist/tex/latex/ncctools/manyfoot.sty
(/usr/share/texlive/texmf-dist/tex/latex/ncctools/nccfoots.sty))

Class acmart Warning: You do not have libertine package installed. Please upgra
de your TeX on input line 571.


Class acmart Warning: You do not have zi4 package installed. Please upgrade you
r TeX on input line 573.


Class acmart Warning: You do not have newtxmath package installed. Please upgra
de your TeX on input line 576.

(/usr/share/texlive/texmf-dist/tex/latex/caption/caption.sty
(/usr/share/texlive/texmf-dist/tex/latex/caption/caption3.sty))
(/usr/share/texlive/texmf-dist/tex/latex/float/float.sty)
(/usr/share/texlive/texmf-dist/tex/latex/comment/comment.sty
Excluding comment 'comment') Excluding comment 'CCSXML'
(/usr/share/texlive/texmf-dist/tex/latex/base/textcomp.sty
(/usr/share/texlive/texmf-dist/tex/latex/base/ts1enc.def))
(/usr/share/texlive/texmf-dist/tex/latex/fancyhdr/fancyhdr.sty)
Special comment 'acks' Excluding comment 'screenonly'
Include comment 'printonly' Include comment 'anonsuppress')
(/usr/share/texlive/texmf-dist/tex/latex/booktabs/booktabs.sty)
(/usr/share/texlive/texmf-dist/tex/latex/minted/minted.sty
(/usr/share/texlive/texmf-dist/tex/latex/fancyvrb/fancyvrb.sty
Style option: `fancyvrb' v2.7a, with DG/SPQR fixes, and firstline=lastline fix 
<2008/02/07> (tvz)) (/usr/share/texlive/texmf-dist/tex/latex/base/ifthen.sty)
(/usr/share/texlive/texmf-dist/tex/latex/tools/calc.sty)
(/usr/share/texlive/texmf-dist/tex/latex/ifplatform/ifplatform.sty
(/usr/share/texlive/texmf-dist/tex/generic/oberdiek/catchfile.sty) (./paper.w18
)) (/usr/share/texlive/texmf-dist/tex/latex/etoolbox/etoolbox.sty)
(/usr/share/texlive/texmf-dist/tex/generic/xstring/xstring.sty
(/usr/share/texlive/texmf-dist/tex/generic/xstring/xstring.tex))
(/usr/share/texlive/texmf-dist/tex/latex/lineno/lineno.sty))
(./_minted-paper/default.pygstyle)
(/usr/share/texlive/texmf-dist/tex/latex/arydshln/arydshln.sty)
(/usr/share/texlive/texmf-dist/tex/latex/caption/subcaption.sty)/usr/bin/pygmentize
 (./paper.aux)
(/usr/share/texlive/texmf-dist/tex/latex/base/ts1cmr.fd)
(/usr/share/texlive/texmf-dist/tex/latex/amsfonts/umsa.fd)
(/usr/share/texlive/texmf-dist/tex/latex/amsfonts/umsb.fd)
(/usr/share/texlive/texmf-dist/tex/latex/microtype/mt-cmr.cfg)
ABD: EveryShipout initializing macros
(/usr/share/texlive/texmf-dist/tex/latex/hyperref/nameref.sty
(/usr/share/texlive/texmf-dist/tex/generic/oberdiek/gettitlestring.sty))
(./paper.out) (./paper.out)
(/usr/share/texlive/texmf-dist/tex/context/base/supp-pdf.mkii
[Loading MPS to PDF converter (version 2006.09.02).]
) (/usr/share/texlive/texmf-dist/tex/latex/oberdiek/epstopdf-base.sty
(/usr/share/texlive/texmf-dist/tex/latex/oberdiek/grfext.sty)
(/usr/share/texlive/texmf-dist/tex/latex/latexconfig/epstopdf-sys.cfg))
*geometry* driver: auto-detecting
*geometry* detected driver: pdftex
(./_minted-paper/default-pyg-prefix.pygstyle)
(/usr/share/texlive/texmf-dist/tex/latex/microtype/mt-msa.cfg)
(/usr/share/texlive/texmf-dist/tex/latex/microtype/mt-msb.cfg)

Package hyperref Warning: Token not allowed in a PDF string (Unicode):
(hyperref)                removing `\\' on input line 95.

(./sections/1_introduction.tex

Package natbib Warning: Citation `sevilla:sc15-malacology' on page 1 undefined 
on input line 4.

(/usr/share/texlive/texmf-dist/tex/latex/base/omscmr.fd)
<figures/intro.png, id=43, 665.48625pt x 807.015pt> <use figures/intro.png>
Underfull \hbox (badness 10000) in paragraph at lines 25--36


Underfull \hbox (badness 10000) in paragraph at lines 25--36


Overfull \hbox (39.37183pt too wide) in paragraph at lines 19--40
 [][] [] 
) (./sections/2_related_work.tex [1.1{/var/lib/texmf/fonts/map/pdftex/updmap/pd
ftex.map} <./figures/intro.png>]) (./sections/3_methodology.tex
<figures/arch.png, id=86, 953.5625pt x 695.59875pt> <use figures/arch.png>
Overfull \hbox (14.9273pt too wide) in paragraph at lines 14--19
 [][] 

Underfull \vbox (badness 7613) has occurred while \output is active [2.2]

LaTeX Font Warning: Font shape `OT1/cmss/m/it' in size <9> not available
(Font)              Font shape `OT1/cmss/m/sl' tried instead on input line 46.


Overfull \hbox (1.4098pt too wide) in paragraph at lines 58--67
 \OT1/cmss/m/sl/9 (-20) 3.1.2 Trig-ger: Start Names-pace Con-struc-tion.[] \OT1
/cmtt/m/n/9 trigger \OT1/cmr/m/n/9 (-20) spec-

(./_minted-paper/B7AAC53F818D693AC6346327FA85AB61C421D329C614D0711DABCE61BAF3AD
77.pygtex)
Underfull \hbox (badness 10000) in paragraph at lines 86--93


Package Fancyhdr Warning: \headheight is too small (13.0pt): 
 Make it at least 20.55003pt.
 We now make it that large for the rest of the document.
 This may cause the page layout to be inconsistent, however.

[3.3 <./figures/arch.png>]
Underfull \hbox (badness 10000) in paragraph at lines 122--125


(./_minted-paper/FCA30375081263A3FD7B8AA54F1E4549EFDD60C5B6F24DD3D3C7347B0045E2
D0.pygtex)) (./paper.bbl)

Package natbib Warning: There were undefined citations.

[4.4] (./paper.aux) )
(see the transcript file for additional information) </root/.texmf-var/fonts/pk
/ljfour/jknappen/ec/tcrm0700.600pk></usr/share/texlive/texmf-dist/fonts/type1/p
ublic/amsfonts/cm/cmbx10.pfb></usr/share/texlive/texmf-dist/fonts/type1/public/
amsfonts/cm/cmbx8.pfb></usr/share/texlive/texmf-dist/fonts/type1/public/amsfont
s/cm/cmbx9.pfb></usr/share/texlive/texmf-dist/fonts/type1/public/amsfonts/cm/cm
itt10.pfb></usr/share/texlive/texmf-dist/fonts/type1/public/amsfonts/cm/cmmi6.p
fb></usr/share/texlive/texmf-dist/fonts/type1/public/amsfonts/cm/cmmi9.pfb></us
r/share/texlive/texmf-dist/fonts/type1/public/amsfonts/cm/cmr10.pfb></usr/share
/texlive/texmf-dist/fonts/type1/public/amsfonts/cm/cmr12.pfb></usr/share/texliv
e/texmf-dist/fonts/type1/public/amsfonts/cm/cmr7.pfb></usr/share/texlive/texmf-
dist/fonts/type1/public/amsfonts/cm/cmr8.pfb></usr/share/texlive/texmf-dist/fon
ts/type1/public/amsfonts/cm/cmr9.pfb></usr/share/texlive/texmf-dist/fonts/type1
/public/amsfonts/cm/cmss9.pfb></usr/share/texlive/texmf-dist/fonts/type1/public
/amsfonts/cm/cmssbx10.pfb></usr/share/texlive/texmf-dist/fonts/type1/public/ams
fonts/cm/cmssi9.pfb></usr/share/texlive/texmf-dist/fonts/type1/public/amsfonts/
cm/cmsy9.pfb></usr/share/texlive/texmf-dist/fonts/type1/public/amsfonts/cm/cmti
7.pfb></usr/share/texlive/texmf-dist/fonts/type1/public/amsfonts/cm/cmti8.pfb><
/usr/share/texlive/texmf-dist/fonts/type1/public/amsfonts/cm/cmtt9.pfb>
Output written on paper.pdf (4 pages, 357878 bytes).
SyncTeX written on paper.synctex.gz.
Transcript written on paper.log.
