2017-04-01 15:02:58  /entrypoint.sh: static: does not generate config
HEALTH_WARN too few PGs per OSD (8 < min 30)
2017-04-01 15:02:59  /entrypoint.sh: static: does not generate admin key
pool 'cephfs_data' created
pool 'cephfs_metadata' created
new fs with metadata pool 2 and data pool 1
2017-04-01 15:03:03  /entrypoint.sh: SUCCESS
2017-04-01 15:03:03.914433 7f924f599300  0 set uid:gid to 64045:64045 (ceph:ceph)
2017-04-01 15:03:03.914475 7f924f599300  0 ceph version 9.0.0-18996-gc8198b3 (c8198b367959e5e7ccb362987ae541a526ccaf59), process ceph-mds, pid 198
starting mds.issdm-12 at -
2017-04-01 15:03:03.916189 7f924f599300  0 pidfile_write: ignore empty --pid-file
2017-04-01 15:03:08.275881 7f9247f9c700  0 mds.0.cache creating system inode with ino:1
2017-04-01 15:03:08.276162 7f9247f9c700  0 mds.0.cache creating system inode with ino:100
2017-04-01 15:03:08.276182 7f9247f9c700  0 mds.0.cache creating system inode with ino:600
2017-04-01 15:03:08.276365 7f9247f9c700  0 mds.0.cache creating system inode with ino:601
2017-04-01 15:03:08.276459 7f9247f9c700  0 mds.0.cache creating system inode with ino:602
2017-04-01 15:03:08.276721 7f9247f9c700  0 mds.0.cache creating system inode with ino:603
2017-04-01 15:03:08.276835 7f9247f9c700  0 mds.0.cache creating system inode with ino:604
2017-04-01 15:03:08.276963 7f9247f9c700  0 mds.0.cache creating system inode with ino:605
2017-04-01 15:03:08.277057 7f9247f9c700  0 mds.0.cache creating system inode with ino:606
2017-04-01 15:03:08.277149 7f9247f9c700  0 mds.0.cache creating system inode with ino:607
2017-04-01 15:03:08.277240 7f9247f9c700  0 mds.0.cache creating system inode with ino:608
2017-04-01 15:03:08.277365 7f9247f9c700  0 mds.0.cache creating system inode with ino:609
