2016-12-27 15:26:30  /entrypoint.sh: static: does not generate config
HEALTH_WARN too few PGs per OSD (10 < min 30)
2016-12-27 15:26:31  /entrypoint.sh: static: does not generate admin key
2016-12-27 15:26:31  /entrypoint.sh: SUCCESS
2016-12-27 15:26:31.543208 7fddd2da4300  0 set uid:gid to 64045:64045 (ceph:ceph)
2016-12-27 15:26:31.543252 7fddd2da4300  0 ceph version 9.0.0-18991-gec12610 (ec12610bb1358fb2eab74cb7b0483c2613bae38f), process ceph-mds, pid 87
starting mds.issdm-18 at -
2016-12-27 15:26:31.545364 7fddd2da4300  0 pidfile_write: ignore empty --pid-file
2016-12-27 15:27:41.446050 7fddcb7ae700  0 mds.1.cache creating system inode with ino:101
2016-12-27 15:27:41.446194 7fddcb7ae700  0 mds.1.cache creating system inode with ino:60a
2016-12-27 15:27:41.446447 7fddcb7ae700  0 mds.1.cache creating system inode with ino:60b
2016-12-27 15:27:41.446542 7fddcb7ae700  0 mds.1.cache creating system inode with ino:60c
2016-12-27 15:27:41.446655 7fddcb7ae700  0 mds.1.cache creating system inode with ino:60d
2016-12-27 15:27:41.446918 7fddcb7ae700  0 mds.1.cache creating system inode with ino:60e
2016-12-27 15:27:41.447098 7fddcb7ae700  0 mds.1.cache creating system inode with ino:60f
2016-12-27 15:27:41.447225 7fddcb7ae700  0 mds.1.cache creating system inode with ino:610
2016-12-27 15:27:41.447319 7fddcb7ae700  0 mds.1.cache creating system inode with ino:611
2016-12-27 15:27:41.447412 7fddcb7ae700  0 mds.1.cache creating system inode with ino:612
2016-12-27 15:27:41.447522 7fddcb7ae700  0 mds.1.cache creating system inode with ino:613
2016-12-27 15:27:45.744284 7fddce72f700  0 -- 192.168.140.230:6800/3301335454 >> 192.168.140.188:6800/4128546831 conn(0x7fdddcb9e000 :6800 s=STATE_ACCEPTING_WAIT_CONNECT_MSG_AUTH pgs=0 cs=0 l=0).handle_connect_msg accept connect_seq 0 vs existing csq=0 existing_state=STATE_CONNECTING_WAIT_CONNECT_REPLY
