2016-12-14 23:09:06  /entrypoint.sh: static: does not generate config
HEALTH_WARN too few PGs per OSD (10 < min 30)
2016-12-14 23:09:07  /entrypoint.sh: static: does not generate admin key
2016-12-14 23:09:07  /entrypoint.sh: SUCCESS
2016-12-14 23:09:07.781008 7fd53e25d300  0 set uid:gid to 64045:64045 (ceph:ceph)
2016-12-14 23:09:07.781046 7fd53e25d300  0 ceph version 11.0.2-1332-gf628bac (f628bac31aa0b5b2696b8defc4aa18d4bc2ef757), process ceph-mds, pid 87
starting mds.issdm-18 at -
2016-12-14 23:09:07.783654 7fd53e25d300  0 pidfile_write: ignore empty --pid-file
2016-12-14 23:09:57.831323 7fd536c67700  0 mds.1.cache creating system inode with ino:101
2016-12-14 23:09:57.831497 7fd536c67700  0 mds.1.cache creating system inode with ino:60a
2016-12-14 23:09:57.831804 7fd536c67700  0 mds.1.cache creating system inode with ino:60b
2016-12-14 23:09:57.831905 7fd536c67700  0 mds.1.cache creating system inode with ino:60c
2016-12-14 23:09:57.832022 7fd536c67700  0 mds.1.cache creating system inode with ino:60d
2016-12-14 23:09:57.832343 7fd536c67700  0 mds.1.cache creating system inode with ino:60e
2016-12-14 23:09:57.832479 7fd536c67700  0 mds.1.cache creating system inode with ino:60f
2016-12-14 23:09:57.832601 7fd536c67700  0 mds.1.cache creating system inode with ino:610
2016-12-14 23:09:57.832695 7fd536c67700  0 mds.1.cache creating system inode with ino:611
2016-12-14 23:09:57.832805 7fd536c67700  0 mds.1.cache creating system inode with ino:612
2016-12-14 23:09:57.832915 7fd536c67700  0 mds.1.cache creating system inode with ino:613
2016-12-14 23:10:01.980948 7fd538be6700  0 -- 192.168.140.230:6800/2789247494 >> 192.168.140.188:6800/3416250716 conn(0x7fd548c36000 :6800 s=STATE_ACCEPTING_WAIT_CONNECT_MSG_AUTH pgs=0 cs=0 l=0).handle_connect_msg accept connect_seq 0 vs existing csq=0 existing_state=STATE_CONNECTING_WAIT_CONNECT_REPLY
2016-12-14 23:10:01.981568 7fd538be6700  0 -- 192.168.140.230:6800/2789247494 >> 192.168.140.188:6800/3416250716 conn(0x7fd548c36000 :6800 s=STATE_ACCEPTING_WAIT_CONNECT_MSG pgs=0 cs=0 l=0).fault with nothing to send and in the half  accept state just closed
