2016-12-14 23:08:27  /entrypoint.sh: static: does not generate config
HEALTH_WARN too few PGs per OSD (10 < min 30)
2016-12-14 23:08:28  /entrypoint.sh: static: does not generate admin key
2016-12-14 23:08:28  /entrypoint.sh: SUCCESS
2016-12-14 23:08:28.417044 7f11a601c300  0 set uid:gid to 64045:64045 (ceph:ceph)
2016-12-14 23:08:28.417084 7f11a601c300  0 ceph version 11.0.2-1332-gf628bac (f628bac31aa0b5b2696b8defc4aa18d4bc2ef757), process ceph-mds, pid 87
starting mds.issdm-15 at -
2016-12-14 23:08:28.419217 7f11a601c300  0 pidfile_write: ignore empty --pid-file
2016-12-14 23:09:57.831552 7f119ea26700  0 mds.2.cache creating system inode with ino:102
2016-12-14 23:09:57.831688 7f119ea26700  0 mds.2.cache creating system inode with ino:614
2016-12-14 23:09:57.831930 7f119ea26700  0 mds.2.cache creating system inode with ino:615
2016-12-14 23:09:57.832030 7f119ea26700  0 mds.2.cache creating system inode with ino:616
2016-12-14 23:09:57.832307 7f119ea26700  0 mds.2.cache creating system inode with ino:617
2016-12-14 23:09:57.832403 7f119ea26700  0 mds.2.cache creating system inode with ino:618
2016-12-14 23:09:57.832554 7f119ea26700  0 mds.2.cache creating system inode with ino:619
2016-12-14 23:09:57.832669 7f119ea26700  0 mds.2.cache creating system inode with ino:61a
2016-12-14 23:09:57.832762 7f119ea26700  0 mds.2.cache creating system inode with ino:61b
2016-12-14 23:09:57.832853 7f119ea26700  0 mds.2.cache creating system inode with ino:61c
2016-12-14 23:09:57.832963 7f119ea26700  0 mds.2.cache creating system inode with ino:61d
2016-12-14 23:09:58.896290 7f11a09a5700  0 -- 192.168.140.248:6800/1220755735 >> 192.168.140.188:6800/3416250716 conn(0x7f11b0b72000 :6800 s=STATE_ACCEPTING_WAIT_CONNECT_MSG_AUTH pgs=0 cs=0 l=0).handle_connect_msg accept connect_seq 0 vs existing csq=0 existing_state=STATE_CONNECTING_WAIT_CONNECT_REPLY
2016-12-14 23:09:58.896438 7f11a09a5700  0 -- 192.168.140.248:6800/1220755735 >> 192.168.140.188:6800/3416250716 conn(0x7f11b0b72000 :6800 s=STATE_ACCEPTING_WAIT_CONNECT_MSG pgs=0 cs=0 l=0).fault with nothing to send and in the half  accept state just closed
