2016-12-24 00:32:53  /entrypoint.sh: static: does not generate config
HEALTH_WARN too few PGs per OSD (10 < min 30)
2016-12-24 00:32:54  /entrypoint.sh: static: does not generate admin key
2016-12-24 00:32:54  /entrypoint.sh: SUCCESS
2016-12-24 00:32:54.679104 7fe8d386d300  0 set uid:gid to 64045:64045 (ceph:ceph)
2016-12-24 00:32:54.679143 7fe8d386d300  0 ceph version 9.0.0-18991-gec12610 (ec12610bb1358fb2eab74cb7b0483c2613bae38f), process ceph-mds, pid 87
starting mds.issdm-18 at -
2016-12-24 00:32:54.681418 7fe8d386d300  0 pidfile_write: ignore empty --pid-file
2016-12-24 00:33:58.047369 7fe8cc277700  0 mds.1.cache creating system inode with ino:101
2016-12-24 00:33:58.047543 7fe8cc277700  0 mds.1.cache creating system inode with ino:60a
2016-12-24 00:33:58.047859 7fe8cc277700  0 mds.1.cache creating system inode with ino:60b
2016-12-24 00:33:58.047969 7fe8cc277700  0 mds.1.cache creating system inode with ino:60c
2016-12-24 00:33:58.048085 7fe8cc277700  0 mds.1.cache creating system inode with ino:60d
2016-12-24 00:33:58.048437 7fe8cc277700  0 mds.1.cache creating system inode with ino:60e
2016-12-24 00:33:58.048548 7fe8cc277700  0 mds.1.cache creating system inode with ino:60f
2016-12-24 00:33:58.048672 7fe8cc277700  0 mds.1.cache creating system inode with ino:610
2016-12-24 00:33:58.048790 7fe8cc277700  0 mds.1.cache creating system inode with ino:611
2016-12-24 00:33:58.048885 7fe8cc277700  0 mds.1.cache creating system inode with ino:612
2016-12-24 00:33:58.048993 7fe8cc277700  0 mds.1.cache creating system inode with ino:613
2016-12-24 00:49:01.462557 7fe8cf1f8700  0 -- 192.168.140.230:6800/126205907 >> 192.168.140.248:6800/1985299534 conn(0x7fe8de20c800 :6800 s=STATE_OPEN pgs=9 cs=1 l=0).fault with nothing to send, going to standby
