2016-12-24 00:31:37  /entrypoint.sh: static: does not generate config
HEALTH_WARN too few PGs per OSD (8 < min 30)
2016-12-24 00:31:37  /entrypoint.sh: static: does not generate admin key
pool 'cephfs_data' created
pool 'cephfs_metadata' created
new fs with metadata pool 2 and data pool 1
2016-12-24 00:31:41  /entrypoint.sh: SUCCESS
2016-12-24 00:31:41.446641 7f76420e0300  0 set uid:gid to 64045:64045 (ceph:ceph)
2016-12-24 00:31:41.446694 7f76420e0300  0 ceph version 9.0.0-18991-gec12610 (ec12610bb1358fb2eab74cb7b0483c2613bae38f), process ceph-mds, pid 197
starting mds.issdm-12 at -
2016-12-24 00:31:41.449118 7f76420e0300  0 pidfile_write: ignore empty --pid-file
2016-12-24 00:31:45.693194 7f763aaea700  0 mds.0.cache creating system inode with ino:1
2016-12-24 00:31:45.693504 7f763aaea700  0 mds.0.cache creating system inode with ino:100
2016-12-24 00:31:45.693526 7f763aaea700  0 mds.0.cache creating system inode with ino:600
2016-12-24 00:31:45.693721 7f763aaea700  0 mds.0.cache creating system inode with ino:601
2016-12-24 00:31:45.694248 7f763aaea700  0 mds.0.cache creating system inode with ino:602
2016-12-24 00:31:45.694530 7f763aaea700  0 mds.0.cache creating system inode with ino:603
2016-12-24 00:31:45.694649 7f763aaea700  0 mds.0.cache creating system inode with ino:604
2016-12-24 00:31:45.694782 7f763aaea700  0 mds.0.cache creating system inode with ino:605
2016-12-24 00:31:45.694875 7f763aaea700  0 mds.0.cache creating system inode with ino:606
2016-12-24 00:31:45.694970 7f763aaea700  0 mds.0.cache creating system inode with ino:607
2016-12-24 00:31:45.695067 7f763aaea700  0 mds.0.cache creating system inode with ino:608
2016-12-24 00:31:45.695199 7f763aaea700  0 mds.0.cache creating system inode with ino:609
2016-12-24 00:33:59.160261 7f763d26a700  0 -- 192.168.140.188:6800/3077009591 >> 192.168.140.248:6800/1985299534 conn(0x7f764b0c2800 :6800 s=STATE_ACCEPTING_WAIT_CONNECT_MSG_AUTH pgs=0 cs=0 l=0).handle_connect_msg accept connect_seq 0 vs existing csq=0 existing_state=STATE_CONNECTING_WAIT_CONNECT_REPLY
