2016-12-23 15:26:28  /entrypoint.sh: static: does not generate config
HEALTH_WARN too few PGs per OSD (10 < min 30)
2016-12-23 15:26:29  /entrypoint.sh: static: does not generate admin key
2016-12-23 15:26:29  /entrypoint.sh: SUCCESS
2016-12-23 15:26:29.522710 7f9baa2f9300  0 set uid:gid to 64045:64045 (ceph:ceph)
2016-12-23 15:26:29.522762 7f9baa2f9300  0 ceph version 9.0.0-18991-gec12610 (ec12610bb1358fb2eab74cb7b0483c2613bae38f), process ceph-mds, pid 87
starting mds.issdm-18 at -
2016-12-23 15:26:29.525037 7f9baa2f9300  0 pidfile_write: ignore empty --pid-file
2016-12-23 15:27:08.913730 7f9ba2d03700  0 mds.1.cache creating system inode with ino:101
2016-12-23 15:27:08.913919 7f9ba2d03700  0 mds.1.cache creating system inode with ino:60a
2016-12-23 15:27:08.914270 7f9ba2d03700  0 mds.1.cache creating system inode with ino:60b
2016-12-23 15:27:08.914369 7f9ba2d03700  0 mds.1.cache creating system inode with ino:60c
2016-12-23 15:27:08.914487 7f9ba2d03700  0 mds.1.cache creating system inode with ino:60d
2016-12-23 15:27:08.914791 7f9ba2d03700  0 mds.1.cache creating system inode with ino:60e
2016-12-23 15:27:08.914912 7f9ba2d03700  0 mds.1.cache creating system inode with ino:60f
2016-12-23 15:27:08.915083 7f9ba2d03700  0 mds.1.cache creating system inode with ino:610
2016-12-23 15:27:08.915349 7f9ba2d03700  0 mds.1.cache creating system inode with ino:611
2016-12-23 15:27:08.915479 7f9ba2d03700  0 mds.1.cache creating system inode with ino:612
2016-12-23 15:27:08.915664 7f9ba2d03700  0 mds.1.cache creating system inode with ino:613
2016-12-23 15:27:13.228801 7f9ba5c84700  0 -- 192.168.140.230:6800/1215166817 >> 192.168.140.188:6800/536567913 conn(0x7f9bb4eaa000 :6800 s=STATE_ACCEPTING_WAIT_CONNECT_MSG_AUTH pgs=0 cs=0 l=0).handle_connect_msg accept connect_seq 0 vs existing csq=0 existing_state=STATE_CONNECTING_WAIT_CONNECT_REPLY
2016-12-23 15:27:13.228950 7f9ba5c84700  0 -- 192.168.140.230:6800/1215166817 >> 192.168.140.188:6800/536567913 conn(0x7f9bb4eaa000 :6800 s=STATE_ACCEPTING_WAIT_CONNECT_MSG pgs=0 cs=0 l=0).fault with nothing to send and in the half  accept state just closed
