2016-12-23 22:34:54  /entrypoint.sh: static: does not generate config
HEALTH_WARN too few PGs per OSD (8 < min 30)
2016-12-23 22:34:55  /entrypoint.sh: static: does not generate admin key
pool 'cephfs_data' created
pool 'cephfs_metadata' created
new fs with metadata pool 2 and data pool 1
2016-12-23 22:34:59  /entrypoint.sh: SUCCESS
2016-12-23 22:34:59.190637 7f3af12a9300  0 set uid:gid to 64045:64045 (ceph:ceph)
2016-12-23 22:34:59.190678 7f3af12a9300  0 ceph version 9.0.0-18991-gec12610 (ec12610bb1358fb2eab74cb7b0483c2613bae38f), process ceph-mds, pid 198
starting mds.issdm-12 at -
2016-12-23 22:34:59.192816 7f3af12a9300  0 pidfile_write: ignore empty --pid-file
2016-12-23 22:35:03.465701 7f3ae9cb3700  0 mds.0.cache creating system inode with ino:1
2016-12-23 22:35:03.466008 7f3ae9cb3700  0 mds.0.cache creating system inode with ino:100
2016-12-23 22:35:03.466029 7f3ae9cb3700  0 mds.0.cache creating system inode with ino:600
2016-12-23 22:35:03.466216 7f3ae9cb3700  0 mds.0.cache creating system inode with ino:601
2016-12-23 22:35:03.466312 7f3ae9cb3700  0 mds.0.cache creating system inode with ino:602
2016-12-23 22:35:03.466589 7f3ae9cb3700  0 mds.0.cache creating system inode with ino:603
2016-12-23 22:35:03.466707 7f3ae9cb3700  0 mds.0.cache creating system inode with ino:604
2016-12-23 22:35:03.466837 7f3ae9cb3700  0 mds.0.cache creating system inode with ino:605
2016-12-23 22:35:03.466933 7f3ae9cb3700  0 mds.0.cache creating system inode with ino:606
2016-12-23 22:35:03.467033 7f3ae9cb3700  0 mds.0.cache creating system inode with ino:607
2016-12-23 22:35:03.467128 7f3ae9cb3700  0 mds.0.cache creating system inode with ino:608
2016-12-23 22:35:03.467255 7f3ae9cb3700  0 mds.0.cache creating system inode with ino:609
