2016-12-26 12:55:43  /entrypoint.sh: static: does not generate config
HEALTH_WARN too few PGs per OSD (10 < min 30)
2016-12-26 12:55:44  /entrypoint.sh: static: does not generate admin key
2016-12-26 12:55:44  /entrypoint.sh: SUCCESS
2016-12-26 12:55:44.850475 7f47b5bcb300  0 set uid:gid to 64045:64045 (ceph:ceph)
2016-12-26 12:55:44.850513 7f47b5bcb300  0 ceph version 9.0.0-18991-gec12610 (ec12610bb1358fb2eab74cb7b0483c2613bae38f), process ceph-mds, pid 88
starting mds.issdm-15 at -
2016-12-26 12:55:44.852451 7f47b5bcb300  0 pidfile_write: ignore empty --pid-file
2016-12-26 12:57:34.387828 7f47ae5d5700  0 mds.2.cache creating system inode with ino:102
2016-12-26 12:57:34.387959 7f47ae5d5700  0 mds.2.cache creating system inode with ino:614
2016-12-26 12:57:34.388186 7f47ae5d5700  0 mds.2.cache creating system inode with ino:615
2016-12-26 12:57:34.388461 7f47ae5d5700  0 mds.2.cache creating system inode with ino:616
2016-12-26 12:57:34.388596 7f47ae5d5700  0 mds.2.cache creating system inode with ino:617
2016-12-26 12:57:34.388690 7f47ae5d5700  0 mds.2.cache creating system inode with ino:618
2016-12-26 12:57:34.388817 7f47ae5d5700  0 mds.2.cache creating system inode with ino:619
2016-12-26 12:57:34.388924 7f47ae5d5700  0 mds.2.cache creating system inode with ino:61a
2016-12-26 12:57:34.389015 7f47ae5d5700  0 mds.2.cache creating system inode with ino:61b
2016-12-26 12:57:34.389106 7f47ae5d5700  0 mds.2.cache creating system inode with ino:61c
2016-12-26 12:57:34.389219 7f47ae5d5700  0 mds.2.cache creating system inode with ino:61d
2016-12-26 12:57:38.644557 7f47b0d55700  0 -- 192.168.140.248:6800/624814972 >> 192.168.140.188:6800/2639750186 conn(0x7f47bf25a000 :6800 s=STATE_ACCEPTING_WAIT_CONNECT_MSG_AUTH pgs=0 cs=0 l=0).handle_connect_msg accept connect_seq 0 vs existing csq=0 existing_state=STATE_CONNECTING
