2016-12-14 21:45:57  /entrypoint.sh: static: does not generate config
HEALTH_WARN too few PGs per OSD (10 < min 30)
2016-12-14 21:45:58  /entrypoint.sh: static: does not generate admin key
2016-12-14 21:45:58  /entrypoint.sh: SUCCESS
2016-12-14 21:45:58.876167 7f0523975300  0 set uid:gid to 64045:64045 (ceph:ceph)
2016-12-14 21:45:58.876208 7f0523975300  0 ceph version 11.0.2-1332-gf628bac (f628bac31aa0b5b2696b8defc4aa18d4bc2ef757), process ceph-mds, pid 87
starting mds.issdm-15 at -
2016-12-14 21:45:58.878096 7f0523975300  0 pidfile_write: ignore empty --pid-file
2016-12-14 21:47:28.622964 7f051c37f700  0 mds.2.cache creating system inode with ino:102
2016-12-14 21:47:28.623097 7f051c37f700  0 mds.2.cache creating system inode with ino:614
2016-12-14 21:47:28.623335 7f051c37f700  0 mds.2.cache creating system inode with ino:615
2016-12-14 21:47:28.623433 7f051c37f700  0 mds.2.cache creating system inode with ino:616
2016-12-14 21:47:28.623528 7f051c37f700  0 mds.2.cache creating system inode with ino:617
2016-12-14 21:47:28.623806 7f051c37f700  0 mds.2.cache creating system inode with ino:618
2016-12-14 21:47:28.623936 7f051c37f700  0 mds.2.cache creating system inode with ino:619
2016-12-14 21:47:28.624045 7f051c37f700  0 mds.2.cache creating system inode with ino:61a
2016-12-14 21:47:28.624137 7f051c37f700  0 mds.2.cache creating system inode with ino:61b
2016-12-14 21:47:28.624232 7f051c37f700  0 mds.2.cache creating system inode with ino:61c
2016-12-14 21:47:28.624342 7f051c37f700  0 mds.2.cache creating system inode with ino:61d
2016-12-14 21:47:32.879794 7f051f300700  0 -- 192.168.140.248:6800/1536140267 >> 192.168.140.188:6800/2372327654 conn(0x7f052e3fe000 :6800 s=STATE_ACCEPTING_WAIT_CONNECT_MSG_AUTH pgs=0 cs=0 l=0).handle_connect_msg accept connect_seq 0 vs existing csq=0 existing_state=STATE_CONNECTING_WAIT_CONNECT_REPLY
