2016-12-14 21:46:36  /entrypoint.sh: static: does not generate config
HEALTH_WARN too few PGs per OSD (10 < min 30)
2016-12-14 21:46:37  /entrypoint.sh: static: does not generate admin key
2016-12-14 21:46:37  /entrypoint.sh: SUCCESS
2016-12-14 21:46:37.416194 7f1061b56300  0 set uid:gid to 64045:64045 (ceph:ceph)
2016-12-14 21:46:37.416240 7f1061b56300  0 ceph version 11.0.2-1332-gf628bac (f628bac31aa0b5b2696b8defc4aa18d4bc2ef757), process ceph-mds, pid 88
starting mds.issdm-18 at -
2016-12-14 21:46:37.418387 7f1061b56300  0 pidfile_write: ignore empty --pid-file
2016-12-14 21:47:28.623401 7f105a560700  0 mds.1.cache creating system inode with ino:101
2016-12-14 21:47:28.623537 7f105a560700  0 mds.1.cache creating system inode with ino:60a
2016-12-14 21:47:28.623780 7f105a560700  0 mds.1.cache creating system inode with ino:60b
2016-12-14 21:47:28.623892 7f105a560700  0 mds.1.cache creating system inode with ino:60c
2016-12-14 21:47:28.624003 7f105a560700  0 mds.1.cache creating system inode with ino:60d
2016-12-14 21:47:28.624396 7f105a560700  0 mds.1.cache creating system inode with ino:60e
2016-12-14 21:47:28.624537 7f105a560700  0 mds.1.cache creating system inode with ino:60f
2016-12-14 21:47:28.624655 7f105a560700  0 mds.1.cache creating system inode with ino:610
2016-12-14 21:47:28.624751 7f105a560700  0 mds.1.cache creating system inode with ino:611
2016-12-14 21:47:28.624865 7f105a560700  0 mds.1.cache creating system inode with ino:612
2016-12-14 21:47:28.624977 7f105a560700  0 mds.1.cache creating system inode with ino:613
2016-12-14 21:47:29.670160 7f105c4df700  0 -- 192.168.140.230:6800/2246747787 >> 192.168.140.188:6800/2372327654 conn(0x7f106bf14000 :6800 s=STATE_ACCEPTING_WAIT_CONNECT_MSG_AUTH pgs=0 cs=0 l=0).handle_connect_msg accept connect_seq 0 vs existing csq=0 existing_state=STATE_CONNECTING
2016-12-14 21:47:29.670722 7f105c4df700  0 -- 192.168.140.230:6800/2246747787 >> 192.168.140.188:6800/2372327654 conn(0x7f106bf14000 :6800 s=STATE_ACCEPTING_WAIT_CONNECT_MSG pgs=0 cs=0 l=0).fault with nothing to send and in the half  accept state just closed
