2016-12-02 13:47:34  /entrypoint.sh: static: does not generate config
HEALTH_WARN too few PGs per OSD (8 < min 30)
2016-12-02 13:47:35  /entrypoint.sh: static: does not generate admin key
2016-12-02 13:47:36  /entrypoint.sh: SUCCESS
2016-12-02 13:47:36.153549 7f9cfd5d7300  0 set uid:gid to 64045:64045 (ceph:ceph)
2016-12-02 13:47:36.153595 7f9cfd5d7300  0 ceph version 11.0.2-1332-gf628bac (f628bac31aa0b5b2696b8defc4aa18d4bc2ef757), process ceph-mds, pid 85
starting mds.issdm-15 at -
2016-12-02 13:47:36.155632 7f9cfd5d7300  0 pidfile_write: ignore empty --pid-file
2016-12-02 13:48:54.686105 7f9cf5fe1700  0 mds.2.cache creating system inode with ino:102
2016-12-02 13:48:54.686281 7f9cf5fe1700  0 mds.2.cache creating system inode with ino:614
2016-12-02 13:48:54.686792 7f9cf5fe1700  0 mds.2.cache creating system inode with ino:615
2016-12-02 13:48:54.687005 7f9cf5fe1700  0 mds.2.cache creating system inode with ino:616
2016-12-02 13:48:54.687127 7f9cf5fe1700  0 mds.2.cache creating system inode with ino:617
2016-12-02 13:48:54.687645 7f9cf5fe1700  0 mds.2.cache creating system inode with ino:618
2016-12-02 13:48:54.688109 7f9cf5fe1700  0 mds.2.cache creating system inode with ino:619
2016-12-02 13:48:54.688387 7f9cf5fe1700  0 mds.2.cache creating system inode with ino:61a
2016-12-02 13:48:54.688634 7f9cf5fe1700  0 mds.2.cache creating system inode with ino:61b
2016-12-02 13:48:54.688972 7f9cf5fe1700  0 mds.2.cache creating system inode with ino:61c
2016-12-02 13:48:54.689142 7f9cf5fe1700  0 mds.2.cache creating system inode with ino:61d
2016-12-02 13:48:55.857663 7f9cf8f62700  0 -- 192.168.140.248:6800/256720075 >> 192.168.140.188:6800/3075976438 conn(0x7f9d07098000 :6800 s=STATE_ACCEPTING_WAIT_CONNECT_MSG_AUTH pgs=0 cs=0 l=0).handle_connect_msg accept connect_seq 0 vs existing csq=0 existing_state=STATE_CONNECTING
2016-12-02 13:48:55.857941 7f9cf8f62700  0 -- 192.168.140.248:6800/256720075 >> 192.168.140.188:6800/3075976438 conn(0x7f9d07098000 :6800 s=STATE_ACCEPTING_WAIT_CONNECT_MSG pgs=0 cs=0 l=0).fault with nothing to send and in the half  accept state just closed
