2016-12-02 13:48:15  /entrypoint.sh: static: does not generate config
HEALTH_WARN too few PGs per OSD (8 < min 30)
2016-12-02 13:48:15  /entrypoint.sh: static: does not generate admin key
2016-12-02 13:48:16  /entrypoint.sh: SUCCESS
2016-12-02 13:48:16.226254 7f9ceba00300  0 set uid:gid to 64045:64045 (ceph:ceph)
2016-12-02 13:48:16.226300 7f9ceba00300  0 ceph version 11.0.2-1332-gf628bac (f628bac31aa0b5b2696b8defc4aa18d4bc2ef757), process ceph-mds, pid 85
starting mds.issdm-18 at -
2016-12-02 13:48:16.228604 7f9ceba00300  0 pidfile_write: ignore empty --pid-file
2016-12-02 13:48:54.685036 7f9ce440a700  0 mds.1.cache creating system inode with ino:101
2016-12-02 13:48:54.685207 7f9ce440a700  0 mds.1.cache creating system inode with ino:60a
2016-12-02 13:48:54.685502 7f9ce440a700  0 mds.1.cache creating system inode with ino:60b
2016-12-02 13:48:54.685604 7f9ce440a700  0 mds.1.cache creating system inode with ino:60c
2016-12-02 13:48:54.685699 7f9ce440a700  0 mds.1.cache creating system inode with ino:60d
2016-12-02 13:48:54.685983 7f9ce440a700  0 mds.1.cache creating system inode with ino:60e
2016-12-02 13:48:54.686097 7f9ce440a700  0 mds.1.cache creating system inode with ino:60f
2016-12-02 13:48:54.686235 7f9ce440a700  0 mds.1.cache creating system inode with ino:610
2016-12-02 13:48:54.686327 7f9ce440a700  0 mds.1.cache creating system inode with ino:611
2016-12-02 13:48:54.686420 7f9ce440a700  0 mds.1.cache creating system inode with ino:612
2016-12-02 13:48:54.686548 7f9ce440a700  0 mds.1.cache creating system inode with ino:613
2016-12-02 13:48:58.822850 7f9ce738b700  0 -- 192.168.140.230:6800/18945403 >> 192.168.140.188:6800/3075976438 conn(0x7f9cf59f0000 :6800 s=STATE_ACCEPTING_WAIT_CONNECT_MSG_AUTH pgs=0 cs=0 l=0).handle_connect_msg accept connect_seq 0 vs existing csq=0 existing_state=STATE_CONNECTING_WAIT_CONNECT_REPLY
2016-12-02 13:48:58.823097 7f9ce738b700  0 -- 192.168.140.230:6800/18945403 >> 192.168.140.188:6800/3075976438 conn(0x7f9cf59f0000 :6800 s=STATE_ACCEPTING_WAIT_CONNECT_MSG pgs=0 cs=0 l=0).fault with nothing to send and in the half  accept state just closed
