2016-12-02 13:46:56  /entrypoint.sh: static: does not generate config
HEALTH_WARN too few PGs per OSD (7 < min 30)
2016-12-02 13:46:57  /entrypoint.sh: static: does not generate admin key
pool 'cephfs_data' created
pool 'cephfs_metadata' created
new fs with metadata pool 2 and data pool 1
2016-12-02 13:47:01  /entrypoint.sh: SUCCESS
2016-12-02 13:47:01.146068 7f2f72755300  0 set uid:gid to 64045:64045 (ceph:ceph)
2016-12-02 13:47:01.146111 7f2f72755300  0 ceph version 11.0.2-1332-gf628bac (f628bac31aa0b5b2696b8defc4aa18d4bc2ef757), process ceph-mds, pid 189
starting mds.issdm-12 at -
2016-12-02 13:47:01.148157 7f2f72755300  0 pidfile_write: ignore empty --pid-file
2016-12-02 13:47:05.773146 7f2f6b15f700  0 mds.0.cache creating system inode with ino:1
2016-12-02 13:47:05.773443 7f2f6b15f700  0 mds.0.cache creating system inode with ino:100
2016-12-02 13:47:05.773464 7f2f6b15f700  0 mds.0.cache creating system inode with ino:600
2016-12-02 13:47:05.773652 7f2f6b15f700  0 mds.0.cache creating system inode with ino:601
2016-12-02 13:47:05.773749 7f2f6b15f700  0 mds.0.cache creating system inode with ino:602
2016-12-02 13:47:05.773839 7f2f6b15f700  0 mds.0.cache creating system inode with ino:603
2016-12-02 13:47:05.774154 7f2f6b15f700  0 mds.0.cache creating system inode with ino:604
2016-12-02 13:47:05.774282 7f2f6b15f700  0 mds.0.cache creating system inode with ino:605
2016-12-02 13:47:05.774403 7f2f6b15f700  0 mds.0.cache creating system inode with ino:606
2016-12-02 13:47:05.774500 7f2f6b15f700  0 mds.0.cache creating system inode with ino:607
2016-12-02 13:47:05.774593 7f2f6b15f700  0 mds.0.cache creating system inode with ino:608
2016-12-02 13:47:05.774716 7f2f6b15f700  0 mds.0.cache creating system inode with ino:609
2016-12-02 13:48:55.855800 7f2f6d0de700  0 -- 192.168.140.188:6800/3075976438 >> 192.168.140.248:6800/256720075 conn(0x7f2f7cc97800 :6800 s=STATE_ACCEPTING_WAIT_CONNECT_MSG_AUTH pgs=0 cs=0 l=0).handle_connect_msg accept connect_seq 0 vs existing csq=0 existing_state=STATE_CONNECTING
2016-12-02 13:48:58.822738 7f2f6d8df700  0 -- 192.168.140.188:6800/3075976438 >> 192.168.140.230:6800/18945403 conn(0x7f2f7cc96000 :6800 s=STATE_ACCEPTING_WAIT_CONNECT_MSG_AUTH pgs=0 cs=0 l=0).handle_connect_msg accept connect_seq 0 vs existing csq=0 existing_state=STATE_CONNECTING_WAIT_CONNECT_REPLY
