2016-12-23 21:09:34  /entrypoint.sh: static: does not generate config
HEALTH_WARN too few PGs per OSD (8 < min 30)
2016-12-23 21:09:35  /entrypoint.sh: static: does not generate admin key
pool 'cephfs_data' created
pool 'cephfs_metadata' created
new fs with metadata pool 2 and data pool 1
2016-12-23 21:09:39  /entrypoint.sh: SUCCESS
2016-12-23 21:09:39.277977 7f9a92653300  0 set uid:gid to 64045:64045 (ceph:ceph)
2016-12-23 21:09:39.278018 7f9a92653300  0 ceph version 9.0.0-18991-gec12610 (ec12610bb1358fb2eab74cb7b0483c2613bae38f), process ceph-mds, pid 198
starting mds.issdm-12 at -
2016-12-23 21:09:39.280148 7f9a92653300  0 pidfile_write: ignore empty --pid-file
2016-12-23 21:09:43.570845 7f9a8b05d700  0 mds.0.cache creating system inode with ino:1
2016-12-23 21:09:43.571159 7f9a8b05d700  0 mds.0.cache creating system inode with ino:100
2016-12-23 21:09:43.571190 7f9a8b05d700  0 mds.0.cache creating system inode with ino:600
2016-12-23 21:09:43.571392 7f9a8b05d700  0 mds.0.cache creating system inode with ino:601
2016-12-23 21:09:43.571705 7f9a8b05d700  0 mds.0.cache creating system inode with ino:602
2016-12-23 21:09:43.572101 7f9a8b05d700  0 mds.0.cache creating system inode with ino:603
2016-12-23 21:09:43.572229 7f9a8b05d700  0 mds.0.cache creating system inode with ino:604
2016-12-23 21:09:43.572361 7f9a8b05d700  0 mds.0.cache creating system inode with ino:605
2016-12-23 21:09:43.572458 7f9a8b05d700  0 mds.0.cache creating system inode with ino:606
2016-12-23 21:09:43.572555 7f9a8b05d700  0 mds.0.cache creating system inode with ino:607
2016-12-23 21:09:43.572660 7f9a8b05d700  0 mds.0.cache creating system inode with ino:608
2016-12-23 21:09:43.572795 7f9a8b05d700  0 mds.0.cache creating system inode with ino:609
2016-12-23 21:11:50.801747 7f9a8cfdc700  0 -- 192.168.140.188:6800/932848054 >> 192.168.140.230:6800/3078489890 conn(0x7f9a9d0a9800 :6800 s=STATE_ACCEPTING_WAIT_CONNECT_MSG_AUTH pgs=0 cs=0 l=0).handle_connect_msg accept connect_seq 0 vs existing csq=0 existing_state=STATE_CONNECTING_WAIT_BANNER_AND_IDENTIFY
2016-12-23 21:11:54.102943 7f9a8cfdc700  0 -- 192.168.140.188:6800/932848054 >> 192.168.140.248:6800/2690806429 conn(0x7f9a9d0a8000 :6800 s=STATE_ACCEPTING_WAIT_CONNECT_MSG_AUTH pgs=0 cs=0 l=0).handle_connect_msg accept connect_seq 0 vs existing csq=0 existing_state=STATE_CONNECTING_WAIT_CONNECT_REPLY
