2016-12-23 21:10:50  /entrypoint.sh: static: does not generate config
HEALTH_WARN too few PGs per OSD (10 < min 30)
2016-12-23 21:10:51  /entrypoint.sh: static: does not generate admin key
2016-12-23 21:10:51  /entrypoint.sh: SUCCESS
2016-12-23 21:10:51.852240 7fbe2f19f300  0 set uid:gid to 64045:64045 (ceph:ceph)
2016-12-23 21:10:51.852283 7fbe2f19f300  0 ceph version 9.0.0-18991-gec12610 (ec12610bb1358fb2eab74cb7b0483c2613bae38f), process ceph-mds, pid 87
starting mds.issdm-18 at -
2016-12-23 21:10:51.854443 7fbe2f19f300  0 pidfile_write: ignore empty --pid-file
2016-12-23 21:11:49.737479 7fbe27ba9700  0 mds.1.cache creating system inode with ino:101
2016-12-23 21:11:49.737618 7fbe27ba9700  0 mds.1.cache creating system inode with ino:60a
2016-12-23 21:11:49.737871 7fbe27ba9700  0 mds.1.cache creating system inode with ino:60b
2016-12-23 21:11:49.737965 7fbe27ba9700  0 mds.1.cache creating system inode with ino:60c
2016-12-23 21:11:49.738076 7fbe27ba9700  0 mds.1.cache creating system inode with ino:60d
2016-12-23 21:11:49.738339 7fbe27ba9700  0 mds.1.cache creating system inode with ino:60e
2016-12-23 21:11:49.738450 7fbe27ba9700  0 mds.1.cache creating system inode with ino:60f
2016-12-23 21:11:49.738558 7fbe27ba9700  0 mds.1.cache creating system inode with ino:610
2016-12-23 21:11:49.738651 7fbe27ba9700  0 mds.1.cache creating system inode with ino:611
2016-12-23 21:11:49.738757 7fbe27ba9700  0 mds.1.cache creating system inode with ino:612
2016-12-23 21:11:49.738870 7fbe27ba9700  0 mds.1.cache creating system inode with ino:613
2016-12-23 21:11:50.800858 7fbe2a329700  0 -- 192.168.140.230:6800/3078489890 >> - conn(0x7fbe399ba000 :6800 s=STATE_ACCEPTING_WAIT_BANNER_ADDR pgs=0 cs=0 l=0).fault with nothing to send and in the half  accept state just closed
