2016-12-23 23:33:02  /entrypoint.sh: static: does not generate config
HEALTH_WARN too few PGs per OSD (10 < min 30)
2016-12-23 23:33:03  /entrypoint.sh: static: does not generate admin key
2016-12-23 23:33:03  /entrypoint.sh: SUCCESS
2016-12-23 23:33:03.706180 7f0e02137300  0 set uid:gid to 64045:64045 (ceph:ceph)
2016-12-23 23:33:03.706227 7f0e02137300  0 ceph version 9.0.0-18991-gec12610 (ec12610bb1358fb2eab74cb7b0483c2613bae38f), process ceph-mds, pid 88
starting mds.issdm-15 at -
2016-12-23 23:33:03.708406 7f0e02137300  0 pidfile_write: ignore empty --pid-file
2016-12-23 23:34:38.344867 7f0dfab41700  0 mds.2.cache creating system inode with ino:102
2016-12-23 23:34:38.345006 7f0dfab41700  0 mds.2.cache creating system inode with ino:614
2016-12-23 23:34:38.345448 7f0dfab41700  0 mds.2.cache creating system inode with ino:615
2016-12-23 23:34:38.345805 7f0dfab41700  0 mds.2.cache creating system inode with ino:616
2016-12-23 23:34:38.345949 7f0dfab41700  0 mds.2.cache creating system inode with ino:617
2016-12-23 23:34:38.346055 7f0dfab41700  0 mds.2.cache creating system inode with ino:618
2016-12-23 23:34:38.346212 7f0dfab41700  0 mds.2.cache creating system inode with ino:619
2016-12-23 23:34:38.346337 7f0dfab41700  0 mds.2.cache creating system inode with ino:61a
2016-12-23 23:34:38.346453 7f0dfab41700  0 mds.2.cache creating system inode with ino:61b
2016-12-23 23:34:38.346560 7f0dfab41700  0 mds.2.cache creating system inode with ino:61c
2016-12-23 23:34:38.346693 7f0dfab41700  0 mds.2.cache creating system inode with ino:61d
2016-12-23 23:34:39.424325 7f0dfd2c1700  0 -- 192.168.140.248:6800/1399606536 >> 192.168.140.188:6800/3581398790 conn(0x7f0e0c0ae000 :6800 s=STATE_ACCEPTING_WAIT_CONNECT_MSG_AUTH pgs=0 cs=0 l=0).handle_connect_msg accept connect_seq 0 vs existing csq=0 existing_state=STATE_CONNECTING_WAIT_CONNECT_REPLY
2016-12-23 23:49:40.204546 7f0dfdac2700  0 -- 192.168.140.248:6800/1399606536 >> 192.168.140.230:6800/3316303591 conn(0x7f0e0c0b8800 :-1 s=STATE_OPEN pgs=10 cs=1 l=0).fault with nothing to send, going to standby
