2017-03-31 01:25:09  /entrypoint.sh: static: does not generate config
HEALTH_WARN too few PGs per OSD (8 < min 30)
2017-03-31 01:25:10  /entrypoint.sh: static: does not generate admin key
pool 'cephfs_data' created
pool 'cephfs_metadata' created
new fs with metadata pool 2 and data pool 1
2017-03-31 01:25:14  /entrypoint.sh: SUCCESS
2017-03-31 01:25:14.948774 7f37d802c300  0 set uid:gid to 64045:64045 (ceph:ceph)
2017-03-31 01:25:14.948815 7f37d802c300  0 ceph version 9.0.0-18996-gc8198b3 (c8198b367959e5e7ccb362987ae541a526ccaf59), process ceph-mds, pid 197
starting mds.issdm-12 at -
2017-03-31 01:25:14.950842 7f37d802c300  0 pidfile_write: ignore empty --pid-file
2017-03-31 01:25:19.851795 7f37d0a2f700  0 mds.0.cache creating system inode with ino:1
2017-03-31 01:25:19.852087 7f37d0a2f700  0 mds.0.cache creating system inode with ino:100
2017-03-31 01:25:19.852108 7f37d0a2f700  0 mds.0.cache creating system inode with ino:600
2017-03-31 01:25:19.852291 7f37d0a2f700  0 mds.0.cache creating system inode with ino:601
2017-03-31 01:25:19.852388 7f37d0a2f700  0 mds.0.cache creating system inode with ino:602
2017-03-31 01:25:19.852660 7f37d0a2f700  0 mds.0.cache creating system inode with ino:603
2017-03-31 01:25:19.852773 7f37d0a2f700  0 mds.0.cache creating system inode with ino:604
2017-03-31 01:25:19.852900 7f37d0a2f700  0 mds.0.cache creating system inode with ino:605
2017-03-31 01:25:19.852994 7f37d0a2f700  0 mds.0.cache creating system inode with ino:606
2017-03-31 01:25:19.853087 7f37d0a2f700  0 mds.0.cache creating system inode with ino:607
2017-03-31 01:25:19.853178 7f37d0a2f700  0 mds.0.cache creating system inode with ino:608
2017-03-31 01:25:19.853303 7f37d0a2f700  0 mds.0.cache creating system inode with ino:609
