2017-04-02 02:24:26  /entrypoint.sh: static: does not generate config
HEALTH_WARN too few PGs per OSD (10 < min 30)
2017-04-02 02:24:27  /entrypoint.sh: static: does not generate admin key
2017-04-02 02:24:27  /entrypoint.sh: SUCCESS
2017-04-02 02:24:27.535626 7fbde07d3300  0 set uid:gid to 64045:64045 (ceph:ceph)
2017-04-02 02:24:27.535674 7fbde07d3300  0 ceph version 9.0.0-18993-g11a2122 (11a2122891eabb0d29c573ba1bc816c13c1a9064), process ceph-mds, pid 87
starting mds.issdm-15 at -
2017-04-02 02:24:27.538218 7fbde07d3300  0 pidfile_write: ignore empty --pid-file
2017-04-02 02:25:47.620951 7fbdd91db700  0 mds.2.cache creating system inode with ino:102
2017-04-02 02:25:47.621148 7fbdd91db700  0 mds.2.cache creating system inode with ino:614
2017-04-02 02:25:47.621471 7fbdd91db700  0 mds.2.cache creating system inode with ino:615
2017-04-02 02:25:47.621598 7fbdd91db700  0 mds.2.cache creating system inode with ino:616
2017-04-02 02:25:47.621913 7fbdd91db700  0 mds.2.cache creating system inode with ino:617
2017-04-02 02:25:47.622151 7fbdd91db700  0 mds.2.cache creating system inode with ino:618
2017-04-02 02:25:47.622435 7fbdd91db700  0 mds.2.cache creating system inode with ino:619
2017-04-02 02:25:47.622677 7fbdd91db700  0 mds.2.cache creating system inode with ino:61a
2017-04-02 02:25:47.622911 7fbdd91db700  0 mds.2.cache creating system inode with ino:61b
2017-04-02 02:25:47.623232 7fbdd91db700  0 mds.2.cache creating system inode with ino:61c
2017-04-02 02:25:47.623637 7fbdd91db700  0 mds.2.cache creating system inode with ino:61d
2017-04-02 02:25:52.352606 7fbddb95b700  0 -- 192.168.140.248:6800/1375851342 >> 192.168.140.188:6800/3708267954 conn(0x7fbde9bd6000 :6800 s=STATE_ACCEPTING_WAIT_CONNECT_MSG_AUTH pgs=0 cs=0 l=0).handle_connect_msg accept connect_seq 0 vs existing csq=0 existing_state=STATE_CONNECTING_WAIT_CONNECT_REPLY
2017-04-02 02:25:52.352901 7fbddb95b700  0 -- 192.168.140.248:6800/1375851342 >> 192.168.140.188:6800/3708267954 conn(0x7fbde9bd6000 :6800 s=STATE_ACCEPTING_WAIT_CONNECT_MSG pgs=0 cs=0 l=0).fault with nothing to send and in the half  accept state just closed
