2016-12-23 20:16:26  /entrypoint.sh: static: does not generate config
HEALTH_WARN too few PGs per OSD (10 < min 30)
2016-12-23 20:16:27  /entrypoint.sh: static: does not generate admin key
2016-12-23 20:16:27  /entrypoint.sh: SUCCESS
2016-12-23 20:16:27.964956 7f218ddc5300  0 set uid:gid to 64045:64045 (ceph:ceph)
2016-12-23 20:16:27.964996 7f218ddc5300  0 ceph version 9.0.0-18991-gec12610 (ec12610bb1358fb2eab74cb7b0483c2613bae38f), process ceph-mds, pid 88
starting mds.issdm-18 at -
2016-12-23 20:16:27.967243 7f218ddc5300  0 pidfile_write: ignore empty --pid-file
2016-12-23 20:17:18.854239 7f21867cf700  0 mds.1.cache creating system inode with ino:101
2016-12-23 20:17:18.854373 7f21867cf700  0 mds.1.cache creating system inode with ino:60a
2016-12-23 20:17:18.854616 7f21867cf700  0 mds.1.cache creating system inode with ino:60b
2016-12-23 20:17:18.854711 7f21867cf700  0 mds.1.cache creating system inode with ino:60c
2016-12-23 20:17:18.854824 7f21867cf700  0 mds.1.cache creating system inode with ino:60d
2016-12-23 20:17:18.855118 7f21867cf700  0 mds.1.cache creating system inode with ino:60e
2016-12-23 20:17:18.855232 7f21867cf700  0 mds.1.cache creating system inode with ino:60f
2016-12-23 20:17:18.855342 7f21867cf700  0 mds.1.cache creating system inode with ino:610
2016-12-23 20:17:18.855435 7f21867cf700  0 mds.1.cache creating system inode with ino:611
2016-12-23 20:17:18.855542 7f21867cf700  0 mds.1.cache creating system inode with ino:612
2016-12-23 20:17:18.855652 7f21867cf700  0 mds.1.cache creating system inode with ino:613
2016-12-23 20:17:22.993359 7f218874e700  0 -- 192.168.140.230:6800/591342021 >> 192.168.140.188:6800/1979830087 conn(0x7f2196e44000 :6800 s=STATE_ACCEPTING_WAIT_CONNECT_MSG_AUTH pgs=0 cs=0 l=0).handle_connect_msg accept connect_seq 0 vs existing csq=0 existing_state=STATE_CONNECTING_WAIT_CONNECT_REPLY
