2016-12-23 20:15:47  /entrypoint.sh: static: does not generate config
HEALTH_WARN too few PGs per OSD (10 < min 30)
2016-12-23 20:15:48  /entrypoint.sh: static: does not generate admin key
2016-12-23 20:15:48  /entrypoint.sh: SUCCESS
2016-12-23 20:15:48.569319 7f22481d3300  0 set uid:gid to 64045:64045 (ceph:ceph)
2016-12-23 20:15:48.569359 7f22481d3300  0 ceph version 9.0.0-18991-gec12610 (ec12610bb1358fb2eab74cb7b0483c2613bae38f), process ceph-mds, pid 88
starting mds.issdm-15 at -
2016-12-23 20:15:48.571414 7f22481d3300  0 pidfile_write: ignore empty --pid-file
2016-12-23 20:17:18.855069 7f2240bdd700  0 mds.2.cache creating system inode with ino:102
2016-12-23 20:17:18.855209 7f2240bdd700  0 mds.2.cache creating system inode with ino:614
2016-12-23 20:17:18.855449 7f2240bdd700  0 mds.2.cache creating system inode with ino:615
2016-12-23 20:17:18.855544 7f2240bdd700  0 mds.2.cache creating system inode with ino:616
2016-12-23 20:17:18.855827 7f2240bdd700  0 mds.2.cache creating system inode with ino:617
2016-12-23 20:17:18.855945 7f2240bdd700  0 mds.2.cache creating system inode with ino:618
2016-12-23 20:17:18.856079 7f2240bdd700  0 mds.2.cache creating system inode with ino:619
2016-12-23 20:17:18.856190 7f2240bdd700  0 mds.2.cache creating system inode with ino:61a
2016-12-23 20:17:18.856283 7f2240bdd700  0 mds.2.cache creating system inode with ino:61b
2016-12-23 20:17:18.856376 7f2240bdd700  0 mds.2.cache creating system inode with ino:61c
2016-12-23 20:17:18.856536 7f2240bdd700  0 mds.2.cache creating system inode with ino:61d
2016-12-23 20:17:19.968617 7f224335d700  0 -- 192.168.140.248:6800/1053686269 >> 192.168.140.188:6800/1979830087 conn(0x7f2252aac000 :6800 s=STATE_ACCEPTING_WAIT_CONNECT_MSG_AUTH pgs=0 cs=0 l=0).handle_connect_msg accept connect_seq 0 vs existing csq=0 existing_state=STATE_CONNECTING
