2016-12-26 20:18:28  /entrypoint.sh: static: does not generate config
HEALTH_WARN too few PGs per OSD (10 < min 30)
2016-12-26 20:18:29  /entrypoint.sh: static: does not generate admin key
2016-12-26 20:18:29  /entrypoint.sh: SUCCESS
2016-12-26 20:18:29.385403 7f78dce31300  0 set uid:gid to 64045:64045 (ceph:ceph)
2016-12-26 20:18:29.385444 7f78dce31300  0 ceph version 9.0.0-18991-gec12610 (ec12610bb1358fb2eab74cb7b0483c2613bae38f), process ceph-mds, pid 87
starting mds.issdm-15 at -
2016-12-26 20:18:29.387562 7f78dce31300  0 pidfile_write: ignore empty --pid-file
2016-12-26 20:20:18.923139 7f78d583b700  0 mds.2.cache creating system inode with ino:102
2016-12-26 20:20:18.923272 7f78d583b700  0 mds.2.cache creating system inode with ino:614
2016-12-26 20:20:18.923509 7f78d583b700  0 mds.2.cache creating system inode with ino:615
2016-12-26 20:20:18.923776 7f78d583b700  0 mds.2.cache creating system inode with ino:616
2016-12-26 20:20:18.923893 7f78d583b700  0 mds.2.cache creating system inode with ino:617
2016-12-26 20:20:18.923987 7f78d583b700  0 mds.2.cache creating system inode with ino:618
2016-12-26 20:20:18.924117 7f78d583b700  0 mds.2.cache creating system inode with ino:619
2016-12-26 20:20:18.924225 7f78d583b700  0 mds.2.cache creating system inode with ino:61a
2016-12-26 20:20:18.924317 7f78d583b700  0 mds.2.cache creating system inode with ino:61b
2016-12-26 20:20:18.924410 7f78d583b700  0 mds.2.cache creating system inode with ino:61c
2016-12-26 20:20:18.924573 7f78d583b700  0 mds.2.cache creating system inode with ino:61d
2016-12-26 20:20:23.261845 7f78d77ba700  0 -- 192.168.140.248:6800/3442981603 >> 192.168.140.188:6800/624042143 conn(0x7f78e725a000 :6800 s=STATE_ACCEPTING_WAIT_CONNECT_MSG_AUTH pgs=0 cs=0 l=0).handle_connect_msg accept connect_seq 0 vs existing csq=0 existing_state=STATE_CONNECTING_WAIT_CONNECT_REPLY
