2016-12-24 08:23:25  /entrypoint.sh: static: does not generate config
HEALTH_WARN too few PGs per OSD (8 < min 30)
2016-12-24 08:23:27  /entrypoint.sh: static: does not generate admin key
pool 'cephfs_data' created
pool 'cephfs_metadata' created
new fs with metadata pool 2 and data pool 1
2016-12-24 08:23:30  /entrypoint.sh: SUCCESS
2016-12-24 08:23:31.144718 7f438bc4f300  0 set uid:gid to 64045:64045 (ceph:ceph)
2016-12-24 08:23:31.144765 7f438bc4f300  0 ceph version 9.0.0-18991-gec12610 (ec12610bb1358fb2eab74cb7b0483c2613bae38f), process ceph-mds, pid 197
starting mds.issdm-12 at -
2016-12-24 08:23:31.175894 7f438bc4f300  0 pidfile_write: ignore empty --pid-file
2016-12-24 08:23:35.462445 7f4384659700  0 mds.0.cache creating system inode with ino:1
2016-12-24 08:23:35.544036 7f4384659700  0 mds.0.cache creating system inode with ino:100
2016-12-24 08:23:35.544066 7f4384659700  0 mds.0.cache creating system inode with ino:600
2016-12-24 08:23:35.544260 7f4384659700  0 mds.0.cache creating system inode with ino:601
2016-12-24 08:23:35.544360 7f4384659700  0 mds.0.cache creating system inode with ino:602
2016-12-24 08:23:35.558050 7f4384659700  0 mds.0.cache creating system inode with ino:603
2016-12-24 08:23:35.558189 7f4384659700  0 mds.0.cache creating system inode with ino:604
2016-12-24 08:23:35.558417 7f4384659700  0 mds.0.cache creating system inode with ino:605
2016-12-24 08:23:35.558577 7f4384659700  0 mds.0.cache creating system inode with ino:606
2016-12-24 08:23:35.558748 7f4384659700  0 mds.0.cache creating system inode with ino:607
2016-12-24 08:23:35.558993 7f4384659700  0 mds.0.cache creating system inode with ino:608
2016-12-24 08:23:35.559215 7f4384659700  0 mds.0.cache creating system inode with ino:609
2016-12-24 08:25:59.563363 7f43875da700  0 -- 192.168.140.188:6800/3644576681 >> 192.168.140.230:6800/3912563034 conn(0x7f4394a55800 :6800 s=STATE_ACCEPTING_WAIT_CONNECT_MSG_AUTH pgs=0 cs=0 l=0).handle_connect_msg accept connect_seq 0 vs existing csq=0 existing_state=STATE_CONNECTING_WAIT_CONNECT_REPLY
