2016-12-15 01:12:21  /entrypoint.sh: static: does not generate config
HEALTH_WARN too few PGs per OSD (10 < min 30)
2016-12-15 01:12:22  /entrypoint.sh: static: does not generate admin key
2016-12-15 01:12:23  /entrypoint.sh: SUCCESS
2016-12-15 01:12:23.218055 7f15f0e98300  0 set uid:gid to 64045:64045 (ceph:ceph)
2016-12-15 01:12:23.218097 7f15f0e98300  0 ceph version 11.0.2-1332-gf628bac (f628bac31aa0b5b2696b8defc4aa18d4bc2ef757), process ceph-mds, pid 88
starting mds.issdm-18 at -
2016-12-15 01:12:23.219943 7f15f0e98300  0 pidfile_write: ignore empty --pid-file
2016-12-15 01:13:13.554611 7f15e98a2700  0 mds.1.cache creating system inode with ino:101
2016-12-15 01:13:13.554755 7f15e98a2700  0 mds.1.cache creating system inode with ino:60a
2016-12-15 01:13:13.555034 7f15e98a2700  0 mds.1.cache creating system inode with ino:60b
2016-12-15 01:13:13.555134 7f15e98a2700  0 mds.1.cache creating system inode with ino:60c
2016-12-15 01:13:13.555250 7f15e98a2700  0 mds.1.cache creating system inode with ino:60d
2016-12-15 01:13:13.555515 7f15e98a2700  0 mds.1.cache creating system inode with ino:60e
2016-12-15 01:13:13.555645 7f15e98a2700  0 mds.1.cache creating system inode with ino:60f
2016-12-15 01:13:13.555758 7f15e98a2700  0 mds.1.cache creating system inode with ino:610
2016-12-15 01:13:13.555850 7f15e98a2700  0 mds.1.cache creating system inode with ino:611
2016-12-15 01:13:13.555955 7f15e98a2700  0 mds.1.cache creating system inode with ino:612
2016-12-15 01:13:13.556061 7f15e98a2700  0 mds.1.cache creating system inode with ino:613
2016-12-15 01:13:14.617644 7f15ec022700  0 -- 192.168.140.230:6800/2038961060 >> 192.168.140.188:6800/880416424 conn(0x7f15f9f6c000 :6800 s=STATE_ACCEPTING_WAIT_CONNECT_MSG_AUTH pgs=0 cs=0 l=0).handle_connect_msg accept connect_seq 0 vs existing csq=0 existing_state=STATE_CONNECTING_WAIT_CONNECT_REPLY
2016-12-15 01:13:14.618372 7f15ec022700  0 -- 192.168.140.230:6800/2038961060 >> 192.168.140.188:6800/880416424 conn(0x7f15f9f6c000 :6800 s=STATE_ACCEPTING_WAIT_CONNECT_MSG pgs=0 cs=0 l=0).fault with nothing to send and in the half  accept state just closed
