2016-12-15 01:11:42  /entrypoint.sh: static: does not generate config
HEALTH_WARN too few PGs per OSD (10 < min 30)
2016-12-15 01:11:43  /entrypoint.sh: static: does not generate admin key
2016-12-15 01:11:43  /entrypoint.sh: SUCCESS
2016-12-15 01:11:43.747474 7fe2378ad300  0 set uid:gid to 64045:64045 (ceph:ceph)
2016-12-15 01:11:43.747515 7fe2378ad300  0 ceph version 11.0.2-1332-gf628bac (f628bac31aa0b5b2696b8defc4aa18d4bc2ef757), process ceph-mds, pid 87
starting mds.issdm-15 at -
2016-12-15 01:11:43.749438 7fe2378ad300  0 pidfile_write: ignore empty --pid-file
2016-12-15 01:13:13.554886 7fe2302b7700  0 mds.2.cache creating system inode with ino:102
2016-12-15 01:13:13.555026 7fe2302b7700  0 mds.2.cache creating system inode with ino:614
2016-12-15 01:13:13.555272 7fe2302b7700  0 mds.2.cache creating system inode with ino:615
2016-12-15 01:13:13.555370 7fe2302b7700  0 mds.2.cache creating system inode with ino:616
2016-12-15 01:13:13.555647 7fe2302b7700  0 mds.2.cache creating system inode with ino:617
2016-12-15 01:13:13.555764 7fe2302b7700  0 mds.2.cache creating system inode with ino:618
2016-12-15 01:13:13.555894 7fe2302b7700  0 mds.2.cache creating system inode with ino:619
2016-12-15 01:13:13.556005 7fe2302b7700  0 mds.2.cache creating system inode with ino:61a
2016-12-15 01:13:13.556097 7fe2302b7700  0 mds.2.cache creating system inode with ino:61b
2016-12-15 01:13:13.556189 7fe2302b7700  0 mds.2.cache creating system inode with ino:61c
2016-12-15 01:13:13.556299 7fe2302b7700  0 mds.2.cache creating system inode with ino:61d
2016-12-15 01:13:17.918948 7fe232a37700  0 -- 192.168.140.248:6800/4264556574 >> 192.168.140.188:6800/880416424 conn(0x7fe24078c000 :6800 s=STATE_ACCEPTING_WAIT_CONNECT_MSG_AUTH pgs=0 cs=0 l=0).handle_connect_msg accept connect_seq 0 vs existing csq=0 existing_state=STATE_CONNECTING_WAIT_CONNECT_REPLY
2016-12-15 01:13:17.919211 7fe232a37700  0 -- 192.168.140.248:6800/4264556574 >> 192.168.140.188:6800/880416424 conn(0x7fe24078c000 :6800 s=STATE_ACCEPTING_WAIT_CONNECT_MSG pgs=0 cs=0 l=0).fault with nothing to send and in the half  accept state just closed
