2016-12-24 00:04:09  /entrypoint.sh: static: does not generate config
HEALTH_WARN too few PGs per OSD (8 < min 30)
2016-12-24 00:04:10  /entrypoint.sh: static: does not generate admin key
pool 'cephfs_data' created
pool 'cephfs_metadata' created
new fs with metadata pool 2 and data pool 1
2016-12-24 00:04:13  /entrypoint.sh: SUCCESS
2016-12-24 00:04:13.989773 7ff8597d4300  0 set uid:gid to 64045:64045 (ceph:ceph)
2016-12-24 00:04:13.989816 7ff8597d4300  0 ceph version 9.0.0-18991-gec12610 (ec12610bb1358fb2eab74cb7b0483c2613bae38f), process ceph-mds, pid 198
starting mds.issdm-12 at -
2016-12-24 00:04:13.991957 7ff8597d4300  0 pidfile_write: ignore empty --pid-file
2016-12-24 00:04:18.771743 7ff8521de700  0 mds.0.cache creating system inode with ino:1
2016-12-24 00:04:18.772063 7ff8521de700  0 mds.0.cache creating system inode with ino:100
2016-12-24 00:04:18.772085 7ff8521de700  0 mds.0.cache creating system inode with ino:600
2016-12-24 00:04:18.772293 7ff8521de700  0 mds.0.cache creating system inode with ino:601
2016-12-24 00:04:18.772495 7ff8521de700  0 mds.0.cache creating system inode with ino:602
2016-12-24 00:04:18.772935 7ff8521de700  0 mds.0.cache creating system inode with ino:603
2016-12-24 00:04:18.773085 7ff8521de700  0 mds.0.cache creating system inode with ino:604
2016-12-24 00:04:18.773232 7ff8521de700  0 mds.0.cache creating system inode with ino:605
2016-12-24 00:04:18.773331 7ff8521de700  0 mds.0.cache creating system inode with ino:606
2016-12-24 00:04:18.773427 7ff8521de700  0 mds.0.cache creating system inode with ino:607
2016-12-24 00:04:18.773526 7ff8521de700  0 mds.0.cache creating system inode with ino:608
2016-12-24 00:04:18.773656 7ff8521de700  0 mds.0.cache creating system inode with ino:609
2016-12-24 00:06:30.858808 7ff85495e700  0 -- 192.168.140.188:6800/2953964862 >> 192.168.140.248:6800/2214167096 conn(0x7ff86394d000 :6800 s=STATE_ACCEPTING_WAIT_CONNECT_MSG_AUTH pgs=0 cs=0 l=0).handle_connect_msg accept connect_seq 0 vs existing csq=0 existing_state=STATE_CONNECTING
