2017-04-01 06:14:41  /entrypoint.sh: static: does not generate config
HEALTH_WARN too few PGs per OSD (8 < min 30)
2017-04-01 06:14:42  /entrypoint.sh: static: does not generate admin key
pool 'cephfs_data' created
pool 'cephfs_metadata' created
new fs with metadata pool 2 and data pool 1
2017-04-01 06:14:46  /entrypoint.sh: SUCCESS
2017-04-01 06:14:46.431865 7f34327da300  0 set uid:gid to 64045:64045 (ceph:ceph)
2017-04-01 06:14:46.431912 7f34327da300  0 ceph version 9.0.0-18996-gc8198b3 (c8198b367959e5e7ccb362987ae541a526ccaf59), process ceph-mds, pid 199
starting mds.issdm-12 at -
2017-04-01 06:14:46.433957 7f34327da300  0 pidfile_write: ignore empty --pid-file
2017-04-01 06:14:51.296866 7f342b1dd700  0 mds.0.cache creating system inode with ino:1
2017-04-01 06:14:51.297178 7f342b1dd700  0 mds.0.cache creating system inode with ino:100
2017-04-01 06:14:51.297199 7f342b1dd700  0 mds.0.cache creating system inode with ino:600
2017-04-01 06:14:51.297393 7f342b1dd700  0 mds.0.cache creating system inode with ino:601
2017-04-01 06:14:51.297487 7f342b1dd700  0 mds.0.cache creating system inode with ino:602
2017-04-01 06:14:51.297778 7f342b1dd700  0 mds.0.cache creating system inode with ino:603
2017-04-01 06:14:51.297896 7f342b1dd700  0 mds.0.cache creating system inode with ino:604
2017-04-01 06:14:51.298021 7f342b1dd700  0 mds.0.cache creating system inode with ino:605
2017-04-01 06:14:51.298115 7f342b1dd700  0 mds.0.cache creating system inode with ino:606
2017-04-01 06:14:51.298207 7f342b1dd700  0 mds.0.cache creating system inode with ino:607
2017-04-01 06:14:51.298301 7f342b1dd700  0 mds.0.cache creating system inode with ino:608
2017-04-01 06:14:51.298428 7f342b1dd700  0 mds.0.cache creating system inode with ino:609
