2016-12-27 11:58:30  /entrypoint.sh: static: does not generate config
HEALTH_WARN too few PGs per OSD (10 < min 30)
2016-12-27 11:58:30  /entrypoint.sh: static: does not generate admin key
2016-12-27 11:58:31  /entrypoint.sh: SUCCESS
2016-12-27 11:58:31.282418 7f07fed61300  0 set uid:gid to 64045:64045 (ceph:ceph)
2016-12-27 11:58:31.282455 7f07fed61300  0 ceph version 9.0.0-18991-gec12610 (ec12610bb1358fb2eab74cb7b0483c2613bae38f), process ceph-mds, pid 88
starting mds.issdm-18 at -
2016-12-27 11:58:31.284604 7f07fed61300  0 pidfile_write: ignore empty --pid-file
2016-12-27 11:59:41.370751 7f07f776b700  0 mds.1.cache creating system inode with ino:101
2016-12-27 11:59:41.370889 7f07f776b700  0 mds.1.cache creating system inode with ino:60a
2016-12-27 11:59:41.371183 7f07f776b700  0 mds.1.cache creating system inode with ino:60b
2016-12-27 11:59:41.371297 7f07f776b700  0 mds.1.cache creating system inode with ino:60c
2016-12-27 11:59:41.371430 7f07f776b700  0 mds.1.cache creating system inode with ino:60d
2016-12-27 11:59:41.371704 7f07f776b700  0 mds.1.cache creating system inode with ino:60e
2016-12-27 11:59:41.371844 7f07f776b700  0 mds.1.cache creating system inode with ino:60f
2016-12-27 11:59:41.371989 7f07f776b700  0 mds.1.cache creating system inode with ino:610
2016-12-27 11:59:41.372246 7f07f776b700  0 mds.1.cache creating system inode with ino:611
2016-12-27 11:59:41.372413 7f07f776b700  0 mds.1.cache creating system inode with ino:612
2016-12-27 11:59:41.372550 7f07f776b700  0 mds.1.cache creating system inode with ino:613
2016-12-27 11:59:42.451603 7f07fa6ec700  0 -- 192.168.140.230:6800/2165793244 >> 192.168.140.188:6800/1458144767 conn(0x7f0809452000 :6800 s=STATE_ACCEPTING_WAIT_CONNECT_MSG_AUTH pgs=0 cs=0 l=0).handle_connect_msg accept connect_seq 0 vs existing csq=0 existing_state=STATE_CONNECTING_WAIT_CONNECT_REPLY
2016-12-27 11:59:42.451781 7f07fa6ec700  0 -- 192.168.140.230:6800/2165793244 >> 192.168.140.188:6800/1458144767 conn(0x7f0809452000 :6800 s=STATE_ACCEPTING_WAIT_CONNECT_MSG pgs=0 cs=0 l=0).fault with nothing to send and in the half  accept state just closed
