2016-12-23 15:51:19  /entrypoint.sh: static: does not generate config
HEALTH_WARN too few PGs per OSD (8 < min 30)
2016-12-23 15:51:19  /entrypoint.sh: static: does not generate admin key
pool 'cephfs_data' created
pool 'cephfs_metadata' created
new fs with metadata pool 2 and data pool 1
2016-12-23 15:51:23  /entrypoint.sh: SUCCESS
2016-12-23 15:51:23.406059 7f8edf7d6300  0 set uid:gid to 64045:64045 (ceph:ceph)
2016-12-23 15:51:23.406098 7f8edf7d6300  0 ceph version 9.0.0-18991-gec12610 (ec12610bb1358fb2eab74cb7b0483c2613bae38f), process ceph-mds, pid 197
starting mds.issdm-12 at -
2016-12-23 15:51:23.408220 7f8edf7d6300  0 pidfile_write: ignore empty --pid-file
2016-12-23 15:51:27.846535 7f8ed81e0700  0 mds.0.cache creating system inode with ino:1
2016-12-23 15:51:27.846811 7f8ed81e0700  0 mds.0.cache creating system inode with ino:100
2016-12-23 15:51:27.846832 7f8ed81e0700  0 mds.0.cache creating system inode with ino:600
2016-12-23 15:51:27.847004 7f8ed81e0700  0 mds.0.cache creating system inode with ino:601
2016-12-23 15:51:27.847096 7f8ed81e0700  0 mds.0.cache creating system inode with ino:602
2016-12-23 15:51:27.847356 7f8ed81e0700  0 mds.0.cache creating system inode with ino:603
2016-12-23 15:51:27.847468 7f8ed81e0700  0 mds.0.cache creating system inode with ino:604
2016-12-23 15:51:27.847629 7f8ed81e0700  0 mds.0.cache creating system inode with ino:605
2016-12-23 15:51:27.847722 7f8ed81e0700  0 mds.0.cache creating system inode with ino:606
2016-12-23 15:51:27.847814 7f8ed81e0700  0 mds.0.cache creating system inode with ino:607
2016-12-23 15:51:27.847904 7f8ed81e0700  0 mds.0.cache creating system inode with ino:608
2016-12-23 15:51:27.848025 7f8ed81e0700  0 mds.0.cache creating system inode with ino:609
2016-12-23 15:53:22.613629 7f8eda960700  0 -- 192.168.140.188:6800/1334312256 >> - conn(0x7f8ee9476000 :6800 s=STATE_ACCEPTING_WAIT_BANNER_ADDR pgs=0 cs=0 l=0).fault with nothing to send and in the half  accept state just closed
