2016-12-23 15:51:56  /entrypoint.sh: static: does not generate config
HEALTH_WARN too few PGs per OSD (10 < min 30)
2016-12-23 15:51:56  /entrypoint.sh: static: does not generate admin key
2016-12-23 15:51:57  /entrypoint.sh: SUCCESS
2016-12-23 15:51:57.281623 7f707874a300  0 set uid:gid to 64045:64045 (ceph:ceph)
2016-12-23 15:51:57.281670 7f707874a300  0 ceph version 9.0.0-18991-gec12610 (ec12610bb1358fb2eab74cb7b0483c2613bae38f), process ceph-mds, pid 88
starting mds.issdm-15 at -
2016-12-23 15:51:57.283649 7f707874a300  0 pidfile_write: ignore empty --pid-file
2016-12-23 15:53:21.549294 7f7071154700  0 mds.2.cache creating system inode with ino:102
2016-12-23 15:53:21.549430 7f7071154700  0 mds.2.cache creating system inode with ino:614
2016-12-23 15:53:21.549672 7f7071154700  0 mds.2.cache creating system inode with ino:615
2016-12-23 15:53:21.549769 7f7071154700  0 mds.2.cache creating system inode with ino:616
2016-12-23 15:53:21.550073 7f7071154700  0 mds.2.cache creating system inode with ino:617
2016-12-23 15:53:21.550169 7f7071154700  0 mds.2.cache creating system inode with ino:618
2016-12-23 15:53:21.550279 7f7071154700  0 mds.2.cache creating system inode with ino:619
2016-12-23 15:53:21.550404 7f7071154700  0 mds.2.cache creating system inode with ino:61a
2016-12-23 15:53:21.550498 7f7071154700  0 mds.2.cache creating system inode with ino:61b
2016-12-23 15:53:21.550591 7f7071154700  0 mds.2.cache creating system inode with ino:61c
2016-12-23 15:53:21.550700 7f7071154700  0 mds.2.cache creating system inode with ino:61d
2016-12-23 16:08:23.421072 7f70740d5700  0 -- 192.168.140.248:6800/297425084 >> 192.168.140.230:6800/2930760126 conn(0x7f7082f8d000 :6800 s=STATE_OPEN pgs=9 cs=1 l=0).fault with nothing to send, going to standby
