2016-12-23 15:52:35  /entrypoint.sh: static: does not generate config
HEALTH_WARN too few PGs per OSD (10 < min 30)
2016-12-23 15:52:36  /entrypoint.sh: static: does not generate admin key
2016-12-23 15:52:36  /entrypoint.sh: SUCCESS
2016-12-23 15:52:36.667000 7f500774b300  0 set uid:gid to 64045:64045 (ceph:ceph)
2016-12-23 15:52:36.667042 7f500774b300  0 ceph version 9.0.0-18991-gec12610 (ec12610bb1358fb2eab74cb7b0483c2613bae38f), process ceph-mds, pid 89
starting mds.issdm-18 at -
2016-12-23 15:52:36.669042 7f500774b300  0 pidfile_write: ignore empty --pid-file
2016-12-23 15:53:21.549001 7f5000155700  0 mds.1.cache creating system inode with ino:101
2016-12-23 15:53:21.549138 7f5000155700  0 mds.1.cache creating system inode with ino:60a
2016-12-23 15:53:21.549397 7f5000155700  0 mds.1.cache creating system inode with ino:60b
2016-12-23 15:53:21.549510 7f5000155700  0 mds.1.cache creating system inode with ino:60c
2016-12-23 15:53:21.549643 7f5000155700  0 mds.1.cache creating system inode with ino:60d
2016-12-23 15:53:21.549921 7f5000155700  0 mds.1.cache creating system inode with ino:60e
2016-12-23 15:53:21.550056 7f5000155700  0 mds.1.cache creating system inode with ino:60f
2016-12-23 15:53:21.550178 7f5000155700  0 mds.1.cache creating system inode with ino:610
2016-12-23 15:53:21.550293 7f5000155700  0 mds.1.cache creating system inode with ino:611
2016-12-23 15:53:21.550420 7f5000155700  0 mds.1.cache creating system inode with ino:612
2016-12-23 15:53:21.550552 7f5000155700  0 mds.1.cache creating system inode with ino:613
2016-12-23 15:53:22.612109 7f50020d4700  0 -- 192.168.140.230:6800/2930760126 >> 192.168.140.188:6800/1334312256 conn(0x7f5011a1a000 :6800 s=STATE_ACCEPTING_WAIT_CONNECT_MSG_AUTH pgs=0 cs=0 l=0).handle_connect_msg accept connect_seq 0 vs existing csq=0 existing_state=STATE_CONNECTING_WAIT_BANNER_AND_IDENTIFY
2016-12-23 16:08:23.420691 7f50028d5700  0 -- 192.168.140.230:6800/2930760126 >> 192.168.140.248:6800/297425084 conn(0x7f5011a59800 :-1 s=STATE_OPEN pgs=7 cs=1 l=0).fault with nothing to send, going to standby
