2017-04-01 04:12:01  /entrypoint.sh: static: does not generate config
HEALTH_WARN too few PGs per OSD (8 < min 30)
2017-04-01 04:12:02  /entrypoint.sh: static: does not generate admin key
pool 'cephfs_data' created
pool 'cephfs_metadata' created
new fs with metadata pool 2 and data pool 1
2017-04-01 04:12:07  /entrypoint.sh: SUCCESS
2017-04-01 04:12:07.077742 7f675bea4300  0 set uid:gid to 64045:64045 (ceph:ceph)
2017-04-01 04:12:07.077785 7f675bea4300  0 ceph version 9.0.0-18996-gc8198b3 (c8198b367959e5e7ccb362987ae541a526ccaf59), process ceph-mds, pid 197
starting mds.issdm-12 at -
2017-04-01 04:12:07.080012 7f675bea4300  0 pidfile_write: ignore empty --pid-file
2017-04-01 04:12:11.849604 7f67548a7700  0 mds.0.cache creating system inode with ino:1
2017-04-01 04:12:11.849922 7f67548a7700  0 mds.0.cache creating system inode with ino:100
2017-04-01 04:12:11.849943 7f67548a7700  0 mds.0.cache creating system inode with ino:600
2017-04-01 04:12:11.850153 7f67548a7700  0 mds.0.cache creating system inode with ino:601
2017-04-01 04:12:11.850370 7f67548a7700  0 mds.0.cache creating system inode with ino:602
2017-04-01 04:12:11.850658 7f67548a7700  0 mds.0.cache creating system inode with ino:603
2017-04-01 04:12:11.851200 7f67548a7700  0 mds.0.cache creating system inode with ino:604
2017-04-01 04:12:11.851344 7f67548a7700  0 mds.0.cache creating system inode with ino:605
2017-04-01 04:12:11.851854 7f67548a7700  0 mds.0.cache creating system inode with ino:606
2017-04-01 04:12:11.852116 7f67548a7700  0 mds.0.cache creating system inode with ino:607
2017-04-01 04:12:11.852337 7f67548a7700  0 mds.0.cache creating system inode with ino:608
2017-04-01 04:12:11.852512 7f67548a7700  0 mds.0.cache creating system inode with ino:609
