2016-12-24 06:00:37  /entrypoint.sh: static: does not generate config
HEALTH_WARN too few PGs per OSD (10 < min 30)
2016-12-24 06:00:38  /entrypoint.sh: static: does not generate admin key
2016-12-24 06:00:38  /entrypoint.sh: SUCCESS
2016-12-24 06:00:38.783999 7f1dc9877300  0 set uid:gid to 64045:64045 (ceph:ceph)
2016-12-24 06:00:38.784042 7f1dc9877300  0 ceph version 9.0.0-18991-gec12610 (ec12610bb1358fb2eab74cb7b0483c2613bae38f), process ceph-mds, pid 88
starting mds.issdm-18 at -
2016-12-24 06:00:38.787165 7f1dc9877300  0 pidfile_write: ignore empty --pid-file
2016-12-24 06:01:48.552085 7f1dc2281700  0 mds.1.cache creating system inode with ino:101
2016-12-24 06:01:48.552235 7f1dc2281700  0 mds.1.cache creating system inode with ino:60a
2016-12-24 06:01:48.552491 7f1dc2281700  0 mds.1.cache creating system inode with ino:60b
2016-12-24 06:01:48.552591 7f1dc2281700  0 mds.1.cache creating system inode with ino:60c
2016-12-24 06:01:48.552707 7f1dc2281700  0 mds.1.cache creating system inode with ino:60d
2016-12-24 06:01:48.552984 7f1dc2281700  0 mds.1.cache creating system inode with ino:60e
2016-12-24 06:01:48.553098 7f1dc2281700  0 mds.1.cache creating system inode with ino:60f
2016-12-24 06:01:48.553233 7f1dc2281700  0 mds.1.cache creating system inode with ino:610
2016-12-24 06:01:48.553327 7f1dc2281700  0 mds.1.cache creating system inode with ino:611
2016-12-24 06:01:48.553422 7f1dc2281700  0 mds.1.cache creating system inode with ino:612
2016-12-24 06:01:48.553530 7f1dc2281700  0 mds.1.cache creating system inode with ino:613
2016-12-24 06:01:49.616100 7f1dc4200700  0 -- 192.168.140.230:6800/1413245903 >> 192.168.140.188:6800/1470391010 conn(0x7f1dd2cfa000 :6800 s=STATE_ACCEPTING_WAIT_CONNECT_MSG_AUTH pgs=0 cs=0 l=0).handle_connect_msg accept connect_seq 0 vs existing csq=0 existing_state=STATE_CONNECTING_WAIT_CONNECT_REPLY
2016-12-24 06:01:49.616360 7f1dc4200700  0 -- 192.168.140.230:6800/1413245903 >> 192.168.140.188:6800/1470391010 conn(0x7f1dd2cfa000 :6800 s=STATE_ACCEPTING_WAIT_CONNECT_MSG pgs=0 cs=0 l=0).fault with nothing to send and in the half  accept state just closed
