2016-12-24 05:59:20  /entrypoint.sh: static: does not generate config
HEALTH_WARN too few PGs per OSD (8 < min 30)
2016-12-24 05:59:21  /entrypoint.sh: static: does not generate admin key
pool 'cephfs_data' created
pool 'cephfs_metadata' created
new fs with metadata pool 2 and data pool 1
2016-12-24 05:59:25  /entrypoint.sh: SUCCESS
2016-12-24 05:59:25.152322 7f39e046b300  0 set uid:gid to 64045:64045 (ceph:ceph)
2016-12-24 05:59:25.152361 7f39e046b300  0 ceph version 9.0.0-18991-gec12610 (ec12610bb1358fb2eab74cb7b0483c2613bae38f), process ceph-mds, pid 197
starting mds.issdm-12 at -
2016-12-24 05:59:25.154603 7f39e046b300  0 pidfile_write: ignore empty --pid-file
2016-12-24 05:59:29.399651 7f39d8e75700  0 mds.0.cache creating system inode with ino:1
2016-12-24 05:59:29.427529 7f39d8e75700  0 mds.0.cache creating system inode with ino:100
2016-12-24 05:59:29.427565 7f39d8e75700  0 mds.0.cache creating system inode with ino:600
2016-12-24 05:59:29.427886 7f39d8e75700  0 mds.0.cache creating system inode with ino:601
2016-12-24 05:59:29.428028 7f39d8e75700  0 mds.0.cache creating system inode with ino:602
2016-12-24 05:59:29.428326 7f39d8e75700  0 mds.0.cache creating system inode with ino:603
2016-12-24 05:59:29.428462 7f39d8e75700  0 mds.0.cache creating system inode with ino:604
2016-12-24 05:59:29.428630 7f39d8e75700  0 mds.0.cache creating system inode with ino:605
2016-12-24 05:59:29.428751 7f39d8e75700  0 mds.0.cache creating system inode with ino:606
2016-12-24 05:59:29.429129 7f39d8e75700  0 mds.0.cache creating system inode with ino:607
2016-12-24 05:59:29.429338 7f39d8e75700  0 mds.0.cache creating system inode with ino:608
2016-12-24 05:59:29.429552 7f39d8e75700  0 mds.0.cache creating system inode with ino:609
2016-12-24 06:01:49.617041 7f39dadf4700  0 -- 192.168.140.188:6800/1470391010 >> 192.168.140.230:6800/1413245903 conn(0x7f39e9b99000 :6800 s=STATE_ACCEPTING_WAIT_CONNECT_MSG_AUTH pgs=0 cs=0 l=0).handle_connect_msg accept connect_seq 0 vs existing csq=0 existing_state=STATE_CONNECTING_WAIT_CONNECT_REPLY
2016-12-24 06:01:52.683294 7f39db5f5700  0 -- 192.168.140.188:6800/1470391010 >> 192.168.140.248:6800/398816878 conn(0x7f39e9b97800 :6800 s=STATE_ACCEPTING_WAIT_CONNECT_MSG_AUTH pgs=0 cs=0 l=0).handle_connect_msg accept connect_seq 0 vs existing csq=0 existing_state=STATE_CONNECTING_WAIT_CONNECT_REPLY
