2016-12-15 01:54:39  /entrypoint.sh: static: does not generate config
HEALTH_WARN too few PGs per OSD (10 < min 30)
2016-12-15 01:54:40  /entrypoint.sh: static: does not generate admin key
2016-12-15 01:54:40  /entrypoint.sh: SUCCESS
2016-12-15 01:54:41.007680 7fa5c322c300  0 set uid:gid to 64045:64045 (ceph:ceph)
2016-12-15 01:54:41.007718 7fa5c322c300  0 ceph version 11.0.2-1332-gf628bac (f628bac31aa0b5b2696b8defc4aa18d4bc2ef757), process ceph-mds, pid 87
starting mds.issdm-18 at -
2016-12-15 01:54:41.009624 7fa5c322c300  0 pidfile_write: ignore empty --pid-file
2016-12-15 01:55:33.254804 7fa5bbc36700  0 mds.1.cache creating system inode with ino:101
2016-12-15 01:55:33.254936 7fa5bbc36700  0 mds.1.cache creating system inode with ino:60a
2016-12-15 01:55:33.255199 7fa5bbc36700  0 mds.1.cache creating system inode with ino:60b
2016-12-15 01:55:33.255296 7fa5bbc36700  0 mds.1.cache creating system inode with ino:60c
2016-12-15 01:55:33.255408 7fa5bbc36700  0 mds.1.cache creating system inode with ino:60d
2016-12-15 01:55:33.255651 7fa5bbc36700  0 mds.1.cache creating system inode with ino:60e
2016-12-15 01:55:33.255780 7fa5bbc36700  0 mds.1.cache creating system inode with ino:60f
2016-12-15 01:55:33.255894 7fa5bbc36700  0 mds.1.cache creating system inode with ino:610
2016-12-15 01:55:33.255987 7fa5bbc36700  0 mds.1.cache creating system inode with ino:611
2016-12-15 01:55:33.256094 7fa5bbc36700  0 mds.1.cache creating system inode with ino:612
2016-12-15 01:55:33.256203 7fa5bbc36700  0 mds.1.cache creating system inode with ino:613
2016-12-15 02:10:37.617883 7fa5be3b6700  0 -- 192.168.140.230:6800/1538628204 >> 192.168.140.248:6800/1817533906 conn(0x7fa5cc082800 :6800 s=STATE_OPEN pgs=10 cs=1 l=0).fault with nothing to send, going to standby
