2017-01-30 06:23:30  /entrypoint.sh: static: does not generate config
HEALTH_WARN too few PGs per OSD (10 < min 30)
2017-01-30 06:23:31  /entrypoint.sh: static: does not generate admin key
pool 'cephfs_data' created
pool 'cephfs_metadata' created
new fs with metadata pool 2 and data pool 1
2017-01-30 06:23:35  /entrypoint.sh: SUCCESS
2017-01-30 06:23:35.292830 7ff39c445300  0 set uid:gid to 64045:64045 (ceph:ceph)
2017-01-30 06:23:35.292878 7ff39c445300  0 ceph version 9.0.0-18993-g11a2122 (11a2122891eabb0d29c573ba1bc816c13c1a9064), process ceph-mds, pid 197
starting mds.issdm-12 at -
2017-01-30 06:23:35.295006 7ff39c445300  0 pidfile_write: ignore empty --pid-file
2017-01-30 06:23:39.483136 7ff394e4d700  0 mds.0.cache creating system inode with ino:1
2017-01-30 06:23:39.483464 7ff394e4d700  0 mds.0.cache creating system inode with ino:100
2017-01-30 06:23:39.483487 7ff394e4d700  0 mds.0.cache creating system inode with ino:600
2017-01-30 06:23:39.483705 7ff394e4d700  0 mds.0.cache creating system inode with ino:601
2017-01-30 06:23:39.483905 7ff394e4d700  0 mds.0.cache creating system inode with ino:602
2017-01-30 06:23:39.484230 7ff394e4d700  0 mds.0.cache creating system inode with ino:603
2017-01-30 06:23:39.484328 7ff394e4d700  0 mds.0.cache creating system inode with ino:604
2017-01-30 06:23:39.484463 7ff394e4d700  0 mds.0.cache creating system inode with ino:605
2017-01-30 06:23:39.484565 7ff394e4d700  0 mds.0.cache creating system inode with ino:606
2017-01-30 06:23:39.484664 7ff394e4d700  0 mds.0.cache creating system inode with ino:607
2017-01-30 06:23:39.484768 7ff394e4d700  0 mds.0.cache creating system inode with ino:608
2017-01-30 06:23:39.484898 7ff394e4d700  0 mds.0.cache creating system inode with ino:609
ignoring --setuser ceph since I am not root
ignoring --setgroup ceph since I am not root
2017-01-30 06:34:37.329830 7fbf733a6300  0 ceph version 9.0.0-18993-g11a2122 (11a2122891eabb0d29c573ba1bc816c13c1a9064), process exe, pid 197
starting mds.issdm-12 at -
2017-01-30 06:34:37.332148 7fbf733a6300  0 pidfile_write: ignore empty --pid-file
