2016-12-23 14:09:46  /entrypoint.sh: static: does not generate config
HEALTH_WARN too few PGs per OSD (8 < min 30)
2016-12-23 14:09:46  /entrypoint.sh: static: does not generate admin key
pool 'cephfs_data' created
pool 'cephfs_metadata' created
new fs with metadata pool 2 and data pool 1
2016-12-23 14:09:50  /entrypoint.sh: SUCCESS
2016-12-23 14:09:50.417341 7f307318a300  0 set uid:gid to 64045:64045 (ceph:ceph)
2016-12-23 14:09:50.417385 7f307318a300  0 ceph version 9.0.0-18991-gec12610 (ec12610bb1358fb2eab74cb7b0483c2613bae38f), process ceph-mds, pid 198
starting mds.issdm-12 at -
2016-12-23 14:09:50.419362 7f307318a300  0 pidfile_write: ignore empty --pid-file
2016-12-23 14:09:54.677622 7f306bb94700  0 mds.0.cache creating system inode with ino:1
2016-12-23 14:09:54.677934 7f306bb94700  0 mds.0.cache creating system inode with ino:100
2016-12-23 14:09:54.677954 7f306bb94700  0 mds.0.cache creating system inode with ino:600
2016-12-23 14:09:54.678143 7f306bb94700  0 mds.0.cache creating system inode with ino:601
2016-12-23 14:09:54.678237 7f306bb94700  0 mds.0.cache creating system inode with ino:602
2016-12-23 14:09:54.678514 7f306bb94700  0 mds.0.cache creating system inode with ino:603
2016-12-23 14:09:54.678630 7f306bb94700  0 mds.0.cache creating system inode with ino:604
2016-12-23 14:09:54.678757 7f306bb94700  0 mds.0.cache creating system inode with ino:605
2016-12-23 14:09:54.678851 7f306bb94700  0 mds.0.cache creating system inode with ino:606
2016-12-23 14:09:54.678949 7f306bb94700  0 mds.0.cache creating system inode with ino:607
2016-12-23 14:09:54.679042 7f306bb94700  0 mds.0.cache creating system inode with ino:608
2016-12-23 14:09:54.679171 7f306bb94700  0 mds.0.cache creating system inode with ino:609
2016-12-23 14:11:45.816022 7f306db13700  0 -- 192.168.140.188:6800/3951420377 >> 192.168.140.230:6800/3313829944 conn(0x7f307d961000 :6800 s=STATE_ACCEPTING_WAIT_CONNECT_MSG_AUTH pgs=0 cs=0 l=0).handle_connect_msg accept connect_seq 0 vs existing csq=0 existing_state=STATE_CONNECTING_WAIT_CONNECT_REPLY
2016-12-23 14:11:49.503154 7f306e314700  0 -- 192.168.140.188:6800/3951420377 >> 192.168.140.248:6800/3661571115 conn(0x7f307d95f800 :6800 s=STATE_ACCEPTING_WAIT_CONNECT_MSG_AUTH pgs=0 cs=0 l=0).handle_connect_msg accept connect_seq 0 vs existing csq=0 existing_state=STATE_CONNECTING_WAIT_CONNECT_REPLY
