2016-12-23 14:11:03  /entrypoint.sh: static: does not generate config
HEALTH_WARN too few PGs per OSD (10 < min 30)
2016-12-23 14:11:04  /entrypoint.sh: static: does not generate admin key
2016-12-23 14:11:04  /entrypoint.sh: SUCCESS
2016-12-23 14:11:04.616002 7f04421a3300  0 set uid:gid to 64045:64045 (ceph:ceph)
2016-12-23 14:11:04.616045 7f04421a3300  0 ceph version 9.0.0-18991-gec12610 (ec12610bb1358fb2eab74cb7b0483c2613bae38f), process ceph-mds, pid 88
starting mds.issdm-18 at -
2016-12-23 14:11:04.618142 7f04421a3300  0 pidfile_write: ignore empty --pid-file
2016-12-23 14:11:44.735902 7f043abad700  0 mds.1.cache creating system inode with ino:101
2016-12-23 14:11:44.736047 7f043abad700  0 mds.1.cache creating system inode with ino:60a
2016-12-23 14:11:44.736300 7f043abad700  0 mds.1.cache creating system inode with ino:60b
2016-12-23 14:11:44.736399 7f043abad700  0 mds.1.cache creating system inode with ino:60c
2016-12-23 14:11:44.736517 7f043abad700  0 mds.1.cache creating system inode with ino:60d
2016-12-23 14:11:44.736800 7f043abad700  0 mds.1.cache creating system inode with ino:60e
2016-12-23 14:11:44.736912 7f043abad700  0 mds.1.cache creating system inode with ino:60f
2016-12-23 14:11:44.737023 7f043abad700  0 mds.1.cache creating system inode with ino:610
2016-12-23 14:11:44.737115 7f043abad700  0 mds.1.cache creating system inode with ino:611
2016-12-23 14:11:44.737211 7f043abad700  0 mds.1.cache creating system inode with ino:612
2016-12-23 14:11:44.737335 7f043abad700  0 mds.1.cache creating system inode with ino:613
2016-12-23 14:11:45.815314 7f043db2e700  0 -- 192.168.140.230:6800/3313829944 >> 192.168.140.188:6800/3951420377 conn(0x7f044b812000 :6800 s=STATE_ACCEPTING_WAIT_CONNECT_MSG_AUTH pgs=0 cs=0 l=0).handle_connect_msg accept connect_seq 0 vs existing csq=0 existing_state=STATE_CONNECTING_WAIT_CONNECT_REPLY
2016-12-23 14:11:45.815458 7f043db2e700  0 -- 192.168.140.230:6800/3313829944 >> 192.168.140.188:6800/3951420377 conn(0x7f044b812000 :6800 s=STATE_ACCEPTING_WAIT_CONNECT_MSG pgs=0 cs=0 l=0).fault with nothing to send and in the half  accept state just closed
