2016-12-23 14:10:23  /entrypoint.sh: static: does not generate config
HEALTH_WARN too few PGs per OSD (10 < min 30)
2016-12-23 14:10:24  /entrypoint.sh: static: does not generate admin key
2016-12-23 14:10:24  /entrypoint.sh: SUCCESS
2016-12-23 14:10:24.375059 7f04f6efa300  0 set uid:gid to 64045:64045 (ceph:ceph)
2016-12-23 14:10:24.375107 7f04f6efa300  0 ceph version 9.0.0-18991-gec12610 (ec12610bb1358fb2eab74cb7b0483c2613bae38f), process ceph-mds, pid 88
starting mds.issdm-15 at -
2016-12-23 14:10:24.377283 7f04f6efa300  0 pidfile_write: ignore empty --pid-file
2016-12-23 14:11:44.735614 7f04ef904700  0 mds.2.cache creating system inode with ino:102
2016-12-23 14:11:44.735744 7f04ef904700  0 mds.2.cache creating system inode with ino:614
2016-12-23 14:11:44.735971 7f04ef904700  0 mds.2.cache creating system inode with ino:615
2016-12-23 14:11:44.736066 7f04ef904700  0 mds.2.cache creating system inode with ino:616
2016-12-23 14:11:44.736327 7f04ef904700  0 mds.2.cache creating system inode with ino:617
2016-12-23 14:11:44.736440 7f04ef904700  0 mds.2.cache creating system inode with ino:618
2016-12-23 14:11:44.736588 7f04ef904700  0 mds.2.cache creating system inode with ino:619
2016-12-23 14:11:44.736709 7f04ef904700  0 mds.2.cache creating system inode with ino:61a
2016-12-23 14:11:44.736800 7f04ef904700  0 mds.2.cache creating system inode with ino:61b
2016-12-23 14:11:44.736893 7f04ef904700  0 mds.2.cache creating system inode with ino:61c
2016-12-23 14:11:44.737001 7f04ef904700  0 mds.2.cache creating system inode with ino:61d
2016-12-23 14:11:49.502147 7f04f2885700  0 -- 192.168.140.248:6800/3661571115 >> 192.168.140.188:6800/3951420377 conn(0x7f0500984000 :6800 s=STATE_ACCEPTING_WAIT_CONNECT_MSG_AUTH pgs=0 cs=0 l=0).handle_connect_msg accept connect_seq 0 vs existing csq=0 existing_state=STATE_CONNECTING_WAIT_CONNECT_REPLY
2016-12-23 14:11:49.502578 7f04f2885700  0 -- 192.168.140.248:6800/3661571115 >> 192.168.140.188:6800/3951420377 conn(0x7f0500984000 :6800 s=STATE_ACCEPTING_WAIT_CONNECT_MSG pgs=0 cs=0 l=0).fault with nothing to send and in the half  accept state just closed
