2016-12-19 23:20:07  /entrypoint.sh: static: does not generate config
HEALTH_WARN too few PGs per OSD (8 < min 30)
2016-12-19 23:20:09  /entrypoint.sh: static: does not generate admin key
pool 'cephfs_data' created
pool 'cephfs_metadata' created
new fs with metadata pool 2 and data pool 1
2016-12-19 23:20:12  /entrypoint.sh: SUCCESS
2016-12-19 23:20:12.952392 7f452dec7300  0 set uid:gid to 64045:64045 (ceph:ceph)
2016-12-19 23:20:12.952435 7f452dec7300  0 ceph version 9.0.0-18991-gec12610 (ec12610bb1358fb2eab74cb7b0483c2613bae38f), process ceph-mds, pid 197
starting mds.issdm-18 at -
2016-12-19 23:20:12.955515 7f452dec7300  0 pidfile_write: ignore empty --pid-file
2016-12-19 23:20:17.174169 7f45268d1700  0 mds.0.cache creating system inode with ino:1
2016-12-19 23:20:17.174459 7f45268d1700  0 mds.0.cache creating system inode with ino:100
2016-12-19 23:20:17.174479 7f45268d1700  0 mds.0.cache creating system inode with ino:600
2016-12-19 23:20:17.174656 7f45268d1700  0 mds.0.cache creating system inode with ino:601
2016-12-19 23:20:17.174755 7f45268d1700  0 mds.0.cache creating system inode with ino:602
2016-12-19 23:20:17.187953 7f45268d1700  0 mds.0.cache creating system inode with ino:603
2016-12-19 23:20:17.188322 7f45268d1700  0 mds.0.cache creating system inode with ino:604
2016-12-19 23:20:17.188676 7f45268d1700  0 mds.0.cache creating system inode with ino:605
2016-12-19 23:20:17.189201 7f45268d1700  0 mds.0.cache creating system inode with ino:606
2016-12-19 23:20:17.189606 7f45268d1700  0 mds.0.cache creating system inode with ino:607
2016-12-19 23:20:17.189786 7f45268d1700  0 mds.0.cache creating system inode with ino:608
2016-12-19 23:20:17.190180 7f45268d1700  0 mds.0.cache creating system inode with ino:609
