2016-12-27 14:49:12  /entrypoint.sh: static: does not generate config
HEALTH_WARN too few PGs per OSD (10 < min 30)
2016-12-27 14:49:13  /entrypoint.sh: static: does not generate admin key
2016-12-27 14:49:13  /entrypoint.sh: SUCCESS
2016-12-27 14:49:13.865620 7f424b47b300  0 set uid:gid to 64045:64045 (ceph:ceph)
2016-12-27 14:49:13.865659 7f424b47b300  0 ceph version 9.0.0-18991-gec12610 (ec12610bb1358fb2eab74cb7b0483c2613bae38f), process ceph-mds, pid 88
starting mds.issdm-18 at -
2016-12-27 14:49:13.871310 7f424b47b300  0 pidfile_write: ignore empty --pid-file
2016-12-27 14:50:22.530877 7f4243e85700  0 mds.1.cache creating system inode with ino:101
2016-12-27 14:50:22.531097 7f4243e85700  0 mds.1.cache creating system inode with ino:60a
2016-12-27 14:50:22.531445 7f4243e85700  0 mds.1.cache creating system inode with ino:60b
2016-12-27 14:50:22.531557 7f4243e85700  0 mds.1.cache creating system inode with ino:60c
2016-12-27 14:50:22.531693 7f4243e85700  0 mds.1.cache creating system inode with ino:60d
2016-12-27 14:50:22.531994 7f4243e85700  0 mds.1.cache creating system inode with ino:60e
2016-12-27 14:50:22.532124 7f4243e85700  0 mds.1.cache creating system inode with ino:60f
2016-12-27 14:50:22.532266 7f4243e85700  0 mds.1.cache creating system inode with ino:610
2016-12-27 14:50:22.532378 7f4243e85700  0 mds.1.cache creating system inode with ino:611
2016-12-27 14:50:22.532492 7f4243e85700  0 mds.1.cache creating system inode with ino:612
2016-12-27 14:50:22.532614 7f4243e85700  0 mds.1.cache creating system inode with ino:613
2016-12-27 14:50:27.427913 7f4246e06700  0 -- 192.168.140.230:6800/2664580152 >> 192.168.140.188:6800/4054175064 conn(0x7f4255df2000 :6800 s=STATE_ACCEPTING_WAIT_CONNECT_MSG_AUTH pgs=0 cs=0 l=0).handle_connect_msg accept connect_seq 0 vs existing csq=0 existing_state=STATE_CONNECTING_WAIT_BANNER_AND_IDENTIFY
2016-12-27 14:50:27.428197 7f4246e06700  0 -- 192.168.140.230:6800/2664580152 >> 192.168.140.188:6800/4054175064 conn(0x7f4255df2000 :6800 s=STATE_ACCEPTING_WAIT_CONNECT_MSG pgs=0 cs=0 l=0).fault with nothing to send and in the half  accept state just closed
