2016-12-27 14:47:56  /entrypoint.sh: static: does not generate config
HEALTH_WARN too few PGs per OSD (8 < min 30)
2016-12-27 14:47:57  /entrypoint.sh: static: does not generate admin key
pool 'cephfs_data' created
pool 'cephfs_metadata' created
new fs with metadata pool 2 and data pool 1
2016-12-27 14:48:01  /entrypoint.sh: SUCCESS
2016-12-27 14:48:01.726489 7fb8358cf300  0 set uid:gid to 64045:64045 (ceph:ceph)
2016-12-27 14:48:01.726529 7fb8358cf300  0 ceph version 9.0.0-18991-gec12610 (ec12610bb1358fb2eab74cb7b0483c2613bae38f), process ceph-mds, pid 197
starting mds.issdm-12 at -
2016-12-27 14:48:01.766161 7fb8358cf300  0 pidfile_write: ignore empty --pid-file
2016-12-27 14:48:06.049703 7fb82e2d9700  0 mds.0.cache creating system inode with ino:1
2016-12-27 14:48:06.062366 7fb82e2d9700  0 mds.0.cache creating system inode with ino:100
2016-12-27 14:48:06.062395 7fb82e2d9700  0 mds.0.cache creating system inode with ino:600
2016-12-27 14:48:06.062607 7fb82e2d9700  0 mds.0.cache creating system inode with ino:601
2016-12-27 14:48:06.062734 7fb82e2d9700  0 mds.0.cache creating system inode with ino:602
2016-12-27 14:48:06.071922 7fb82e2d9700  0 mds.0.cache creating system inode with ino:603
2016-12-27 14:48:06.072101 7fb82e2d9700  0 mds.0.cache creating system inode with ino:604
2016-12-27 14:48:06.072268 7fb82e2d9700  0 mds.0.cache creating system inode with ino:605
2016-12-27 14:48:06.072590 7fb82e2d9700  0 mds.0.cache creating system inode with ino:606
2016-12-27 14:48:06.072703 7fb82e2d9700  0 mds.0.cache creating system inode with ino:607
2016-12-27 14:48:06.072896 7fb82e2d9700  0 mds.0.cache creating system inode with ino:608
2016-12-27 14:48:06.073042 7fb82e2d9700  0 mds.0.cache creating system inode with ino:609
2016-12-27 14:50:23.653415 7fb83125a700  0 -- 192.168.140.188:6800/4054175064 >> 192.168.140.248:6800/1077958468 conn(0x7fb83fb37000 :6800 s=STATE_ACCEPTING_WAIT_CONNECT_MSG_AUTH pgs=0 cs=0 l=0).handle_connect_msg accept connect_seq 0 vs existing csq=0 existing_state=STATE_CONNECTING_WAIT_CONNECT_REPLY
2016-12-27 14:50:27.429583 7fb830258700  0 -- 192.168.140.188:6800/4054175064 >> 192.168.140.230:6800/2664580152 conn(0x7fb83fb4e800 :6800 s=STATE_ACCEPTING_WAIT_CONNECT_MSG_AUTH pgs=0 cs=0 l=0).handle_connect_msg accept connect_seq 0 vs existing csq=0 existing_state=STATE_CONNECTING
