2016-12-24 01:07:35  /entrypoint.sh: static: does not generate config
HEALTH_WARN too few PGs per OSD (8 < min 30)
2016-12-24 01:07:35  /entrypoint.sh: static: does not generate admin key
pool 'cephfs_data' created
pool 'cephfs_metadata' created
new fs with metadata pool 2 and data pool 1
2016-12-24 01:07:39  /entrypoint.sh: SUCCESS
2016-12-24 01:07:39.518814 7fdce0c4e300  0 set uid:gid to 64045:64045 (ceph:ceph)
2016-12-24 01:07:39.518856 7fdce0c4e300  0 ceph version 9.0.0-18991-gec12610 (ec12610bb1358fb2eab74cb7b0483c2613bae38f), process ceph-mds, pid 197
starting mds.issdm-12 at -
2016-12-24 01:07:39.520779 7fdce0c4e300  0 pidfile_write: ignore empty --pid-file
2016-12-24 01:07:44.580407 7fdcd9658700  0 mds.0.cache creating system inode with ino:1
2016-12-24 01:07:44.580717 7fdcd9658700  0 mds.0.cache creating system inode with ino:100
2016-12-24 01:07:44.580742 7fdcd9658700  0 mds.0.cache creating system inode with ino:600
2016-12-24 01:07:44.580936 7fdcd9658700  0 mds.0.cache creating system inode with ino:601
2016-12-24 01:07:44.581037 7fdcd9658700  0 mds.0.cache creating system inode with ino:602
2016-12-24 01:07:44.581322 7fdcd9658700  0 mds.0.cache creating system inode with ino:603
2016-12-24 01:07:44.581455 7fdcd9658700  0 mds.0.cache creating system inode with ino:604
2016-12-24 01:07:44.581582 7fdcd9658700  0 mds.0.cache creating system inode with ino:605
2016-12-24 01:07:44.581682 7fdcd9658700  0 mds.0.cache creating system inode with ino:606
2016-12-24 01:07:44.581781 7fdcd9658700  0 mds.0.cache creating system inode with ino:607
2016-12-24 01:07:44.581874 7fdcd9658700  0 mds.0.cache creating system inode with ino:608
2016-12-24 01:07:44.582006 7fdcd9658700  0 mds.0.cache creating system inode with ino:609
2016-12-24 01:09:57.881035 7fdcdb5d7700  0 -- 192.168.140.188:6800/2869217829 >> 192.168.140.230:6800/2535321550 conn(0x7fdce9bd2000 :6800 s=STATE_ACCEPTING_WAIT_CONNECT_MSG_AUTH pgs=0 cs=0 l=0).handle_connect_msg accept connect_seq 0 vs existing csq=0 existing_state=STATE_CONNECTING_WAIT_CONNECT_REPLY
2016-12-24 01:09:57.881194 7fdcdb5d7700  0 -- 192.168.140.188:6800/2869217829 >> 192.168.140.230:6800/2535321550 conn(0x7fdce9bd2000 :6800 s=STATE_ACCEPTING_WAIT_CONNECT_MSG pgs=0 cs=0 l=0).fault with nothing to send and in the half  accept state just closed
