2016-12-24 01:08:11  /entrypoint.sh: static: does not generate config
HEALTH_WARN too few PGs per OSD (10 < min 30)
2016-12-24 01:08:12  /entrypoint.sh: static: does not generate admin key
2016-12-24 01:08:13  /entrypoint.sh: SUCCESS
2016-12-24 01:08:13.134828 7f1cb84f5300  0 set uid:gid to 64045:64045 (ceph:ceph)
2016-12-24 01:08:13.134870 7f1cb84f5300  0 ceph version 9.0.0-18991-gec12610 (ec12610bb1358fb2eab74cb7b0483c2613bae38f), process ceph-mds, pid 88
starting mds.issdm-15 at -
2016-12-24 01:08:13.136946 7f1cb84f5300  0 pidfile_write: ignore empty --pid-file
2016-12-24 01:09:56.784227 7f1cb0eff700  0 mds.2.cache creating system inode with ino:102
2016-12-24 01:09:56.784355 7f1cb0eff700  0 mds.2.cache creating system inode with ino:614
2016-12-24 01:09:56.784618 7f1cb0eff700  0 mds.2.cache creating system inode with ino:615
2016-12-24 01:09:56.784711 7f1cb0eff700  0 mds.2.cache creating system inode with ino:616
2016-12-24 01:09:56.785011 7f1cb0eff700  0 mds.2.cache creating system inode with ino:617
2016-12-24 01:09:56.785106 7f1cb0eff700  0 mds.2.cache creating system inode with ino:618
2016-12-24 01:09:56.785232 7f1cb0eff700  0 mds.2.cache creating system inode with ino:619
2016-12-24 01:09:56.785340 7f1cb0eff700  0 mds.2.cache creating system inode with ino:61a
2016-12-24 01:09:56.785431 7f1cb0eff700  0 mds.2.cache creating system inode with ino:61b
2016-12-24 01:09:56.785522 7f1cb0eff700  0 mds.2.cache creating system inode with ino:61c
2016-12-24 01:09:56.785634 7f1cb0eff700  0 mds.2.cache creating system inode with ino:61d
2016-12-24 01:24:59.533528 7f1cb2e7e700  0 -- 192.168.140.248:6800/4289347683 >> 192.168.140.230:6800/2535321550 conn(0x7f1cc2d93800 :6800 s=STATE_OPEN pgs=11 cs=1 l=0).fault with nothing to send, going to standby
