2016-12-24 03:16:24  /entrypoint.sh: static: does not generate config
HEALTH_WARN too few PGs per OSD (10 < min 30)
2016-12-24 03:16:25  /entrypoint.sh: static: does not generate admin key
2016-12-24 03:16:25  /entrypoint.sh: SUCCESS
2016-12-24 03:16:25.728796 7f8cbb52b300  0 set uid:gid to 64045:64045 (ceph:ceph)
2016-12-24 03:16:25.728833 7f8cbb52b300  0 ceph version 9.0.0-18991-gec12610 (ec12610bb1358fb2eab74cb7b0483c2613bae38f), process ceph-mds, pid 88
starting mds.issdm-15 at -
2016-12-24 03:16:25.730856 7f8cbb52b300  0 pidfile_write: ignore empty --pid-file
2016-12-24 03:18:14.579994 7f8cb3f35700  0 mds.2.cache creating system inode with ino:102
2016-12-24 03:18:14.580121 7f8cb3f35700  0 mds.2.cache creating system inode with ino:614
2016-12-24 03:18:14.580348 7f8cb3f35700  0 mds.2.cache creating system inode with ino:615
2016-12-24 03:18:14.580658 7f8cb3f35700  0 mds.2.cache creating system inode with ino:616
2016-12-24 03:18:14.580754 7f8cb3f35700  0 mds.2.cache creating system inode with ino:617
2016-12-24 03:18:14.580847 7f8cb3f35700  0 mds.2.cache creating system inode with ino:618
2016-12-24 03:18:14.580974 7f8cb3f35700  0 mds.2.cache creating system inode with ino:619
2016-12-24 03:18:14.581083 7f8cb3f35700  0 mds.2.cache creating system inode with ino:61a
2016-12-24 03:18:14.581174 7f8cb3f35700  0 mds.2.cache creating system inode with ino:61b
2016-12-24 03:18:14.581265 7f8cb3f35700  0 mds.2.cache creating system inode with ino:61c
2016-12-24 03:18:14.581373 7f8cb3f35700  0 mds.2.cache creating system inode with ino:61d
2016-12-24 03:18:15.627320 7f8cb5eb4700  0 -- 192.168.140.248:6800/1097091312 >> 192.168.140.188:6800/3564268332 conn(0x7f8cc5d0a000 :6800 s=STATE_ACCEPTING_WAIT_CONNECT_MSG_AUTH pgs=0 cs=0 l=0).handle_connect_msg accept connect_seq 0 vs existing csq=0 existing_state=STATE_CONNECTING
