2016-12-24 04:23:53  /entrypoint.sh: static: does not generate config
HEALTH_WARN too few PGs per OSD (8 < min 30)
2016-12-24 04:23:54  /entrypoint.sh: static: does not generate admin key
pool 'cephfs_data' created
pool 'cephfs_metadata' created
new fs with metadata pool 2 and data pool 1
2016-12-24 04:23:57  /entrypoint.sh: SUCCESS
2016-12-24 04:23:57.913109 7f61e4eee300  0 set uid:gid to 64045:64045 (ceph:ceph)
2016-12-24 04:23:57.913153 7f61e4eee300  0 ceph version 9.0.0-18991-gec12610 (ec12610bb1358fb2eab74cb7b0483c2613bae38f), process ceph-mds, pid 198
starting mds.issdm-12 at -
2016-12-24 04:23:57.915803 7f61e4eee300  0 pidfile_write: ignore empty --pid-file
2016-12-24 04:24:02.246526 7f61dd8f8700  0 mds.0.cache creating system inode with ino:1
2016-12-24 04:24:02.256256 7f61dd8f8700  0 mds.0.cache creating system inode with ino:100
2016-12-24 04:24:02.256286 7f61dd8f8700  0 mds.0.cache creating system inode with ino:600
2016-12-24 04:24:02.274486 7f61dd8f8700  0 mds.0.cache creating system inode with ino:601
2016-12-24 04:24:02.274603 7f61dd8f8700  0 mds.0.cache creating system inode with ino:602
2016-12-24 04:24:02.287809 7f61dd8f8700  0 mds.0.cache creating system inode with ino:603
2016-12-24 04:24:02.287933 7f61dd8f8700  0 mds.0.cache creating system inode with ino:604
2016-12-24 04:24:02.288059 7f61dd8f8700  0 mds.0.cache creating system inode with ino:605
2016-12-24 04:24:02.288157 7f61dd8f8700  0 mds.0.cache creating system inode with ino:606
2016-12-24 04:24:02.288251 7f61dd8f8700  0 mds.0.cache creating system inode with ino:607
2016-12-24 04:24:02.288341 7f61dd8f8700  0 mds.0.cache creating system inode with ino:608
2016-12-24 04:24:02.288468 7f61dd8f8700  0 mds.0.cache creating system inode with ino:609
2016-12-24 04:26:26.012937 7f61df877700  0 -- 192.168.140.188:6800/4027833654 >> 192.168.140.230:6800/721431275 conn(0x7f61ee8f5800 :6800 s=STATE_ACCEPTING_WAIT_CONNECT_MSG_AUTH pgs=0 cs=0 l=0).handle_connect_msg accept connect_seq 0 vs existing csq=0 existing_state=STATE_CONNECTING_WAIT_CONNECT_REPLY
2016-12-24 04:26:26.013363 7f61df877700  0 -- 192.168.140.188:6800/4027833654 >> 192.168.140.230:6800/721431275 conn(0x7f61ee8f5800 :6800 s=STATE_ACCEPTING_WAIT_CONNECT_MSG pgs=0 cs=0 l=0).fault with nothing to send and in the half  accept state just closed
