2016-11-27 22:06:03  /entrypoint.sh: static: does not generate config
HEALTH_WARN too few PGs per OSD (8 < min 30)
2016-11-27 22:06:04  /entrypoint.sh: static: does not generate admin key
2016-11-27 22:06:05  /entrypoint.sh: SUCCESS
2016-11-27 22:06:05.392082 7f5d38634300  0 set uid:gid to 64045:64045 (ceph:ceph)
2016-11-27 22:06:05.392125 7f5d38634300  0 ceph version 11.0.2-1332-gf628bac (f628bac31aa0b5b2696b8defc4aa18d4bc2ef757), process ceph-mds, pid 85
starting mds.issdm-15 at -
2016-11-27 22:06:05.394378 7f5d38634300  0 pidfile_write: ignore empty --pid-file
2016-11-27 22:07:24.024385 7f5d3103e700  0 mds.2.cache creating system inode with ino:102
2016-11-27 22:07:24.024537 7f5d3103e700  0 mds.2.cache creating system inode with ino:614
2016-11-27 22:07:24.025025 7f5d3103e700  0 mds.2.cache creating system inode with ino:615
2016-11-27 22:07:24.025477 7f5d3103e700  0 mds.2.cache creating system inode with ino:616
2016-11-27 22:07:24.025851 7f5d3103e700  0 mds.2.cache creating system inode with ino:617
2016-11-27 22:07:24.026249 7f5d3103e700  0 mds.2.cache creating system inode with ino:618
2016-11-27 22:07:24.026478 7f5d3103e700  0 mds.2.cache creating system inode with ino:619
2016-11-27 22:07:24.026683 7f5d3103e700  0 mds.2.cache creating system inode with ino:61a
2016-11-27 22:07:24.026906 7f5d3103e700  0 mds.2.cache creating system inode with ino:61b
2016-11-27 22:07:24.027087 7f5d3103e700  0 mds.2.cache creating system inode with ino:61c
2016-11-27 22:07:24.027300 7f5d3103e700  0 mds.2.cache creating system inode with ino:61d
2016-11-27 22:07:25.089893 7f5d32fbd700  0 -- 192.168.140.248:6800/3378670759 >> 192.168.140.188:6800/476753291 conn(0x7f5d431c0000 :6800 s=STATE_ACCEPTING_WAIT_CONNECT_MSG_AUTH pgs=0 cs=0 l=0).handle_connect_msg accept connect_seq 0 vs existing csq=0 existing_state=STATE_CONNECTING
