2017-04-02 01:25:55  /entrypoint.sh: static: does not generate config
HEALTH_WARN too few PGs per OSD (10 < min 30)
2017-04-02 01:25:56  /entrypoint.sh: static: does not generate admin key
2017-04-02 01:25:56  /entrypoint.sh: SUCCESS
2017-04-02 01:25:56.463553 7f7a7bda3300  0 set uid:gid to 64045:64045 (ceph:ceph)
2017-04-02 01:25:56.463598 7f7a7bda3300  0 ceph version 9.0.0-18993-g11a2122 (11a2122891eabb0d29c573ba1bc816c13c1a9064), process ceph-mds, pid 88
starting mds.issdm-18 at -
2017-04-02 01:25:56.465793 7f7a7bda3300  0 pidfile_write: ignore empty --pid-file
2017-04-02 01:26:38.565712 7f7a747ab700  0 mds.1.cache creating system inode with ino:101
2017-04-02 01:26:38.565885 7f7a747ab700  0 mds.1.cache creating system inode with ino:60a
2017-04-02 01:26:38.566163 7f7a747ab700  0 mds.1.cache creating system inode with ino:60b
2017-04-02 01:26:38.566267 7f7a747ab700  0 mds.1.cache creating system inode with ino:60c
2017-04-02 01:26:38.566553 7f7a747ab700  0 mds.1.cache creating system inode with ino:60d
2017-04-02 01:26:38.566671 7f7a747ab700  0 mds.1.cache creating system inode with ino:60e
2017-04-02 01:26:38.566787 7f7a747ab700  0 mds.1.cache creating system inode with ino:60f
2017-04-02 01:26:38.566910 7f7a747ab700  0 mds.1.cache creating system inode with ino:610
2017-04-02 01:26:38.567010 7f7a747ab700  0 mds.1.cache creating system inode with ino:611
2017-04-02 01:26:38.567114 7f7a747ab700  0 mds.1.cache creating system inode with ino:612
2017-04-02 01:26:38.567243 7f7a747ab700  0 mds.1.cache creating system inode with ino:613
2017-04-02 01:26:39.772285 7f7a7772c700  0 -- 192.168.140.230:6800/1911413770 >> 192.168.140.188:6800/3280303566 conn(0x7f7a86020000 :6800 s=STATE_ACCEPTING_WAIT_CONNECT_MSG_AUTH pgs=0 cs=0 l=0).handle_connect_msg accept connect_seq 0 vs existing csq=0 existing_state=STATE_CONNECTING_WAIT_CONNECT_REPLY
2017-04-02 01:26:39.772686 7f7a7772c700  0 -- 192.168.140.230:6800/1911413770 >> 192.168.140.188:6800/3280303566 conn(0x7f7a86020000 :6800 s=STATE_ACCEPTING_WAIT_CONNECT_MSG pgs=0 cs=0 l=0).fault with nothing to send and in the half  accept state just closed
