2017-04-02 01:25:16  /entrypoint.sh: static: does not generate config
HEALTH_WARN too few PGs per OSD (10 < min 30)
2017-04-02 01:25:17  /entrypoint.sh: static: does not generate admin key
2017-04-02 01:25:18  /entrypoint.sh: SUCCESS
2017-04-02 01:25:18.193336 7f125650d300  0 set uid:gid to 64045:64045 (ceph:ceph)
2017-04-02 01:25:18.193379 7f125650d300  0 ceph version 9.0.0-18993-g11a2122 (11a2122891eabb0d29c573ba1bc816c13c1a9064), process ceph-mds, pid 87
starting mds.issdm-15 at -
2017-04-02 01:25:18.195442 7f125650d300  0 pidfile_write: ignore empty --pid-file
2017-04-02 01:26:38.564624 7f124ef15700  0 mds.2.cache creating system inode with ino:102
2017-04-02 01:26:38.564764 7f124ef15700  0 mds.2.cache creating system inode with ino:614
2017-04-02 01:26:38.565012 7f124ef15700  0 mds.2.cache creating system inode with ino:615
2017-04-02 01:26:38.565108 7f124ef15700  0 mds.2.cache creating system inode with ino:616
2017-04-02 01:26:38.565393 7f124ef15700  0 mds.2.cache creating system inode with ino:617
2017-04-02 01:26:38.565666 7f124ef15700  0 mds.2.cache creating system inode with ino:618
2017-04-02 01:26:38.565785 7f124ef15700  0 mds.2.cache creating system inode with ino:619
2017-04-02 01:26:38.565914 7f124ef15700  0 mds.2.cache creating system inode with ino:61a
2017-04-02 01:26:38.566013 7f124ef15700  0 mds.2.cache creating system inode with ino:61b
2017-04-02 01:26:38.566111 7f124ef15700  0 mds.2.cache creating system inode with ino:61c
2017-04-02 01:26:38.566220 7f124ef15700  0 mds.2.cache creating system inode with ino:61d
2017-04-02 01:26:43.255844 7f1251e96700  0 -- 192.168.140.248:6800/2254008358 >> 192.168.140.188:6800/3280303566 conn(0x7f125f830000 :6800 s=STATE_ACCEPTING_WAIT_CONNECT_MSG_AUTH pgs=0 cs=0 l=0).handle_connect_msg accept connect_seq 0 vs existing csq=0 existing_state=STATE_CONNECTING_WAIT_BANNER_AND_IDENTIFY
2017-04-02 01:26:43.256114 7f1251e96700  0 -- 192.168.140.248:6800/2254008358 >> 192.168.140.188:6800/3280303566 conn(0x7f125f830000 :6800 s=STATE_ACCEPTING_WAIT_CONNECT_MSG pgs=0 cs=0 l=0).fault with nothing to send and in the half  accept state just closed
