2016-12-23 16:44:28  /entrypoint.sh: static: does not generate config
HEALTH_WARN too few PGs per OSD (10 < min 30)
2016-12-23 16:44:28  /entrypoint.sh: static: does not generate admin key
2016-12-23 16:44:29  /entrypoint.sh: SUCCESS
2016-12-23 16:44:29.184607 7f0d0e8ea300  0 set uid:gid to 64045:64045 (ceph:ceph)
2016-12-23 16:44:29.184651 7f0d0e8ea300  0 ceph version 9.0.0-18991-gec12610 (ec12610bb1358fb2eab74cb7b0483c2613bae38f), process ceph-mds, pid 87
starting mds.issdm-18 at -
2016-12-23 16:44:29.186835 7f0d0e8ea300  0 pidfile_write: ignore empty --pid-file
2016-12-23 16:45:15.028839 7f0d072f4700  0 mds.1.cache creating system inode with ino:101
2016-12-23 16:45:15.028985 7f0d072f4700  0 mds.1.cache creating system inode with ino:60a
2016-12-23 16:45:15.029262 7f0d072f4700  0 mds.1.cache creating system inode with ino:60b
2016-12-23 16:45:15.029374 7f0d072f4700  0 mds.1.cache creating system inode with ino:60c
2016-12-23 16:45:15.029507 7f0d072f4700  0 mds.1.cache creating system inode with ino:60d
2016-12-23 16:45:15.030007 7f0d072f4700  0 mds.1.cache creating system inode with ino:60e
2016-12-23 16:45:15.030287 7f0d072f4700  0 mds.1.cache creating system inode with ino:60f
2016-12-23 16:45:15.030428 7f0d072f4700  0 mds.1.cache creating system inode with ino:610
2016-12-23 16:45:15.030552 7f0d072f4700  0 mds.1.cache creating system inode with ino:611
2016-12-23 16:45:15.030683 7f0d072f4700  0 mds.1.cache creating system inode with ino:612
2016-12-23 16:45:15.030810 7f0d072f4700  0 mds.1.cache creating system inode with ino:613
2016-12-23 16:45:16.092698 7f0d0a275700  0 -- 192.168.140.230:6800/2028324477 >> 192.168.140.188:6800/3359605308 conn(0x7f0d18fe8000 :6800 s=STATE_ACCEPTING_WAIT_CONNECT_MSG_AUTH pgs=0 cs=0 l=0).handle_connect_msg accept connect_seq 0 vs existing csq=0 existing_state=STATE_CONNECTING
