2016-12-23 16:43:11  /entrypoint.sh: static: does not generate config
HEALTH_WARN too few PGs per OSD (8 < min 30)
2016-12-23 16:43:12  /entrypoint.sh: static: does not generate admin key
pool 'cephfs_data' created
pool 'cephfs_metadata' created
new fs with metadata pool 2 and data pool 1
2016-12-23 16:43:16  /entrypoint.sh: SUCCESS
2016-12-23 16:43:16.193830 7fe68bc65300  0 set uid:gid to 64045:64045 (ceph:ceph)
2016-12-23 16:43:16.193869 7fe68bc65300  0 ceph version 9.0.0-18991-gec12610 (ec12610bb1358fb2eab74cb7b0483c2613bae38f), process ceph-mds, pid 198
starting mds.issdm-12 at -
2016-12-23 16:43:16.196050 7fe68bc65300  0 pidfile_write: ignore empty --pid-file
2016-12-23 16:43:20.760785 7fe68466f700  0 mds.0.cache creating system inode with ino:1
2016-12-23 16:43:20.761063 7fe68466f700  0 mds.0.cache creating system inode with ino:100
2016-12-23 16:43:20.761084 7fe68466f700  0 mds.0.cache creating system inode with ino:600
2016-12-23 16:43:20.761262 7fe68466f700  0 mds.0.cache creating system inode with ino:601
2016-12-23 16:43:20.761354 7fe68466f700  0 mds.0.cache creating system inode with ino:602
2016-12-23 16:43:20.761610 7fe68466f700  0 mds.0.cache creating system inode with ino:603
2016-12-23 16:43:20.761722 7fe68466f700  0 mds.0.cache creating system inode with ino:604
2016-12-23 16:43:20.761848 7fe68466f700  0 mds.0.cache creating system inode with ino:605
2016-12-23 16:43:20.761940 7fe68466f700  0 mds.0.cache creating system inode with ino:606
2016-12-23 16:43:20.762033 7fe68466f700  0 mds.0.cache creating system inode with ino:607
2016-12-23 16:43:20.762123 7fe68466f700  0 mds.0.cache creating system inode with ino:608
2016-12-23 16:43:20.762245 7fe68466f700  0 mds.0.cache creating system inode with ino:609
2016-12-23 16:45:16.093289 7fe6865ee700  0 -- 192.168.140.188:6800/3359605308 >> 192.168.140.230:6800/2028324477 conn(0x7fe6958cd800 :6800 s=STATE_ACCEPTING_WAIT_CONNECT_MSG_AUTH pgs=0 cs=0 l=0).handle_connect_msg accept connect_seq 0 vs existing csq=0 existing_state=STATE_CONNECTING_RE
2016-12-23 16:45:16.093518 7fe6865ee700  0 -- 192.168.140.188:6800/3359605308 >> 192.168.140.230:6800/2028324477 conn(0x7fe6958cd800 :6800 s=STATE_ACCEPTING_WAIT_CONNECT_MSG pgs=0 cs=0 l=0).fault with nothing to send and in the half  accept state just closed
