2016-12-26 11:32:40  /entrypoint.sh: static: does not generate config
HEALTH_WARN too few PGs per OSD (10 < min 30)
2016-12-26 11:32:40  /entrypoint.sh: static: does not generate admin key
2016-12-26 11:32:41  /entrypoint.sh: SUCCESS
2016-12-26 11:32:41.288760 7fc885094300  0 set uid:gid to 64045:64045 (ceph:ceph)
2016-12-26 11:32:41.288801 7fc885094300  0 ceph version 9.0.0-18991-gec12610 (ec12610bb1358fb2eab74cb7b0483c2613bae38f), process ceph-mds, pid 88
starting mds.issdm-15 at -
2016-12-26 11:32:41.290745 7fc885094300  0 pidfile_write: ignore empty --pid-file
2016-12-26 11:34:31.054473 7fc87da9e700  0 mds.2.cache creating system inode with ino:102
2016-12-26 11:34:31.054613 7fc87da9e700  0 mds.2.cache creating system inode with ino:614
2016-12-26 11:34:31.055046 7fc87da9e700  0 mds.2.cache creating system inode with ino:615
2016-12-26 11:34:31.055445 7fc87da9e700  0 mds.2.cache creating system inode with ino:616
2016-12-26 11:34:31.055673 7fc87da9e700  0 mds.2.cache creating system inode with ino:617
2016-12-26 11:34:31.056060 7fc87da9e700  0 mds.2.cache creating system inode with ino:618
2016-12-26 11:34:31.056327 7fc87da9e700  0 mds.2.cache creating system inode with ino:619
2016-12-26 11:34:31.057434 7fc87da9e700  0 mds.2.cache creating system inode with ino:61a
2016-12-26 11:34:31.057750 7fc87da9e700  0 mds.2.cache creating system inode with ino:61b
2016-12-26 11:34:31.057862 7fc87da9e700  0 mds.2.cache creating system inode with ino:61c
2016-12-26 11:34:31.057988 7fc87da9e700  0 mds.2.cache creating system inode with ino:61d
2016-12-26 11:34:35.336901 7fc880a1f700  0 -- 192.168.140.248:6800/4124744233 >> 192.168.140.188:6800/701342814 conn(0x7fc88dd9a000 :6800 s=STATE_ACCEPTING_WAIT_CONNECT_MSG_AUTH pgs=0 cs=0 l=0).handle_connect_msg accept connect_seq 0 vs existing csq=0 existing_state=STATE_CONNECTING_WAIT_BANNER_AND_IDENTIFY
2016-12-26 11:34:35.337273 7fc880a1f700  0 -- 192.168.140.248:6800/4124744233 >> 192.168.140.188:6800/701342814 conn(0x7fc88dd9a000 :6800 s=STATE_ACCEPTING_WAIT_CONNECT_MSG pgs=0 cs=0 l=0).fault with nothing to send and in the half  accept state just closed
