2016-12-26 11:32:02  /entrypoint.sh: static: does not generate config
HEALTH_WARN too few PGs per OSD (8 < min 30)
2016-12-26 11:32:05  /entrypoint.sh: static: does not generate admin key
pool 'cephfs_data' created
pool 'cephfs_metadata' created
new fs with metadata pool 2 and data pool 1
2016-12-26 11:32:09  /entrypoint.sh: SUCCESS
2016-12-26 11:32:09.570947 7fa3da841300  0 set uid:gid to 64045:64045 (ceph:ceph)
2016-12-26 11:32:09.570992 7fa3da841300  0 ceph version 9.0.0-18991-gec12610 (ec12610bb1358fb2eab74cb7b0483c2613bae38f), process ceph-mds, pid 197
starting mds.issdm-12 at -
2016-12-26 11:32:09.596076 7fa3da841300  0 pidfile_write: ignore empty --pid-file
2016-12-26 11:32:14.734352 7fa3d324b700  0 mds.0.cache creating system inode with ino:1
2016-12-26 11:32:14.736811 7fa3d324b700  0 mds.0.cache creating system inode with ino:100
2016-12-26 11:32:14.736846 7fa3d324b700  0 mds.0.cache creating system inode with ino:600
2016-12-26 11:32:14.737288 7fa3d324b700  0 mds.0.cache creating system inode with ino:601
2016-12-26 11:32:14.737418 7fa3d324b700  0 mds.0.cache creating system inode with ino:602
2016-12-26 11:32:14.772098 7fa3d324b700  0 mds.0.cache creating system inode with ino:603
2016-12-26 11:32:14.772461 7fa3d324b700  0 mds.0.cache creating system inode with ino:604
2016-12-26 11:32:14.772831 7fa3d324b700  0 mds.0.cache creating system inode with ino:605
2016-12-26 11:32:14.773234 7fa3d324b700  0 mds.0.cache creating system inode with ino:606
2016-12-26 11:32:14.773612 7fa3d324b700  0 mds.0.cache creating system inode with ino:607
2016-12-26 11:32:14.773940 7fa3d324b700  0 mds.0.cache creating system inode with ino:608
2016-12-26 11:32:14.774310 7fa3d324b700  0 mds.0.cache creating system inode with ino:609
2016-12-26 11:34:32.137443 7fa3d59cb700  0 -- 192.168.140.188:6800/701342814 >> - conn(0x7fa3e4810800 :6800 s=STATE_ACCEPTING_WAIT_BANNER_ADDR pgs=0 cs=0 l=0).fault with nothing to send and in the half  accept state just closed
2016-12-26 11:34:35.338908 7fa3d61cc700  0 -- 192.168.140.188:6800/701342814 >> 192.168.140.248:6800/4124744233 conn(0x7fa3e480f000 :6800 s=STATE_ACCEPTING_WAIT_CONNECT_MSG_AUTH pgs=0 cs=0 l=0).handle_connect_msg accept connect_seq 0 vs existing csq=0 existing_state=STATE_CONNECTING
