2016-12-23 17:08:08  /entrypoint.sh: static: does not generate config
HEALTH_WARN too few PGs per OSD (10 < min 30)
2016-12-23 17:08:09  /entrypoint.sh: static: does not generate admin key
2016-12-23 17:08:09  /entrypoint.sh: SUCCESS
2016-12-23 17:08:09.879537 7f4694df5300  0 set uid:gid to 64045:64045 (ceph:ceph)
2016-12-23 17:08:09.879575 7f4694df5300  0 ceph version 9.0.0-18991-gec12610 (ec12610bb1358fb2eab74cb7b0483c2613bae38f), process ceph-mds, pid 88
starting mds.issdm-15 at -
2016-12-23 17:08:09.881606 7f4694df5300  0 pidfile_write: ignore empty --pid-file
2016-12-23 17:09:33.780740 7f468d7ff700  0 mds.2.cache creating system inode with ino:102
2016-12-23 17:09:33.780871 7f468d7ff700  0 mds.2.cache creating system inode with ino:614
2016-12-23 17:09:33.781098 7f468d7ff700  0 mds.2.cache creating system inode with ino:615
2016-12-23 17:09:33.781192 7f468d7ff700  0 mds.2.cache creating system inode with ino:616
2016-12-23 17:09:33.781455 7f468d7ff700  0 mds.2.cache creating system inode with ino:617
2016-12-23 17:09:33.781564 7f468d7ff700  0 mds.2.cache creating system inode with ino:618
2016-12-23 17:09:33.781673 7f468d7ff700  0 mds.2.cache creating system inode with ino:619
2016-12-23 17:09:33.781799 7f468d7ff700  0 mds.2.cache creating system inode with ino:61a
2016-12-23 17:09:33.781890 7f468d7ff700  0 mds.2.cache creating system inode with ino:61b
2016-12-23 17:09:33.781981 7f468d7ff700  0 mds.2.cache creating system inode with ino:61c
2016-12-23 17:09:33.782088 7f468d7ff700  0 mds.2.cache creating system inode with ino:61d
2016-12-23 17:24:36.157149 7f4690780700  0 -- 192.168.140.248:6800/3426978909 >> 192.168.140.230:6800/2496517619 conn(0x7f469e9a8800 :6800 s=STATE_OPEN pgs=9 cs=1 l=0).fault with nothing to send, going to standby
