2016-12-26 12:10:02  /entrypoint.sh: static: does not generate config
HEALTH_WARN too few PGs per OSD (10 < min 30)
2016-12-26 12:10:03  /entrypoint.sh: static: does not generate admin key
2016-12-26 12:10:03  /entrypoint.sh: SUCCESS
2016-12-26 12:10:03.940944 7f6a8798b300  0 set uid:gid to 64045:64045 (ceph:ceph)
2016-12-26 12:10:03.940987 7f6a8798b300  0 ceph version 9.0.0-18991-gec12610 (ec12610bb1358fb2eab74cb7b0483c2613bae38f), process ceph-mds, pid 87
starting mds.issdm-18 at -
2016-12-26 12:10:03.942791 7f6a8798b300  0 pidfile_write: ignore empty --pid-file
2016-12-26 12:11:14.148812 7f6a80395700  0 mds.1.cache creating system inode with ino:101
2016-12-26 12:11:14.148954 7f6a80395700  0 mds.1.cache creating system inode with ino:60a
2016-12-26 12:11:14.149230 7f6a80395700  0 mds.1.cache creating system inode with ino:60b
2016-12-26 12:11:14.149342 7f6a80395700  0 mds.1.cache creating system inode with ino:60c
2016-12-26 12:11:14.149627 7f6a80395700  0 mds.1.cache creating system inode with ino:60d
2016-12-26 12:11:14.150298 7f6a80395700  0 mds.1.cache creating system inode with ino:60e
2016-12-26 12:11:14.150474 7f6a80395700  0 mds.1.cache creating system inode with ino:60f
2016-12-26 12:11:14.150658 7f6a80395700  0 mds.1.cache creating system inode with ino:610
2016-12-26 12:11:14.151023 7f6a80395700  0 mds.1.cache creating system inode with ino:611
2016-12-26 12:11:14.151146 7f6a80395700  0 mds.1.cache creating system inode with ino:612
2016-12-26 12:11:14.151286 7f6a80395700  0 mds.1.cache creating system inode with ino:613
2016-12-26 12:11:15.195151 7f6a82b15700  0 -- 192.168.140.230:6800/490780527 >> 192.168.140.188:6800/2951878417 conn(0x7f6a90d4c000 :6800 s=STATE_ACCEPTING_WAIT_CONNECT_MSG_AUTH pgs=0 cs=0 l=0).handle_connect_msg accept connect_seq 0 vs existing csq=0 existing_state=STATE_CONNECTING_WAIT_CONNECT_REPLY
