2016-12-26 12:09:23  /entrypoint.sh: static: does not generate config
HEALTH_WARN too few PGs per OSD (10 < min 30)
2016-12-26 12:09:24  /entrypoint.sh: static: does not generate admin key
2016-12-26 12:09:24  /entrypoint.sh: SUCCESS
2016-12-26 12:09:24.847636 7fbe31228300  0 set uid:gid to 64045:64045 (ceph:ceph)
2016-12-26 12:09:24.847675 7fbe31228300  0 ceph version 9.0.0-18991-gec12610 (ec12610bb1358fb2eab74cb7b0483c2613bae38f), process ceph-mds, pid 88
starting mds.issdm-15 at -
2016-12-26 12:09:24.849617 7fbe31228300  0 pidfile_write: ignore empty --pid-file
2016-12-26 12:11:14.147878 7fbe29c32700  0 mds.2.cache creating system inode with ino:102
2016-12-26 12:11:14.148007 7fbe29c32700  0 mds.2.cache creating system inode with ino:614
2016-12-26 12:11:14.148240 7fbe29c32700  0 mds.2.cache creating system inode with ino:615
2016-12-26 12:11:14.148527 7fbe29c32700  0 mds.2.cache creating system inode with ino:616
2016-12-26 12:11:14.148645 7fbe29c32700  0 mds.2.cache creating system inode with ino:617
2016-12-26 12:11:14.148738 7fbe29c32700  0 mds.2.cache creating system inode with ino:618
2016-12-26 12:11:14.148865 7fbe29c32700  0 mds.2.cache creating system inode with ino:619
2016-12-26 12:11:14.148972 7fbe29c32700  0 mds.2.cache creating system inode with ino:61a
2016-12-26 12:11:14.149062 7fbe29c32700  0 mds.2.cache creating system inode with ino:61b
2016-12-26 12:11:14.149154 7fbe29c32700  0 mds.2.cache creating system inode with ino:61c
2016-12-26 12:11:14.149263 7fbe29c32700  0 mds.2.cache creating system inode with ino:61d
2016-12-26 12:11:18.497343 7fbe2c3b2700  0 -- 192.168.140.248:6800/1981471100 >> 192.168.140.188:6800/2951878417 conn(0x7fbe3b764000 :6800 s=STATE_ACCEPTING_WAIT_CONNECT_MSG_AUTH pgs=0 cs=0 l=0).handle_connect_msg accept connect_seq 0 vs existing csq=0 existing_state=STATE_CONNECTING
