2016-12-27 11:09:47  /entrypoint.sh: static: does not generate config
HEALTH_WARN too few PGs per OSD (10 < min 30)
2016-12-27 11:09:48  /entrypoint.sh: static: does not generate admin key
2016-12-27 11:09:48  /entrypoint.sh: SUCCESS
2016-12-27 11:09:48.566051 7f0df8f2e300  0 set uid:gid to 64045:64045 (ceph:ceph)
2016-12-27 11:09:48.566090 7f0df8f2e300  0 ceph version 9.0.0-18991-gec12610 (ec12610bb1358fb2eab74cb7b0483c2613bae38f), process ceph-mds, pid 89
starting mds.issdm-18 at -
2016-12-27 11:09:48.568092 7f0df8f2e300  0 pidfile_write: ignore empty --pid-file
2016-12-27 11:10:58.719922 7f0df1938700  0 mds.1.cache creating system inode with ino:101
2016-12-27 11:10:58.720115 7f0df1938700  0 mds.1.cache creating system inode with ino:60a
2016-12-27 11:10:58.720446 7f0df1938700  0 mds.1.cache creating system inode with ino:60b
2016-12-27 11:10:58.720550 7f0df1938700  0 mds.1.cache creating system inode with ino:60c
2016-12-27 11:10:58.720670 7f0df1938700  0 mds.1.cache creating system inode with ino:60d
2016-12-27 11:10:58.720924 7f0df1938700  0 mds.1.cache creating system inode with ino:60e
2016-12-27 11:10:58.721065 7f0df1938700  0 mds.1.cache creating system inode with ino:60f
2016-12-27 11:10:58.721259 7f0df1938700  0 mds.1.cache creating system inode with ino:610
2016-12-27 11:10:58.721355 7f0df1938700  0 mds.1.cache creating system inode with ino:611
2016-12-27 11:10:58.721474 7f0df1938700  0 mds.1.cache creating system inode with ino:612
2016-12-27 11:10:58.721595 7f0df1938700  0 mds.1.cache creating system inode with ino:613
2016-12-27 11:11:03.084459 7f0df48b9700  0 -- 192.168.140.230:6800/2419149107 >> 192.168.140.188:6800/871665277 conn(0x7f0e01e42000 :6800 s=STATE_ACCEPTING_WAIT_CONNECT_MSG_AUTH pgs=0 cs=0 l=0).handle_connect_msg accept connect_seq 0 vs existing csq=0 existing_state=STATE_CONNECTING_WAIT_CONNECT_REPLY
2016-12-27 11:11:03.084602 7f0df48b9700  0 -- 192.168.140.230:6800/2419149107 >> 192.168.140.188:6800/871665277 conn(0x7f0e01e42000 :6800 s=STATE_ACCEPTING_WAIT_CONNECT_MSG pgs=0 cs=0 l=0).fault with nothing to send and in the half  accept state just closed
