2017-04-01 23:26:33  /entrypoint.sh: static: does not generate config
HEALTH_WARN too few PGs per OSD (10 < min 30)
2017-04-01 23:26:34  /entrypoint.sh: static: does not generate admin key
2017-04-01 23:26:34  /entrypoint.sh: SUCCESS
2017-04-01 23:26:34.808481 7f4a63f08300  0 set uid:gid to 64045:64045 (ceph:ceph)
2017-04-01 23:26:34.808522 7f4a63f08300  0 ceph version 9.0.0-18993-g11a2122 (11a2122891eabb0d29c573ba1bc816c13c1a9064), process ceph-mds, pid 87
starting mds.issdm-15 at -
2017-04-01 23:26:34.810194 7f4a63f08300  0 pidfile_write: ignore empty --pid-file
2017-04-01 23:27:54.566382 7f4a5c910700  0 mds.2.cache creating system inode with ino:102
2017-04-01 23:27:54.566515 7f4a5c910700  0 mds.2.cache creating system inode with ino:614
2017-04-01 23:27:54.566754 7f4a5c910700  0 mds.2.cache creating system inode with ino:615
2017-04-01 23:27:54.566849 7f4a5c910700  0 mds.2.cache creating system inode with ino:616
2017-04-01 23:27:54.567121 7f4a5c910700  0 mds.2.cache creating system inode with ino:617
2017-04-01 23:27:54.567235 7f4a5c910700  0 mds.2.cache creating system inode with ino:618
2017-04-01 23:27:54.567345 7f4a5c910700  0 mds.2.cache creating system inode with ino:619
2017-04-01 23:27:54.567469 7f4a5c910700  0 mds.2.cache creating system inode with ino:61a
2017-04-01 23:27:54.567560 7f4a5c910700  0 mds.2.cache creating system inode with ino:61b
2017-04-01 23:27:54.567652 7f4a5c910700  0 mds.2.cache creating system inode with ino:61c
2017-04-01 23:27:54.567759 7f4a5c910700  0 mds.2.cache creating system inode with ino:61d
2017-04-01 23:27:55.940308 7f4a5f090700  0 -- 192.168.140.248:6800/1169625042 >> 192.168.140.188:6800/394845766 conn(0x7f4a6cf3a000 :6800 s=STATE_ACCEPTING_WAIT_CONNECT_MSG_AUTH pgs=0 cs=0 l=0).handle_connect_msg accept connect_seq 0 vs existing csq=0 existing_state=STATE_CONNECTING_WAIT_CONNECT_REPLY
