2016-12-23 19:46:01  /entrypoint.sh: static: does not generate config
HEALTH_WARN too few PGs per OSD (8 < min 30)
2016-12-23 19:46:02  /entrypoint.sh: static: does not generate admin key
pool 'cephfs_data' created
pool 'cephfs_metadata' created
new fs with metadata pool 2 and data pool 1
2016-12-23 19:46:05  /entrypoint.sh: SUCCESS
2016-12-23 19:46:05.745362 7f205e477300  0 set uid:gid to 64045:64045 (ceph:ceph)
2016-12-23 19:46:05.745401 7f205e477300  0 ceph version 9.0.0-18991-gec12610 (ec12610bb1358fb2eab74cb7b0483c2613bae38f), process ceph-mds, pid 197
starting mds.issdm-12 at -
2016-12-23 19:46:05.748887 7f205e477300  0 pidfile_write: ignore empty --pid-file
2016-12-23 19:46:10.376958 7f2056e81700  0 mds.0.cache creating system inode with ino:1
2016-12-23 19:46:10.377272 7f2056e81700  0 mds.0.cache creating system inode with ino:100
2016-12-23 19:46:10.377295 7f2056e81700  0 mds.0.cache creating system inode with ino:600
2016-12-23 19:46:10.377508 7f2056e81700  0 mds.0.cache creating system inode with ino:601
2016-12-23 19:46:10.377615 7f2056e81700  0 mds.0.cache creating system inode with ino:602
2016-12-23 19:46:10.377892 7f2056e81700  0 mds.0.cache creating system inode with ino:603
2016-12-23 19:46:10.378033 7f2056e81700  0 mds.0.cache creating system inode with ino:604
2016-12-23 19:46:10.378185 7f2056e81700  0 mds.0.cache creating system inode with ino:605
2016-12-23 19:46:10.378301 7f2056e81700  0 mds.0.cache creating system inode with ino:606
2016-12-23 19:46:10.378410 7f2056e81700  0 mds.0.cache creating system inode with ino:607
2016-12-23 19:46:10.378528 7f2056e81700  0 mds.0.cache creating system inode with ino:608
2016-12-23 19:46:10.378679 7f2056e81700  0 mds.0.cache creating system inode with ino:609
2016-12-23 19:48:11.505818 7f2059e02700  0 -- 192.168.140.188:6800/514848252 >> 192.168.140.230:6800/2442472136 conn(0x7f20680c5000 :6800 s=STATE_ACCEPTING_WAIT_CONNECT_MSG_AUTH pgs=0 cs=0 l=0).handle_connect_msg accept connect_seq 0 vs existing csq=0 existing_state=STATE_CONNECTING
