2016-12-23 19:47:18  /entrypoint.sh: static: does not generate config
HEALTH_WARN too few PGs per OSD (10 < min 30)
2016-12-23 19:47:19  /entrypoint.sh: static: does not generate admin key
2016-12-23 19:47:19  /entrypoint.sh: SUCCESS
2016-12-23 19:47:19.993500 7f904adc0300  0 set uid:gid to 64045:64045 (ceph:ceph)
2016-12-23 19:47:19.993539 7f904adc0300  0 ceph version 9.0.0-18991-gec12610 (ec12610bb1358fb2eab74cb7b0483c2613bae38f), process ceph-mds, pid 87
starting mds.issdm-18 at -
2016-12-23 19:47:19.995694 7f904adc0300  0 pidfile_write: ignore empty --pid-file
2016-12-23 19:48:10.457578 7f90437ca700  0 mds.1.cache creating system inode with ino:101
2016-12-23 19:48:10.457726 7f90437ca700  0 mds.1.cache creating system inode with ino:60a
2016-12-23 19:48:10.458285 7f90437ca700  0 mds.1.cache creating system inode with ino:60b
2016-12-23 19:48:10.458447 7f90437ca700  0 mds.1.cache creating system inode with ino:60c
2016-12-23 19:48:10.458576 7f90437ca700  0 mds.1.cache creating system inode with ino:60d
2016-12-23 19:48:10.458875 7f90437ca700  0 mds.1.cache creating system inode with ino:60e
2016-12-23 19:48:10.459223 7f90437ca700  0 mds.1.cache creating system inode with ino:60f
2016-12-23 19:48:10.459485 7f90437ca700  0 mds.1.cache creating system inode with ino:610
2016-12-23 19:48:10.459784 7f90437ca700  0 mds.1.cache creating system inode with ino:611
2016-12-23 19:48:10.460070 7f90437ca700  0 mds.1.cache creating system inode with ino:612
2016-12-23 19:48:10.460412 7f90437ca700  0 mds.1.cache creating system inode with ino:613
2016-12-23 19:48:11.502829 7f9045749700  0 -- 192.168.140.230:6800/2442472136 >> 192.168.140.188:6800/514848252 conn(0x7f9055086000 :6800 s=STATE_ACCEPTING_WAIT_CONNECT_MSG_AUTH pgs=0 cs=0 l=0).handle_connect_msg accept connect_seq 0 vs existing csq=0 existing_state=STATE_CONNECTING_WAIT_BANNER_AND_IDENTIFY
2016-12-23 19:48:11.503466 7f9045749700  0 -- 192.168.140.230:6800/2442472136 >> 192.168.140.188:6800/514848252 conn(0x7f9055086000 :6800 s=STATE_ACCEPTING_WAIT_CONNECT_MSG pgs=0 cs=0 l=0).fault with nothing to send and in the half  accept state just closed
