2016-12-24 09:04:24  /entrypoint.sh: static: does not generate config
HEALTH_WARN too few PGs per OSD (8 < min 30)
2016-12-24 09:04:25  /entrypoint.sh: static: does not generate admin key
pool 'cephfs_data' created
pool 'cephfs_metadata' created
new fs with metadata pool 2 and data pool 1
2016-12-24 09:04:29  /entrypoint.sh: SUCCESS
2016-12-24 09:04:29.336003 7efcda0a0300  0 set uid:gid to 64045:64045 (ceph:ceph)
2016-12-24 09:04:29.340301 7efcda0a0300  0 ceph version 9.0.0-18991-gec12610 (ec12610bb1358fb2eab74cb7b0483c2613bae38f), process ceph-mds, pid 198
starting mds.issdm-12 at -
2016-12-24 09:04:29.353491 7efcda0a0300  0 pidfile_write: ignore empty --pid-file
2016-12-24 09:04:33.603693 7efcd2aaa700  0 mds.0.cache creating system inode with ino:1
2016-12-24 09:04:33.634680 7efcd2aaa700  0 mds.0.cache creating system inode with ino:100
2016-12-24 09:04:33.634991 7efcd2aaa700  0 mds.0.cache creating system inode with ino:600
2016-12-24 09:04:33.635349 7efcd2aaa700  0 mds.0.cache creating system inode with ino:601
2016-12-24 09:04:33.635460 7efcd2aaa700  0 mds.0.cache creating system inode with ino:602
2016-12-24 09:04:33.643835 7efcd2aaa700  0 mds.0.cache creating system inode with ino:603
2016-12-24 09:04:33.644068 7efcd2aaa700  0 mds.0.cache creating system inode with ino:604
2016-12-24 09:04:33.644200 7efcd2aaa700  0 mds.0.cache creating system inode with ino:605
2016-12-24 09:04:33.644295 7efcd2aaa700  0 mds.0.cache creating system inode with ino:606
2016-12-24 09:04:33.644388 7efcd2aaa700  0 mds.0.cache creating system inode with ino:607
2016-12-24 09:04:33.644481 7efcd2aaa700  0 mds.0.cache creating system inode with ino:608
2016-12-24 09:04:33.644635 7efcd2aaa700  0 mds.0.cache creating system inode with ino:609
2016-12-24 09:06:57.625400 7efcd5a2b700  0 -- 192.168.140.188:6800/3793317934 >> 192.168.140.248:6800/103649208 conn(0x7efce42c5800 :6800 s=STATE_ACCEPTING_WAIT_CONNECT_MSG_AUTH pgs=0 cs=0 l=0).handle_connect_msg accept connect_seq 0 vs existing csq=0 existing_state=STATE_CONNECTING_WAIT_CONNECT_REPLY
2016-12-24 09:06:57.625538 7efcd5a2b700  0 -- 192.168.140.188:6800/3793317934 >> 192.168.140.248:6800/103649208 conn(0x7efce42c5800 :6800 s=STATE_ACCEPTING_WAIT_CONNECT_MSG pgs=0 cs=0 l=0).fault with nothing to send and in the half  accept state just closed
