2016-12-24 09:05:00  /entrypoint.sh: static: does not generate config
HEALTH_WARN too few PGs per OSD (10 < min 30)
2016-12-24 09:05:01  /entrypoint.sh: static: does not generate admin key
2016-12-24 09:05:01  /entrypoint.sh: SUCCESS
2016-12-24 09:05:01.820216 7ff7d0035300  0 set uid:gid to 64045:64045 (ceph:ceph)
2016-12-24 09:05:01.820256 7ff7d0035300  0 ceph version 9.0.0-18991-gec12610 (ec12610bb1358fb2eab74cb7b0483c2613bae38f), process ceph-mds, pid 88
starting mds.issdm-15 at -
2016-12-24 09:05:01.821959 7ff7d0035300  0 pidfile_write: ignore empty --pid-file
2016-12-24 09:06:56.563215 7ff7c8a3f700  0 mds.2.cache creating system inode with ino:102
2016-12-24 09:06:56.563355 7ff7c8a3f700  0 mds.2.cache creating system inode with ino:614
2016-12-24 09:06:56.563919 7ff7c8a3f700  0 mds.2.cache creating system inode with ino:615
2016-12-24 09:06:56.564563 7ff7c8a3f700  0 mds.2.cache creating system inode with ino:616
2016-12-24 09:06:56.564816 7ff7c8a3f700  0 mds.2.cache creating system inode with ino:617
2016-12-24 09:06:56.565077 7ff7c8a3f700  0 mds.2.cache creating system inode with ino:618
2016-12-24 09:06:56.565300 7ff7c8a3f700  0 mds.2.cache creating system inode with ino:619
2016-12-24 09:06:56.565476 7ff7c8a3f700  0 mds.2.cache creating system inode with ino:61a
2016-12-24 09:06:56.565687 7ff7c8a3f700  0 mds.2.cache creating system inode with ino:61b
2016-12-24 09:06:56.565908 7ff7c8a3f700  0 mds.2.cache creating system inode with ino:61c
2016-12-24 09:06:56.566230 7ff7c8a3f700  0 mds.2.cache creating system inode with ino:61d
2016-12-24 09:06:57.625294 7ff7cb9c0700  0 -- 192.168.140.248:6800/103649208 >> 192.168.140.188:6800/3793317934 conn(0x7ff7da912000 :6800 s=STATE_ACCEPTING_WAIT_CONNECT_MSG_AUTH pgs=0 cs=0 l=0).handle_connect_msg accept connect_seq 0 vs existing csq=0 existing_state=STATE_CONNECTING_WAIT_CONNECT_REPLY
2016-12-24 09:21:59.404912 7ff7ca9be700  0 -- 192.168.140.248:6800/103649208 >> 192.168.140.230:6800/964221746 conn(0x7ff7da96c000 :-1 s=STATE_OPEN pgs=9 cs=1 l=0).fault with nothing to send, going to standby
