2016-12-27 14:48:33  /entrypoint.sh: static: does not generate config
HEALTH_WARN too few PGs per OSD (10 < min 30)
2016-12-27 14:48:34  /entrypoint.sh: static: does not generate admin key
2016-12-27 14:48:34  /entrypoint.sh: SUCCESS
2016-12-27 14:48:34.593638 7f9af967f300  0 set uid:gid to 64045:64045 (ceph:ceph)
2016-12-27 14:48:34.593678 7f9af967f300  0 ceph version 9.0.0-18991-gec12610 (ec12610bb1358fb2eab74cb7b0483c2613bae38f), process ceph-mds, pid 88
starting mds.issdm-15 at -
2016-12-27 14:48:34.595675 7f9af967f300  0 pidfile_write: ignore empty --pid-file
2016-12-27 14:50:22.531751 7f9af2089700  0 mds.2.cache creating system inode with ino:102
2016-12-27 14:50:22.531895 7f9af2089700  0 mds.2.cache creating system inode with ino:614
2016-12-27 14:50:22.532197 7f9af2089700  0 mds.2.cache creating system inode with ino:615
2016-12-27 14:50:22.532743 7f9af2089700  0 mds.2.cache creating system inode with ino:616
2016-12-27 14:50:22.532879 7f9af2089700  0 mds.2.cache creating system inode with ino:617
2016-12-27 14:50:22.533002 7f9af2089700  0 mds.2.cache creating system inode with ino:618
2016-12-27 14:50:22.533167 7f9af2089700  0 mds.2.cache creating system inode with ino:619
2016-12-27 14:50:22.533305 7f9af2089700  0 mds.2.cache creating system inode with ino:61a
2016-12-27 14:50:22.533414 7f9af2089700  0 mds.2.cache creating system inode with ino:61b
2016-12-27 14:50:22.533520 7f9af2089700  0 mds.2.cache creating system inode with ino:61c
2016-12-27 14:50:22.533644 7f9af2089700  0 mds.2.cache creating system inode with ino:61d
2016-12-27 14:50:23.652373 7f9af500a700  0 -- 192.168.140.248:6800/1077958468 >> 192.168.140.188:6800/4054175064 conn(0x7f9b02796000 :6800 s=STATE_ACCEPTING_WAIT_CONNECT_MSG_AUTH pgs=0 cs=0 l=0).handle_connect_msg accept connect_seq 0 vs existing csq=0 existing_state=STATE_CONNECTING_WAIT_CONNECT_REPLY
2016-12-27 14:50:23.652619 7f9af500a700  0 -- 192.168.140.248:6800/1077958468 >> 192.168.140.188:6800/4054175064 conn(0x7f9b02796000 :6800 s=STATE_ACCEPTING_WAIT_CONNECT_MSG pgs=0 cs=0 l=0).fault with nothing to send and in the half  accept state just closed
