2017-03-31 02:09:21  /entrypoint.sh: static: does not generate config
HEALTH_WARN too few PGs per OSD (8 < min 30)
2017-03-31 02:09:22  /entrypoint.sh: static: does not generate admin key
pool 'cephfs_data' created
pool 'cephfs_metadata' created
new fs with metadata pool 2 and data pool 1
2017-03-31 02:09:26  /entrypoint.sh: SUCCESS
2017-03-31 02:09:26.559949 7f8d202f8300  0 set uid:gid to 64045:64045 (ceph:ceph)
2017-03-31 02:09:26.559994 7f8d202f8300  0 ceph version 9.0.0-18996-gc8198b3 (c8198b367959e5e7ccb362987ae541a526ccaf59), process ceph-mds, pid 198
starting mds.issdm-12 at -
2017-03-31 02:09:26.562231 7f8d202f8300  0 pidfile_write: ignore empty --pid-file
2017-03-31 02:09:30.923021 7f8d18cfb700  0 mds.0.cache creating system inode with ino:1
2017-03-31 02:09:30.923358 7f8d18cfb700  0 mds.0.cache creating system inode with ino:100
2017-03-31 02:09:30.923379 7f8d18cfb700  0 mds.0.cache creating system inode with ino:600
2017-03-31 02:09:30.923563 7f8d18cfb700  0 mds.0.cache creating system inode with ino:601
2017-03-31 02:09:30.923661 7f8d18cfb700  0 mds.0.cache creating system inode with ino:602
2017-03-31 02:09:30.923938 7f8d18cfb700  0 mds.0.cache creating system inode with ino:603
2017-03-31 02:09:30.924058 7f8d18cfb700  0 mds.0.cache creating system inode with ino:604
2017-03-31 02:09:30.924181 7f8d18cfb700  0 mds.0.cache creating system inode with ino:605
2017-03-31 02:09:30.924277 7f8d18cfb700  0 mds.0.cache creating system inode with ino:606
2017-03-31 02:09:30.924373 7f8d18cfb700  0 mds.0.cache creating system inode with ino:607
2017-03-31 02:09:30.924476 7f8d18cfb700  0 mds.0.cache creating system inode with ino:608
2017-03-31 02:09:30.924601 7f8d18cfb700  0 mds.0.cache creating system inode with ino:609
