2016-12-14 18:06:57  /entrypoint.sh: static: does not generate config
HEALTH_WARN too few PGs per OSD (10 < min 30)
2016-12-14 18:06:58  /entrypoint.sh: static: does not generate admin key
2016-12-14 18:06:58  /entrypoint.sh: SUCCESS
2016-12-14 18:06:58.376662 7f922e1fe300  0 set uid:gid to 64045:64045 (ceph:ceph)
2016-12-14 18:06:58.376701 7f922e1fe300  0 ceph version 11.0.2-1332-gf628bac (f628bac31aa0b5b2696b8defc4aa18d4bc2ef757), process ceph-mds, pid 89
starting mds.issdm-18 at -
2016-12-14 18:06:58.378411 7f922e1fe300  0 pidfile_write: ignore empty --pid-file
2016-12-14 18:07:50.555801 7f9226c08700  0 mds.1.cache creating system inode with ino:101
2016-12-14 18:07:50.555967 7f9226c08700  0 mds.1.cache creating system inode with ino:60a
2016-12-14 18:07:50.556382 7f9226c08700  0 mds.1.cache creating system inode with ino:60b
2016-12-14 18:07:50.556658 7f9226c08700  0 mds.1.cache creating system inode with ino:60c
2016-12-14 18:07:50.556855 7f9226c08700  0 mds.1.cache creating system inode with ino:60d
2016-12-14 18:07:50.557171 7f9226c08700  0 mds.1.cache creating system inode with ino:60e
2016-12-14 18:07:50.557580 7f9226c08700  0 mds.1.cache creating system inode with ino:60f
2016-12-14 18:07:50.557726 7f9226c08700  0 mds.1.cache creating system inode with ino:610
2016-12-14 18:07:50.557879 7f9226c08700  0 mds.1.cache creating system inode with ino:611
2016-12-14 18:07:50.558016 7f9226c08700  0 mds.1.cache creating system inode with ino:612
2016-12-14 18:07:50.558206 7f9226c08700  0 mds.1.cache creating system inode with ino:613
2016-12-14 18:07:55.687559 7f9228b87700  0 -- 192.168.140.230:6800/658357689 >> 192.168.140.248:6800/1633955674 conn(0x7f9237f10800 :6800 s=STATE_ACCEPTING_WAIT_CONNECT_MSG_AUTH pgs=0 cs=0 l=0).handle_connect_msg accept connect_seq 0 vs existing csq=0 existing_state=STATE_CONNECTING
2016-12-14 18:22:55.687845 7f9228b87700  0 -- 192.168.140.230:6800/658357689 >> 192.168.140.248:6800/1633955674 conn(0x7f9237f67800 :-1 s=STATE_OPEN pgs=11 cs=1 l=0).fault with nothing to send, going to standby
