2016-12-04 00:16:58  /entrypoint.sh: static: does not generate config
HEALTH_WARN too few PGs per OSD (7 < min 30)
2016-12-04 00:16:59  /entrypoint.sh: static: does not generate admin key
pool 'cephfs_data' created
pool 'cephfs_metadata' created
new fs with metadata pool 2 and data pool 1
2016-12-04 00:17:03  /entrypoint.sh: SUCCESS
2016-12-04 00:17:03.170909 7f68d7956300  0 set uid:gid to 64045:64045 (ceph:ceph)
2016-12-04 00:17:03.170956 7f68d7956300  0 ceph version 11.0.2-1332-gf628bac (f628bac31aa0b5b2696b8defc4aa18d4bc2ef757), process ceph-mds, pid 189
starting mds.issdm-12 at -
2016-12-04 00:17:03.173126 7f68d7956300  0 pidfile_write: ignore empty --pid-file
2016-12-04 00:17:07.492676 7f68d0360700  0 mds.0.cache creating system inode with ino:1
2016-12-04 00:17:07.492945 7f68d0360700  0 mds.0.cache creating system inode with ino:100
2016-12-04 00:17:07.492965 7f68d0360700  0 mds.0.cache creating system inode with ino:600
2016-12-04 00:17:07.493143 7f68d0360700  0 mds.0.cache creating system inode with ino:601
2016-12-04 00:17:07.493238 7f68d0360700  0 mds.0.cache creating system inode with ino:602
2016-12-04 00:17:07.493327 7f68d0360700  0 mds.0.cache creating system inode with ino:603
2016-12-04 00:17:07.493589 7f68d0360700  0 mds.0.cache creating system inode with ino:604
2016-12-04 00:17:07.493718 7f68d0360700  0 mds.0.cache creating system inode with ino:605
2016-12-04 00:17:07.493831 7f68d0360700  0 mds.0.cache creating system inode with ino:606
2016-12-04 00:17:07.493966 7f68d0360700  0 mds.0.cache creating system inode with ino:607
2016-12-04 00:17:07.494058 7f68d0360700  0 mds.0.cache creating system inode with ino:608
2016-12-04 00:17:07.494177 7f68d0360700  0 mds.0.cache creating system inode with ino:609
2016-12-04 00:18:57.805922 7f68d22df700  0 -- 192.168.140.188:6800/781146281 >> 192.168.140.248:6800/2367995730 conn(0x7f68e1f17800 :6800 s=STATE_ACCEPTING_WAIT_CONNECT_MSG_AUTH pgs=0 cs=0 l=0).handle_connect_msg accept connect_seq 0 vs existing csq=0 existing_state=STATE_CONNECTING_WAIT_CONNECT_REPLY
