2016-12-04 00:17:36  /entrypoint.sh: static: does not generate config
HEALTH_WARN too few PGs per OSD (8 < min 30)
2016-12-04 00:17:37  /entrypoint.sh: static: does not generate admin key
2016-12-04 00:17:38  /entrypoint.sh: SUCCESS
2016-12-04 00:17:38.347641 7f7295387300  0 set uid:gid to 64045:64045 (ceph:ceph)
2016-12-04 00:17:38.347696 7f7295387300  0 ceph version 11.0.2-1332-gf628bac (f628bac31aa0b5b2696b8defc4aa18d4bc2ef757), process ceph-mds, pid 85
starting mds.issdm-15 at -
2016-12-04 00:17:38.349905 7f7295387300  0 pidfile_write: ignore empty --pid-file
2016-12-04 00:18:56.726212 7f728dd91700  0 mds.2.cache creating system inode with ino:102
2016-12-04 00:18:56.726354 7f728dd91700  0 mds.2.cache creating system inode with ino:614
2016-12-04 00:18:56.726595 7f728dd91700  0 mds.2.cache creating system inode with ino:615
2016-12-04 00:18:56.726695 7f728dd91700  0 mds.2.cache creating system inode with ino:616
2016-12-04 00:18:56.726791 7f728dd91700  0 mds.2.cache creating system inode with ino:617
2016-12-04 00:18:56.727068 7f728dd91700  0 mds.2.cache creating system inode with ino:618
2016-12-04 00:18:56.727183 7f728dd91700  0 mds.2.cache creating system inode with ino:619
2016-12-04 00:18:56.727334 7f728dd91700  0 mds.2.cache creating system inode with ino:61a
2016-12-04 00:18:56.727433 7f728dd91700  0 mds.2.cache creating system inode with ino:61b
2016-12-04 00:18:56.727527 7f728dd91700  0 mds.2.cache creating system inode with ino:61c
2016-12-04 00:18:56.727639 7f728dd91700  0 mds.2.cache creating system inode with ino:61d
2016-12-04 00:18:57.806744 7f728fd10700  0 -- 192.168.140.248:6800/2367995730 >> 192.168.140.188:6800/781146281 conn(0x7f729ea92000 :6800 s=STATE_ACCEPTING_WAIT_CONNECT_MSG_AUTH pgs=0 cs=0 l=0).handle_connect_msg accept connect_seq 0 vs existing csq=0 existing_state=STATE_CONNECTING_WAIT_CONNECT_REPLY
2016-12-04 00:18:57.807292 7f728fd10700  0 -- 192.168.140.248:6800/2367995730 >> 192.168.140.188:6800/781146281 conn(0x7f729ea92000 :6800 s=STATE_ACCEPTING_WAIT_CONNECT_MSG pgs=0 cs=0 l=0).fault with nothing to send and in the half  accept state just closed
