2016-12-23 15:00:38  /entrypoint.sh: static: does not generate config
HEALTH_WARN too few PGs per OSD (8 < min 30)
2016-12-23 15:00:39  /entrypoint.sh: static: does not generate admin key
pool 'cephfs_data' created
pool 'cephfs_metadata' created
new fs with metadata pool 2 and data pool 1
2016-12-23 15:00:42  /entrypoint.sh: SUCCESS
2016-12-23 15:00:42.888266 7f10f3036300  0 set uid:gid to 64045:64045 (ceph:ceph)
2016-12-23 15:00:42.888307 7f10f3036300  0 ceph version 9.0.0-18991-gec12610 (ec12610bb1358fb2eab74cb7b0483c2613bae38f), process ceph-mds, pid 197
starting mds.issdm-12 at -
2016-12-23 15:00:42.890380 7f10f3036300  0 pidfile_write: ignore empty --pid-file
2016-12-23 15:00:47.192933 7f10eba40700  0 mds.0.cache creating system inode with ino:1
2016-12-23 15:00:47.193230 7f10eba40700  0 mds.0.cache creating system inode with ino:100
2016-12-23 15:00:47.193250 7f10eba40700  0 mds.0.cache creating system inode with ino:600
2016-12-23 15:00:47.193436 7f10eba40700  0 mds.0.cache creating system inode with ino:601
2016-12-23 15:00:47.193532 7f10eba40700  0 mds.0.cache creating system inode with ino:602
2016-12-23 15:00:47.193805 7f10eba40700  0 mds.0.cache creating system inode with ino:603
2016-12-23 15:00:47.193920 7f10eba40700  0 mds.0.cache creating system inode with ino:604
2016-12-23 15:00:47.194051 7f10eba40700  0 mds.0.cache creating system inode with ino:605
2016-12-23 15:00:47.194146 7f10eba40700  0 mds.0.cache creating system inode with ino:606
2016-12-23 15:00:47.194239 7f10eba40700  0 mds.0.cache creating system inode with ino:607
2016-12-23 15:00:47.194331 7f10eba40700  0 mds.0.cache creating system inode with ino:608
2016-12-23 15:00:47.194456 7f10eba40700  0 mds.0.cache creating system inode with ino:609
2016-12-23 15:02:40.404481 7f10ee1c0700  0 -- 192.168.140.188:6800/297580112 >> 192.168.140.248:6800/2470480347 conn(0x7f10fca0b000 :6800 s=STATE_ACCEPTING_WAIT_CONNECT_MSG_AUTH pgs=0 cs=0 l=0).handle_connect_msg accept connect_seq 0 vs existing csq=0 existing_state=STATE_CONNECTING_WAIT_CONNECT_REPLY
2016-12-23 15:02:40.404829 7f10ee1c0700  0 -- 192.168.140.188:6800/297580112 >> 192.168.140.248:6800/2470480347 conn(0x7f10fca0b000 :6800 s=STATE_ACCEPTING_WAIT_CONNECT_MSG pgs=0 cs=0 l=0).fault with nothing to send and in the half  accept state just closed
