2016-12-23 15:01:54  /entrypoint.sh: static: does not generate config
HEALTH_WARN too few PGs per OSD (10 < min 30)
2016-12-23 15:01:55  /entrypoint.sh: static: does not generate admin key
2016-12-23 15:01:55  /entrypoint.sh: SUCCESS
2016-12-23 15:01:55.819199 7fabbdb7b300  0 set uid:gid to 64045:64045 (ceph:ceph)
2016-12-23 15:01:55.819241 7fabbdb7b300  0 ceph version 9.0.0-18991-gec12610 (ec12610bb1358fb2eab74cb7b0483c2613bae38f), process ceph-mds, pid 87
starting mds.issdm-18 at -
2016-12-23 15:01:55.821355 7fabbdb7b300  0 pidfile_write: ignore empty --pid-file
2016-12-23 15:02:36.265363 7fabb6585700  0 mds.1.cache creating system inode with ino:101
2016-12-23 15:02:36.265506 7fabb6585700  0 mds.1.cache creating system inode with ino:60a
2016-12-23 15:02:36.265780 7fabb6585700  0 mds.1.cache creating system inode with ino:60b
2016-12-23 15:02:36.265895 7fabb6585700  0 mds.1.cache creating system inode with ino:60c
2016-12-23 15:02:36.266032 7fabb6585700  0 mds.1.cache creating system inode with ino:60d
2016-12-23 15:02:36.266330 7fabb6585700  0 mds.1.cache creating system inode with ino:60e
2016-12-23 15:02:36.266472 7fabb6585700  0 mds.1.cache creating system inode with ino:60f
2016-12-23 15:02:36.266607 7fabb6585700  0 mds.1.cache creating system inode with ino:610
2016-12-23 15:02:36.266721 7fabb6585700  0 mds.1.cache creating system inode with ino:611
2016-12-23 15:02:36.266830 7fabb6585700  0 mds.1.cache creating system inode with ino:612
2016-12-23 15:02:36.267027 7fabb6585700  0 mds.1.cache creating system inode with ino:613
2016-12-23 15:02:37.328791 7fabb9506700  0 -- 192.168.140.230:6800/3699945868 >> 192.168.140.188:6800/297580112 conn(0x7fabc6ac2000 :6800 s=STATE_ACCEPTING_WAIT_CONNECT_MSG_AUTH pgs=0 cs=0 l=0).handle_connect_msg accept connect_seq 0 vs existing csq=0 existing_state=STATE_CONNECTING
