2017-04-02 00:25:08  /entrypoint.sh: static: does not generate config
HEALTH_WARN too few PGs per OSD (8 < min 30)
2017-04-02 00:25:09  /entrypoint.sh: static: does not generate admin key
pool 'cephfs_data' created
pool 'cephfs_metadata' created
new fs with metadata pool 2 and data pool 1
2017-04-02 00:25:13  /entrypoint.sh: SUCCESS
2017-04-02 00:25:13.159352 7ff1dcbde300  0 set uid:gid to 64045:64045 (ceph:ceph)
2017-04-02 00:25:13.159396 7ff1dcbde300  0 ceph version 9.0.0-18993-g11a2122 (11a2122891eabb0d29c573ba1bc816c13c1a9064), process ceph-mds, pid 197
starting mds.issdm-12 at -
2017-04-02 00:25:13.161162 7ff1dcbde300  0 pidfile_write: ignore empty --pid-file
2017-04-02 00:25:17.806642 7ff1d55e6700  0 mds.0.cache creating system inode with ino:1
2017-04-02 00:25:17.807128 7ff1d55e6700  0 mds.0.cache creating system inode with ino:100
2017-04-02 00:25:17.807156 7ff1d55e6700  0 mds.0.cache creating system inode with ino:600
2017-04-02 00:25:17.807349 7ff1d55e6700  0 mds.0.cache creating system inode with ino:601
2017-04-02 00:25:17.807451 7ff1d55e6700  0 mds.0.cache creating system inode with ino:602
2017-04-02 00:25:17.807743 7ff1d55e6700  0 mds.0.cache creating system inode with ino:603
2017-04-02 00:25:17.807894 7ff1d55e6700  0 mds.0.cache creating system inode with ino:604
2017-04-02 00:25:17.808025 7ff1d55e6700  0 mds.0.cache creating system inode with ino:605
2017-04-02 00:25:17.808127 7ff1d55e6700  0 mds.0.cache creating system inode with ino:606
2017-04-02 00:25:17.808219 7ff1d55e6700  0 mds.0.cache creating system inode with ino:607
2017-04-02 00:25:17.808315 7ff1d55e6700  0 mds.0.cache creating system inode with ino:608
2017-04-02 00:25:17.808444 7ff1d55e6700  0 mds.0.cache creating system inode with ino:609
2017-04-02 00:27:07.373782 7ff1d8567700  0 -- 192.168.140.188:6800/3334935785 >> 192.168.140.230:6800/671000966 conn(0x7ff1e5d5f000 :6800 s=STATE_ACCEPTING_WAIT_CONNECT_MSG_AUTH pgs=0 cs=0 l=0).handle_connect_msg accept connect_seq 0 vs existing csq=0 existing_state=STATE_CONNECTING_WAIT_CONNECT_REPLY
2017-04-02 00:27:11.052420 7ff1d7565700  0 -- 192.168.140.188:6800/3334935785 >> 192.168.140.248:6800/2856232837 conn(0x7ff1e5da1000 :6800 s=STATE_ACCEPTING_WAIT_CONNECT_MSG_AUTH pgs=0 cs=0 l=0).handle_connect_msg accept connect_seq 0 vs existing csq=0 existing_state=STATE_CONNECTING_WAIT_CONNECT_REPLY
