2017-04-02 00:26:23  /entrypoint.sh: static: does not generate config
HEALTH_WARN too few PGs per OSD (10 < min 30)
2017-04-02 00:26:24  /entrypoint.sh: static: does not generate admin key
2017-04-02 00:26:24  /entrypoint.sh: SUCCESS
2017-04-02 00:26:24.381281 7f77f3118300  0 set uid:gid to 64045:64045 (ceph:ceph)
2017-04-02 00:26:24.381351 7f77f3118300  0 ceph version 9.0.0-18993-g11a2122 (11a2122891eabb0d29c573ba1bc816c13c1a9064), process ceph-mds, pid 88
starting mds.issdm-18 at -
2017-04-02 00:26:24.383135 7f77f3118300  0 pidfile_write: ignore empty --pid-file
2017-04-02 00:27:06.133285 7f77ebb20700  0 mds.1.cache creating system inode with ino:101
2017-04-02 00:27:06.133477 7f77ebb20700  0 mds.1.cache creating system inode with ino:60a
2017-04-02 00:27:06.133812 7f77ebb20700  0 mds.1.cache creating system inode with ino:60b
2017-04-02 00:27:06.133911 7f77ebb20700  0 mds.1.cache creating system inode with ino:60c
2017-04-02 00:27:06.134194 7f77ebb20700  0 mds.1.cache creating system inode with ino:60d
2017-04-02 00:27:06.134311 7f77ebb20700  0 mds.1.cache creating system inode with ino:60e
2017-04-02 00:27:06.134422 7f77ebb20700  0 mds.1.cache creating system inode with ino:60f
2017-04-02 00:27:06.134533 7f77ebb20700  0 mds.1.cache creating system inode with ino:610
2017-04-02 00:27:06.134626 7f77ebb20700  0 mds.1.cache creating system inode with ino:611
2017-04-02 00:27:06.134718 7f77ebb20700  0 mds.1.cache creating system inode with ino:612
2017-04-02 00:27:06.134844 7f77ebb20700  0 mds.1.cache creating system inode with ino:613
2017-04-02 00:27:07.372385 7f77ee2a0700  0 -- 192.168.140.230:6800/671000966 >> 192.168.140.188:6800/3334935785 conn(0x7f77fcf54000 :6800 s=STATE_ACCEPTING_WAIT_CONNECT_MSG_AUTH pgs=0 cs=0 l=0).handle_connect_msg accept connect_seq 0 vs existing csq=0 existing_state=STATE_CONNECTING_WAIT_CONNECT_REPLY
2017-04-02 00:27:07.372838 7f77ee2a0700  0 -- 192.168.140.230:6800/671000966 >> 192.168.140.188:6800/3334935785 conn(0x7f77fcf54000 :6800 s=STATE_ACCEPTING_WAIT_CONNECT_MSG pgs=0 cs=0 l=0).fault with nothing to send and in the half  accept state just closed
