2017-04-02 00:25:44  /entrypoint.sh: static: does not generate config
HEALTH_WARN too few PGs per OSD (10 < min 30)
2017-04-02 00:25:45  /entrypoint.sh: static: does not generate admin key
2017-04-02 00:25:45  /entrypoint.sh: SUCCESS
2017-04-02 00:25:45.673953 7f211834c300  0 set uid:gid to 64045:64045 (ceph:ceph)
2017-04-02 00:25:45.673995 7f211834c300  0 ceph version 9.0.0-18993-g11a2122 (11a2122891eabb0d29c573ba1bc816c13c1a9064), process ceph-mds, pid 88
starting mds.issdm-15 at -
2017-04-02 00:25:45.675911 7f211834c300  0 pidfile_write: ignore empty --pid-file
2017-04-02 00:27:06.133358 7f2110d54700  0 mds.2.cache creating system inode with ino:102
2017-04-02 00:27:06.133537 7f2110d54700  0 mds.2.cache creating system inode with ino:614
2017-04-02 00:27:06.134208 7f2110d54700  0 mds.2.cache creating system inode with ino:615
2017-04-02 00:27:06.134448 7f2110d54700  0 mds.2.cache creating system inode with ino:616
2017-04-02 00:27:06.134782 7f2110d54700  0 mds.2.cache creating system inode with ino:617
2017-04-02 00:27:06.134974 7f2110d54700  0 mds.2.cache creating system inode with ino:618
2017-04-02 00:27:06.135175 7f2110d54700  0 mds.2.cache creating system inode with ino:619
2017-04-02 00:27:06.135332 7f2110d54700  0 mds.2.cache creating system inode with ino:61a
2017-04-02 00:27:06.135457 7f2110d54700  0 mds.2.cache creating system inode with ino:61b
2017-04-02 00:27:06.135575 7f2110d54700  0 mds.2.cache creating system inode with ino:61c
2017-04-02 00:27:06.135714 7f2110d54700  0 mds.2.cache creating system inode with ino:61d
2017-04-02 00:27:11.050037 7f21134d4700  0 -- 192.168.140.248:6800/2856232837 >> 192.168.140.188:6800/3334935785 conn(0x7f21211ac000 :6800 s=STATE_ACCEPTING_WAIT_CONNECT_MSG_AUTH pgs=0 cs=0 l=0).handle_connect_msg accept connect_seq 0 vs existing csq=0 existing_state=STATE_CONNECTING_WAIT_CONNECT_REPLY
2017-04-02 00:27:11.050456 7f21134d4700  0 -- 192.168.140.248:6800/2856232837 >> 192.168.140.188:6800/3334935785 conn(0x7f21211ac000 :6800 s=STATE_ACCEPTING_WAIT_CONNECT_MSG pgs=0 cs=0 l=0).fault with nothing to send and in the half  accept state just closed
