2016-12-23 22:08:41  /entrypoint.sh: static: does not generate config
HEALTH_WARN too few PGs per OSD (8 < min 30)
2016-12-23 22:08:41  /entrypoint.sh: static: does not generate admin key
pool 'cephfs_data' created
pool 'cephfs_metadata' created
new fs with metadata pool 2 and data pool 1
2016-12-23 22:08:45  /entrypoint.sh: SUCCESS
2016-12-23 22:08:45.442973 7f14e2cf4300  0 set uid:gid to 64045:64045 (ceph:ceph)
2016-12-23 22:08:45.443012 7f14e2cf4300  0 ceph version 9.0.0-18991-gec12610 (ec12610bb1358fb2eab74cb7b0483c2613bae38f), process ceph-mds, pid 197
starting mds.issdm-12 at -
2016-12-23 22:08:45.445090 7f14e2cf4300  0 pidfile_write: ignore empty --pid-file
2016-12-23 22:08:49.644582 7f14db6fe700  0 mds.0.cache creating system inode with ino:1
2016-12-23 22:08:49.644861 7f14db6fe700  0 mds.0.cache creating system inode with ino:100
2016-12-23 22:08:49.644881 7f14db6fe700  0 mds.0.cache creating system inode with ino:600
2016-12-23 22:08:49.645055 7f14db6fe700  0 mds.0.cache creating system inode with ino:601
2016-12-23 22:08:49.645147 7f14db6fe700  0 mds.0.cache creating system inode with ino:602
2016-12-23 22:08:49.645415 7f14db6fe700  0 mds.0.cache creating system inode with ino:603
2016-12-23 22:08:49.645526 7f14db6fe700  0 mds.0.cache creating system inode with ino:604
2016-12-23 22:08:49.645650 7f14db6fe700  0 mds.0.cache creating system inode with ino:605
2016-12-23 22:08:49.645750 7f14db6fe700  0 mds.0.cache creating system inode with ino:606
2016-12-23 22:08:49.645840 7f14db6fe700  0 mds.0.cache creating system inode with ino:607
2016-12-23 22:08:49.645932 7f14db6fe700  0 mds.0.cache creating system inode with ino:608
2016-12-23 22:08:49.646056 7f14db6fe700  0 mds.0.cache creating system inode with ino:609
2016-12-23 22:10:56.535065 7f14dde7e700  0 -- 192.168.140.188:6800/1884202199 >> 192.168.140.248:6800/3024646018 conn(0x7f14ec98e800 :6800 s=STATE_ACCEPTING_WAIT_CONNECT_MSG_AUTH pgs=0 cs=0 l=0).handle_connect_msg accept connect_seq 0 vs existing csq=0 existing_state=STATE_CONNECTING_WAIT_CONNECT_REPLY
2016-12-23 22:10:59.683726 7f14dde7e700  0 -- 192.168.140.188:6800/1884202199 >> 192.168.140.230:6800/1862382089 conn(0x7f14ec98d000 :6800 s=STATE_ACCEPTING_WAIT_CONNECT_MSG_AUTH pgs=0 cs=0 l=0).handle_connect_msg accept connect_seq 0 vs existing csq=0 existing_state=STATE_CONNECTING_WAIT_CONNECT_REPLY
