2016-12-23 22:09:17  /entrypoint.sh: static: does not generate config
HEALTH_WARN too few PGs per OSD (10 < min 30)
2016-12-23 22:09:18  /entrypoint.sh: static: does not generate admin key
2016-12-23 22:09:19  /entrypoint.sh: SUCCESS
2016-12-23 22:09:19.088943 7f0d71854300  0 set uid:gid to 64045:64045 (ceph:ceph)
2016-12-23 22:09:19.088988 7f0d71854300  0 ceph version 9.0.0-18991-gec12610 (ec12610bb1358fb2eab74cb7b0483c2613bae38f), process ceph-mds, pid 87
starting mds.issdm-15 at -
2016-12-23 22:09:19.091288 7f0d71854300  0 pidfile_write: ignore empty --pid-file
2016-12-23 22:10:55.486739 7f0d6a25e700  0 mds.2.cache creating system inode with ino:102
2016-12-23 22:10:55.486866 7f0d6a25e700  0 mds.2.cache creating system inode with ino:614
2016-12-23 22:10:55.487090 7f0d6a25e700  0 mds.2.cache creating system inode with ino:615
2016-12-23 22:10:55.487185 7f0d6a25e700  0 mds.2.cache creating system inode with ino:616
2016-12-23 22:10:55.487495 7f0d6a25e700  0 mds.2.cache creating system inode with ino:617
2016-12-23 22:10:55.487587 7f0d6a25e700  0 mds.2.cache creating system inode with ino:618
2016-12-23 22:10:55.487715 7f0d6a25e700  0 mds.2.cache creating system inode with ino:619
2016-12-23 22:10:55.487822 7f0d6a25e700  0 mds.2.cache creating system inode with ino:61a
2016-12-23 22:10:55.487914 7f0d6a25e700  0 mds.2.cache creating system inode with ino:61b
2016-12-23 22:10:55.488005 7f0d6a25e700  0 mds.2.cache creating system inode with ino:61c
2016-12-23 22:10:55.488115 7f0d6a25e700  0 mds.2.cache creating system inode with ino:61d
2016-12-23 22:10:56.534300 7f0d6d1df700  0 -- 192.168.140.248:6800/3024646018 >> 192.168.140.188:6800/1884202199 conn(0x7f0d7be04000 :6800 s=STATE_ACCEPTING_WAIT_CONNECT_MSG_AUTH pgs=0 cs=0 l=0).handle_connect_msg accept connect_seq 0 vs existing csq=0 existing_state=STATE_CONNECTING_WAIT_CONNECT_REPLY
2016-12-23 22:10:56.534744 7f0d6d1df700  0 -- 192.168.140.248:6800/3024646018 >> 192.168.140.188:6800/1884202199 conn(0x7f0d7be04000 :6800 s=STATE_ACCEPTING_WAIT_CONNECT_MSG pgs=0 cs=0 l=0).fault with nothing to send and in the half  accept state just closed
