2017-03-31 14:48:16  /entrypoint.sh: static: does not generate config
HEALTH_WARN too few PGs per OSD (8 < min 30)
2017-03-31 14:48:17  /entrypoint.sh: static: does not generate admin key
pool 'cephfs_data' created
pool 'cephfs_metadata' created
new fs with metadata pool 2 and data pool 1
2017-03-31 14:48:21  /entrypoint.sh: SUCCESS
2017-03-31 14:48:21.483220 7f316b2cc300  0 set uid:gid to 64045:64045 (ceph:ceph)
2017-03-31 14:48:21.483265 7f316b2cc300  0 ceph version 9.0.0-18996-gc8198b3 (c8198b367959e5e7ccb362987ae541a526ccaf59), process ceph-mds, pid 197
starting mds.issdm-12 at -
2017-03-31 14:48:21.485337 7f316b2cc300  0 pidfile_write: ignore empty --pid-file
2017-03-31 14:48:26.430280 7f3163ccf700  0 mds.0.cache creating system inode with ino:1
2017-03-31 14:48:26.430576 7f3163ccf700  0 mds.0.cache creating system inode with ino:100
2017-03-31 14:48:26.430596 7f3163ccf700  0 mds.0.cache creating system inode with ino:600
2017-03-31 14:48:26.430833 7f3163ccf700  0 mds.0.cache creating system inode with ino:601
2017-03-31 14:48:26.430927 7f3163ccf700  0 mds.0.cache creating system inode with ino:602
2017-03-31 14:48:26.431204 7f3163ccf700  0 mds.0.cache creating system inode with ino:603
2017-03-31 14:48:26.431320 7f3163ccf700  0 mds.0.cache creating system inode with ino:604
2017-03-31 14:48:26.431444 7f3163ccf700  0 mds.0.cache creating system inode with ino:605
2017-03-31 14:48:26.431537 7f3163ccf700  0 mds.0.cache creating system inode with ino:606
2017-03-31 14:48:26.431634 7f3163ccf700  0 mds.0.cache creating system inode with ino:607
2017-03-31 14:48:26.431728 7f3163ccf700  0 mds.0.cache creating system inode with ino:608
2017-03-31 14:48:26.431853 7f3163ccf700  0 mds.0.cache creating system inode with ino:609
