2016-12-21 03:13:15  /entrypoint.sh: static: does not generate config
HEALTH_WARN too few PGs per OSD (8 < min 30)
2016-12-21 03:13:16  /entrypoint.sh: static: does not generate admin key
pool 'cephfs_data' created
pool 'cephfs_metadata' created
new fs with metadata pool 2 and data pool 1
2016-12-21 03:13:19  /entrypoint.sh: SUCCESS
2016-12-21 03:13:19.726031 7f4b45f57300  0 set uid:gid to 64045:64045 (ceph:ceph)
2016-12-21 03:13:19.726078 7f4b45f57300  0 ceph version 9.0.0-18991-gec12610 (ec12610bb1358fb2eab74cb7b0483c2613bae38f), process ceph-mds, pid 198
starting mds.issdm-12 at -
2016-12-21 03:13:19.728344 7f4b45f57300  0 pidfile_write: ignore empty --pid-file
2016-12-21 03:13:23.946798 7f4b3e961700  0 mds.0.cache creating system inode with ino:1
2016-12-21 03:13:23.947080 7f4b3e961700  0 mds.0.cache creating system inode with ino:100
2016-12-21 03:13:23.947101 7f4b3e961700  0 mds.0.cache creating system inode with ino:600
2016-12-21 03:13:23.947293 7f4b3e961700  0 mds.0.cache creating system inode with ino:601
2016-12-21 03:13:23.947521 7f4b3e961700  0 mds.0.cache creating system inode with ino:602
2016-12-21 03:13:23.947784 7f4b3e961700  0 mds.0.cache creating system inode with ino:603
2016-12-21 03:13:23.947903 7f4b3e961700  0 mds.0.cache creating system inode with ino:604
2016-12-21 03:13:23.948038 7f4b3e961700  0 mds.0.cache creating system inode with ino:605
2016-12-21 03:13:23.948135 7f4b3e961700  0 mds.0.cache creating system inode with ino:606
2016-12-21 03:13:23.948226 7f4b3e961700  0 mds.0.cache creating system inode with ino:607
2016-12-21 03:13:23.948319 7f4b3e961700  0 mds.0.cache creating system inode with ino:608
2016-12-21 03:13:23.948452 7f4b3e961700  0 mds.0.cache creating system inode with ino:609
2016-12-21 03:15:37.226830 7f4b410e1700  0 -- 192.168.140.188:6800/1210642981 >> - conn(0x7f4b5094d000 :6800 s=STATE_ACCEPTING_WAIT_BANNER_ADDR pgs=0 cs=0 l=0).fault with nothing to send and in the half  accept state just closed
