2016-12-14 19:28:22  /entrypoint.sh: static: does not generate config
HEALTH_WARN too few PGs per OSD (10 < min 30)
2016-12-14 19:28:22  /entrypoint.sh: static: does not generate admin key
2016-12-14 19:28:23  /entrypoint.sh: SUCCESS
2016-12-14 19:28:23.213917 7f8602c6a300  0 set uid:gid to 64045:64045 (ceph:ceph)
2016-12-14 19:28:23.213958 7f8602c6a300  0 ceph version 11.0.2-1332-gf628bac (f628bac31aa0b5b2696b8defc4aa18d4bc2ef757), process ceph-mds, pid 88
starting mds.issdm-15 at -
2016-12-14 19:28:23.216090 7f8602c6a300  0 pidfile_write: ignore empty --pid-file
2016-12-14 19:29:52.962788 7f85fb674700  0 mds.2.cache creating system inode with ino:102
2016-12-14 19:29:52.962945 7f85fb674700  0 mds.2.cache creating system inode with ino:614
2016-12-14 19:29:52.963237 7f85fb674700  0 mds.2.cache creating system inode with ino:615
2016-12-14 19:29:52.963339 7f85fb674700  0 mds.2.cache creating system inode with ino:616
2016-12-14 19:29:52.963607 7f85fb674700  0 mds.2.cache creating system inode with ino:617
2016-12-14 19:29:52.963709 7f85fb674700  0 mds.2.cache creating system inode with ino:618
2016-12-14 19:29:52.963862 7f85fb674700  0 mds.2.cache creating system inode with ino:619
2016-12-14 19:29:52.963971 7f85fb674700  0 mds.2.cache creating system inode with ino:61a
2016-12-14 19:29:52.964070 7f85fb674700  0 mds.2.cache creating system inode with ino:61b
2016-12-14 19:29:52.964173 7f85fb674700  0 mds.2.cache creating system inode with ino:61c
2016-12-14 19:29:52.964287 7f85fb674700  0 mds.2.cache creating system inode with ino:61d
2016-12-14 19:29:54.077379 7f85fe5f5700  0 -- 192.168.140.248:6800/2157708050 >> 192.168.140.188:6800/263059132 conn(0x7f860bdf8000 :6800 s=STATE_ACCEPTING_WAIT_CONNECT_MSG_AUTH pgs=0 cs=0 l=0).handle_connect_msg accept connect_seq 0 vs existing csq=0 existing_state=STATE_CONNECTING_WAIT_CONNECT_REPLY
2016-12-14 19:29:54.077538 7f85fe5f5700  0 -- 192.168.140.248:6800/2157708050 >> 192.168.140.188:6800/263059132 conn(0x7f860bdf8000 :6800 s=STATE_ACCEPTING_WAIT_CONNECT_MSG pgs=0 cs=0 l=0).fault with nothing to send and in the half  accept state just closed
