2017-04-01 05:13:31  /entrypoint.sh: static: does not generate config
HEALTH_WARN too few PGs per OSD (8 < min 30)
2017-04-01 05:13:32  /entrypoint.sh: static: does not generate admin key
pool 'cephfs_data' created
pool 'cephfs_metadata' created
new fs with metadata pool 2 and data pool 1
2017-04-01 05:13:36  /entrypoint.sh: SUCCESS
2017-04-01 05:13:36.357376 7f5fa7077300  0 set uid:gid to 64045:64045 (ceph:ceph)
2017-04-01 05:13:36.357415 7f5fa7077300  0 ceph version 9.0.0-18996-gc8198b3 (c8198b367959e5e7ccb362987ae541a526ccaf59), process ceph-mds, pid 199
starting mds.issdm-12 at -
2017-04-01 05:13:36.359461 7f5fa7077300  0 pidfile_write: ignore empty --pid-file
2017-04-01 05:13:40.854635 7f5f9fa7a700  0 mds.0.cache creating system inode with ino:1
2017-04-01 05:13:40.854992 7f5f9fa7a700  0 mds.0.cache creating system inode with ino:100
2017-04-01 05:13:40.855017 7f5f9fa7a700  0 mds.0.cache creating system inode with ino:600
2017-04-01 05:13:40.855210 7f5f9fa7a700  0 mds.0.cache creating system inode with ino:601
2017-04-01 05:13:40.855307 7f5f9fa7a700  0 mds.0.cache creating system inode with ino:602
2017-04-01 05:13:40.855601 7f5f9fa7a700  0 mds.0.cache creating system inode with ino:603
2017-04-01 05:13:40.855718 7f5f9fa7a700  0 mds.0.cache creating system inode with ino:604
2017-04-01 05:13:40.855852 7f5f9fa7a700  0 mds.0.cache creating system inode with ino:605
2017-04-01 05:13:40.855955 7f5f9fa7a700  0 mds.0.cache creating system inode with ino:606
2017-04-01 05:13:40.856057 7f5f9fa7a700  0 mds.0.cache creating system inode with ino:607
2017-04-01 05:13:40.856153 7f5f9fa7a700  0 mds.0.cache creating system inode with ino:608
2017-04-01 05:13:40.856283 7f5f9fa7a700  0 mds.0.cache creating system inode with ino:609
