2017-01-31 17:18:54  /entrypoint.sh: static: does not generate config
HEALTH_WARN too few PGs per OSD (10 < min 30)
2017-01-31 17:18:55  /entrypoint.sh: static: does not generate admin key
pool 'cephfs_data' created
pool 'cephfs_metadata' created
new fs with metadata pool 2 and data pool 1
2017-01-31 17:18:59  /entrypoint.sh: SUCCESS
2017-01-31 17:18:59.125865 7f8683bec300  0 set uid:gid to 64045:64045 (ceph:ceph)
2017-01-31 17:18:59.125909 7f8683bec300  0 ceph version 9.0.0-18993-g11a2122 (11a2122891eabb0d29c573ba1bc816c13c1a9064), process ceph-mds, pid 198
starting mds.issdm-12 at -
2017-01-31 17:18:59.128009 7f8683bec300  0 pidfile_write: ignore empty --pid-file
2017-01-31 17:19:03.354403 7f867c5f4700  0 mds.0.cache creating system inode with ino:1
2017-01-31 17:19:03.354817 7f867c5f4700  0 mds.0.cache creating system inode with ino:100
2017-01-31 17:19:03.354880 7f867c5f4700  0 mds.0.cache creating system inode with ino:600
2017-01-31 17:19:03.355149 7f867c5f4700  0 mds.0.cache creating system inode with ino:601
2017-01-31 17:19:03.355313 7f867c5f4700  0 mds.0.cache creating system inode with ino:602
2017-01-31 17:19:03.355714 7f867c5f4700  0 mds.0.cache creating system inode with ino:603
2017-01-31 17:19:03.355932 7f867c5f4700  0 mds.0.cache creating system inode with ino:604
2017-01-31 17:19:03.356359 7f867c5f4700  0 mds.0.cache creating system inode with ino:605
2017-01-31 17:19:03.356822 7f867c5f4700  0 mds.0.cache creating system inode with ino:606
2017-01-31 17:19:03.357103 7f867c5f4700  0 mds.0.cache creating system inode with ino:607
2017-01-31 17:19:03.357286 7f867c5f4700  0 mds.0.cache creating system inode with ino:608
2017-01-31 17:19:03.357470 7f867c5f4700  0 mds.0.cache creating system inode with ino:609
ignoring --setuser ceph since I am not root
ignoring --setgroup ceph since I am not root
2017-01-31 17:50:07.429321 7fd2457ad300  0 ceph version 9.0.0-18993-g11a2122 (11a2122891eabb0d29c573ba1bc816c13c1a9064), process exe, pid 198
starting mds.issdm-12 at -
2017-01-31 17:50:07.431099 7fd2457ad300  0 pidfile_write: ignore empty --pid-file
