2017-03-31 18:39:46  /entrypoint.sh: static: does not generate config
HEALTH_WARN too few PGs per OSD (8 < min 30)
2017-03-31 18:39:47  /entrypoint.sh: static: does not generate admin key
pool 'cephfs_data' created
pool 'cephfs_metadata' created
new fs with metadata pool 2 and data pool 1
2017-03-31 18:39:51  /entrypoint.sh: SUCCESS
2017-03-31 18:39:51.974747 7fcb3db3c300  0 set uid:gid to 64045:64045 (ceph:ceph)
2017-03-31 18:39:51.974789 7fcb3db3c300  0 ceph version 9.0.0-18996-gc8198b3 (c8198b367959e5e7ccb362987ae541a526ccaf59), process ceph-mds, pid 198
starting mds.issdm-12 at -
2017-03-31 18:39:51.976993 7fcb3db3c300  0 pidfile_write: ignore empty --pid-file
2017-03-31 18:39:56.739035 7fcb3653f700  0 mds.0.cache creating system inode with ino:1
2017-03-31 18:39:56.739352 7fcb3653f700  0 mds.0.cache creating system inode with ino:100
2017-03-31 18:39:56.739373 7fcb3653f700  0 mds.0.cache creating system inode with ino:600
2017-03-31 18:39:56.739567 7fcb3653f700  0 mds.0.cache creating system inode with ino:601
2017-03-31 18:39:56.739664 7fcb3653f700  0 mds.0.cache creating system inode with ino:602
2017-03-31 18:39:56.739955 7fcb3653f700  0 mds.0.cache creating system inode with ino:603
2017-03-31 18:39:56.740074 7fcb3653f700  0 mds.0.cache creating system inode with ino:604
2017-03-31 18:39:56.740202 7fcb3653f700  0 mds.0.cache creating system inode with ino:605
2017-03-31 18:39:56.740312 7fcb3653f700  0 mds.0.cache creating system inode with ino:606
2017-03-31 18:39:56.740407 7fcb3653f700  0 mds.0.cache creating system inode with ino:607
2017-03-31 18:39:56.740507 7fcb3653f700  0 mds.0.cache creating system inode with ino:608
2017-03-31 18:39:56.740638 7fcb3653f700  0 mds.0.cache creating system inode with ino:609
