2016-12-27 16:49:22  /entrypoint.sh: static: does not generate config
HEALTH_WARN too few PGs per OSD (10 < min 30)
2016-12-27 16:49:23  /entrypoint.sh: static: does not generate admin key
2016-12-27 16:49:23  /entrypoint.sh: SUCCESS
2016-12-27 16:49:23.929673 7f8c0e985300  0 set uid:gid to 64045:64045 (ceph:ceph)
2016-12-27 16:49:23.929713 7f8c0e985300  0 ceph version 9.0.0-18991-gec12610 (ec12610bb1358fb2eab74cb7b0483c2613bae38f), process ceph-mds, pid 88
starting mds.issdm-15 at -
2016-12-27 16:49:23.931679 7f8c0e985300  0 pidfile_write: ignore empty --pid-file
2016-12-27 16:51:12.988186 7f8c0738f700  0 mds.2.cache creating system inode with ino:102
2016-12-27 16:51:12.988320 7f8c0738f700  0 mds.2.cache creating system inode with ino:614
2016-12-27 16:51:12.988604 7f8c0738f700  0 mds.2.cache creating system inode with ino:615
2016-12-27 16:51:12.988862 7f8c0738f700  0 mds.2.cache creating system inode with ino:616
2016-12-27 16:51:12.988994 7f8c0738f700  0 mds.2.cache creating system inode with ino:617
2016-12-27 16:51:12.989108 7f8c0738f700  0 mds.2.cache creating system inode with ino:618
2016-12-27 16:51:12.989257 7f8c0738f700  0 mds.2.cache creating system inode with ino:619
2016-12-27 16:51:12.989393 7f8c0738f700  0 mds.2.cache creating system inode with ino:61a
2016-12-27 16:51:12.989613 7f8c0738f700  0 mds.2.cache creating system inode with ino:61b
2016-12-27 16:51:12.989733 7f8c0738f700  0 mds.2.cache creating system inode with ino:61c
2016-12-27 16:51:12.989848 7f8c0738f700  0 mds.2.cache creating system inode with ino:61d
2016-12-27 16:51:17.301670 7f8c0930e700  0 -- 192.168.140.248:6800/367334307 >> 192.168.140.188:6800/418838160 conn(0x7f8c1777e000 :6800 s=STATE_ACCEPTING_WAIT_CONNECT_MSG_AUTH pgs=0 cs=0 l=0).handle_connect_msg accept connect_seq 0 vs existing csq=0 existing_state=STATE_CONNECTING_RE
