2016-12-27 16:48:45  /entrypoint.sh: static: does not generate config
HEALTH_WARN too few PGs per OSD (8 < min 30)
2016-12-27 16:48:47  /entrypoint.sh: static: does not generate admin key
pool 'cephfs_data' created
pool 'cephfs_metadata' created
new fs with metadata pool 2 and data pool 1
2016-12-27 16:48:51  /entrypoint.sh: SUCCESS
2016-12-27 16:48:51.285425 7f90f576d300  0 set uid:gid to 64045:64045 (ceph:ceph)
2016-12-27 16:48:51.285465 7f90f576d300  0 ceph version 9.0.0-18991-gec12610 (ec12610bb1358fb2eab74cb7b0483c2613bae38f), process ceph-mds, pid 198
starting mds.issdm-12 at -
2016-12-27 16:48:51.331998 7f90f576d300  0 pidfile_write: ignore empty --pid-file
2016-12-27 16:48:56.322366 7f90ee177700  0 mds.0.cache creating system inode with ino:1
2016-12-27 16:48:56.352894 7f90ee177700  0 mds.0.cache creating system inode with ino:100
2016-12-27 16:48:56.352924 7f90ee177700  0 mds.0.cache creating system inode with ino:600
2016-12-27 16:48:56.353147 7f90ee177700  0 mds.0.cache creating system inode with ino:601
2016-12-27 16:48:56.353461 7f90ee177700  0 mds.0.cache creating system inode with ino:602
2016-12-27 16:48:56.362473 7f90ee177700  0 mds.0.cache creating system inode with ino:603
2016-12-27 16:48:56.362589 7f90ee177700  0 mds.0.cache creating system inode with ino:604
2016-12-27 16:48:56.362727 7f90ee177700  0 mds.0.cache creating system inode with ino:605
2016-12-27 16:48:56.362907 7f90ee177700  0 mds.0.cache creating system inode with ino:606
2016-12-27 16:48:56.363012 7f90ee177700  0 mds.0.cache creating system inode with ino:607
2016-12-27 16:48:56.363107 7f90ee177700  0 mds.0.cache creating system inode with ino:608
2016-12-27 16:48:56.363248 7f90ee177700  0 mds.0.cache creating system inode with ino:609
2016-12-27 16:51:14.052318 7f90f10f8700  0 -- 192.168.140.188:6800/418838160 >> 192.168.140.230:6800/935743960 conn(0x7f90feb59000 :6800 s=STATE_ACCEPTING_WAIT_CONNECT_MSG_AUTH pgs=0 cs=0 l=0).handle_connect_msg accept connect_seq 0 vs existing csq=0 existing_state=STATE_CONNECTING_WAIT_CONNECT_REPLY
2016-12-27 16:51:14.052980 7f90f10f8700  0 -- 192.168.140.188:6800/418838160 >> 192.168.140.230:6800/935743960 conn(0x7f90feb59000 :6800 s=STATE_ACCEPTING_WAIT_CONNECT_MSG pgs=0 cs=0 l=0).fault with nothing to send and in the half  accept state just closed
2016-12-27 16:51:17.304374 7f90f00f6700  0 -- 192.168.140.188:6800/418838160 >> - conn(0x7f90feb56000 :6800 s=STATE_ACCEPTING_WAIT_BANNER_ADDR pgs=0 cs=0 l=0).fault with nothing to send and in the half  accept state just closed
