2016-12-27 16:50:02  /entrypoint.sh: static: does not generate config
HEALTH_WARN too few PGs per OSD (10 < min 30)
2016-12-27 16:50:03  /entrypoint.sh: static: does not generate admin key
2016-12-27 16:50:03  /entrypoint.sh: SUCCESS
2016-12-27 16:50:03.427867 7f061dcf4300  0 set uid:gid to 64045:64045 (ceph:ceph)
2016-12-27 16:50:03.427911 7f061dcf4300  0 ceph version 9.0.0-18991-gec12610 (ec12610bb1358fb2eab74cb7b0483c2613bae38f), process ceph-mds, pid 87
starting mds.issdm-18 at -
2016-12-27 16:50:03.430030 7f061dcf4300  0 pidfile_write: ignore empty --pid-file
2016-12-27 16:51:12.987810 7f06166fe700  0 mds.1.cache creating system inode with ino:101
2016-12-27 16:51:12.987995 7f06166fe700  0 mds.1.cache creating system inode with ino:60a
2016-12-27 16:51:12.988343 7f06166fe700  0 mds.1.cache creating system inode with ino:60b
2016-12-27 16:51:12.988445 7f06166fe700  0 mds.1.cache creating system inode with ino:60c
2016-12-27 16:51:12.988565 7f06166fe700  0 mds.1.cache creating system inode with ino:60d
2016-12-27 16:51:12.988896 7f06166fe700  0 mds.1.cache creating system inode with ino:60e
2016-12-27 16:51:12.989054 7f06166fe700  0 mds.1.cache creating system inode with ino:60f
2016-12-27 16:51:12.989187 7f06166fe700  0 mds.1.cache creating system inode with ino:610
2016-12-27 16:51:12.989292 7f06166fe700  0 mds.1.cache creating system inode with ino:611
2016-12-27 16:51:12.989392 7f06166fe700  0 mds.1.cache creating system inode with ino:612
2016-12-27 16:51:12.989501 7f06166fe700  0 mds.1.cache creating system inode with ino:613
2016-12-27 16:51:14.049879 7f061967f700  0 -- 192.168.140.230:6800/935743960 >> 192.168.140.188:6800/418838160 conn(0x7f0626e6e000 :6800 s=STATE_ACCEPTING_WAIT_CONNECT_MSG_AUTH pgs=0 cs=0 l=0).handle_connect_msg accept connect_seq 0 vs existing csq=0 existing_state=STATE_CONNECTING_WAIT_CONNECT_REPLY
