2016-12-24 03:46:21  /entrypoint.sh: static: does not generate config
HEALTH_WARN too few PGs per OSD (10 < min 30)
2016-12-24 03:46:22  /entrypoint.sh: static: does not generate admin key
2016-12-24 03:46:22  /entrypoint.sh: SUCCESS
2016-12-24 03:46:22.587377 7f048e593300  0 set uid:gid to 64045:64045 (ceph:ceph)
2016-12-24 03:46:22.587418 7f048e593300  0 ceph version 9.0.0-18991-gec12610 (ec12610bb1358fb2eab74cb7b0483c2613bae38f), process ceph-mds, pid 88
starting mds.issdm-18 at -
2016-12-24 03:46:22.589453 7f048e593300  0 pidfile_write: ignore empty --pid-file
2016-12-24 03:47:31.879277 7f0486f9d700  0 mds.1.cache creating system inode with ino:101
2016-12-24 03:47:31.879435 7f0486f9d700  0 mds.1.cache creating system inode with ino:60a
2016-12-24 03:47:31.879720 7f0486f9d700  0 mds.1.cache creating system inode with ino:60b
2016-12-24 03:47:31.879827 7f0486f9d700  0 mds.1.cache creating system inode with ino:60c
2016-12-24 03:47:31.879949 7f0486f9d700  0 mds.1.cache creating system inode with ino:60d
2016-12-24 03:47:31.880201 7f0486f9d700  0 mds.1.cache creating system inode with ino:60e
2016-12-24 03:47:31.880343 7f0486f9d700  0 mds.1.cache creating system inode with ino:60f
2016-12-24 03:47:31.880486 7f0486f9d700  0 mds.1.cache creating system inode with ino:610
2016-12-24 03:47:31.880586 7f0486f9d700  0 mds.1.cache creating system inode with ino:611
2016-12-24 03:47:31.880680 7f0486f9d700  0 mds.1.cache creating system inode with ino:612
2016-12-24 03:47:31.880801 7f0486f9d700  0 mds.1.cache creating system inode with ino:613
2016-12-24 03:47:32.940464 7f048971d700  0 -- 192.168.140.230:6800/3633352248 >> 192.168.140.188:6800/3967486345 conn(0x7f0498a2e000 :6800 s=STATE_ACCEPTING_WAIT_CONNECT_MSG_AUTH pgs=0 cs=0 l=0).handle_connect_msg accept connect_seq 0 vs existing csq=0 existing_state=STATE_CONNECTING_WAIT_CONNECT_REPLY
2016-12-24 03:47:32.941022 7f048971d700  0 -- 192.168.140.230:6800/3633352248 >> 192.168.140.188:6800/3967486345 conn(0x7f0498a2e000 :6800 s=STATE_ACCEPTING_WAIT_CONNECT_MSG pgs=0 cs=0 l=0).fault with nothing to send and in the half  accept state just closed
