2016-12-24 03:45:04  /entrypoint.sh: static: does not generate config
HEALTH_WARN too few PGs per OSD (8 < min 30)
2016-12-24 03:45:05  /entrypoint.sh: static: does not generate admin key
pool 'cephfs_data' created
pool 'cephfs_metadata' created
new fs with metadata pool 2 and data pool 1
2016-12-24 03:45:08  /entrypoint.sh: SUCCESS
2016-12-24 03:45:09.113548 7f98f6ea0300  0 set uid:gid to 64045:64045 (ceph:ceph)
2016-12-24 03:45:09.113595 7f98f6ea0300  0 ceph version 9.0.0-18991-gec12610 (ec12610bb1358fb2eab74cb7b0483c2613bae38f), process ceph-mds, pid 198
starting mds.issdm-12 at -
2016-12-24 03:45:09.115864 7f98f6ea0300  0 pidfile_write: ignore empty --pid-file
2016-12-24 03:45:13.292218 7f98ef8aa700  0 mds.0.cache creating system inode with ino:1
2016-12-24 03:45:13.292701 7f98ef8aa700  0 mds.0.cache creating system inode with ino:100
2016-12-24 03:45:13.292724 7f98ef8aa700  0 mds.0.cache creating system inode with ino:600
2016-12-24 03:45:13.293055 7f98ef8aa700  0 mds.0.cache creating system inode with ino:601
2016-12-24 03:45:13.293213 7f98ef8aa700  0 mds.0.cache creating system inode with ino:602
2016-12-24 03:45:13.293516 7f98ef8aa700  0 mds.0.cache creating system inode with ino:603
2016-12-24 03:45:13.293662 7f98ef8aa700  0 mds.0.cache creating system inode with ino:604
2016-12-24 03:45:13.293813 7f98ef8aa700  0 mds.0.cache creating system inode with ino:605
2016-12-24 03:45:13.293919 7f98ef8aa700  0 mds.0.cache creating system inode with ino:606
2016-12-24 03:45:13.294021 7f98ef8aa700  0 mds.0.cache creating system inode with ino:607
2016-12-24 03:45:13.294120 7f98ef8aa700  0 mds.0.cache creating system inode with ino:608
2016-12-24 03:45:13.294265 7f98ef8aa700  0 mds.0.cache creating system inode with ino:609
2016-12-24 03:47:32.941143 7f98f282b700  0 -- 192.168.140.188:6800/3967486345 >> 192.168.140.230:6800/3633352248 conn(0x7f9900049000 :6800 s=STATE_ACCEPTING_WAIT_CONNECT_MSG_AUTH pgs=0 cs=0 l=0).handle_connect_msg accept connect_seq 0 vs existing csq=0 existing_state=STATE_CONNECTING_WAIT_CONNECT_REPLY
2016-12-24 03:47:36.057780 7f98f1829700  0 -- 192.168.140.188:6800/3967486345 >> 192.168.140.248:6800/3483011085 conn(0x7f9900058800 :6800 s=STATE_ACCEPTING_WAIT_CONNECT_MSG_AUTH pgs=0 cs=0 l=0).handle_connect_msg accept connect_seq 0 vs existing csq=0 existing_state=STATE_CONNECTING_WAIT_CONNECT_REPLY
