2016-12-23 19:21:41  /entrypoint.sh: static: does not generate config
HEALTH_WARN too few PGs per OSD (10 < min 30)
2016-12-23 19:21:41  /entrypoint.sh: static: does not generate admin key
2016-12-23 19:21:42  /entrypoint.sh: SUCCESS
2016-12-23 19:21:42.182346 7f4c8cd22300  0 set uid:gid to 64045:64045 (ceph:ceph)
2016-12-23 19:21:42.182386 7f4c8cd22300  0 ceph version 9.0.0-18991-gec12610 (ec12610bb1358fb2eab74cb7b0483c2613bae38f), process ceph-mds, pid 87
starting mds.issdm-15 at -
2016-12-23 19:21:42.184324 7f4c8cd22300  0 pidfile_write: ignore empty --pid-file
2016-12-23 19:23:13.150332 7f4c8572c700  0 mds.2.cache creating system inode with ino:102
2016-12-23 19:23:13.150458 7f4c8572c700  0 mds.2.cache creating system inode with ino:614
2016-12-23 19:23:13.150683 7f4c8572c700  0 mds.2.cache creating system inode with ino:615
2016-12-23 19:23:13.150776 7f4c8572c700  0 mds.2.cache creating system inode with ino:616
2016-12-23 19:23:13.151042 7f4c8572c700  0 mds.2.cache creating system inode with ino:617
2016-12-23 19:23:13.151154 7f4c8572c700  0 mds.2.cache creating system inode with ino:618
2016-12-23 19:23:13.151279 7f4c8572c700  0 mds.2.cache creating system inode with ino:619
2016-12-23 19:23:13.151390 7f4c8572c700  0 mds.2.cache creating system inode with ino:61a
2016-12-23 19:23:13.151485 7f4c8572c700  0 mds.2.cache creating system inode with ino:61b
2016-12-23 19:23:13.151574 7f4c8572c700  0 mds.2.cache creating system inode with ino:61c
2016-12-23 19:23:13.151680 7f4c8572c700  0 mds.2.cache creating system inode with ino:61d
2016-12-23 19:23:14.289919 7f4c87eac700  0 -- 192.168.140.248:6800/235101955 >> 192.168.140.188:6800/589233444 conn(0x7f4c96006000 :6800 s=STATE_ACCEPTING_WAIT_CONNECT_MSG_AUTH pgs=0 cs=0 l=0).handle_connect_msg accept connect_seq 0 vs existing csq=0 existing_state=STATE_CONNECTING_WAIT_CONNECT_REPLY
2016-12-23 19:23:14.290382 7f4c87eac700  0 -- 192.168.140.248:6800/235101955 >> 192.168.140.188:6800/589233444 conn(0x7f4c96006000 :6800 s=STATE_ACCEPTING_WAIT_CONNECT_MSG pgs=0 cs=0 l=0).fault with nothing to send and in the half  accept state just closed
