2016-12-23 19:21:04  /entrypoint.sh: static: does not generate config
HEALTH_WARN too few PGs per OSD (8 < min 30)
2016-12-23 19:21:04  /entrypoint.sh: static: does not generate admin key
pool 'cephfs_data' created
pool 'cephfs_metadata' created
new fs with metadata pool 2 and data pool 1
2016-12-23 19:21:08  /entrypoint.sh: SUCCESS
2016-12-23 19:21:08.482860 7f176ba6d300  0 set uid:gid to 64045:64045 (ceph:ceph)
2016-12-23 19:21:08.482902 7f176ba6d300  0 ceph version 9.0.0-18991-gec12610 (ec12610bb1358fb2eab74cb7b0483c2613bae38f), process ceph-mds, pid 198
starting mds.issdm-12 at -
2016-12-23 19:21:08.485089 7f176ba6d300  0 pidfile_write: ignore empty --pid-file
2016-12-23 19:21:12.748510 7f1764477700  0 mds.0.cache creating system inode with ino:1
2016-12-23 19:21:12.748825 7f1764477700  0 mds.0.cache creating system inode with ino:100
2016-12-23 19:21:12.748846 7f1764477700  0 mds.0.cache creating system inode with ino:600
2016-12-23 19:21:12.749046 7f1764477700  0 mds.0.cache creating system inode with ino:601
2016-12-23 19:21:12.749142 7f1764477700  0 mds.0.cache creating system inode with ino:602
2016-12-23 19:21:12.749414 7f1764477700  0 mds.0.cache creating system inode with ino:603
2016-12-23 19:21:12.749534 7f1764477700  0 mds.0.cache creating system inode with ino:604
2016-12-23 19:21:12.749673 7f1764477700  0 mds.0.cache creating system inode with ino:605
2016-12-23 19:21:12.749770 7f1764477700  0 mds.0.cache creating system inode with ino:606
2016-12-23 19:21:12.749868 7f1764477700  0 mds.0.cache creating system inode with ino:607
2016-12-23 19:21:12.749963 7f1764477700  0 mds.0.cache creating system inode with ino:608
2016-12-23 19:21:12.750090 7f1764477700  0 mds.0.cache creating system inode with ino:609
2016-12-23 19:23:14.291547 7f1766bf7700  0 -- 192.168.140.188:6800/589233444 >> 192.168.140.248:6800/235101955 conn(0x7f1775730800 :6800 s=STATE_ACCEPTING_WAIT_CONNECT_MSG_AUTH pgs=0 cs=0 l=0).handle_connect_msg accept connect_seq 0 vs existing csq=0 existing_state=STATE_CONNECTING_WAIT_CONNECT_REPLY
