2017-04-02 01:53:02  /entrypoint.sh: static: does not generate config
HEALTH_WARN too few PGs per OSD (8 < min 30)
2017-04-02 01:53:03  /entrypoint.sh: static: does not generate admin key
pool 'cephfs_data' created
pool 'cephfs_metadata' created
new fs with metadata pool 2 and data pool 1
2017-04-02 01:53:07  /entrypoint.sh: SUCCESS
2017-04-02 01:53:07.413924 7f1c364e5300  0 set uid:gid to 64045:64045 (ceph:ceph)
2017-04-02 01:53:07.413965 7f1c364e5300  0 ceph version 9.0.0-18993-g11a2122 (11a2122891eabb0d29c573ba1bc816c13c1a9064), process ceph-mds, pid 197
starting mds.issdm-12 at -
2017-04-02 01:53:07.415897 7f1c364e5300  0 pidfile_write: ignore empty --pid-file
2017-04-02 01:53:12.061147 7f1c2eeed700  0 mds.0.cache creating system inode with ino:1
2017-04-02 01:53:12.061423 7f1c2eeed700  0 mds.0.cache creating system inode with ino:100
2017-04-02 01:53:12.061443 7f1c2eeed700  0 mds.0.cache creating system inode with ino:600
2017-04-02 01:53:12.061620 7f1c2eeed700  0 mds.0.cache creating system inode with ino:601
2017-04-02 01:53:12.061711 7f1c2eeed700  0 mds.0.cache creating system inode with ino:602
2017-04-02 01:53:12.061975 7f1c2eeed700  0 mds.0.cache creating system inode with ino:603
2017-04-02 01:53:12.062087 7f1c2eeed700  0 mds.0.cache creating system inode with ino:604
2017-04-02 01:53:12.062208 7f1c2eeed700  0 mds.0.cache creating system inode with ino:605
2017-04-02 01:53:12.062300 7f1c2eeed700  0 mds.0.cache creating system inode with ino:606
2017-04-02 01:53:12.062392 7f1c2eeed700  0 mds.0.cache creating system inode with ino:607
2017-04-02 01:53:12.062483 7f1c2eeed700  0 mds.0.cache creating system inode with ino:608
2017-04-02 01:53:12.062605 7f1c2eeed700  0 mds.0.cache creating system inode with ino:609
2017-04-02 01:55:01.204596 7f1c30e6c700  0 -- 192.168.140.188:6800/3466045220 >> 192.168.140.248:6800/3693088817 conn(0x7f1c40953800 :6800 s=STATE_ACCEPTING_WAIT_CONNECT_MSG_AUTH pgs=0 cs=0 l=0).handle_connect_msg accept connect_seq 0 vs existing csq=0 existing_state=STATE_CONNECTING_WAIT_CONNECT_REPLY
2017-04-02 01:55:01.204902 7f1c30e6c700  0 -- 192.168.140.188:6800/3466045220 >> 192.168.140.248:6800/3693088817 conn(0x7f1c40953800 :6800 s=STATE_ACCEPTING_WAIT_CONNECT_MSG pgs=0 cs=0 l=0).fault with nothing to send and in the half  accept state just closed
