2016-12-15 08:47:29  /entrypoint.sh: static: does not generate config
HEALTH_WARN too few PGs per OSD (10 < min 30)
2016-12-15 08:47:30  /entrypoint.sh: static: does not generate admin key
2016-12-15 08:47:30  /entrypoint.sh: SUCCESS
2016-12-15 08:47:30.885938 7f1ca654e300  0 set uid:gid to 64045:64045 (ceph:ceph)
2016-12-15 08:47:30.885978 7f1ca654e300  0 ceph version 11.0.2-1332-gf628bac (f628bac31aa0b5b2696b8defc4aa18d4bc2ef757), process ceph-mds, pid 88
starting mds.issdm-18 at -
2016-12-15 08:47:30.888063 7f1ca654e300  0 pidfile_write: ignore empty --pid-file
2016-12-15 08:48:21.452408 7f1c9ef58700  0 mds.1.cache creating system inode with ino:101
2016-12-15 08:48:21.452588 7f1c9ef58700  0 mds.1.cache creating system inode with ino:60a
2016-12-15 08:48:21.452957 7f1c9ef58700  0 mds.1.cache creating system inode with ino:60b
2016-12-15 08:48:21.453068 7f1c9ef58700  0 mds.1.cache creating system inode with ino:60c
2016-12-15 08:48:21.453196 7f1c9ef58700  0 mds.1.cache creating system inode with ino:60d
2016-12-15 08:48:21.453453 7f1c9ef58700  0 mds.1.cache creating system inode with ino:60e
2016-12-15 08:48:21.453593 7f1c9ef58700  0 mds.1.cache creating system inode with ino:60f
2016-12-15 08:48:21.453708 7f1c9ef58700  0 mds.1.cache creating system inode with ino:610
2016-12-15 08:48:21.453810 7f1c9ef58700  0 mds.1.cache creating system inode with ino:611
2016-12-15 08:48:21.453929 7f1c9ef58700  0 mds.1.cache creating system inode with ino:612
2016-12-15 08:48:21.454042 7f1c9ef58700  0 mds.1.cache creating system inode with ino:613
2016-12-15 08:48:22.540974 7f1ca0ed7700  0 -- 192.168.140.230:6800/3820366571 >> 192.168.140.188:6800/1384672493 conn(0x7f1cafe8a000 :6800 s=STATE_ACCEPTING_WAIT_CONNECT_MSG_AUTH pgs=0 cs=0 l=0).handle_connect_msg accept connect_seq 0 vs existing csq=0 existing_state=STATE_CONNECTING_WAIT_BANNER_AND_IDENTIFY
2016-12-15 08:48:22.541547 7f1ca0ed7700  0 -- 192.168.140.230:6800/3820366571 >> 192.168.140.188:6800/1384672493 conn(0x7f1cafe8a000 :6800 s=STATE_ACCEPTING_WAIT_CONNECT_MSG pgs=0 cs=0 l=0).fault with nothing to send and in the half  accept state just closed
