2016-12-15 08:46:50  /entrypoint.sh: static: does not generate config
HEALTH_WARN too few PGs per OSD (10 < min 30)
2016-12-15 08:46:51  /entrypoint.sh: static: does not generate admin key
2016-12-15 08:46:52  /entrypoint.sh: SUCCESS
2016-12-15 08:46:52.038537 7fccd2914300  0 set uid:gid to 64045:64045 (ceph:ceph)
2016-12-15 08:46:52.038579 7fccd2914300  0 ceph version 11.0.2-1332-gf628bac (f628bac31aa0b5b2696b8defc4aa18d4bc2ef757), process ceph-mds, pid 88
starting mds.issdm-15 at -
2016-12-15 08:46:52.040627 7fccd2914300  0 pidfile_write: ignore empty --pid-file
2016-12-15 08:48:21.452788 7fcccb31e700  0 mds.2.cache creating system inode with ino:102
2016-12-15 08:48:21.452927 7fcccb31e700  0 mds.2.cache creating system inode with ino:614
2016-12-15 08:48:21.453173 7fcccb31e700  0 mds.2.cache creating system inode with ino:615
2016-12-15 08:48:21.453272 7fcccb31e700  0 mds.2.cache creating system inode with ino:616
2016-12-15 08:48:21.453550 7fcccb31e700  0 mds.2.cache creating system inode with ino:617
2016-12-15 08:48:21.453664 7fcccb31e700  0 mds.2.cache creating system inode with ino:618
2016-12-15 08:48:21.453794 7fcccb31e700  0 mds.2.cache creating system inode with ino:619
2016-12-15 08:48:21.453905 7fcccb31e700  0 mds.2.cache creating system inode with ino:61a
2016-12-15 08:48:21.453998 7fcccb31e700  0 mds.2.cache creating system inode with ino:61b
2016-12-15 08:48:21.454091 7fcccb31e700  0 mds.2.cache creating system inode with ino:61c
2016-12-15 08:48:21.454201 7fcccb31e700  0 mds.2.cache creating system inode with ino:61d
2016-12-15 08:48:25.582430 7fcccd29d700  0 -- 192.168.140.248:6800/2924206695 >> 192.168.140.188:6800/1384672493 conn(0x7fccdc5ba000 :6800 s=STATE_ACCEPTING_WAIT_CONNECT_MSG_AUTH pgs=0 cs=0 l=0).handle_connect_msg accept connect_seq 0 vs existing csq=0 existing_state=STATE_CONNECTING_WAIT_CONNECT_REPLY
2016-12-15 08:48:25.582760 7fcccd29d700  0 -- 192.168.140.248:6800/2924206695 >> 192.168.140.188:6800/1384672493 conn(0x7fccdc5ba000 :6800 s=STATE_ACCEPTING_WAIT_CONNECT_MSG pgs=0 cs=0 l=0).fault with nothing to send and in the half  accept state just closed
