2016-12-15 00:29:27  /entrypoint.sh: static: does not generate config
HEALTH_WARN too few PGs per OSD (10 < min 30)
2016-12-15 00:29:28  /entrypoint.sh: static: does not generate admin key
2016-12-15 00:29:28  /entrypoint.sh: SUCCESS
2016-12-15 00:29:28.458990 7fc21f16a300  0 set uid:gid to 64045:64045 (ceph:ceph)
2016-12-15 00:29:28.459042 7fc21f16a300  0 ceph version 11.0.2-1332-gf628bac (f628bac31aa0b5b2696b8defc4aa18d4bc2ef757), process ceph-mds, pid 87
starting mds.issdm-15 at -
2016-12-15 00:29:28.461306 7fc21f16a300  0 pidfile_write: ignore empty --pid-file
2016-12-15 00:30:57.962442 7fc217b74700  0 mds.2.cache creating system inode with ino:102
2016-12-15 00:30:57.962627 7fc217b74700  0 mds.2.cache creating system inode with ino:614
2016-12-15 00:30:57.962943 7fc217b74700  0 mds.2.cache creating system inode with ino:615
2016-12-15 00:30:57.963045 7fc217b74700  0 mds.2.cache creating system inode with ino:616
2016-12-15 00:30:57.963403 7fc217b74700  0 mds.2.cache creating system inode with ino:617
2016-12-15 00:30:57.963525 7fc217b74700  0 mds.2.cache creating system inode with ino:618
2016-12-15 00:30:57.963656 7fc217b74700  0 mds.2.cache creating system inode with ino:619
2016-12-15 00:30:57.963781 7fc217b74700  0 mds.2.cache creating system inode with ino:61a
2016-12-15 00:30:57.963873 7fc217b74700  0 mds.2.cache creating system inode with ino:61b
2016-12-15 00:30:57.963988 7fc217b74700  0 mds.2.cache creating system inode with ino:61c
2016-12-15 00:30:57.964097 7fc217b74700  0 mds.2.cache creating system inode with ino:61d
2016-12-15 00:30:59.008199 7fc21aaf5700  0 -- 192.168.140.248:6800/3623698747 >> 192.168.140.188:6800/1509075546 conn(0x7fc2284d0000 :6800 s=STATE_ACCEPTING_WAIT_CONNECT_MSG_AUTH pgs=0 cs=0 l=0).handle_connect_msg accept connect_seq 0 vs existing csq=0 existing_state=STATE_CONNECTING_WAIT_CONNECT_REPLY
2016-12-15 00:30:59.008364 7fc21aaf5700  0 -- 192.168.140.248:6800/3623698747 >> 192.168.140.188:6800/1509075546 conn(0x7fc2284d0000 :6800 s=STATE_ACCEPTING_WAIT_CONNECT_MSG pgs=0 cs=0 l=0).fault with nothing to send and in the half  accept state just closed
