2017-03-31 17:04:47  /entrypoint.sh: static: does not generate config
HEALTH_WARN too few PGs per OSD (8 < min 30)
2017-03-31 17:04:48  /entrypoint.sh: static: does not generate admin key
pool 'cephfs_data' created
pool 'cephfs_metadata' created
new fs with metadata pool 2 and data pool 1
2017-03-31 17:04:52  /entrypoint.sh: SUCCESS
2017-03-31 17:04:52.372847 7fbd9e99d300  0 set uid:gid to 64045:64045 (ceph:ceph)
2017-03-31 17:04:52.372900 7fbd9e99d300  0 ceph version 9.0.0-18996-gc8198b3 (c8198b367959e5e7ccb362987ae541a526ccaf59), process ceph-mds, pid 197
starting mds.issdm-12 at -
2017-03-31 17:04:52.375241 7fbd9e99d300  0 pidfile_write: ignore empty --pid-file
2017-03-31 17:04:57.320847 7fbd973a0700  0 mds.0.cache creating system inode with ino:1
2017-03-31 17:04:57.321146 7fbd973a0700  0 mds.0.cache creating system inode with ino:100
2017-03-31 17:04:57.321167 7fbd973a0700  0 mds.0.cache creating system inode with ino:600
2017-03-31 17:04:57.321359 7fbd973a0700  0 mds.0.cache creating system inode with ino:601
2017-03-31 17:04:57.321455 7fbd973a0700  0 mds.0.cache creating system inode with ino:602
2017-03-31 17:04:57.321740 7fbd973a0700  0 mds.0.cache creating system inode with ino:603
2017-03-31 17:04:57.321859 7fbd973a0700  0 mds.0.cache creating system inode with ino:604
2017-03-31 17:04:57.321987 7fbd973a0700  0 mds.0.cache creating system inode with ino:605
2017-03-31 17:04:57.322081 7fbd973a0700  0 mds.0.cache creating system inode with ino:606
2017-03-31 17:04:57.322175 7fbd973a0700  0 mds.0.cache creating system inode with ino:607
2017-03-31 17:04:57.322269 7fbd973a0700  0 mds.0.cache creating system inode with ino:608
2017-03-31 17:04:57.322399 7fbd973a0700  0 mds.0.cache creating system inode with ino:609
