2017-04-01 23:55:47  /entrypoint.sh: static: does not generate config
HEALTH_WARN too few PGs per OSD (10 < min 30)
2017-04-01 23:55:48  /entrypoint.sh: static: does not generate admin key
2017-04-01 23:55:49  /entrypoint.sh: SUCCESS
2017-04-01 23:55:49.049154 7f715eeff300  0 set uid:gid to 64045:64045 (ceph:ceph)
2017-04-01 23:55:49.049196 7f715eeff300  0 ceph version 9.0.0-18993-g11a2122 (11a2122891eabb0d29c573ba1bc816c13c1a9064), process ceph-mds, pid 88
starting mds.issdm-18 at -
2017-04-01 23:55:49.051042 7f715eeff300  0 pidfile_write: ignore empty --pid-file
2017-04-01 23:56:30.200447 7f7157907700  0 mds.1.cache creating system inode with ino:101
2017-04-01 23:56:30.200597 7f7157907700  0 mds.1.cache creating system inode with ino:60a
2017-04-01 23:56:30.200859 7f7157907700  0 mds.1.cache creating system inode with ino:60b
2017-04-01 23:56:30.200958 7f7157907700  0 mds.1.cache creating system inode with ino:60c
2017-04-01 23:56:30.201243 7f7157907700  0 mds.1.cache creating system inode with ino:60d
2017-04-01 23:56:30.201414 7f7157907700  0 mds.1.cache creating system inode with ino:60e
2017-04-01 23:56:30.201529 7f7157907700  0 mds.1.cache creating system inode with ino:60f
2017-04-01 23:56:30.201643 7f7157907700  0 mds.1.cache creating system inode with ino:610
2017-04-01 23:56:30.201736 7f7157907700  0 mds.1.cache creating system inode with ino:611
2017-04-01 23:56:30.201830 7f7157907700  0 mds.1.cache creating system inode with ino:612
2017-04-01 23:56:30.201965 7f7157907700  0 mds.1.cache creating system inode with ino:613
2017-04-01 23:56:31.375492 7f7159886700  0 -- 192.168.140.230:6800/377256830 >> 192.168.140.188:6800/1034169662 conn(0x7f7169146000 :6800 s=STATE_ACCEPTING_WAIT_CONNECT_MSG_AUTH pgs=0 cs=0 l=0).handle_connect_msg accept connect_seq 0 vs existing csq=0 existing_state=STATE_CONNECTING_WAIT_CONNECT_REPLY
