2016-12-23 18:27:54  /entrypoint.sh: static: does not generate config
HEALTH_WARN too few PGs per OSD (10 < min 30)
2016-12-23 18:27:55  /entrypoint.sh: static: does not generate admin key
2016-12-23 18:27:56  /entrypoint.sh: SUCCESS
2016-12-23 18:27:56.020210 7f2ca1145300  0 set uid:gid to 64045:64045 (ceph:ceph)
2016-12-23 18:27:56.020253 7f2ca1145300  0 ceph version 9.0.0-18991-gec12610 (ec12610bb1358fb2eab74cb7b0483c2613bae38f), process ceph-mds, pid 88
starting mds.issdm-18 at -
2016-12-23 18:27:56.022380 7f2ca1145300  0 pidfile_write: ignore empty --pid-file
2016-12-23 18:28:48.710444 7f2c99b4f700  0 mds.1.cache creating system inode with ino:101
2016-12-23 18:28:48.710590 7f2c99b4f700  0 mds.1.cache creating system inode with ino:60a
2016-12-23 18:28:48.710862 7f2c99b4f700  0 mds.1.cache creating system inode with ino:60b
2016-12-23 18:28:48.711065 7f2c99b4f700  0 mds.1.cache creating system inode with ino:60c
2016-12-23 18:28:48.711329 7f2c99b4f700  0 mds.1.cache creating system inode with ino:60d
2016-12-23 18:28:48.711685 7f2c99b4f700  0 mds.1.cache creating system inode with ino:60e
2016-12-23 18:28:48.711810 7f2c99b4f700  0 mds.1.cache creating system inode with ino:60f
2016-12-23 18:28:48.711947 7f2c99b4f700  0 mds.1.cache creating system inode with ino:610
2016-12-23 18:28:48.712051 7f2c99b4f700  0 mds.1.cache creating system inode with ino:611
2016-12-23 18:28:48.712169 7f2c99b4f700  0 mds.1.cache creating system inode with ino:612
2016-12-23 18:28:48.712300 7f2c99b4f700  0 mds.1.cache creating system inode with ino:613
2016-12-23 18:43:51.271813 7f2c9c2cf700  0 -- 192.168.140.230:6800/302654045 >> 192.168.140.248:6800/57972330 conn(0x7f2cab086800 :6800 s=STATE_OPEN pgs=10 cs=1 l=0).fault with nothing to send, going to standby
