2016-12-23 18:26:26  /entrypoint.sh: static: does not generate config
HEALTH_WARN too few PGs per OSD (8 < min 30)
2016-12-23 18:26:27  /entrypoint.sh: static: does not generate admin key
pool 'cephfs_data' created
pool 'cephfs_metadata' created
new fs with metadata pool 2 and data pool 1
2016-12-23 18:26:31  /entrypoint.sh: SUCCESS
2016-12-23 18:26:31.258194 7fd3b3c3c300  0 set uid:gid to 64045:64045 (ceph:ceph)
2016-12-23 18:26:31.258238 7fd3b3c3c300  0 ceph version 9.0.0-18991-gec12610 (ec12610bb1358fb2eab74cb7b0483c2613bae38f), process ceph-mds, pid 197
starting mds.issdm-12 at -
2016-12-23 18:26:31.260389 7fd3b3c3c300  0 pidfile_write: ignore empty --pid-file
2016-12-23 18:26:35.472868 7fd3ac646700  0 mds.0.cache creating system inode with ino:1
2016-12-23 18:26:35.473166 7fd3ac646700  0 mds.0.cache creating system inode with ino:100
2016-12-23 18:26:35.473187 7fd3ac646700  0 mds.0.cache creating system inode with ino:600
2016-12-23 18:26:35.473370 7fd3ac646700  0 mds.0.cache creating system inode with ino:601
2016-12-23 18:26:35.473466 7fd3ac646700  0 mds.0.cache creating system inode with ino:602
2016-12-23 18:26:35.473754 7fd3ac646700  0 mds.0.cache creating system inode with ino:603
2016-12-23 18:26:35.473875 7fd3ac646700  0 mds.0.cache creating system inode with ino:604
2016-12-23 18:26:35.474000 7fd3ac646700  0 mds.0.cache creating system inode with ino:605
2016-12-23 18:26:35.474095 7fd3ac646700  0 mds.0.cache creating system inode with ino:606
2016-12-23 18:26:35.474193 7fd3ac646700  0 mds.0.cache creating system inode with ino:607
2016-12-23 18:26:35.474285 7fd3ac646700  0 mds.0.cache creating system inode with ino:608
2016-12-23 18:26:35.474414 7fd3ac646700  0 mds.0.cache creating system inode with ino:609
2016-12-23 18:28:49.776149 7fd3af5c7700  0 -- 192.168.140.188:6800/3295086180 >> 192.168.140.248:6800/57972330 conn(0x7fd3bcfdd000 :6800 s=STATE_ACCEPTING_WAIT_CONNECT_MSG_AUTH pgs=0 cs=0 l=0).handle_connect_msg accept connect_seq 0 vs existing csq=0 existing_state=STATE_CONNECTING_WAIT_CONNECT_REPLY
2016-12-23 18:28:49.776439 7fd3af5c7700  0 -- 192.168.140.188:6800/3295086180 >> 192.168.140.248:6800/57972330 conn(0x7fd3bcfdd000 :6800 s=STATE_ACCEPTING_WAIT_CONNECT_MSG pgs=0 cs=0 l=0).fault with nothing to send and in the half  accept state just closed
