2017-04-02 06:22:14  /entrypoint.sh: static: does not generate config
HEALTH_WARN too few PGs per OSD (8 < min 30)
2017-04-02 06:22:15  /entrypoint.sh: static: does not generate admin key
pool 'cephfs_data' created
pool 'cephfs_metadata' created
new fs with metadata pool 2 and data pool 1
2017-04-02 06:22:19  /entrypoint.sh: SUCCESS
2017-04-02 06:22:19.702837 7f8ff05cf300  0 set uid:gid to 64045:64045 (ceph:ceph)
2017-04-02 06:22:19.702881 7f8ff05cf300  0 ceph version 9.0.0-18993-g11a2122 (11a2122891eabb0d29c573ba1bc816c13c1a9064), process ceph-mds, pid 197
starting mds.issdm-12 at -
2017-04-02 06:22:19.704872 7f8ff05cf300  0 pidfile_write: ignore empty --pid-file
2017-04-02 06:22:24.346233 7f8fe8fd7700  0 mds.0.cache creating system inode with ino:1
2017-04-02 06:22:24.346520 7f8fe8fd7700  0 mds.0.cache creating system inode with ino:100
2017-04-02 06:22:24.346541 7f8fe8fd7700  0 mds.0.cache creating system inode with ino:600
2017-04-02 06:22:24.346882 7f8fe8fd7700  0 mds.0.cache creating system inode with ino:601
2017-04-02 06:22:24.346980 7f8fe8fd7700  0 mds.0.cache creating system inode with ino:602
2017-04-02 06:22:24.347260 7f8fe8fd7700  0 mds.0.cache creating system inode with ino:603
2017-04-02 06:22:24.347384 7f8fe8fd7700  0 mds.0.cache creating system inode with ino:604
2017-04-02 06:22:24.347516 7f8fe8fd7700  0 mds.0.cache creating system inode with ino:605
2017-04-02 06:22:24.347611 7f8fe8fd7700  0 mds.0.cache creating system inode with ino:606
2017-04-02 06:22:24.347708 7f8fe8fd7700  0 mds.0.cache creating system inode with ino:607
2017-04-02 06:22:24.347806 7f8fe8fd7700  0 mds.0.cache creating system inode with ino:608
2017-04-02 06:22:24.347943 7f8fe8fd7700  0 mds.0.cache creating system inode with ino:609
2017-04-02 06:24:27.471802 7f8feaf56700  0 -- 192.168.140.188:6800/617646676 >> 192.168.140.230:6800/227826207 conn(0x7f8ff9965800 :6800 s=STATE_ACCEPTING_WAIT_CONNECT_MSG_AUTH pgs=0 cs=0 l=0).handle_connect_msg accept connect_seq 0 vs existing csq=0 existing_state=STATE_CONNECTING_WAIT_CONNECT_REPLY
