2016-12-26 17:29:28  /entrypoint.sh: static: does not generate config
HEALTH_WARN too few PGs per OSD (8 < min 30)
2016-12-26 17:29:31  /entrypoint.sh: static: does not generate admin key
pool 'cephfs_data' created
pool 'cephfs_metadata' created
new fs with metadata pool 2 and data pool 1
2016-12-26 17:29:34  /entrypoint.sh: SUCCESS
2016-12-26 17:29:35.000087 7f538b194300  0 set uid:gid to 64045:64045 (ceph:ceph)
2016-12-26 17:29:35.000129 7f538b194300  0 ceph version 9.0.0-18991-gec12610 (ec12610bb1358fb2eab74cb7b0483c2613bae38f), process ceph-mds, pid 197
starting mds.issdm-12 at -
2016-12-26 17:29:35.027873 7f538b194300  0 pidfile_write: ignore empty --pid-file
2016-12-26 17:29:39.348068 7f5383b9e700  0 mds.0.cache creating system inode with ino:1
2016-12-26 17:29:39.352301 7f5383b9e700  0 mds.0.cache creating system inode with ino:100
2016-12-26 17:29:39.352371 7f5383b9e700  0 mds.0.cache creating system inode with ino:600
2016-12-26 17:29:39.352709 7f5383b9e700  0 mds.0.cache creating system inode with ino:601
2016-12-26 17:29:39.352908 7f5383b9e700  0 mds.0.cache creating system inode with ino:602
2016-12-26 17:29:39.353604 7f5383b9e700  0 mds.0.cache creating system inode with ino:603
2016-12-26 17:29:39.353762 7f5383b9e700  0 mds.0.cache creating system inode with ino:604
2016-12-26 17:29:39.354060 7f5383b9e700  0 mds.0.cache creating system inode with ino:605
2016-12-26 17:29:39.354357 7f5383b9e700  0 mds.0.cache creating system inode with ino:606
2016-12-26 17:29:39.354462 7f5383b9e700  0 mds.0.cache creating system inode with ino:607
2016-12-26 17:29:39.354566 7f5383b9e700  0 mds.0.cache creating system inode with ino:608
2016-12-26 17:29:39.354714 7f5383b9e700  0 mds.0.cache creating system inode with ino:609
