2016-12-12 17:03:05  /entrypoint.sh: static: does not generate config
HEALTH_WARN too few PGs per OSD (10 < min 30)
2016-12-12 17:03:06  /entrypoint.sh: static: does not generate admin key
2016-12-12 17:03:06  /entrypoint.sh: SUCCESS
2016-12-12 17:03:06.950388 7fca7ec49300  0 set uid:gid to 64045:64045 (ceph:ceph)
2016-12-12 17:03:06.950427 7fca7ec49300  0 ceph version 11.0.2-1332-gf628bac (f628bac31aa0b5b2696b8defc4aa18d4bc2ef757), process ceph-mds, pid 88
starting mds.issdm-18 at -
2016-12-12 17:03:06.952446 7fca7ec49300  0 pidfile_write: ignore empty --pid-file
2016-12-12 17:04:02.356389 7fca77653700  0 mds.1.cache creating system inode with ino:101
2016-12-12 17:04:02.356530 7fca77653700  0 mds.1.cache creating system inode with ino:60a
2016-12-12 17:04:02.356770 7fca77653700  0 mds.1.cache creating system inode with ino:60b
2016-12-12 17:04:02.356869 7fca77653700  0 mds.1.cache creating system inode with ino:60c
2016-12-12 17:04:02.356984 7fca77653700  0 mds.1.cache creating system inode with ino:60d
2016-12-12 17:04:02.357239 7fca77653700  0 mds.1.cache creating system inode with ino:60e
2016-12-12 17:04:02.357371 7fca77653700  0 mds.1.cache creating system inode with ino:60f
2016-12-12 17:04:02.357482 7fca77653700  0 mds.1.cache creating system inode with ino:610
2016-12-12 17:04:02.357576 7fca77653700  0 mds.1.cache creating system inode with ino:611
2016-12-12 17:04:02.357686 7fca77653700  0 mds.1.cache creating system inode with ino:612
2016-12-12 17:04:02.357795 7fca77653700  0 mds.1.cache creating system inode with ino:613
2016-12-12 17:19:03.432109 7fca79dd3700  0 -- 192.168.140.230:6800/300635679 >> 192.168.140.248:6800/257785954 conn(0x7fca894e2800 :6800 s=STATE_OPEN pgs=10 cs=1 l=0).fault with nothing to send, going to standby
