2016-12-12 17:02:26  /entrypoint.sh: static: does not generate config
HEALTH_WARN too few PGs per OSD (10 < min 30)
2016-12-12 17:02:26  /entrypoint.sh: static: does not generate admin key
2016-12-12 17:02:27  /entrypoint.sh: SUCCESS
2016-12-12 17:02:27.229678 7ff7de962300  0 set uid:gid to 64045:64045 (ceph:ceph)
2016-12-12 17:02:27.229718 7ff7de962300  0 ceph version 11.0.2-1332-gf628bac (f628bac31aa0b5b2696b8defc4aa18d4bc2ef757), process ceph-mds, pid 87
starting mds.issdm-15 at -
2016-12-12 17:02:27.231736 7ff7de962300  0 pidfile_write: ignore empty --pid-file
2016-12-12 17:04:02.356904 7ff7d736c700  0 mds.2.cache creating system inode with ino:102
2016-12-12 17:04:02.357102 7ff7d736c700  0 mds.2.cache creating system inode with ino:614
2016-12-12 17:04:02.357423 7ff7d736c700  0 mds.2.cache creating system inode with ino:615
2016-12-12 17:04:02.357525 7ff7d736c700  0 mds.2.cache creating system inode with ino:616
2016-12-12 17:04:02.357834 7ff7d736c700  0 mds.2.cache creating system inode with ino:617
2016-12-12 17:04:02.357962 7ff7d736c700  0 mds.2.cache creating system inode with ino:618
2016-12-12 17:04:02.358097 7ff7d736c700  0 mds.2.cache creating system inode with ino:619
2016-12-12 17:04:02.358210 7ff7d736c700  0 mds.2.cache creating system inode with ino:61a
2016-12-12 17:04:02.358349 7ff7d736c700  0 mds.2.cache creating system inode with ino:61b
2016-12-12 17:04:02.358450 7ff7d736c700  0 mds.2.cache creating system inode with ino:61c
2016-12-12 17:04:02.358560 7ff7d736c700  0 mds.2.cache creating system inode with ino:61d
2016-12-12 17:04:03.426709 7ff7da2ed700  0 -- 192.168.140.248:6800/257785954 >> 192.168.140.188:6800/2729162536 conn(0x7ff7e847e000 :6800 s=STATE_ACCEPTING_WAIT_CONNECT_MSG_AUTH pgs=0 cs=0 l=0).handle_connect_msg accept connect_seq 0 vs existing csq=0 existing_state=STATE_CONNECTING_WAIT_CONNECT_REPLY
2016-12-12 17:19:03.432567 7ff7d92eb700  0 -- 192.168.140.248:6800/257785954 >> 192.168.140.230:6800/300635679 conn(0x7ff7e84a8000 :-1 s=STATE_OPEN pgs=9 cs=1 l=0).fault with nothing to send, going to standby
