2017-03-31 20:23:21  /entrypoint.sh: static: does not generate config
HEALTH_WARN too few PGs per OSD (8 < min 30)
2017-03-31 20:23:22  /entrypoint.sh: static: does not generate admin key
pool 'cephfs_data' created
pool 'cephfs_metadata' created
new fs with metadata pool 2 and data pool 1
2017-03-31 20:23:26  /entrypoint.sh: SUCCESS
2017-03-31 20:23:26.089096 7fba7eaaf300  0 set uid:gid to 64045:64045 (ceph:ceph)
2017-03-31 20:23:26.089136 7fba7eaaf300  0 ceph version 9.0.0-18996-gc8198b3 (c8198b367959e5e7ccb362987ae541a526ccaf59), process ceph-mds, pid 198
starting mds.issdm-12 at -
2017-03-31 20:23:26.091159 7fba7eaaf300  0 pidfile_write: ignore empty --pid-file
2017-03-31 20:23:30.954412 7fba774b2700  0 mds.0.cache creating system inode with ino:1
2017-03-31 20:23:30.954753 7fba774b2700  0 mds.0.cache creating system inode with ino:100
2017-03-31 20:23:30.954773 7fba774b2700  0 mds.0.cache creating system inode with ino:600
2017-03-31 20:23:30.954985 7fba774b2700  0 mds.0.cache creating system inode with ino:601
2017-03-31 20:23:30.955100 7fba774b2700  0 mds.0.cache creating system inode with ino:602
2017-03-31 20:23:30.955404 7fba774b2700  0 mds.0.cache creating system inode with ino:603
2017-03-31 20:23:30.955890 7fba774b2700  0 mds.0.cache creating system inode with ino:604
2017-03-31 20:23:30.956388 7fba774b2700  0 mds.0.cache creating system inode with ino:605
2017-03-31 20:23:30.956676 7fba774b2700  0 mds.0.cache creating system inode with ino:606
2017-03-31 20:23:30.956778 7fba774b2700  0 mds.0.cache creating system inode with ino:607
2017-03-31 20:23:30.956879 7fba774b2700  0 mds.0.cache creating system inode with ino:608
2017-03-31 20:23:30.957015 7fba774b2700  0 mds.0.cache creating system inode with ino:609
