2016-12-26 18:53:11  /entrypoint.sh: static: does not generate config
HEALTH_WARN too few PGs per OSD (10 < min 30)
2016-12-26 18:53:12  /entrypoint.sh: static: does not generate admin key
2016-12-26 18:53:12  /entrypoint.sh: SUCCESS
2016-12-26 18:53:12.455804 7fb85ad3b300  0 set uid:gid to 64045:64045 (ceph:ceph)
2016-12-26 18:53:12.455843 7fb85ad3b300  0 ceph version 9.0.0-18991-gec12610 (ec12610bb1358fb2eab74cb7b0483c2613bae38f), process ceph-mds, pid 87
starting mds.issdm-15 at -
2016-12-26 18:53:12.457622 7fb85ad3b300  0 pidfile_write: ignore empty --pid-file
2016-12-26 18:55:02.881295 7fb853745700  0 mds.2.cache creating system inode with ino:102
2016-12-26 18:55:02.881509 7fb853745700  0 mds.2.cache creating system inode with ino:614
2016-12-26 18:55:02.881806 7fb853745700  0 mds.2.cache creating system inode with ino:615
2016-12-26 18:55:02.882065 7fb853745700  0 mds.2.cache creating system inode with ino:616
2016-12-26 18:55:02.882211 7fb853745700  0 mds.2.cache creating system inode with ino:617
2016-12-26 18:55:02.882312 7fb853745700  0 mds.2.cache creating system inode with ino:618
2016-12-26 18:55:02.882442 7fb853745700  0 mds.2.cache creating system inode with ino:619
2016-12-26 18:55:02.882555 7fb853745700  0 mds.2.cache creating system inode with ino:61a
2016-12-26 18:55:02.882647 7fb853745700  0 mds.2.cache creating system inode with ino:61b
2016-12-26 18:55:02.882744 7fb853745700  0 mds.2.cache creating system inode with ino:61c
2016-12-26 18:55:02.882855 7fb853745700  0 mds.2.cache creating system inode with ino:61d
2016-12-26 18:55:03.943250 7fb8566c6700  0 -- 192.168.140.248:6800/2296059999 >> 192.168.140.188:6800/3753930777 conn(0x7fb865532000 :6800 s=STATE_ACCEPTING_WAIT_CONNECT_MSG_AUTH pgs=0 cs=0 l=0).handle_connect_msg accept connect_seq 0 vs existing csq=0 existing_state=STATE_CONNECTING_WAIT_CONNECT_REPLY
