2016-11-27 23:02:39  /entrypoint.sh: static: does not generate config
HEALTH_WARN too few PGs per OSD (8 < min 30)
2016-11-27 23:02:41  /entrypoint.sh: static: does not generate admin key
2016-11-27 23:02:41  /entrypoint.sh: SUCCESS
2016-11-27 23:02:41.587938 7efe5dbe0300  0 set uid:gid to 64045:64045 (ceph:ceph)
2016-11-27 23:02:41.587985 7efe5dbe0300  0 ceph version 11.0.2-1332-gf628bac (f628bac31aa0b5b2696b8defc4aa18d4bc2ef757), process ceph-mds, pid 84
starting mds.issdm-18 at -
2016-11-27 23:02:41.589661 7efe5dbe0300  0 pidfile_write: ignore empty --pid-file
2016-11-27 23:03:21.113371 7efe565ea700  0 mds.1.cache creating system inode with ino:101
2016-11-27 23:03:21.113512 7efe565ea700  0 mds.1.cache creating system inode with ino:60a
2016-11-27 23:03:21.113750 7efe565ea700  0 mds.1.cache creating system inode with ino:60b
2016-11-27 23:03:21.113847 7efe565ea700  0 mds.1.cache creating system inode with ino:60c
2016-11-27 23:03:21.113941 7efe565ea700  0 mds.1.cache creating system inode with ino:60d
2016-11-27 23:03:21.114213 7efe565ea700  0 mds.1.cache creating system inode with ino:60e
2016-11-27 23:03:21.114325 7efe565ea700  0 mds.1.cache creating system inode with ino:60f
2016-11-27 23:03:21.114458 7efe565ea700  0 mds.1.cache creating system inode with ino:610
2016-11-27 23:03:21.114549 7efe565ea700  0 mds.1.cache creating system inode with ino:611
2016-11-27 23:03:21.114641 7efe565ea700  0 mds.1.cache creating system inode with ino:612
2016-11-27 23:03:21.114765 7efe565ea700  0 mds.1.cache creating system inode with ino:613
2016-11-27 23:03:25.469527 7efe5956b700  0 -- 192.168.140.230:6800/2111418957 >> 192.168.140.188:6800/1573077333 conn(0x7efe66b76000 :6800 s=STATE_ACCEPTING_WAIT_CONNECT_MSG_AUTH pgs=0 cs=0 l=0).handle_connect_msg accept connect_seq 0 vs existing csq=0 existing_state=STATE_CONNECTING_WAIT_CONNECT_REPLY
2016-11-27 23:03:25.469654 7efe5956b700  0 -- 192.168.140.230:6800/2111418957 >> 192.168.140.188:6800/1573077333 conn(0x7efe66b76000 :6800 s=STATE_ACCEPTING_WAIT_CONNECT_MSG pgs=0 cs=0 l=0).fault with nothing to send and in the half  accept state just closed
