2016-11-27 23:01:59  /entrypoint.sh: static: does not generate config
HEALTH_WARN too few PGs per OSD (8 < min 30)
2016-11-27 23:02:00  /entrypoint.sh: static: does not generate admin key
2016-11-27 23:02:00  /entrypoint.sh: SUCCESS
2016-11-27 23:02:00.845685 7f4fc7b16300  0 set uid:gid to 64045:64045 (ceph:ceph)
2016-11-27 23:02:00.845725 7f4fc7b16300  0 ceph version 11.0.2-1332-gf628bac (f628bac31aa0b5b2696b8defc4aa18d4bc2ef757), process ceph-mds, pid 85
starting mds.issdm-15 at -
2016-11-27 23:02:00.847469 7f4fc7b16300  0 pidfile_write: ignore empty --pid-file
2016-11-27 23:03:21.113525 7f4fc0520700  0 mds.2.cache creating system inode with ino:102
2016-11-27 23:03:21.113660 7f4fc0520700  0 mds.2.cache creating system inode with ino:614
2016-11-27 23:03:21.113895 7f4fc0520700  0 mds.2.cache creating system inode with ino:615
2016-11-27 23:03:21.113993 7f4fc0520700  0 mds.2.cache creating system inode with ino:616
2016-11-27 23:03:21.114089 7f4fc0520700  0 mds.2.cache creating system inode with ino:617
2016-11-27 23:03:21.114357 7f4fc0520700  0 mds.2.cache creating system inode with ino:618
2016-11-27 23:03:21.114469 7f4fc0520700  0 mds.2.cache creating system inode with ino:619
2016-11-27 23:03:21.114617 7f4fc0520700  0 mds.2.cache creating system inode with ino:61a
2016-11-27 23:03:21.114709 7f4fc0520700  0 mds.2.cache creating system inode with ino:61b
2016-11-27 23:03:21.114800 7f4fc0520700  0 mds.2.cache creating system inode with ino:61c
2016-11-27 23:03:21.114910 7f4fc0520700  0 mds.2.cache creating system inode with ino:61d
2016-11-27 23:03:22.175392 7f4fc249f700  0 -- 192.168.140.248:6800/1268914134 >> 192.168.140.188:6800/1573077333 conn(0x7f4fd2762000 :6800 s=STATE_ACCEPTING_WAIT_CONNECT_MSG_AUTH pgs=0 cs=0 l=0).handle_connect_msg accept connect_seq 0 vs existing csq=0 existing_state=STATE_CONNECTING
