2016-11-27 23:01:21  /entrypoint.sh: static: does not generate config
HEALTH_WARN too few PGs per OSD (7 < min 30)
2016-11-27 23:01:22  /entrypoint.sh: static: does not generate admin key
pool 'cephfs_data' created
pool 'cephfs_metadata' created
new fs with metadata pool 2 and data pool 1
2016-11-27 23:01:26  /entrypoint.sh: SUCCESS
2016-11-27 23:01:26.488248 7f93fd01b300  0 set uid:gid to 64045:64045 (ceph:ceph)
2016-11-27 23:01:26.488292 7f93fd01b300  0 ceph version 11.0.2-1332-gf628bac (f628bac31aa0b5b2696b8defc4aa18d4bc2ef757), process ceph-mds, pid 189
starting mds.issdm-12 at -
2016-11-27 23:01:26.490416 7f93fd01b300  0 pidfile_write: ignore empty --pid-file
2016-11-27 23:01:31.225036 7f93f5a25700  0 mds.0.cache creating system inode with ino:1
2016-11-27 23:01:31.225416 7f93f5a25700  0 mds.0.cache creating system inode with ino:100
2016-11-27 23:01:31.225450 7f93f5a25700  0 mds.0.cache creating system inode with ino:600
2016-11-27 23:01:31.225656 7f93f5a25700  0 mds.0.cache creating system inode with ino:601
2016-11-27 23:01:31.225767 7f93f5a25700  0 mds.0.cache creating system inode with ino:602
2016-11-27 23:01:31.225862 7f93f5a25700  0 mds.0.cache creating system inode with ino:603
2016-11-27 23:01:31.226221 7f93f5a25700  0 mds.0.cache creating system inode with ino:604
2016-11-27 23:01:31.226475 7f93f5a25700  0 mds.0.cache creating system inode with ino:605
2016-11-27 23:01:31.226768 7f93f5a25700  0 mds.0.cache creating system inode with ino:606
2016-11-27 23:01:31.227076 7f93f5a25700  0 mds.0.cache creating system inode with ino:607
2016-11-27 23:01:31.227226 7f93f5a25700  0 mds.0.cache creating system inode with ino:608
2016-11-27 23:01:31.227404 7f93f5a25700  0 mds.0.cache creating system inode with ino:609
2016-11-27 23:03:25.470201 7f93f89a6700  0 -- 192.168.140.188:6800/1573077333 >> 192.168.140.230:6800/2111418957 conn(0x7f94065fb800 :6800 s=STATE_ACCEPTING_WAIT_CONNECT_MSG_AUTH pgs=0 cs=0 l=0).handle_connect_msg accept connect_seq 0 vs existing csq=0 existing_state=STATE_CONNECTING_WAIT_CONNECT_REPLY
