2016-12-27 17:39:18  /entrypoint.sh: static: does not generate config
HEALTH_WARN too few PGs per OSD (10 < min 30)
2016-12-27 17:39:19  /entrypoint.sh: static: does not generate admin key
2016-12-27 17:39:19  /entrypoint.sh: SUCCESS
2016-12-27 17:39:19.800704 7f099fd16300  0 set uid:gid to 64045:64045 (ceph:ceph)
2016-12-27 17:39:19.800743 7f099fd16300  0 ceph version 9.0.0-18991-gec12610 (ec12610bb1358fb2eab74cb7b0483c2613bae38f), process ceph-mds, pid 87
starting mds.issdm-15 at -
2016-12-27 17:39:19.802971 7f099fd16300  0 pidfile_write: ignore empty --pid-file
2016-12-27 17:41:08.846058 7f0998720700  0 mds.2.cache creating system inode with ino:102
2016-12-27 17:41:08.846229 7f0998720700  0 mds.2.cache creating system inode with ino:614
2016-12-27 17:41:08.846517 7f0998720700  0 mds.2.cache creating system inode with ino:615
2016-12-27 17:41:08.846777 7f0998720700  0 mds.2.cache creating system inode with ino:616
2016-12-27 17:41:08.846980 7f0998720700  0 mds.2.cache creating system inode with ino:617
2016-12-27 17:41:08.847076 7f0998720700  0 mds.2.cache creating system inode with ino:618
2016-12-27 17:41:08.847202 7f0998720700  0 mds.2.cache creating system inode with ino:619
2016-12-27 17:41:08.847316 7f0998720700  0 mds.2.cache creating system inode with ino:61a
2016-12-27 17:41:08.847414 7f0998720700  0 mds.2.cache creating system inode with ino:61b
2016-12-27 17:41:08.847515 7f0998720700  0 mds.2.cache creating system inode with ino:61c
2016-12-27 17:41:08.847630 7f0998720700  0 mds.2.cache creating system inode with ino:61d
2016-12-27 17:41:09.985631 7f099a69f700  0 -- 192.168.140.248:6800/351792603 >> 192.168.140.188:6800/530342104 conn(0x7f09a95c0000 :6800 s=STATE_ACCEPTING_WAIT_CONNECT_MSG_AUTH pgs=0 cs=0 l=0).handle_connect_msg accept connect_seq 0 vs existing csq=0 existing_state=STATE_CONNECTING
