2017-04-02 03:23:32  /entrypoint.sh: static: does not generate config
HEALTH_WARN too few PGs per OSD (8 < min 30)
2017-04-02 03:23:33  /entrypoint.sh: static: does not generate admin key
pool 'cephfs_data' created
pool 'cephfs_metadata' created
new fs with metadata pool 2 and data pool 1
2017-04-02 03:23:37  /entrypoint.sh: SUCCESS
2017-04-02 03:23:37.259384 7f56b55b2300  0 set uid:gid to 64045:64045 (ceph:ceph)
2017-04-02 03:23:37.259433 7f56b55b2300  0 ceph version 9.0.0-18993-g11a2122 (11a2122891eabb0d29c573ba1bc816c13c1a9064), process ceph-mds, pid 197
starting mds.issdm-12 at -
2017-04-02 03:23:37.261833 7f56b55b2300  0 pidfile_write: ignore empty --pid-file
2017-04-02 03:23:41.935430 7f56adfba700  0 mds.0.cache creating system inode with ino:1
2017-04-02 03:23:41.935874 7f56adfba700  0 mds.0.cache creating system inode with ino:100
2017-04-02 03:23:41.935902 7f56adfba700  0 mds.0.cache creating system inode with ino:600
2017-04-02 03:23:41.936115 7f56adfba700  0 mds.0.cache creating system inode with ino:601
2017-04-02 03:23:41.936211 7f56adfba700  0 mds.0.cache creating system inode with ino:602
2017-04-02 03:23:41.936497 7f56adfba700  0 mds.0.cache creating system inode with ino:603
2017-04-02 03:23:41.936615 7f56adfba700  0 mds.0.cache creating system inode with ino:604
2017-04-02 03:23:41.936745 7f56adfba700  0 mds.0.cache creating system inode with ino:605
2017-04-02 03:23:41.936844 7f56adfba700  0 mds.0.cache creating system inode with ino:606
2017-04-02 03:23:41.936939 7f56adfba700  0 mds.0.cache creating system inode with ino:607
2017-04-02 03:23:41.937033 7f56adfba700  0 mds.0.cache creating system inode with ino:608
2017-04-02 03:23:41.937163 7f56adfba700  0 mds.0.cache creating system inode with ino:609
2017-04-02 03:25:43.553427 7f56aff39700  0 -- 192.168.140.188:6800/4182424318 >> 192.168.140.230:6800/667011950 conn(0x7f56befe5800 :6800 s=STATE_ACCEPTING_WAIT_CONNECT_MSG_AUTH pgs=0 cs=0 l=0).handle_connect_msg accept connect_seq 0 vs existing csq=0 existing_state=STATE_CONNECTING_WAIT_CONNECT_REPLY
2017-04-02 03:25:47.138203 7f56b073a700  0 -- 192.168.140.188:6800/4182424318 >> 192.168.140.248:6800/999658876 conn(0x7f56befe4000 :6800 s=STATE_ACCEPTING_WAIT_CONNECT_MSG_AUTH pgs=0 cs=0 l=0).handle_connect_msg accept connect_seq 0 vs existing csq=0 existing_state=STATE_CONNECTING_WAIT_CONNECT_REPLY
2017-04-02 03:25:47.275163 7f56adfba700  0 mds.0.bal   mds.0 mdsload<[0,0 0]/[0,0 0], req 3, hr 0, qlen 0, cpu 0> = 0 ~ 0
2017-04-02 03:25:47.275239 7f56adfba700  0 mds.0.bal   mds.1 mdsload<[0,0 0]/[0,0 0], req 0, hr 0, qlen 0, cpu 0.02> = 0.02 ~ 0.02
2017-04-02 03:25:47.275274 7f56adfba700  0 mds.0.bal   mds.2 mdsload<[0,0 0]/[0,0 0], req 0, hr 0, qlen 0, cpu 0.1> = 0.1 ~ 0.1
