2016-12-24 06:39:18  /entrypoint.sh: static: does not generate config
HEALTH_WARN too few PGs per OSD (10 < min 30)
2016-12-24 06:39:19  /entrypoint.sh: static: does not generate admin key
2016-12-24 06:39:19  /entrypoint.sh: SUCCESS
2016-12-24 06:39:19.377862 7efc6aa4e300  0 set uid:gid to 64045:64045 (ceph:ceph)
2016-12-24 06:39:19.377901 7efc6aa4e300  0 ceph version 9.0.0-18991-gec12610 (ec12610bb1358fb2eab74cb7b0483c2613bae38f), process ceph-mds, pid 88
starting mds.issdm-18 at -
2016-12-24 06:39:19.379918 7efc6aa4e300  0 pidfile_write: ignore empty --pid-file
2016-12-24 06:40:36.867493 7efc63458700  0 mds.1.cache creating system inode with ino:101
2016-12-24 06:40:36.867673 7efc63458700  0 mds.1.cache creating system inode with ino:60a
2016-12-24 06:40:36.867980 7efc63458700  0 mds.1.cache creating system inode with ino:60b
2016-12-24 06:40:36.868088 7efc63458700  0 mds.1.cache creating system inode with ino:60c
2016-12-24 06:40:36.868432 7efc63458700  0 mds.1.cache creating system inode with ino:60d
2016-12-24 06:40:36.868575 7efc63458700  0 mds.1.cache creating system inode with ino:60e
2016-12-24 06:40:36.868687 7efc63458700  0 mds.1.cache creating system inode with ino:60f
2016-12-24 06:40:36.868822 7efc63458700  0 mds.1.cache creating system inode with ino:610
2016-12-24 06:40:36.868917 7efc63458700  0 mds.1.cache creating system inode with ino:611
2016-12-24 06:40:36.869012 7efc63458700  0 mds.1.cache creating system inode with ino:612
2016-12-24 06:40:36.869123 7efc63458700  0 mds.1.cache creating system inode with ino:613
2016-12-24 06:40:41.141606 7efc653d7700  0 -- 192.168.140.230:6800/2379512508 >> 192.168.140.188:6800/562418140 conn(0x7efc74f74000 :6800 s=STATE_ACCEPTING_WAIT_CONNECT_MSG_AUTH pgs=0 cs=0 l=0).handle_connect_msg accept connect_seq 0 vs existing csq=0 existing_state=STATE_CONNECTING_WAIT_CONNECT_REPLY
2016-12-24 06:40:41.141813 7efc653d7700  0 -- 192.168.140.230:6800/2379512508 >> 192.168.140.188:6800/562418140 conn(0x7efc74f74000 :6800 s=STATE_ACCEPTING_WAIT_CONNECT_MSG pgs=0 cs=0 l=0).fault with nothing to send and in the half  accept state just closed
