2016-12-24 06:38:38  /entrypoint.sh: static: does not generate config
HEALTH_WARN too few PGs per OSD (10 < min 30)
2016-12-24 06:38:39  /entrypoint.sh: static: does not generate admin key
2016-12-24 06:38:39  /entrypoint.sh: SUCCESS
2016-12-24 06:38:39.817825 7f42bd938300  0 set uid:gid to 64045:64045 (ceph:ceph)
2016-12-24 06:38:39.817865 7f42bd938300  0 ceph version 9.0.0-18991-gec12610 (ec12610bb1358fb2eab74cb7b0483c2613bae38f), process ceph-mds, pid 87
starting mds.issdm-15 at -
2016-12-24 06:38:39.820191 7f42bd938300  0 pidfile_write: ignore empty --pid-file
2016-12-24 06:40:36.867538 7f42b6342700  0 mds.2.cache creating system inode with ino:102
2016-12-24 06:40:36.867673 7f42b6342700  0 mds.2.cache creating system inode with ino:614
2016-12-24 06:40:36.867934 7f42b6342700  0 mds.2.cache creating system inode with ino:615
2016-12-24 06:40:36.868258 7f42b6342700  0 mds.2.cache creating system inode with ino:616
2016-12-24 06:40:36.868374 7f42b6342700  0 mds.2.cache creating system inode with ino:617
2016-12-24 06:40:36.868553 7f42b6342700  0 mds.2.cache creating system inode with ino:618
2016-12-24 06:40:36.868806 7f42b6342700  0 mds.2.cache creating system inode with ino:619
2016-12-24 06:40:36.868996 7f42b6342700  0 mds.2.cache creating system inode with ino:61a
2016-12-24 06:40:36.869160 7f42b6342700  0 mds.2.cache creating system inode with ino:61b
2016-12-24 06:40:36.869324 7f42b6342700  0 mds.2.cache creating system inode with ino:61c
2016-12-24 06:40:36.869926 7f42b6342700  0 mds.2.cache creating system inode with ino:61d
2016-12-24 06:40:37.931249 7f42b82c1700  0 -- 192.168.140.248:6800/2229013358 >> 192.168.140.188:6800/562418140 conn(0x7f42c7ee8000 :6800 s=STATE_ACCEPTING_WAIT_CONNECT_MSG_AUTH pgs=0 cs=0 l=0).handle_connect_msg accept connect_seq 0 vs existing csq=0 existing_state=STATE_CONNECTING_WAIT_CONNECT_REPLY
2016-12-24 06:40:37.931413 7f42b82c1700  0 -- 192.168.140.248:6800/2229013358 >> 192.168.140.188:6800/562418140 conn(0x7f42c7ee8000 :6800 s=STATE_ACCEPTING_WAIT_CONNECT_MSG pgs=0 cs=0 l=0).fault with nothing to send and in the half  accept state just closed
