2016-12-24 06:38:01  /entrypoint.sh: static: does not generate config
HEALTH_WARN too few PGs per OSD (8 < min 30)
2016-12-24 06:38:02  /entrypoint.sh: static: does not generate admin key
pool 'cephfs_data' created
pool 'cephfs_metadata' created
new fs with metadata pool 2 and data pool 1
2016-12-24 06:38:06  /entrypoint.sh: SUCCESS
2016-12-24 06:38:06.244435 7fe92917d300  0 set uid:gid to 64045:64045 (ceph:ceph)
2016-12-24 06:38:06.244481 7fe92917d300  0 ceph version 9.0.0-18991-gec12610 (ec12610bb1358fb2eab74cb7b0483c2613bae38f), process ceph-mds, pid 197
starting mds.issdm-12 at -
2016-12-24 06:38:06.246275 7fe92917d300  0 pidfile_write: ignore empty --pid-file
2016-12-24 06:38:11.352935 7fe921b87700  0 mds.0.cache creating system inode with ino:1
2016-12-24 06:38:11.353234 7fe921b87700  0 mds.0.cache creating system inode with ino:100
2016-12-24 06:38:11.353254 7fe921b87700  0 mds.0.cache creating system inode with ino:600
2016-12-24 06:38:11.353438 7fe921b87700  0 mds.0.cache creating system inode with ino:601
2016-12-24 06:38:11.353532 7fe921b87700  0 mds.0.cache creating system inode with ino:602
2016-12-24 06:38:11.353810 7fe921b87700  0 mds.0.cache creating system inode with ino:603
2016-12-24 06:38:11.353935 7fe921b87700  0 mds.0.cache creating system inode with ino:604
2016-12-24 06:38:11.354061 7fe921b87700  0 mds.0.cache creating system inode with ino:605
2016-12-24 06:38:11.354156 7fe921b87700  0 mds.0.cache creating system inode with ino:606
2016-12-24 06:38:11.354247 7fe921b87700  0 mds.0.cache creating system inode with ino:607
2016-12-24 06:38:11.354343 7fe921b87700  0 mds.0.cache creating system inode with ino:608
2016-12-24 06:38:11.354473 7fe921b87700  0 mds.0.cache creating system inode with ino:609
2016-12-24 06:40:37.931738 7fe923b06700  0 -- 192.168.140.188:6800/562418140 >> 192.168.140.248:6800/2229013358 conn(0x7fe932fb5800 :6800 s=STATE_ACCEPTING_WAIT_CONNECT_MSG_AUTH pgs=0 cs=0 l=0).handle_connect_msg accept connect_seq 0 vs existing csq=0 existing_state=STATE_CONNECTING_WAIT_CONNECT_REPLY
2016-12-24 06:40:41.142518 7fe924307700  0 -- 192.168.140.188:6800/562418140 >> 192.168.140.230:6800/2379512508 conn(0x7fe932fb4000 :6800 s=STATE_ACCEPTING_WAIT_CONNECT_MSG_AUTH pgs=0 cs=0 l=0).handle_connect_msg accept connect_seq 0 vs existing csq=0 existing_state=STATE_CONNECTING_WAIT_CONNECT_REPLY
