2016-12-27 13:11:59  /entrypoint.sh: static: does not generate config
HEALTH_WARN too few PGs per OSD (10 < min 30)
2016-12-27 13:12:00  /entrypoint.sh: static: does not generate admin key
2016-12-27 13:12:01  /entrypoint.sh: SUCCESS
2016-12-27 13:12:01.091482 7f766fb3e300  0 set uid:gid to 64045:64045 (ceph:ceph)
2016-12-27 13:12:01.091518 7f766fb3e300  0 ceph version 9.0.0-18991-gec12610 (ec12610bb1358fb2eab74cb7b0483c2613bae38f), process ceph-mds, pid 88
starting mds.issdm-15 at -
2016-12-27 13:12:01.093586 7f766fb3e300  0 pidfile_write: ignore empty --pid-file
2016-12-27 13:14:01.818646 7f7668548700  0 mds.2.cache creating system inode with ino:102
2016-12-27 13:14:01.818824 7f7668548700  0 mds.2.cache creating system inode with ino:614
2016-12-27 13:14:01.819158 7f7668548700  0 mds.2.cache creating system inode with ino:615
2016-12-27 13:14:01.819442 7f7668548700  0 mds.2.cache creating system inode with ino:616
2016-12-27 13:14:01.819550 7f7668548700  0 mds.2.cache creating system inode with ino:617
2016-12-27 13:14:01.819690 7f7668548700  0 mds.2.cache creating system inode with ino:618
2016-12-27 13:14:01.819804 7f7668548700  0 mds.2.cache creating system inode with ino:619
2016-12-27 13:14:01.819919 7f7668548700  0 mds.2.cache creating system inode with ino:61a
2016-12-27 13:14:01.820015 7f7668548700  0 mds.2.cache creating system inode with ino:61b
2016-12-27 13:14:01.820109 7f7668548700  0 mds.2.cache creating system inode with ino:61c
2016-12-27 13:14:01.820220 7f7668548700  0 mds.2.cache creating system inode with ino:61d
2016-12-27 13:14:02.864088 7f766a4c7700  0 -- 192.168.140.248:6800/763868550 >> 192.168.140.188:6800/2426327999 conn(0x7f7679ea0000 :6800 s=STATE_ACCEPTING_WAIT_CONNECT_MSG_AUTH pgs=0 cs=0 l=0).handle_connect_msg accept connect_seq 0 vs existing csq=0 existing_state=STATE_CONNECTING_WAIT_BANNER_AND_IDENTIFY
2016-12-27 13:14:02.864421 7f766a4c7700  0 -- 192.168.140.248:6800/763868550 >> 192.168.140.188:6800/2426327999 conn(0x7f7679ea0000 :6800 s=STATE_ACCEPTING_WAIT_CONNECT_MSG pgs=0 cs=0 l=0).fault with nothing to send and in the half  accept state just closed
