2016-12-15 09:29:23  /entrypoint.sh: static: does not generate config
HEALTH_WARN too few PGs per OSD (10 < min 30)
2016-12-15 09:29:24  /entrypoint.sh: static: does not generate admin key
2016-12-15 09:29:24  /entrypoint.sh: SUCCESS
2016-12-15 09:29:24.970512 7f8bc7781300  0 set uid:gid to 64045:64045 (ceph:ceph)
2016-12-15 09:29:24.970554 7f8bc7781300  0 ceph version 11.0.2-1332-gf628bac (f628bac31aa0b5b2696b8defc4aa18d4bc2ef757), process ceph-mds, pid 87
starting mds.issdm-15 at -
2016-12-15 09:29:24.972513 7f8bc7781300  0 pidfile_write: ignore empty --pid-file
2016-12-15 09:30:54.356836 7f8bc018b700  0 mds.2.cache creating system inode with ino:102
2016-12-15 09:30:54.356969 7f8bc018b700  0 mds.2.cache creating system inode with ino:614
2016-12-15 09:30:54.357205 7f8bc018b700  0 mds.2.cache creating system inode with ino:615
2016-12-15 09:30:54.357302 7f8bc018b700  0 mds.2.cache creating system inode with ino:616
2016-12-15 09:30:54.357565 7f8bc018b700  0 mds.2.cache creating system inode with ino:617
2016-12-15 09:30:54.357680 7f8bc018b700  0 mds.2.cache creating system inode with ino:618
2016-12-15 09:30:54.357805 7f8bc018b700  0 mds.2.cache creating system inode with ino:619
2016-12-15 09:30:54.357915 7f8bc018b700  0 mds.2.cache creating system inode with ino:61a
2016-12-15 09:30:54.358006 7f8bc018b700  0 mds.2.cache creating system inode with ino:61b
2016-12-15 09:30:54.358097 7f8bc018b700  0 mds.2.cache creating system inode with ino:61c
2016-12-15 09:30:54.358209 7f8bc018b700  0 mds.2.cache creating system inode with ino:61d
2016-12-15 09:30:55.494421 7f8bc310c700  0 -- 192.168.140.248:6800/1338244735 >> 192.168.140.188:6800/3687348114 conn(0x7f8bd13be000 :6800 s=STATE_ACCEPTING_WAIT_CONNECT_MSG_AUTH pgs=0 cs=0 l=0).handle_connect_msg accept connect_seq 0 vs existing csq=0 existing_state=STATE_CONNECTING_WAIT_CONNECT_REPLY
2016-12-15 09:30:55.494647 7f8bc310c700  0 -- 192.168.140.248:6800/1338244735 >> 192.168.140.188:6800/3687348114 conn(0x7f8bd13be000 :6800 s=STATE_ACCEPTING_WAIT_CONNECT_MSG pgs=0 cs=0 l=0).fault with nothing to send and in the half  accept state just closed
