2016-12-15 09:30:02  /entrypoint.sh: static: does not generate config
HEALTH_WARN too few PGs per OSD (10 < min 30)
2016-12-15 09:30:03  /entrypoint.sh: static: does not generate admin key
2016-12-15 09:30:03  /entrypoint.sh: SUCCESS
2016-12-15 09:30:03.989866 7f2a8db2d300  0 set uid:gid to 64045:64045 (ceph:ceph)
2016-12-15 09:30:03.989906 7f2a8db2d300  0 ceph version 11.0.2-1332-gf628bac (f628bac31aa0b5b2696b8defc4aa18d4bc2ef757), process ceph-mds, pid 87
starting mds.issdm-18 at -
2016-12-15 09:30:03.991919 7f2a8db2d300  0 pidfile_write: ignore empty --pid-file
2016-12-15 09:30:54.357326 7f2a86537700  0 mds.1.cache creating system inode with ino:101
2016-12-15 09:30:54.357527 7f2a86537700  0 mds.1.cache creating system inode with ino:60a
2016-12-15 09:30:54.357820 7f2a86537700  0 mds.1.cache creating system inode with ino:60b
2016-12-15 09:30:54.357928 7f2a86537700  0 mds.1.cache creating system inode with ino:60c
2016-12-15 09:30:54.358056 7f2a86537700  0 mds.1.cache creating system inode with ino:60d
2016-12-15 09:30:54.358301 7f2a86537700  0 mds.1.cache creating system inode with ino:60e
2016-12-15 09:30:54.358437 7f2a86537700  0 mds.1.cache creating system inode with ino:60f
2016-12-15 09:30:54.358556 7f2a86537700  0 mds.1.cache creating system inode with ino:610
2016-12-15 09:30:54.358648 7f2a86537700  0 mds.1.cache creating system inode with ino:611
2016-12-15 09:30:54.358758 7f2a86537700  0 mds.1.cache creating system inode with ino:612
2016-12-15 09:30:54.358864 7f2a86537700  0 mds.1.cache creating system inode with ino:613
2016-12-15 09:30:58.501721 7f2a884b6700  0 -- 192.168.140.230:6800/4065933214 >> 192.168.140.188:6800/3687348114 conn(0x7f2a983a0000 :6800 s=STATE_ACCEPTING_WAIT_CONNECT_MSG_AUTH pgs=0 cs=0 l=0).handle_connect_msg accept connect_seq 0 vs existing csq=0 existing_state=STATE_CONNECTING
