2016-12-14 22:26:21  /entrypoint.sh: static: does not generate config
HEALTH_WARN too few PGs per OSD (10 < min 30)
2016-12-14 22:26:21  /entrypoint.sh: static: does not generate admin key
2016-12-14 22:26:22  /entrypoint.sh: SUCCESS
2016-12-14 22:26:22.281743 7fc8f3b9b300  0 set uid:gid to 64045:64045 (ceph:ceph)
2016-12-14 22:26:22.281785 7fc8f3b9b300  0 ceph version 11.0.2-1332-gf628bac (f628bac31aa0b5b2696b8defc4aa18d4bc2ef757), process ceph-mds, pid 87
starting mds.issdm-15 at -
2016-12-14 22:26:22.283612 7fc8f3b9b300  0 pidfile_write: ignore empty --pid-file
2016-12-14 22:28:05.969658 7fc8ec5a5700  0 mds.2.cache creating system inode with ino:102
2016-12-14 22:28:05.969841 7fc8ec5a5700  0 mds.2.cache creating system inode with ino:614
2016-12-14 22:28:05.970146 7fc8ec5a5700  0 mds.2.cache creating system inode with ino:615
2016-12-14 22:28:05.970255 7fc8ec5a5700  0 mds.2.cache creating system inode with ino:616
2016-12-14 22:28:05.970608 7fc8ec5a5700  0 mds.2.cache creating system inode with ino:617
2016-12-14 22:28:05.970871 7fc8ec5a5700  0 mds.2.cache creating system inode with ino:618
2016-12-14 22:28:05.971069 7fc8ec5a5700  0 mds.2.cache creating system inode with ino:619
2016-12-14 22:28:05.971270 7fc8ec5a5700  0 mds.2.cache creating system inode with ino:61a
2016-12-14 22:28:05.971421 7fc8ec5a5700  0 mds.2.cache creating system inode with ino:61b
2016-12-14 22:28:05.971622 7fc8ec5a5700  0 mds.2.cache creating system inode with ino:61c
2016-12-14 22:28:05.971781 7fc8ec5a5700  0 mds.2.cache creating system inode with ino:61d
2016-12-14 22:28:07.017110 7fc8ef526700  0 -- 192.168.140.248:6800/3076570611 >> 192.168.140.188:6800/672660802 conn(0x7fc8fd748000 :6800 s=STATE_ACCEPTING_WAIT_CONNECT_MSG_AUTH pgs=0 cs=0 l=0).handle_connect_msg accept connect_seq 0 vs existing csq=0 existing_state=STATE_CONNECTING
2016-12-14 22:43:08.578607 7fc8ee524700  0 -- 192.168.140.248:6800/3076570611 >> 192.168.140.230:6800/3599665155 conn(0x7fc8fd77a000 :-1 s=STATE_OPEN pgs=9 cs=1 l=0).fault with nothing to send, going to standby
