2016-12-14 22:27:12  /entrypoint.sh: static: does not generate config
HEALTH_WARN too few PGs per OSD (10 < min 30)
2016-12-14 22:27:13  /entrypoint.sh: static: does not generate admin key
2016-12-14 22:27:13  /entrypoint.sh: SUCCESS
2016-12-14 22:27:13.879390 7f18feea0300  0 set uid:gid to 64045:64045 (ceph:ceph)
2016-12-14 22:27:13.879429 7f18feea0300  0 ceph version 11.0.2-1332-gf628bac (f628bac31aa0b5b2696b8defc4aa18d4bc2ef757), process ceph-mds, pid 87
starting mds.issdm-18 at -
2016-12-14 22:27:13.881454 7f18feea0300  0 pidfile_write: ignore empty --pid-file
2016-12-14 22:28:05.968852 7f18f78aa700  0 mds.1.cache creating system inode with ino:101
2016-12-14 22:28:05.968989 7f18f78aa700  0 mds.1.cache creating system inode with ino:60a
2016-12-14 22:28:05.969220 7f18f78aa700  0 mds.1.cache creating system inode with ino:60b
2016-12-14 22:28:05.969317 7f18f78aa700  0 mds.1.cache creating system inode with ino:60c
2016-12-14 22:28:05.969431 7f18f78aa700  0 mds.1.cache creating system inode with ino:60d
2016-12-14 22:28:05.969683 7f18f78aa700  0 mds.1.cache creating system inode with ino:60e
2016-12-14 22:28:05.969815 7f18f78aa700  0 mds.1.cache creating system inode with ino:60f
2016-12-14 22:28:05.969925 7f18f78aa700  0 mds.1.cache creating system inode with ino:610
2016-12-14 22:28:05.970019 7f18f78aa700  0 mds.1.cache creating system inode with ino:611
2016-12-14 22:28:05.970126 7f18f78aa700  0 mds.1.cache creating system inode with ino:612
2016-12-14 22:28:05.970235 7f18f78aa700  0 mds.1.cache creating system inode with ino:613
2016-12-14 22:43:08.578533 7f18fa02a700  0 -- 192.168.140.230:6800/3599665155 >> 192.168.140.248:6800/3076570611 conn(0x7f1908631000 :6800 s=STATE_OPEN pgs=10 cs=1 l=0).fault with nothing to send, going to standby
