2017-03-31 14:03:16  /entrypoint.sh: static: does not generate config
HEALTH_WARN too few PGs per OSD (8 < min 30)
2017-03-31 14:03:16  /entrypoint.sh: static: does not generate admin key
pool 'cephfs_data' created
pool 'cephfs_metadata' created
new fs with metadata pool 2 and data pool 1
2017-03-31 14:03:21  /entrypoint.sh: SUCCESS
2017-03-31 14:03:21.144553 7f4b0a4ff300  0 set uid:gid to 64045:64045 (ceph:ceph)
2017-03-31 14:03:21.144607 7f4b0a4ff300  0 ceph version 9.0.0-18996-gc8198b3 (c8198b367959e5e7ccb362987ae541a526ccaf59), process ceph-mds, pid 197
starting mds.issdm-12 at -
2017-03-31 14:03:21.146781 7f4b0a4ff300  0 pidfile_write: ignore empty --pid-file
2017-03-31 14:03:25.867679 7f4b02f02700  0 mds.0.cache creating system inode with ino:1
2017-03-31 14:03:25.868000 7f4b02f02700  0 mds.0.cache creating system inode with ino:100
2017-03-31 14:03:25.868023 7f4b02f02700  0 mds.0.cache creating system inode with ino:600
2017-03-31 14:03:25.868415 7f4b02f02700  0 mds.0.cache creating system inode with ino:601
2017-03-31 14:03:25.868519 7f4b02f02700  0 mds.0.cache creating system inode with ino:602
2017-03-31 14:03:25.868822 7f4b02f02700  0 mds.0.cache creating system inode with ino:603
2017-03-31 14:03:25.868948 7f4b02f02700  0 mds.0.cache creating system inode with ino:604
2017-03-31 14:03:25.869081 7f4b02f02700  0 mds.0.cache creating system inode with ino:605
2017-03-31 14:03:25.869179 7f4b02f02700  0 mds.0.cache creating system inode with ino:606
2017-03-31 14:03:25.869273 7f4b02f02700  0 mds.0.cache creating system inode with ino:607
2017-03-31 14:03:25.869375 7f4b02f02700  0 mds.0.cache creating system inode with ino:608
2017-03-31 14:03:25.869511 7f4b02f02700  0 mds.0.cache creating system inode with ino:609
