2017-01-31 19:55:43  /entrypoint.sh: static: does not generate config
HEALTH_WARN too few PGs per OSD (10 < min 30)
2017-01-31 19:55:44  /entrypoint.sh: static: does not generate admin key
pool 'cephfs_data' created
pool 'cephfs_metadata' created
new fs with metadata pool 2 and data pool 1
2017-01-31 19:55:47  /entrypoint.sh: SUCCESS
2017-01-31 19:55:47.797355 7fb75ee8a300  0 set uid:gid to 64045:64045 (ceph:ceph)
2017-01-31 19:55:47.797396 7fb75ee8a300  0 ceph version 9.0.0-18993-g11a2122 (11a2122891eabb0d29c573ba1bc816c13c1a9064), process ceph-mds, pid 197
starting mds.issdm-12 at -
2017-01-31 19:55:47.799510 7fb75ee8a300  0 pidfile_write: ignore empty --pid-file
2017-01-31 19:55:52.017292 7fb757892700  0 mds.0.cache creating system inode with ino:1
2017-01-31 19:55:52.017612 7fb757892700  0 mds.0.cache creating system inode with ino:100
2017-01-31 19:55:52.017635 7fb757892700  0 mds.0.cache creating system inode with ino:600
2017-01-31 19:55:52.017830 7fb757892700  0 mds.0.cache creating system inode with ino:601
2017-01-31 19:55:52.017928 7fb757892700  0 mds.0.cache creating system inode with ino:602
2017-01-31 19:55:52.018197 7fb757892700  0 mds.0.cache creating system inode with ino:603
2017-01-31 19:55:52.018318 7fb757892700  0 mds.0.cache creating system inode with ino:604
2017-01-31 19:55:52.018448 7fb757892700  0 mds.0.cache creating system inode with ino:605
2017-01-31 19:55:52.018553 7fb757892700  0 mds.0.cache creating system inode with ino:606
2017-01-31 19:55:52.018660 7fb757892700  0 mds.0.cache creating system inode with ino:607
2017-01-31 19:55:52.018795 7fb757892700  0 mds.0.cache creating system inode with ino:608
2017-01-31 19:55:52.019263 7fb757892700  0 mds.0.cache creating system inode with ino:609
ignoring --setuser ceph since I am not root
ignoring --setgroup ceph since I am not root
2017-01-31 20:07:21.988089 7fbed2351300  0 ceph version 9.0.0-18993-g11a2122 (11a2122891eabb0d29c573ba1bc816c13c1a9064), process exe, pid 197
starting mds.issdm-12 at -
2017-01-31 20:07:21.990226 7fbed2351300  0 pidfile_write: ignore empty --pid-file
