2016-12-24 07:53:04  /entrypoint.sh: static: does not generate config
HEALTH_WARN too few PGs per OSD (8 < min 30)
2016-12-24 07:53:06  /entrypoint.sh: static: does not generate admin key
pool 'cephfs_data' created
pool 'cephfs_metadata' created
new fs with metadata pool 2 and data pool 1
2016-12-24 07:53:09  /entrypoint.sh: SUCCESS
2016-12-24 07:53:09.753108 7f7bb838b300  0 set uid:gid to 64045:64045 (ceph:ceph)
2016-12-24 07:53:09.753149 7f7bb838b300  0 ceph version 9.0.0-18991-gec12610 (ec12610bb1358fb2eab74cb7b0483c2613bae38f), process ceph-mds, pid 197
starting mds.issdm-12 at -
2016-12-24 07:53:09.809521 7f7bb838b300  0 pidfile_write: ignore empty --pid-file
2016-12-24 07:53:14.312495 7f7bb0d95700  0 mds.0.cache creating system inode with ino:1
2016-12-24 07:53:14.350558 7f7bb0d95700  0 mds.0.cache creating system inode with ino:100
2016-12-24 07:53:14.350580 7f7bb0d95700  0 mds.0.cache creating system inode with ino:600
2016-12-24 07:53:14.351718 7f7bb0d95700  0 mds.0.cache creating system inode with ino:601
2016-12-24 07:53:14.351937 7f7bb0d95700  0 mds.0.cache creating system inode with ino:602
2016-12-24 07:53:14.364942 7f7bb0d95700  0 mds.0.cache creating system inode with ino:603
2016-12-24 07:53:14.365147 7f7bb0d95700  0 mds.0.cache creating system inode with ino:604
2016-12-24 07:53:14.365424 7f7bb0d95700  0 mds.0.cache creating system inode with ino:605
2016-12-24 07:53:14.365790 7f7bb0d95700  0 mds.0.cache creating system inode with ino:606
2016-12-24 07:53:14.366119 7f7bb0d95700  0 mds.0.cache creating system inode with ino:607
2016-12-24 07:53:14.366370 7f7bb0d95700  0 mds.0.cache creating system inode with ino:608
2016-12-24 07:53:14.366620 7f7bb0d95700  0 mds.0.cache creating system inode with ino:609
2016-12-24 07:55:37.906162 7f7bb3d16700  0 -- 192.168.140.188:6800/3021724615 >> 192.168.140.230:6800/3041573266 conn(0x7f7bc2b7f800 :6800 s=STATE_ACCEPTING_WAIT_CONNECT_MSG_AUTH pgs=0 cs=0 l=0).handle_connect_msg accept connect_seq 0 vs existing csq=0 existing_state=STATE_CONNECTING_WAIT_CONNECT_REPLY
