2017-04-01 00:22:04  /entrypoint.sh: static: does not generate config
HEALTH_WARN too few PGs per OSD (8 < min 30)
2017-04-01 00:22:05  /entrypoint.sh: static: does not generate admin key
pool 'cephfs_data' created
pool 'cephfs_metadata' created
new fs with metadata pool 2 and data pool 1
2017-04-01 00:22:09  /entrypoint.sh: SUCCESS
2017-04-01 00:22:09.445592 7f242935e300  0 set uid:gid to 64045:64045 (ceph:ceph)
2017-04-01 00:22:09.445639 7f242935e300  0 ceph version 9.0.0-18996-gc8198b3 (c8198b367959e5e7ccb362987ae541a526ccaf59), process ceph-mds, pid 199
starting mds.issdm-12 at -
2017-04-01 00:22:09.447769 7f242935e300  0 pidfile_write: ignore empty --pid-file
2017-04-01 00:22:13.865786 7f2421d61700  0 mds.0.cache creating system inode with ino:1
2017-04-01 00:22:13.866073 7f2421d61700  0 mds.0.cache creating system inode with ino:100
2017-04-01 00:22:13.866093 7f2421d61700  0 mds.0.cache creating system inode with ino:600
2017-04-01 00:22:13.866279 7f2421d61700  0 mds.0.cache creating system inode with ino:601
2017-04-01 00:22:13.866373 7f2421d61700  0 mds.0.cache creating system inode with ino:602
2017-04-01 00:22:13.866636 7f2421d61700  0 mds.0.cache creating system inode with ino:603
2017-04-01 00:22:13.867105 7f2421d61700  0 mds.0.cache creating system inode with ino:604
2017-04-01 00:22:13.867260 7f2421d61700  0 mds.0.cache creating system inode with ino:605
2017-04-01 00:22:13.867755 7f2421d61700  0 mds.0.cache creating system inode with ino:606
2017-04-01 00:22:13.868192 7f2421d61700  0 mds.0.cache creating system inode with ino:607
2017-04-01 00:22:13.868301 7f2421d61700  0 mds.0.cache creating system inode with ino:608
2017-04-01 00:22:13.868724 7f2421d61700  0 mds.0.cache creating system inode with ino:609
