2017-04-02 05:52:23  /entrypoint.sh: static: does not generate config
HEALTH_WARN too few PGs per OSD (10 < min 30)
2017-04-02 05:52:24  /entrypoint.sh: static: does not generate admin key
2017-04-02 05:52:24  /entrypoint.sh: SUCCESS
2017-04-02 05:52:24.659271 7f9af1fe7300  0 set uid:gid to 64045:64045 (ceph:ceph)
2017-04-02 05:52:24.659317 7f9af1fe7300  0 ceph version 9.0.0-18993-g11a2122 (11a2122891eabb0d29c573ba1bc816c13c1a9064), process ceph-mds, pid 87
starting mds.issdm-18 at -
2017-04-02 05:52:24.665641 7f9af1fe7300  0 pidfile_write: ignore empty --pid-file
2017-04-02 05:53:08.659369 7f9aea9ef700  0 mds.1.cache creating system inode with ino:101
2017-04-02 05:53:08.659543 7f9aea9ef700  0 mds.1.cache creating system inode with ino:60a
2017-04-02 05:53:08.659881 7f9aea9ef700  0 mds.1.cache creating system inode with ino:60b
2017-04-02 05:53:08.660053 7f9aea9ef700  0 mds.1.cache creating system inode with ino:60c
2017-04-02 05:53:08.660449 7f9aea9ef700  0 mds.1.cache creating system inode with ino:60d
2017-04-02 05:53:08.660629 7f9aea9ef700  0 mds.1.cache creating system inode with ino:60e
2017-04-02 05:53:08.660814 7f9aea9ef700  0 mds.1.cache creating system inode with ino:60f
2017-04-02 05:53:08.660980 7f9aea9ef700  0 mds.1.cache creating system inode with ino:610
2017-04-02 05:53:08.661102 7f9aea9ef700  0 mds.1.cache creating system inode with ino:611
2017-04-02 05:53:08.661232 7f9aea9ef700  0 mds.1.cache creating system inode with ino:612
2017-04-02 05:53:08.661456 7f9aea9ef700  0 mds.1.cache creating system inode with ino:613
2017-04-02 05:53:09.982905 7f9aed16f700  0 -- 192.168.140.230:6800/843829239 >> 192.168.140.188:6800/4225337903 conn(0x7f9afb612000 :6800 s=STATE_ACCEPTING_WAIT_CONNECT_MSG_AUTH pgs=0 cs=0 l=0).handle_connect_msg accept connect_seq 0 vs existing csq=0 existing_state=STATE_CONNECTING_WAIT_CONNECT_REPLY
2017-04-02 06:08:10.840187 7f9aed970700  0 -- 192.168.140.230:6800/843829239 >> 192.168.140.248:6800/260319146 conn(0x7f9afb5ee800 :-1 s=STATE_OPEN pgs=10 cs=1 l=0).fault with nothing to send, going to standby
