2017-04-02 05:51:32  /entrypoint.sh: static: does not generate config
HEALTH_WARN too few PGs per OSD (10 < min 30)
2017-04-02 05:51:33  /entrypoint.sh: static: does not generate admin key
2017-04-02 05:51:34  /entrypoint.sh: SUCCESS
2017-04-02 05:51:34.059120 7f4ca6f94300  0 set uid:gid to 64045:64045 (ceph:ceph)
2017-04-02 05:51:34.059163 7f4ca6f94300  0 ceph version 9.0.0-18993-g11a2122 (11a2122891eabb0d29c573ba1bc816c13c1a9064), process ceph-mds, pid 88
starting mds.issdm-15 at -
2017-04-02 05:51:34.060942 7f4ca6f94300  0 pidfile_write: ignore empty --pid-file
2017-04-02 05:53:08.659351 7f4c9f99c700  0 mds.2.cache creating system inode with ino:102
2017-04-02 05:53:08.659487 7f4c9f99c700  0 mds.2.cache creating system inode with ino:614
2017-04-02 05:53:08.659731 7f4c9f99c700  0 mds.2.cache creating system inode with ino:615
2017-04-02 05:53:08.659826 7f4c9f99c700  0 mds.2.cache creating system inode with ino:616
2017-04-02 05:53:08.660115 7f4c9f99c700  0 mds.2.cache creating system inode with ino:617
2017-04-02 05:53:08.660208 7f4c9f99c700  0 mds.2.cache creating system inode with ino:618
2017-04-02 05:53:08.660339 7f4c9f99c700  0 mds.2.cache creating system inode with ino:619
2017-04-02 05:53:08.660450 7f4c9f99c700  0 mds.2.cache creating system inode with ino:61a
2017-04-02 05:53:08.660548 7f4c9f99c700  0 mds.2.cache creating system inode with ino:61b
2017-04-02 05:53:08.660639 7f4c9f99c700  0 mds.2.cache creating system inode with ino:61c
2017-04-02 05:53:08.660750 7f4c9f99c700  0 mds.2.cache creating system inode with ino:61d
2017-04-02 06:08:10.839565 7f4ca191b700  0 -- 192.168.140.248:6800/260319146 >> 192.168.140.230:6800/843829239 conn(0x7f4caff23800 :6800 s=STATE_OPEN pgs=11 cs=1 l=0).fault with nothing to send, going to standby
