2016-12-06 12:54:24  /entrypoint.sh: static: does not generate config
HEALTH_WARN too few PGs per OSD (8 < min 30)
2016-12-06 12:54:24  /entrypoint.sh: static: does not generate admin key
2016-12-06 12:54:25  /entrypoint.sh: SUCCESS
2016-12-06 12:54:25.311527 7f33da5af300  0 set uid:gid to 64045:64045 (ceph:ceph)
2016-12-06 12:54:25.311571 7f33da5af300  0 ceph version 11.0.2-1332-gf628bac (f628bac31aa0b5b2696b8defc4aa18d4bc2ef757), process ceph-mds, pid 88
starting mds.issdm-18 at -
2016-12-06 12:54:25.313527 7f33da5af300  0 pidfile_write: ignore empty --pid-file
2016-12-06 12:55:06.575810 7f33d2fb9700  0 mds.1.cache creating system inode with ino:101
2016-12-06 12:55:06.575944 7f33d2fb9700  0 mds.1.cache creating system inode with ino:60a
2016-12-06 12:55:06.576172 7f33d2fb9700  0 mds.1.cache creating system inode with ino:60b
2016-12-06 12:55:06.576271 7f33d2fb9700  0 mds.1.cache creating system inode with ino:60c
2016-12-06 12:55:06.576363 7f33d2fb9700  0 mds.1.cache creating system inode with ino:60d
2016-12-06 12:55:06.576625 7f33d2fb9700  0 mds.1.cache creating system inode with ino:60e
2016-12-06 12:55:06.576738 7f33d2fb9700  0 mds.1.cache creating system inode with ino:60f
2016-12-06 12:55:06.576866 7f33d2fb9700  0 mds.1.cache creating system inode with ino:610
2016-12-06 12:55:06.576957 7f33d2fb9700  0 mds.1.cache creating system inode with ino:611
2016-12-06 12:55:06.577051 7f33d2fb9700  0 mds.1.cache creating system inode with ino:612
2016-12-06 12:55:06.577175 7f33d2fb9700  0 mds.1.cache creating system inode with ino:613
2016-12-06 12:55:07.655747 7f33d5f3a700  0 -- 192.168.140.230:6800/3314158937 >> 192.168.140.188:6800/2261187344 conn(0x7f33e4b38000 :6800 s=STATE_ACCEPTING_WAIT_CONNECT_MSG_AUTH pgs=0 cs=0 l=0).handle_connect_msg accept connect_seq 0 vs existing csq=0 existing_state=STATE_CONNECTING
