2016-12-06 12:53:45  /entrypoint.sh: static: does not generate config
HEALTH_WARN too few PGs per OSD (8 < min 30)
2016-12-06 12:53:46  /entrypoint.sh: static: does not generate admin key
2016-12-06 12:53:46  /entrypoint.sh: SUCCESS
2016-12-06 12:53:46.842910 7f34797ec300  0 set uid:gid to 64045:64045 (ceph:ceph)
2016-12-06 12:53:46.842950 7f34797ec300  0 ceph version 11.0.2-1332-gf628bac (f628bac31aa0b5b2696b8defc4aa18d4bc2ef757), process ceph-mds, pid 87
starting mds.issdm-15 at -
2016-12-06 12:53:46.844698 7f34797ec300  0 pidfile_write: ignore empty --pid-file
2016-12-06 12:55:06.576180 7f34721f6700  0 mds.2.cache creating system inode with ino:102
2016-12-06 12:55:06.576312 7f34721f6700  0 mds.2.cache creating system inode with ino:614
2016-12-06 12:55:06.576544 7f34721f6700  0 mds.2.cache creating system inode with ino:615
2016-12-06 12:55:06.576643 7f34721f6700  0 mds.2.cache creating system inode with ino:616
2016-12-06 12:55:06.576739 7f34721f6700  0 mds.2.cache creating system inode with ino:617
2016-12-06 12:55:06.576989 7f34721f6700  0 mds.2.cache creating system inode with ino:618
2016-12-06 12:55:06.577101 7f34721f6700  0 mds.2.cache creating system inode with ino:619
2016-12-06 12:55:06.577249 7f34721f6700  0 mds.2.cache creating system inode with ino:61a
2016-12-06 12:55:06.577341 7f34721f6700  0 mds.2.cache creating system inode with ino:61b
2016-12-06 12:55:06.577433 7f34721f6700  0 mds.2.cache creating system inode with ino:61c
2016-12-06 12:55:06.577540 7f34721f6700  0 mds.2.cache creating system inode with ino:61d
2016-12-06 12:55:11.348867 7f3475177700  0 -- 192.168.140.248:6800/1721390865 >> 192.168.140.188:6800/2261187344 conn(0x7f3482948000 :6800 s=STATE_ACCEPTING_WAIT_CONNECT_MSG_AUTH pgs=0 cs=0 l=0).handle_connect_msg accept connect_seq 0 vs existing csq=0 existing_state=STATE_CONNECTING_WAIT_CONNECT_REPLY
