2016-12-24 01:36:56  /entrypoint.sh: static: does not generate config
HEALTH_WARN too few PGs per OSD (10 < min 30)
2016-12-24 01:36:57  /entrypoint.sh: static: does not generate admin key
2016-12-24 01:36:57  /entrypoint.sh: SUCCESS
2016-12-24 01:36:57.861675 7f5580276300  0 set uid:gid to 64045:64045 (ceph:ceph)
2016-12-24 01:36:57.861718 7f5580276300  0 ceph version 9.0.0-18991-gec12610 (ec12610bb1358fb2eab74cb7b0483c2613bae38f), process ceph-mds, pid 87
starting mds.issdm-18 at -
2016-12-24 01:36:57.865800 7f5580276300  0 pidfile_write: ignore empty --pid-file
2016-12-24 01:38:00.130386 7f5578c80700  0 mds.1.cache creating system inode with ino:101
2016-12-24 01:38:00.130532 7f5578c80700  0 mds.1.cache creating system inode with ino:60a
2016-12-24 01:38:00.130809 7f5578c80700  0 mds.1.cache creating system inode with ino:60b
2016-12-24 01:38:00.130923 7f5578c80700  0 mds.1.cache creating system inode with ino:60c
2016-12-24 01:38:00.131102 7f5578c80700  0 mds.1.cache creating system inode with ino:60d
2016-12-24 01:38:00.131405 7f5578c80700  0 mds.1.cache creating system inode with ino:60e
2016-12-24 01:38:00.131545 7f5578c80700  0 mds.1.cache creating system inode with ino:60f
2016-12-24 01:38:00.131889 7f5578c80700  0 mds.1.cache creating system inode with ino:610
2016-12-24 01:38:00.131990 7f5578c80700  0 mds.1.cache creating system inode with ino:611
2016-12-24 01:38:00.132111 7f5578c80700  0 mds.1.cache creating system inode with ino:612
2016-12-24 01:38:00.132222 7f5578c80700  0 mds.1.cache creating system inode with ino:613
2016-12-24 01:38:01.191570 7f557abff700  0 -- 192.168.140.230:6800/3528960695 >> 192.168.140.188:6800/1284000012 conn(0x7f55894a4000 :6800 s=STATE_ACCEPTING_WAIT_CONNECT_MSG_AUTH pgs=0 cs=0 l=0).handle_connect_msg accept connect_seq 0 vs existing csq=0 existing_state=STATE_CONNECTING_WAIT_CONNECT_REPLY
2016-12-24 01:53:04.325122 7f557b400700  0 -- 192.168.140.230:6800/3528960695 >> 192.168.140.248:6800/2334315874 conn(0x7f55894eb800 :-1 s=STATE_OPEN pgs=8 cs=1 l=0).fault with nothing to send, going to standby
