2016-12-24 01:35:39  /entrypoint.sh: static: does not generate config
HEALTH_WARN too few PGs per OSD (8 < min 30)
2016-12-24 01:35:40  /entrypoint.sh: static: does not generate admin key
pool 'cephfs_data' created
pool 'cephfs_metadata' created
new fs with metadata pool 2 and data pool 1
2016-12-24 01:35:44  /entrypoint.sh: SUCCESS
2016-12-24 01:35:44.309105 7fb5c1b65300  0 set uid:gid to 64045:64045 (ceph:ceph)
2016-12-24 01:35:44.309145 7fb5c1b65300  0 ceph version 9.0.0-18991-gec12610 (ec12610bb1358fb2eab74cb7b0483c2613bae38f), process ceph-mds, pid 197
starting mds.issdm-12 at -
2016-12-24 01:35:44.311075 7fb5c1b65300  0 pidfile_write: ignore empty --pid-file
2016-12-24 01:35:49.292541 7fb5ba56f700  0 mds.0.cache creating system inode with ino:1
2016-12-24 01:35:49.292836 7fb5ba56f700  0 mds.0.cache creating system inode with ino:100
2016-12-24 01:35:49.292858 7fb5ba56f700  0 mds.0.cache creating system inode with ino:600
2016-12-24 01:35:49.293048 7fb5ba56f700  0 mds.0.cache creating system inode with ino:601
2016-12-24 01:35:49.293149 7fb5ba56f700  0 mds.0.cache creating system inode with ino:602
2016-12-24 01:35:49.293412 7fb5ba56f700  0 mds.0.cache creating system inode with ino:603
2016-12-24 01:35:49.293537 7fb5ba56f700  0 mds.0.cache creating system inode with ino:604
2016-12-24 01:35:49.293670 7fb5ba56f700  0 mds.0.cache creating system inode with ino:605
2016-12-24 01:35:49.293769 7fb5ba56f700  0 mds.0.cache creating system inode with ino:606
2016-12-24 01:35:49.293865 7fb5ba56f700  0 mds.0.cache creating system inode with ino:607
2016-12-24 01:35:49.293958 7fb5ba56f700  0 mds.0.cache creating system inode with ino:608
2016-12-24 01:35:49.294088 7fb5ba56f700  0 mds.0.cache creating system inode with ino:609
2016-12-24 01:38:01.192835 7fb5bccef700  0 -- 192.168.140.188:6800/1284000012 >> 192.168.140.230:6800/3528960695 conn(0x7fb5cb9cf000 :6800 s=STATE_ACCEPTING_WAIT_CONNECT_MSG_AUTH pgs=0 cs=0 l=0).handle_connect_msg accept connect_seq 0 vs existing csq=0 existing_state=STATE_CONNECTING_WAIT_CONNECT_REPLY
2016-12-24 01:38:01.192968 7fb5bccef700  0 -- 192.168.140.188:6800/1284000012 >> 192.168.140.230:6800/3528960695 conn(0x7fb5cb9cf000 :6800 s=STATE_ACCEPTING_WAIT_CONNECT_MSG pgs=0 cs=0 l=0).fault with nothing to send and in the half  accept state just closed
