2016-12-24 01:36:16  /entrypoint.sh: static: does not generate config
HEALTH_WARN too few PGs per OSD (10 < min 30)
2016-12-24 01:36:17  /entrypoint.sh: static: does not generate admin key
2016-12-24 01:36:18  /entrypoint.sh: SUCCESS
2016-12-24 01:36:18.116299 7f99cd86e300  0 set uid:gid to 64045:64045 (ceph:ceph)
2016-12-24 01:36:18.116336 7f99cd86e300  0 ceph version 9.0.0-18991-gec12610 (ec12610bb1358fb2eab74cb7b0483c2613bae38f), process ceph-mds, pid 87
starting mds.issdm-15 at -
2016-12-24 01:36:18.118333 7f99cd86e300  0 pidfile_write: ignore empty --pid-file
2016-12-24 01:38:00.130326 7f99c6278700  0 mds.2.cache creating system inode with ino:102
2016-12-24 01:38:00.130458 7f99c6278700  0 mds.2.cache creating system inode with ino:614
2016-12-24 01:38:00.130683 7f99c6278700  0 mds.2.cache creating system inode with ino:615
2016-12-24 01:38:00.130779 7f99c6278700  0 mds.2.cache creating system inode with ino:616
2016-12-24 01:38:00.131090 7f99c6278700  0 mds.2.cache creating system inode with ino:617
2016-12-24 01:38:00.131181 7f99c6278700  0 mds.2.cache creating system inode with ino:618
2016-12-24 01:38:00.131308 7f99c6278700  0 mds.2.cache creating system inode with ino:619
2016-12-24 01:38:00.131420 7f99c6278700  0 mds.2.cache creating system inode with ino:61a
2016-12-24 01:38:00.131512 7f99c6278700  0 mds.2.cache creating system inode with ino:61b
2016-12-24 01:38:00.131603 7f99c6278700  0 mds.2.cache creating system inode with ino:61c
2016-12-24 01:38:00.131712 7f99c6278700  0 mds.2.cache creating system inode with ino:61d
2016-12-24 01:53:04.325049 7f99c91f9700  0 -- 192.168.140.248:6800/2334315874 >> 192.168.140.230:6800/3528960695 conn(0x7f99d6c7e800 :6800 s=STATE_OPEN pgs=9 cs=1 l=0).fault with nothing to send, going to standby
