2017-04-02 00:56:52  /entrypoint.sh: static: does not generate config
HEALTH_WARN too few PGs per OSD (10 < min 30)
2017-04-02 00:56:53  /entrypoint.sh: static: does not generate admin key
2017-04-02 00:56:54  /entrypoint.sh: SUCCESS
2017-04-02 00:56:54.022111 7ff94306a300  0 set uid:gid to 64045:64045 (ceph:ceph)
2017-04-02 00:56:54.022161 7ff94306a300  0 ceph version 9.0.0-18993-g11a2122 (11a2122891eabb0d29c573ba1bc816c13c1a9064), process ceph-mds, pid 88
starting mds.issdm-15 at -
2017-04-02 00:56:54.024255 7ff94306a300  0 pidfile_write: ignore empty --pid-file
2017-04-02 00:58:13.702184 7ff93ba72700  0 mds.2.cache creating system inode with ino:102
2017-04-02 00:58:13.702353 7ff93ba72700  0 mds.2.cache creating system inode with ino:614
2017-04-02 00:58:13.702649 7ff93ba72700  0 mds.2.cache creating system inode with ino:615
2017-04-02 00:58:13.702758 7ff93ba72700  0 mds.2.cache creating system inode with ino:616
2017-04-02 00:58:13.703052 7ff93ba72700  0 mds.2.cache creating system inode with ino:617
2017-04-02 00:58:13.703172 7ff93ba72700  0 mds.2.cache creating system inode with ino:618
2017-04-02 00:58:13.703296 7ff93ba72700  0 mds.2.cache creating system inode with ino:619
2017-04-02 00:58:13.703436 7ff93ba72700  0 mds.2.cache creating system inode with ino:61a
2017-04-02 00:58:13.703534 7ff93ba72700  0 mds.2.cache creating system inode with ino:61b
2017-04-02 00:58:13.703637 7ff93ba72700  0 mds.2.cache creating system inode with ino:61c
2017-04-02 00:58:13.703756 7ff93ba72700  0 mds.2.cache creating system inode with ino:61d
2017-04-02 00:58:14.916453 7ff93e1f2700  0 -- 192.168.140.248:6800/2014071016 >> 192.168.140.188:6800/2942306771 conn(0x7ff94ca10000 :6800 s=STATE_ACCEPTING_WAIT_CONNECT_MSG_AUTH pgs=0 cs=0 l=0).handle_connect_msg accept connect_seq 0 vs existing csq=0 existing_state=STATE_CONNECTING_WAIT_CONNECT_REPLY
