2017-03-31 00:41:01  /entrypoint.sh: static: does not generate config
HEALTH_WARN too few PGs per OSD (8 < min 30)
2017-03-31 00:41:02  /entrypoint.sh: static: does not generate admin key
pool 'cephfs_data' created
pool 'cephfs_metadata' created
new fs with metadata pool 2 and data pool 1
2017-03-31 00:41:07  /entrypoint.sh: SUCCESS
2017-03-31 00:41:07.075133 7efcee1fd300  0 set uid:gid to 64045:64045 (ceph:ceph)
2017-03-31 00:41:07.075173 7efcee1fd300  0 ceph version 9.0.0-18996-gc8198b3 (c8198b367959e5e7ccb362987ae541a526ccaf59), process ceph-mds, pid 198
starting mds.issdm-12 at -
2017-03-31 00:41:07.077154 7efcee1fd300  0 pidfile_write: ignore empty --pid-file
2017-03-31 00:41:12.239201 7efce6c00700  0 mds.0.cache creating system inode with ino:1
2017-03-31 00:41:12.239515 7efce6c00700  0 mds.0.cache creating system inode with ino:100
2017-03-31 00:41:12.239540 7efce6c00700  0 mds.0.cache creating system inode with ino:600
2017-03-31 00:41:12.239754 7efce6c00700  0 mds.0.cache creating system inode with ino:601
2017-03-31 00:41:12.239855 7efce6c00700  0 mds.0.cache creating system inode with ino:602
2017-03-31 00:41:12.240612 7efce6c00700  0 mds.0.cache creating system inode with ino:603
2017-03-31 00:41:12.240862 7efce6c00700  0 mds.0.cache creating system inode with ino:604
2017-03-31 00:41:12.241001 7efce6c00700  0 mds.0.cache creating system inode with ino:605
2017-03-31 00:41:12.241104 7efce6c00700  0 mds.0.cache creating system inode with ino:606
2017-03-31 00:41:12.241200 7efce6c00700  0 mds.0.cache creating system inode with ino:607
2017-03-31 00:41:12.241297 7efce6c00700  0 mds.0.cache creating system inode with ino:608
2017-03-31 00:41:12.241433 7efce6c00700  0 mds.0.cache creating system inode with ino:609
