2017-03-31 04:29:54  /entrypoint.sh: static: does not generate config
HEALTH_WARN too few PGs per OSD (8 < min 30)
2017-03-31 04:29:55  /entrypoint.sh: static: does not generate admin key
pool 'cephfs_data' created
pool 'cephfs_metadata' created
new fs with metadata pool 2 and data pool 1
2017-03-31 04:29:59  /entrypoint.sh: SUCCESS
2017-03-31 04:29:59.184970 7fb57e43b300  0 set uid:gid to 64045:64045 (ceph:ceph)
2017-03-31 04:29:59.185009 7fb57e43b300  0 ceph version 9.0.0-18996-gc8198b3 (c8198b367959e5e7ccb362987ae541a526ccaf59), process ceph-mds, pid 198
starting mds.issdm-12 at -
2017-03-31 04:29:59.187171 7fb57e43b300  0 pidfile_write: ignore empty --pid-file
2017-03-31 04:30:03.600366 7fb576e3e700  0 mds.0.cache creating system inode with ino:1
2017-03-31 04:30:03.600673 7fb576e3e700  0 mds.0.cache creating system inode with ino:100
2017-03-31 04:30:03.600694 7fb576e3e700  0 mds.0.cache creating system inode with ino:600
2017-03-31 04:30:03.600886 7fb576e3e700  0 mds.0.cache creating system inode with ino:601
2017-03-31 04:30:03.600982 7fb576e3e700  0 mds.0.cache creating system inode with ino:602
2017-03-31 04:30:03.601270 7fb576e3e700  0 mds.0.cache creating system inode with ino:603
2017-03-31 04:30:03.601392 7fb576e3e700  0 mds.0.cache creating system inode with ino:604
2017-03-31 04:30:03.601523 7fb576e3e700  0 mds.0.cache creating system inode with ino:605
2017-03-31 04:30:03.601618 7fb576e3e700  0 mds.0.cache creating system inode with ino:606
2017-03-31 04:30:03.601710 7fb576e3e700  0 mds.0.cache creating system inode with ino:607
2017-03-31 04:30:03.601806 7fb576e3e700  0 mds.0.cache creating system inode with ino:608
2017-03-31 04:30:03.601936 7fb576e3e700  0 mds.0.cache creating system inode with ino:609
