2016-12-23 21:36:25  /entrypoint.sh: static: does not generate config
HEALTH_WARN too few PGs per OSD (10 < min 30)
2016-12-23 21:36:26  /entrypoint.sh: static: does not generate admin key
2016-12-23 21:36:26  /entrypoint.sh: SUCCESS
2016-12-23 21:36:26.519493 7ffa68f33300  0 set uid:gid to 64045:64045 (ceph:ceph)
2016-12-23 21:36:26.519534 7ffa68f33300  0 ceph version 9.0.0-18991-gec12610 (ec12610bb1358fb2eab74cb7b0483c2613bae38f), process ceph-mds, pid 87
starting mds.issdm-15 at -
2016-12-23 21:36:26.521426 7ffa68f33300  0 pidfile_write: ignore empty --pid-file
2016-12-23 21:38:04.627273 7ffa6193d700  0 mds.2.cache creating system inode with ino:102
2016-12-23 21:38:04.627423 7ffa6193d700  0 mds.2.cache creating system inode with ino:614
2016-12-23 21:38:04.627710 7ffa6193d700  0 mds.2.cache creating system inode with ino:615
2016-12-23 21:38:04.627990 7ffa6193d700  0 mds.2.cache creating system inode with ino:616
2016-12-23 21:38:04.628117 7ffa6193d700  0 mds.2.cache creating system inode with ino:617
2016-12-23 21:38:04.628213 7ffa6193d700  0 mds.2.cache creating system inode with ino:618
2016-12-23 21:38:04.628351 7ffa6193d700  0 mds.2.cache creating system inode with ino:619
2016-12-23 21:38:04.628468 7ffa6193d700  0 mds.2.cache creating system inode with ino:61a
2016-12-23 21:38:04.628639 7ffa6193d700  0 mds.2.cache creating system inode with ino:61b
2016-12-23 21:38:04.628852 7ffa6193d700  0 mds.2.cache creating system inode with ino:61c
2016-12-23 21:38:04.628971 7ffa6193d700  0 mds.2.cache creating system inode with ino:61d
2016-12-23 21:38:05.713844 7ffa648be700  0 -- 192.168.140.248:6800/1169882716 >> 192.168.140.188:6800/590060063 conn(0x7ffa738f8000 :6800 s=STATE_ACCEPTING_WAIT_CONNECT_MSG_AUTH pgs=0 cs=0 l=0).handle_connect_msg accept connect_seq 0 vs existing csq=0 existing_state=STATE_CONNECTING_WAIT_BANNER_AND_IDENTIFY
