2016-12-23 21:35:48  /entrypoint.sh: static: does not generate config
HEALTH_WARN too few PGs per OSD (8 < min 30)
2016-12-23 21:35:49  /entrypoint.sh: static: does not generate admin key
pool 'cephfs_data' created
pool 'cephfs_metadata' created
new fs with metadata pool 2 and data pool 1
2016-12-23 21:35:52  /entrypoint.sh: SUCCESS
2016-12-23 21:35:52.891773 7f045d292300  0 set uid:gid to 64045:64045 (ceph:ceph)
2016-12-23 21:35:52.891816 7f045d292300  0 ceph version 9.0.0-18991-gec12610 (ec12610bb1358fb2eab74cb7b0483c2613bae38f), process ceph-mds, pid 198
starting mds.issdm-12 at -
2016-12-23 21:35:52.893961 7f045d292300  0 pidfile_write: ignore empty --pid-file
2016-12-23 21:35:57.290018 7f0455c9c700  0 mds.0.cache creating system inode with ino:1
2016-12-23 21:35:57.290338 7f0455c9c700  0 mds.0.cache creating system inode with ino:100
2016-12-23 21:35:57.290360 7f0455c9c700  0 mds.0.cache creating system inode with ino:600
2016-12-23 21:35:57.290567 7f0455c9c700  0 mds.0.cache creating system inode with ino:601
2016-12-23 21:35:57.290676 7f0455c9c700  0 mds.0.cache creating system inode with ino:602
2016-12-23 21:35:57.290972 7f0455c9c700  0 mds.0.cache creating system inode with ino:603
2016-12-23 21:35:57.291108 7f0455c9c700  0 mds.0.cache creating system inode with ino:604
2016-12-23 21:35:57.291259 7f0455c9c700  0 mds.0.cache creating system inode with ino:605
2016-12-23 21:35:57.291404 7f0455c9c700  0 mds.0.cache creating system inode with ino:606
2016-12-23 21:35:57.291638 7f0455c9c700  0 mds.0.cache creating system inode with ino:607
2016-12-23 21:35:57.291746 7f0455c9c700  0 mds.0.cache creating system inode with ino:608
2016-12-23 21:35:57.291917 7f0455c9c700  0 mds.0.cache creating system inode with ino:609
2016-12-23 21:38:05.714939 7f0457c1b700  0 -- 192.168.140.188:6800/590060063 >> - conn(0x7f0467124800 :6800 s=STATE_ACCEPTING_WAIT_BANNER_ADDR pgs=0 cs=0 l=0).fault with nothing to send and in the half  accept state just closed
2016-12-23 21:38:08.981981 7f045841c700  0 -- 192.168.140.188:6800/590060063 >> 192.168.140.230:6800/3969132049 conn(0x7f0467123000 :6800 s=STATE_ACCEPTING_WAIT_CONNECT_MSG_AUTH pgs=0 cs=0 l=0).handle_connect_msg accept connect_seq 0 vs existing csq=0 existing_state=STATE_CONNECTING
