2016-12-26 18:06:43  /entrypoint.sh: static: does not generate config
HEALTH_WARN too few PGs per OSD (10 < min 30)
2016-12-26 18:06:44  /entrypoint.sh: static: does not generate admin key
2016-12-26 18:06:45  /entrypoint.sh: SUCCESS
2016-12-26 18:06:45.121282 7fab467f3300  0 set uid:gid to 64045:64045 (ceph:ceph)
2016-12-26 18:06:45.121322 7fab467f3300  0 ceph version 9.0.0-18991-gec12610 (ec12610bb1358fb2eab74cb7b0483c2613bae38f), process ceph-mds, pid 87
starting mds.issdm-15 at -
2016-12-26 18:06:45.123284 7fab467f3300  0 pidfile_write: ignore empty --pid-file
2016-12-26 18:08:34.627472 7fab3f1fd700  0 mds.2.cache creating system inode with ino:102
2016-12-26 18:08:34.627603 7fab3f1fd700  0 mds.2.cache creating system inode with ino:614
2016-12-26 18:08:34.627849 7fab3f1fd700  0 mds.2.cache creating system inode with ino:615
2016-12-26 18:08:34.628124 7fab3f1fd700  0 mds.2.cache creating system inode with ino:616
2016-12-26 18:08:34.628265 7fab3f1fd700  0 mds.2.cache creating system inode with ino:617
2016-12-26 18:08:34.628377 7fab3f1fd700  0 mds.2.cache creating system inode with ino:618
2016-12-26 18:08:34.628565 7fab3f1fd700  0 mds.2.cache creating system inode with ino:619
2016-12-26 18:08:34.628694 7fab3f1fd700  0 mds.2.cache creating system inode with ino:61a
2016-12-26 18:08:34.628807 7fab3f1fd700  0 mds.2.cache creating system inode with ino:61b
2016-12-26 18:08:34.628923 7fab3f1fd700  0 mds.2.cache creating system inode with ino:61c
2016-12-26 18:08:34.629176 7fab3f1fd700  0 mds.2.cache creating system inode with ino:61d
2016-12-26 18:08:35.682471 7fab4217e700  0 -- 192.168.140.248:6800/1444305146 >> 192.168.140.188:6800/105625888 conn(0x7fab4fda0000 :6800 s=STATE_ACCEPTING_WAIT_CONNECT_MSG_AUTH pgs=0 cs=0 l=0).handle_connect_msg accept connect_seq 0 vs existing csq=0 existing_state=STATE_CONNECTING
