2016-12-12 13:36:42  /entrypoint.sh: static: does not generate config
HEALTH_WARN too few PGs per OSD (10 < min 30)
2016-12-12 13:36:43  /entrypoint.sh: static: does not generate admin key
2016-12-12 13:36:44  /entrypoint.sh: SUCCESS
2016-12-12 13:36:44.151536 7f6499af1300  0 set uid:gid to 64045:64045 (ceph:ceph)
2016-12-12 13:36:44.151575 7f6499af1300  0 ceph version 11.0.2-1332-gf628bac (f628bac31aa0b5b2696b8defc4aa18d4bc2ef757), process ceph-mds, pid 87
starting mds.issdm-15 at -
2016-12-12 13:36:44.153579 7f6499af1300  0 pidfile_write: ignore empty --pid-file
2016-12-12 13:38:08.157011 7f64924fb700  0 mds.2.cache creating system inode with ino:102
2016-12-12 13:38:08.157150 7f64924fb700  0 mds.2.cache creating system inode with ino:614
2016-12-12 13:38:08.157391 7f64924fb700  0 mds.2.cache creating system inode with ino:615
2016-12-12 13:38:08.157489 7f64924fb700  0 mds.2.cache creating system inode with ino:616
2016-12-12 13:38:08.157768 7f64924fb700  0 mds.2.cache creating system inode with ino:617
2016-12-12 13:38:08.157863 7f64924fb700  0 mds.2.cache creating system inode with ino:618
2016-12-12 13:38:08.157993 7f64924fb700  0 mds.2.cache creating system inode with ino:619
2016-12-12 13:38:08.158121 7f64924fb700  0 mds.2.cache creating system inode with ino:61a
2016-12-12 13:38:08.158215 7f64924fb700  0 mds.2.cache creating system inode with ino:61b
2016-12-12 13:38:08.158352 7f64924fb700  0 mds.2.cache creating system inode with ino:61c
2016-12-12 13:38:08.158463 7f64924fb700  0 mds.2.cache creating system inode with ino:61d
2016-12-12 13:53:10.228219 7f6494c7b700  0 -- 192.168.140.248:6800/2530848567 >> 192.168.140.230:6800/1836099394 conn(0x7f64a3c98800 :6800 s=STATE_OPEN pgs=10 cs=1 l=0).fault with nothing to send, going to standby
