2016-12-03 23:32:50  /entrypoint.sh: static: does not generate config
HEALTH_WARN too few PGs per OSD (8 < min 30)
2016-12-03 23:32:51  /entrypoint.sh: static: does not generate admin key
2016-12-03 23:32:51  /entrypoint.sh: SUCCESS
2016-12-03 23:32:51.825872 7fafc69ad300  0 set uid:gid to 64045:64045 (ceph:ceph)
2016-12-03 23:32:51.825914 7fafc69ad300  0 ceph version 11.0.2-1332-gf628bac (f628bac31aa0b5b2696b8defc4aa18d4bc2ef757), process ceph-mds, pid 84
starting mds.issdm-15 at -
2016-12-03 23:32:51.827965 7fafc69ad300  0 pidfile_write: ignore empty --pid-file
2016-12-03 23:34:10.980498 7fafbf3b7700  0 mds.2.cache creating system inode with ino:102
2016-12-03 23:34:10.980642 7fafbf3b7700  0 mds.2.cache creating system inode with ino:614
2016-12-03 23:34:10.980889 7fafbf3b7700  0 mds.2.cache creating system inode with ino:615
2016-12-03 23:34:10.980991 7fafbf3b7700  0 mds.2.cache creating system inode with ino:616
2016-12-03 23:34:10.981084 7fafbf3b7700  0 mds.2.cache creating system inode with ino:617
2016-12-03 23:34:10.981398 7fafbf3b7700  0 mds.2.cache creating system inode with ino:618
2016-12-03 23:34:10.981512 7fafbf3b7700  0 mds.2.cache creating system inode with ino:619
2016-12-03 23:34:10.981660 7fafbf3b7700  0 mds.2.cache creating system inode with ino:61a
2016-12-03 23:34:10.981757 7fafbf3b7700  0 mds.2.cache creating system inode with ino:61b
2016-12-03 23:34:10.981853 7fafbf3b7700  0 mds.2.cache creating system inode with ino:61c
2016-12-03 23:34:10.981963 7fafbf3b7700  0 mds.2.cache creating system inode with ino:61d
2016-12-03 23:34:12.053438 7fafc2338700  0 -- 192.168.140.248:6800/3380152872 >> 192.168.140.188:6800/4100547828 conn(0x7fafd0bc0000 :6800 s=STATE_ACCEPTING_WAIT_CONNECT_MSG_AUTH pgs=0 cs=0 l=0).handle_connect_msg accept connect_seq 0 vs existing csq=0 existing_state=STATE_CONNECTING_WAIT_BANNER_AND_IDENTIFY
2016-12-03 23:34:12.053818 7fafc2338700  0 -- 192.168.140.248:6800/3380152872 >> 192.168.140.188:6800/4100547828 conn(0x7fafd0bc0000 :6800 s=STATE_ACCEPTING_WAIT_CONNECT_MSG pgs=0 cs=0 l=0).fault with nothing to send and in the half  accept state just closed
