2016-12-24 05:30:49  /entrypoint.sh: static: does not generate config
HEALTH_WARN too few PGs per OSD (8 < min 30)
2016-12-24 05:30:50  /entrypoint.sh: static: does not generate admin key
pool 'cephfs_data' created
pool 'cephfs_metadata' created
new fs with metadata pool 2 and data pool 1
2016-12-24 05:30:53  /entrypoint.sh: SUCCESS
2016-12-24 05:30:53.907839 7f653a626300  0 set uid:gid to 64045:64045 (ceph:ceph)
2016-12-24 05:30:53.907886 7f653a626300  0 ceph version 9.0.0-18991-gec12610 (ec12610bb1358fb2eab74cb7b0483c2613bae38f), process ceph-mds, pid 198
starting mds.issdm-12 at -
2016-12-24 05:30:53.911606 7f653a626300  0 pidfile_write: ignore empty --pid-file
2016-12-24 05:30:58.106321 7f6533030700  0 mds.0.cache creating system inode with ino:1
2016-12-24 05:30:58.107368 7f6533030700  0 mds.0.cache creating system inode with ino:100
2016-12-24 05:30:58.107410 7f6533030700  0 mds.0.cache creating system inode with ino:600
2016-12-24 05:30:58.107765 7f6533030700  0 mds.0.cache creating system inode with ino:601
2016-12-24 05:30:58.107929 7f6533030700  0 mds.0.cache creating system inode with ino:602
2016-12-24 05:30:58.108449 7f6533030700  0 mds.0.cache creating system inode with ino:603
2016-12-24 05:30:58.108791 7f6533030700  0 mds.0.cache creating system inode with ino:604
2016-12-24 05:30:58.108965 7f6533030700  0 mds.0.cache creating system inode with ino:605
2016-12-24 05:30:58.109316 7f6533030700  0 mds.0.cache creating system inode with ino:606
2016-12-24 05:30:58.109463 7f6533030700  0 mds.0.cache creating system inode with ino:607
2016-12-24 05:30:58.109705 7f6533030700  0 mds.0.cache creating system inode with ino:608
2016-12-24 05:30:58.109929 7f6533030700  0 mds.0.cache creating system inode with ino:609
2016-12-24 05:33:17.466624 7f6535fb1700  0 -- 192.168.140.188:6800/3824003579 >> 192.168.140.248:6800/3664858177 conn(0x7f65440b4800 :6800 s=STATE_ACCEPTING_WAIT_CONNECT_MSG_AUTH pgs=0 cs=0 l=0).handle_connect_msg accept connect_seq 0 vs existing csq=0 existing_state=STATE_CONNECTING_WAIT_BANNER_AND_IDENTIFY
2016-12-24 05:33:20.524415 7f6535fb1700  0 -- 192.168.140.188:6800/3824003579 >> 192.168.140.230:6800/220045229 conn(0x7f65440b0000 :6800 s=STATE_ACCEPTING_WAIT_CONNECT_MSG_AUTH pgs=0 cs=0 l=0).handle_connect_msg accept connect_seq 0 vs existing csq=0 existing_state=STATE_CONNECTING_WAIT_CONNECT_REPLY
