2016-12-24 05:32:05  /entrypoint.sh: static: does not generate config
HEALTH_WARN too few PGs per OSD (10 < min 30)
2016-12-24 05:32:06  /entrypoint.sh: static: does not generate admin key
2016-12-24 05:32:06  /entrypoint.sh: SUCCESS
2016-12-24 05:32:06.833899 7fb7133ff300  0 set uid:gid to 64045:64045 (ceph:ceph)
2016-12-24 05:32:06.833944 7fb7133ff300  0 ceph version 9.0.0-18991-gec12610 (ec12610bb1358fb2eab74cb7b0483c2613bae38f), process ceph-mds, pid 88
starting mds.issdm-18 at -
2016-12-24 05:32:06.836122 7fb7133ff300  0 pidfile_write: ignore empty --pid-file
2016-12-24 05:33:16.397098 7fb70be09700  0 mds.1.cache creating system inode with ino:101
2016-12-24 05:33:16.397333 7fb70be09700  0 mds.1.cache creating system inode with ino:60a
2016-12-24 05:33:16.397682 7fb70be09700  0 mds.1.cache creating system inode with ino:60b
2016-12-24 05:33:16.397943 7fb70be09700  0 mds.1.cache creating system inode with ino:60c
2016-12-24 05:33:16.398367 7fb70be09700  0 mds.1.cache creating system inode with ino:60d
2016-12-24 05:33:16.398517 7fb70be09700  0 mds.1.cache creating system inode with ino:60e
2016-12-24 05:33:16.398698 7fb70be09700  0 mds.1.cache creating system inode with ino:60f
2016-12-24 05:33:16.398946 7fb70be09700  0 mds.1.cache creating system inode with ino:610
2016-12-24 05:33:16.399183 7fb70be09700  0 mds.1.cache creating system inode with ino:611
2016-12-24 05:33:16.399324 7fb70be09700  0 mds.1.cache creating system inode with ino:612
2016-12-24 05:33:16.399466 7fb70be09700  0 mds.1.cache creating system inode with ino:613
2016-12-24 05:33:20.523349 7fb70ed8a700  0 -- 192.168.140.230:6800/220045229 >> 192.168.140.188:6800/3824003579 conn(0x7fb71dff8000 :6800 s=STATE_ACCEPTING_WAIT_CONNECT_MSG_AUTH pgs=0 cs=0 l=0).handle_connect_msg accept connect_seq 0 vs existing csq=0 existing_state=STATE_CONNECTING_WAIT_CONNECT_REPLY
2016-12-24 05:33:20.523683 7fb70ed8a700  0 -- 192.168.140.230:6800/220045229 >> 192.168.140.188:6800/3824003579 conn(0x7fb71dff8000 :6800 s=STATE_ACCEPTING_WAIT_CONNECT_MSG pgs=0 cs=0 l=0).fault with nothing to send and in the half  accept state just closed
