2016-12-24 05:31:26  /entrypoint.sh: static: does not generate config
HEALTH_WARN too few PGs per OSD (10 < min 30)
2016-12-24 05:31:27  /entrypoint.sh: static: does not generate admin key
2016-12-24 05:31:27  /entrypoint.sh: SUCCESS
2016-12-24 05:31:27.366825 7f1ae89de300  0 set uid:gid to 64045:64045 (ceph:ceph)
2016-12-24 05:31:27.366862 7f1ae89de300  0 ceph version 9.0.0-18991-gec12610 (ec12610bb1358fb2eab74cb7b0483c2613bae38f), process ceph-mds, pid 87
starting mds.issdm-15 at -
2016-12-24 05:31:27.369146 7f1ae89de300  0 pidfile_write: ignore empty --pid-file
2016-12-24 05:33:16.394025 7f1ae13e8700  0 mds.2.cache creating system inode with ino:102
2016-12-24 05:33:16.394235 7f1ae13e8700  0 mds.2.cache creating system inode with ino:614
2016-12-24 05:33:16.394567 7f1ae13e8700  0 mds.2.cache creating system inode with ino:615
2016-12-24 05:33:16.394828 7f1ae13e8700  0 mds.2.cache creating system inode with ino:616
2016-12-24 05:33:16.394948 7f1ae13e8700  0 mds.2.cache creating system inode with ino:617
2016-12-24 05:33:16.395045 7f1ae13e8700  0 mds.2.cache creating system inode with ino:618
2016-12-24 05:33:16.395170 7f1ae13e8700  0 mds.2.cache creating system inode with ino:619
2016-12-24 05:33:16.395288 7f1ae13e8700  0 mds.2.cache creating system inode with ino:61a
2016-12-24 05:33:16.395385 7f1ae13e8700  0 mds.2.cache creating system inode with ino:61b
2016-12-24 05:33:16.395486 7f1ae13e8700  0 mds.2.cache creating system inode with ino:61c
2016-12-24 05:33:16.395592 7f1ae13e8700  0 mds.2.cache creating system inode with ino:61d
2016-12-24 05:33:17.465895 7f1ae4369700  0 -- 192.168.140.248:6800/3664858177 >> - conn(0x7f1af16bc000 :6800 s=STATE_ACCEPTING_WAIT_BANNER_ADDR pgs=0 cs=0 l=0).fault with nothing to send and in the half  accept state just closed
