2017-03-31 16:17:20  /entrypoint.sh: static: does not generate config
HEALTH_WARN too few PGs per OSD (8 < min 30)
2017-03-31 16:17:21  /entrypoint.sh: static: does not generate admin key
pool 'cephfs_data' created
pool 'cephfs_metadata' created
new fs with metadata pool 2 and data pool 1
2017-03-31 16:17:25  /entrypoint.sh: SUCCESS
2017-03-31 16:17:25.947941 7f7310c4d300  0 set uid:gid to 64045:64045 (ceph:ceph)
2017-03-31 16:17:25.947993 7f7310c4d300  0 ceph version 9.0.0-18996-gc8198b3 (c8198b367959e5e7ccb362987ae541a526ccaf59), process ceph-mds, pid 198
starting mds.issdm-12 at -
2017-03-31 16:17:25.950133 7f7310c4d300  0 pidfile_write: ignore empty --pid-file
2017-03-31 16:17:30.764830 7f7309650700  0 mds.0.cache creating system inode with ino:1
2017-03-31 16:17:30.765134 7f7309650700  0 mds.0.cache creating system inode with ino:100
2017-03-31 16:17:30.765155 7f7309650700  0 mds.0.cache creating system inode with ino:600
2017-03-31 16:17:30.765350 7f7309650700  0 mds.0.cache creating system inode with ino:601
2017-03-31 16:17:30.765446 7f7309650700  0 mds.0.cache creating system inode with ino:602
2017-03-31 16:17:30.765733 7f7309650700  0 mds.0.cache creating system inode with ino:603
2017-03-31 16:17:30.765849 7f7309650700  0 mds.0.cache creating system inode with ino:604
2017-03-31 16:17:30.765984 7f7309650700  0 mds.0.cache creating system inode with ino:605
2017-03-31 16:17:30.766079 7f7309650700  0 mds.0.cache creating system inode with ino:606
2017-03-31 16:17:30.766172 7f7309650700  0 mds.0.cache creating system inode with ino:607
2017-03-31 16:17:30.766265 7f7309650700  0 mds.0.cache creating system inode with ino:608
2017-03-31 16:17:30.766393 7f7309650700  0 mds.0.cache creating system inode with ino:609
