2016-12-24 04:53:16  /entrypoint.sh: static: does not generate config
HEALTH_WARN too few PGs per OSD (10 < min 30)
2016-12-24 04:53:17  /entrypoint.sh: static: does not generate admin key
2016-12-24 04:53:17  /entrypoint.sh: SUCCESS
2016-12-24 04:53:17.774983 7f23219f5300  0 set uid:gid to 64045:64045 (ceph:ceph)
2016-12-24 04:53:17.775022 7f23219f5300  0 ceph version 9.0.0-18991-gec12610 (ec12610bb1358fb2eab74cb7b0483c2613bae38f), process ceph-mds, pid 87
starting mds.issdm-15 at -
2016-12-24 04:53:17.776992 7f23219f5300  0 pidfile_write: ignore empty --pid-file
2016-12-24 04:55:05.724575 7f231a3ff700  0 mds.2.cache creating system inode with ino:102
2016-12-24 04:55:05.724706 7f231a3ff700  0 mds.2.cache creating system inode with ino:614
2016-12-24 04:55:05.724931 7f231a3ff700  0 mds.2.cache creating system inode with ino:615
2016-12-24 04:55:05.725224 7f231a3ff700  0 mds.2.cache creating system inode with ino:616
2016-12-24 04:55:05.725322 7f231a3ff700  0 mds.2.cache creating system inode with ino:617
2016-12-24 04:55:05.725414 7f231a3ff700  0 mds.2.cache creating system inode with ino:618
2016-12-24 04:55:05.725539 7f231a3ff700  0 mds.2.cache creating system inode with ino:619
2016-12-24 04:55:05.725648 7f231a3ff700  0 mds.2.cache creating system inode with ino:61a
2016-12-24 04:55:05.725739 7f231a3ff700  0 mds.2.cache creating system inode with ino:61b
2016-12-24 04:55:05.725830 7f231a3ff700  0 mds.2.cache creating system inode with ino:61c
2016-12-24 04:55:05.725939 7f231a3ff700  0 mds.2.cache creating system inode with ino:61d
2016-12-24 04:55:09.860205 7f231d380700  0 -- 192.168.140.248:6800/913931272 >> 192.168.140.188:6800/2827466656 conn(0x7f232b2a8000 :6800 s=STATE_ACCEPTING_WAIT_CONNECT_MSG_AUTH pgs=0 cs=0 l=0).handle_connect_msg accept connect_seq 0 vs existing csq=0 existing_state=STATE_CONNECTING_WAIT_CONNECT_REPLY
2016-12-24 04:55:09.860367 7f231d380700  0 -- 192.168.140.248:6800/913931272 >> 192.168.140.188:6800/2827466656 conn(0x7f232b2a8000 :6800 s=STATE_ACCEPTING_WAIT_CONNECT_MSG pgs=0 cs=0 l=0).fault with nothing to send and in the half  accept state just closed
