2016-12-24 04:53:55  /entrypoint.sh: static: does not generate config
HEALTH_WARN too few PGs per OSD (10 < min 30)
2016-12-24 04:53:56  /entrypoint.sh: static: does not generate admin key
2016-12-24 04:53:56  /entrypoint.sh: SUCCESS
2016-12-24 04:53:56.920729 7fabb2117300  0 set uid:gid to 64045:64045 (ceph:ceph)
2016-12-24 04:53:56.920768 7fabb2117300  0 ceph version 9.0.0-18991-gec12610 (ec12610bb1358fb2eab74cb7b0483c2613bae38f), process ceph-mds, pid 88
starting mds.issdm-18 at -
2016-12-24 04:53:56.922733 7fabb2117300  0 pidfile_write: ignore empty --pid-file
2016-12-24 04:55:05.723920 7fabaab21700  0 mds.1.cache creating system inode with ino:101
2016-12-24 04:55:05.724087 7fabaab21700  0 mds.1.cache creating system inode with ino:60a
2016-12-24 04:55:05.724362 7fabaab21700  0 mds.1.cache creating system inode with ino:60b
2016-12-24 04:55:05.724469 7fabaab21700  0 mds.1.cache creating system inode with ino:60c
2016-12-24 04:55:05.724594 7fabaab21700  0 mds.1.cache creating system inode with ino:60d
2016-12-24 04:55:05.724852 7fabaab21700  0 mds.1.cache creating system inode with ino:60e
2016-12-24 04:55:05.724989 7fabaab21700  0 mds.1.cache creating system inode with ino:60f
2016-12-24 04:55:05.725122 7fabaab21700  0 mds.1.cache creating system inode with ino:610
2016-12-24 04:55:05.725228 7fabaab21700  0 mds.1.cache creating system inode with ino:611
2016-12-24 04:55:05.725328 7fabaab21700  0 mds.1.cache creating system inode with ino:612
2016-12-24 04:55:05.725444 7fabaab21700  0 mds.1.cache creating system inode with ino:613
2016-12-24 04:55:06.794387 7fabadaa2700  0 -- 192.168.140.230:6800/1591742685 >> 192.168.140.188:6800/2827466656 conn(0x7fabbc66e000 :6800 s=STATE_ACCEPTING_WAIT_CONNECT_MSG_AUTH pgs=0 cs=0 l=0).handle_connect_msg accept connect_seq 0 vs existing csq=0 existing_state=STATE_CONNECTING_WAIT_CONNECT_REPLY
