2017-04-02 04:22:35  /entrypoint.sh: static: does not generate config
HEALTH_WARN too few PGs per OSD (8 < min 30)
2017-04-02 04:22:35  /entrypoint.sh: static: does not generate admin key
pool 'cephfs_data' created
pool 'cephfs_metadata' created
new fs with metadata pool 2 and data pool 1
2017-04-02 04:22:40  /entrypoint.sh: SUCCESS
2017-04-02 04:22:40.165515 7f5752f2d300  0 set uid:gid to 64045:64045 (ceph:ceph)
2017-04-02 04:22:40.165562 7f5752f2d300  0 ceph version 9.0.0-18993-g11a2122 (11a2122891eabb0d29c573ba1bc816c13c1a9064), process ceph-mds, pid 198
starting mds.issdm-12 at -
2017-04-02 04:22:40.167860 7f5752f2d300  0 pidfile_write: ignore empty --pid-file
2017-04-02 04:22:45.088494 7f574b935700  0 mds.0.cache creating system inode with ino:1
2017-04-02 04:22:45.088776 7f574b935700  0 mds.0.cache creating system inode with ino:100
2017-04-02 04:22:45.088796 7f574b935700  0 mds.0.cache creating system inode with ino:600
2017-04-02 04:22:45.088981 7f574b935700  0 mds.0.cache creating system inode with ino:601
2017-04-02 04:22:45.089073 7f574b935700  0 mds.0.cache creating system inode with ino:602
2017-04-02 04:22:45.089340 7f574b935700  0 mds.0.cache creating system inode with ino:603
2017-04-02 04:22:45.089452 7f574b935700  0 mds.0.cache creating system inode with ino:604
2017-04-02 04:22:45.089580 7f574b935700  0 mds.0.cache creating system inode with ino:605
2017-04-02 04:22:45.089673 7f574b935700  0 mds.0.cache creating system inode with ino:606
2017-04-02 04:22:45.089765 7f574b935700  0 mds.0.cache creating system inode with ino:607
2017-04-02 04:22:45.089856 7f574b935700  0 mds.0.cache creating system inode with ino:608
2017-04-02 04:22:45.089977 7f574b935700  0 mds.0.cache creating system inode with ino:609
2017-04-02 04:24:34.427369 7f574e0b5700  0 -- 192.168.140.188:6800/822502681 >> 192.168.140.248:6800/1558801217 conn(0x7f575bbd5800 :6800 s=STATE_ACCEPTING_WAIT_CONNECT_MSG_AUTH pgs=0 cs=0 l=0).handle_connect_msg accept connect_seq 0 vs existing csq=0 existing_state=STATE_CONNECTING_WAIT_CONNECT_REPLY
2017-04-02 04:24:34.427685 7f574e0b5700  0 -- 192.168.140.188:6800/822502681 >> 192.168.140.248:6800/1558801217 conn(0x7f575bbd5800 :6800 s=STATE_ACCEPTING_WAIT_CONNECT_MSG pgs=0 cs=0 l=0).fault with nothing to send and in the half  accept state just closed
2017-04-02 04:24:37.905488 7f574e0b5700  0 -- 192.168.140.188:6800/822502681 >> - conn(0x7f575bbd4000 :6800 s=STATE_ACCEPTING_WAIT_BANNER_ADDR pgs=0 cs=0 l=0).fault with nothing to send and in the half  accept state just closed
