2017-04-02 04:23:11  /entrypoint.sh: static: does not generate config
HEALTH_WARN too few PGs per OSD (10 < min 30)
2017-04-02 04:23:12  /entrypoint.sh: static: does not generate admin key
2017-04-02 04:23:12  /entrypoint.sh: SUCCESS
2017-04-02 04:23:12.820077 7f6657e86300  0 set uid:gid to 64045:64045 (ceph:ceph)
2017-04-02 04:23:12.820122 7f6657e86300  0 ceph version 9.0.0-18993-g11a2122 (11a2122891eabb0d29c573ba1bc816c13c1a9064), process ceph-mds, pid 88
starting mds.issdm-15 at -
2017-04-02 04:23:12.822143 7f6657e86300  0 pidfile_write: ignore empty --pid-file
2017-04-02 04:24:33.087720 7f665088e700  0 mds.2.cache creating system inode with ino:102
2017-04-02 04:24:33.087855 7f665088e700  0 mds.2.cache creating system inode with ino:614
2017-04-02 04:24:33.088092 7f665088e700  0 mds.2.cache creating system inode with ino:615
2017-04-02 04:24:33.088186 7f665088e700  0 mds.2.cache creating system inode with ino:616
2017-04-02 04:24:33.088460 7f665088e700  0 mds.2.cache creating system inode with ino:617
2017-04-02 04:24:33.088572 7f665088e700  0 mds.2.cache creating system inode with ino:618
2017-04-02 04:24:33.088680 7f665088e700  0 mds.2.cache creating system inode with ino:619
2017-04-02 04:24:33.088801 7f665088e700  0 mds.2.cache creating system inode with ino:61a
2017-04-02 04:24:33.088893 7f665088e700  0 mds.2.cache creating system inode with ino:61b
2017-04-02 04:24:33.088984 7f665088e700  0 mds.2.cache creating system inode with ino:61c
2017-04-02 04:24:33.089095 7f665088e700  0 mds.2.cache creating system inode with ino:61d
2017-04-02 04:24:34.429671 7f665280d700  0 -- 192.168.140.248:6800/1558801217 >> 192.168.140.188:6800/822502681 conn(0x7f6661f68000 :6800 s=STATE_ACCEPTING_WAIT_CONNECT_MSG_AUTH pgs=0 cs=0 l=0).handle_connect_msg accept connect_seq 0 vs existing csq=0 existing_state=STATE_CONNECTING
