This is pdfTeX, Version 3.14159265-2.6-1.40.16 (TeX Live 2015/Debian) (preloaded format=pdflatex)
 restricted \write18 enabled.
entering extended mode
(./paper.tex
LaTeX2e <2016/02/01>
Babel <3.9q> and hyphenation patterns for 3 language(s) loaded.
(./sigplanconf-eurosys.cls

LaTeX Warning: You have requested document class `sigplanconf-eurosys',
               but the document class provides `sigplanconf'.

Document Class: sigplanconf 2013/07/02 v2.8 ACM SIGPLAN Proceedings
(/usr/share/texlive/texmf-dist/tex/latex/base/article.cls
Document Class: article 2014/09/29 v1.4h Standard LaTeX document class
(/usr/share/texlive/texmf-dist/tex/latex/base/size10.clo))
Using natbib package with 'numbers' citation style.
(/usr/share/texlive/texmf-dist/tex/latex/natbib/natbib.sty))
(/usr/share/texlive/texmf-dist/tex/latex/graphics/graphicx.sty
(/usr/share/texlive/texmf-dist/tex/latex/graphics/keyval.sty)
(/usr/share/texlive/texmf-dist/tex/latex/graphics/graphics.sty
(/usr/share/texlive/texmf-dist/tex/latex/graphics/trig.sty)
(/usr/share/texlive/texmf-dist/tex/latex/latexconfig/graphics.cfg)
(/usr/share/texlive/texmf-dist/tex/latex/pdftex-def/pdftex.def
(/usr/share/texlive/texmf-dist/tex/generic/oberdiek/infwarerr.sty)
(/usr/share/texlive/texmf-dist/tex/generic/oberdiek/ltxcmds.sty))))
(./paper.aux) (/usr/share/texlive/texmf-dist/tex/latex/psnfss/ot1ptm.fd)
(/usr/share/texlive/texmf-dist/tex/context/base/supp-pdf.mkii
[Loading MPS to PDF converter (version 2006.09.02).]
) (/usr/share/texlive/texmf-dist/tex/generic/oberdiek/pdftexcmds.sty
(/usr/share/texlive/texmf-dist/tex/generic/oberdiek/ifluatex.sty)
(/usr/share/texlive/texmf-dist/tex/generic/oberdiek/ifpdf.sty))
(/usr/share/texlive/texmf-dist/tex/latex/oberdiek/epstopdf-base.sty
(/usr/share/texlive/texmf-dist/tex/latex/oberdiek/grfext.sty
(/usr/share/texlive/texmf-dist/tex/generic/oberdiek/kvdefinekeys.sty))
(/usr/share/texlive/texmf-dist/tex/latex/oberdiek/kvoptions.sty
(/usr/share/texlive/texmf-dist/tex/generic/oberdiek/kvsetkeys.sty
(/usr/share/texlive/texmf-dist/tex/generic/oberdiek/etexcmds.sty)))
(/usr/share/texlive/texmf-dist/tex/latex/latexconfig/epstopdf-sys.cfg))
Underfull \hbox (badness 1189) in paragraph at lines 12--27
\OT1/ptm/m/n/10 Today's large and highly-parallel work-loads are bot-tle-
<figures/subtree-policies.png, id=1, 420.57124pt x 299.1175pt>
<use figures/subtree-policies.png> [1{/var/lib/texmf/fonts/map/pdftex/updmap/pd
ftex.map} <./figures/subtree-policies.png>]
Overfull \hbox (3.45808pt too wide) in paragraph at lines 103--108
[]\OT1/ptm/m/n/10 For (3), de-cou-pled names-pace ap-proaches sac-ri-fice POSIX


Overfull \hbox (13.64824pt too wide) in paragraph at lines 115--125
 [][] 
<figures/creates-motivation.png, id=12, 590.205pt x 534.99875pt>
<use figures/creates-motivation.png>
Underfull \vbox (badness 10000) has occurred while \output is active
<figures/throughput-journal.png, id=13, 1046.91125pt x 320.19624pt>
<use figures/throughput-journal.png>
Overfull \hbox (8.1496pt too wide) in paragraph at lines 156--158
 [][] 
[2 <./figures/creates-motivation.png>]
<figures/throughput-cache-journal.png, id=18, 1049.9225pt x 319.1925pt>
<use figures/throughput-cache-journal.png>
Overfull \hbox (8.1496pt too wide) in paragraph at lines 217--220
 [][] 
<figures/inode-cache.png, id=19, 1047.915pt x 391.4625pt>
<use figures/inode-cache.png>
Overfull \hbox (8.1496pt too wide) in paragraph at lines 227--230
 [][] 
<figures/throughput-droplease.png, id=20, 1006.76125pt x 310.15875pt>
<use figures/throughput-droplease.png>
Overfull \hbox (8.1496pt too wide) in paragraph at lines 243--247
 [][] 

Underfull \vbox (badness 6316) has occurred while \output is active

LaTeX Warning: Reference `fig:throughput-cache' on page 3 undefined on input li
ne 285.


LaTeX Warning: Reference `fig:throughput-cache' on page 3 undefined on input li
ne 285.


LaTeX Warning: Reference `fig:throughput-cache' on page 3 undefined on input li
ne 290.


LaTeX Warning: Reference `fig:throughput-cache' on page 3 undefined on input li
ne 291.

(/usr/share/texlive/texmf-dist/tex/latex/psnfss/omsptm.fd)

LaTeX Warning: Reference `fig:throughput-cache' on page 3 undefined on input li
ne 304.


Underfull \vbox (badness 1546) has occurred while \output is active [3 <./figur
es/throughput-journal.png>]
<figures/exp0-underloaded.png, id=27, 1508.63625pt x 567.11874pt>
<use figures/exp0-underloaded.png>
Overfull \hbox (8.1496pt too wide) in paragraph at lines 312--315
 [][] 
<figures/runtime-consistency-scale.png, id=28, 996.72375pt x 301.125pt>
<use figures/runtime-consistency-scale.png>
Overfull \hbox (8.1496pt too wide) in paragraph at lines 320--324
 [][] 

LaTeX Warning: Reference `fig:exp0-behaviour' on page 4 undefined on input line
 351.


LaTeX Warning: Reference `fig:exp0-behaviour' on page 4 undefined on input line
 361.


LaTeX Warning: Reference `fig:exp0-behaviour' on page 4 undefined on input line
 370.


LaTeX Warning: Reference `fig:exp0-behaviour' on page 4 undefined on input line
 372.


Underfull \vbox (badness 10000) has occurred while \output is active [4 <./figu
res/throughput-cache-journal.png> <./figures/inode-cache.png>]
Underfull \hbox (badness 2229) in paragraph at lines 382--391
[]\OT1/ptm/b/n/10 Comparison to de-cou-pled names-paces\OT1/ptm/m/n/10 : De-cou
-pled

Underfull \vbox (badness 4193) has occurred while \output is active
<figures/fig-decouple.png, id=35, 1207.51125pt x 444.66125pt>
<use figures/fig-decouple.png>
Overfull \hbox (16.0748pt too wide) in paragraph at lines 398--402
 [][] 
[5 <./figures/throughput-droplease.png> <./figures/exp0-underloaded.png>]
Underfull \vbox (badness 10000) has occurred while \output is active [6 <./figu
res/runtime-consistency-scale.png> <./figures/fig-decouple.png>]
Underfull \hbox (badness 1194) in paragraph at lines 546--555
\OT1/ptm/m/n/10 Our first im-ple-men-ta-tion at-tempted to re-create jour-nal
[7]
Overfull \hbox (37.14656pt too wide) in paragraph at lines 654--655
\OT1/ptm/m/n/10 updatedb: http://lists.ceph.com/pipermail/ceph-users-ceph.com/2
015-
(./paper.bbl
Underfull \hbox (badness 1406) in paragraph at lines 29--35
[]\OT1/ptm/m/n/9 Michael A. Sevilla, Noah Watkins, Car-los Maltzahn, Ike
) [8] (./paper.aux)

LaTeX Warning: There were undefined references.


LaTeX Warning: Label(s) may have changed. Rerun to get cross-references right.

 )
(see the transcript file for additional information){/usr/share/texlive/texmf-d
ist/fonts/enc/dvips/base/8r.enc}</usr/share/texlive/texmf-dist/fonts/type1/publ
ic/amsfonts/cm/cmr10.pfb></usr/share/texlive/texmf-dist/fonts/type1/public/amsf
onts/cm/cmsy10.pfb></usr/share/texlive/texmf-dist/fonts/type1/public/amsfonts/c
m/cmsy9.pfb></usr/share/texlive/texmf-dist/fonts/type1/public/amsfonts/cm/cmtt1
0.pfb></usr/share/texlive/texmf-dist/fonts/type1/urw/times/utmb8a.pfb></usr/sha
re/texlive/texmf-dist/fonts/type1/urw/times/utmr8a.pfb></usr/share/texlive/texm
f-dist/fonts/type1/urw/times/utmri8a.pfb>
Output written on paper.pdf (8 pages, 833789 bytes).
Transcript written on paper.log.
This is BibTeX, Version 0.99d (TeX Live 2015/Debian)
The top-level auxiliary file: paper.aux
The style file: plain.bst
Database file #1: paper.bib
Warning--I didn't find a database entry for ""
Warning--empty year in bent_plfs_2009
Warning--empty journal in bent:login16-hpc-trends
Warning--empty year in bent:login16-hpc-trends
(There were 4 warnings)
This is pdfTeX, Version 3.14159265-2.6-1.40.16 (TeX Live 2015/Debian) (preloaded format=pdflatex)
 restricted \write18 enabled.
entering extended mode
(./paper.tex
LaTeX2e <2016/02/01>
Babel <3.9q> and hyphenation patterns for 3 language(s) loaded.
(./sigplanconf-eurosys.cls

LaTeX Warning: You have requested document class `sigplanconf-eurosys',
               but the document class provides `sigplanconf'.

Document Class: sigplanconf 2013/07/02 v2.8 ACM SIGPLAN Proceedings
(/usr/share/texlive/texmf-dist/tex/latex/base/article.cls
Document Class: article 2014/09/29 v1.4h Standard LaTeX document class
(/usr/share/texlive/texmf-dist/tex/latex/base/size10.clo))
Using natbib package with 'numbers' citation style.
(/usr/share/texlive/texmf-dist/tex/latex/natbib/natbib.sty))
(/usr/share/texlive/texmf-dist/tex/latex/graphics/graphicx.sty
(/usr/share/texlive/texmf-dist/tex/latex/graphics/keyval.sty)
(/usr/share/texlive/texmf-dist/tex/latex/graphics/graphics.sty
(/usr/share/texlive/texmf-dist/tex/latex/graphics/trig.sty)
(/usr/share/texlive/texmf-dist/tex/latex/latexconfig/graphics.cfg)
(/usr/share/texlive/texmf-dist/tex/latex/pdftex-def/pdftex.def
(/usr/share/texlive/texmf-dist/tex/generic/oberdiek/infwarerr.sty)
(/usr/share/texlive/texmf-dist/tex/generic/oberdiek/ltxcmds.sty))))
(./paper.aux) (/usr/share/texlive/texmf-dist/tex/latex/psnfss/ot1ptm.fd)
(/usr/share/texlive/texmf-dist/tex/context/base/supp-pdf.mkii
[Loading MPS to PDF converter (version 2006.09.02).]
) (/usr/share/texlive/texmf-dist/tex/generic/oberdiek/pdftexcmds.sty
(/usr/share/texlive/texmf-dist/tex/generic/oberdiek/ifluatex.sty)
(/usr/share/texlive/texmf-dist/tex/generic/oberdiek/ifpdf.sty))
(/usr/share/texlive/texmf-dist/tex/latex/oberdiek/epstopdf-base.sty
(/usr/share/texlive/texmf-dist/tex/latex/oberdiek/grfext.sty
(/usr/share/texlive/texmf-dist/tex/generic/oberdiek/kvdefinekeys.sty))
(/usr/share/texlive/texmf-dist/tex/latex/oberdiek/kvoptions.sty
(/usr/share/texlive/texmf-dist/tex/generic/oberdiek/kvsetkeys.sty
(/usr/share/texlive/texmf-dist/tex/generic/oberdiek/etexcmds.sty)))
(/usr/share/texlive/texmf-dist/tex/latex/latexconfig/epstopdf-sys.cfg))
Underfull \hbox (badness 1189) in paragraph at lines 12--27
\OT1/ptm/m/n/10 Today's large and highly-parallel work-loads are bot-tle-
<figures/subtree-policies.png, id=1, 420.57124pt x 299.1175pt>
<use figures/subtree-policies.png> [1{/var/lib/texmf/fonts/map/pdftex/updmap/pd
ftex.map} <./figures/subtree-policies.png>]
Overfull \hbox (3.45808pt too wide) in paragraph at lines 103--108
[]\OT1/ptm/m/n/10 For (3), de-cou-pled names-pace ap-proaches sac-ri-fice POSIX


Overfull \hbox (13.64824pt too wide) in paragraph at lines 115--125
 [][] 
<figures/creates-motivation.png, id=12, 590.205pt x 534.99875pt>
<use figures/creates-motivation.png>
Underfull \vbox (badness 10000) has occurred while \output is active
<figures/throughput-journal.png, id=13, 1046.91125pt x 320.19624pt>
<use figures/throughput-journal.png>
Overfull \hbox (8.1496pt too wide) in paragraph at lines 156--158
 [][] 
[2 <./figures/creates-motivation.png>]
<figures/throughput-cache-journal.png, id=18, 1049.9225pt x 319.1925pt>
<use figures/throughput-cache-journal.png>
Overfull \hbox (8.1496pt too wide) in paragraph at lines 217--220
 [][] 
<figures/inode-cache.png, id=19, 1047.915pt x 391.4625pt>
<use figures/inode-cache.png>
Overfull \hbox (8.1496pt too wide) in paragraph at lines 227--230
 [][] 
<figures/throughput-droplease.png, id=20, 1006.76125pt x 310.15875pt>
<use figures/throughput-droplease.png>
Overfull \hbox (8.1496pt too wide) in paragraph at lines 243--247
 [][] 

Underfull \vbox (badness 6316) has occurred while \output is active

LaTeX Warning: Reference `fig:throughput-cache' on page 3 undefined on input li
ne 285.


LaTeX Warning: Reference `fig:throughput-cache' on page 3 undefined on input li
ne 285.


LaTeX Warning: Reference `fig:throughput-cache' on page 3 undefined on input li
ne 290.


LaTeX Warning: Reference `fig:throughput-cache' on page 3 undefined on input li
ne 291.

(/usr/share/texlive/texmf-dist/tex/latex/psnfss/omsptm.fd)

LaTeX Warning: Reference `fig:throughput-cache' on page 3 undefined on input li
ne 304.


Underfull \vbox (badness 1546) has occurred while \output is active [3 <./figur
es/throughput-journal.png>]
<figures/exp0-underloaded.png, id=27, 1508.63625pt x 567.11874pt>
<use figures/exp0-underloaded.png>
Overfull \hbox (8.1496pt too wide) in paragraph at lines 312--315
 [][] 
<figures/runtime-consistency-scale.png, id=28, 996.72375pt x 301.125pt>
<use figures/runtime-consistency-scale.png>
Overfull \hbox (8.1496pt too wide) in paragraph at lines 320--324
 [][] 

LaTeX Warning: Reference `fig:exp0-behaviour' on page 4 undefined on input line
 351.


LaTeX Warning: Reference `fig:exp0-behaviour' on page 4 undefined on input line
 361.


LaTeX Warning: Reference `fig:exp0-behaviour' on page 4 undefined on input line
 370.


LaTeX Warning: Reference `fig:exp0-behaviour' on page 4 undefined on input line
 372.


Underfull \vbox (badness 10000) has occurred while \output is active [4 <./figu
res/throughput-cache-journal.png> <./figures/inode-cache.png>]
Underfull \hbox (badness 2229) in paragraph at lines 382--391
[]\OT1/ptm/b/n/10 Comparison to de-cou-pled names-paces\OT1/ptm/m/n/10 : De-cou
-pled

Underfull \vbox (badness 4193) has occurred while \output is active
<figures/fig-decouple.png, id=35, 1207.51125pt x 444.66125pt>
<use figures/fig-decouple.png>
Overfull \hbox (16.0748pt too wide) in paragraph at lines 398--402
 [][] 
[5 <./figures/throughput-droplease.png> <./figures/exp0-underloaded.png>]
Underfull \vbox (badness 10000) has occurred while \output is active [6 <./figu
res/runtime-consistency-scale.png> <./figures/fig-decouple.png>]
Underfull \hbox (badness 1194) in paragraph at lines 546--555
\OT1/ptm/m/n/10 Our first im-ple-men-ta-tion at-tempted to re-create jour-nal
[7]
Overfull \hbox (37.14656pt too wide) in paragraph at lines 654--655
\OT1/ptm/m/n/10 updatedb: http://lists.ceph.com/pipermail/ceph-users-ceph.com/2
015-
(./paper.bbl
Underfull \hbox (badness 1406) in paragraph at lines 29--35
[]\OT1/ptm/m/n/9 Michael A. Sevilla, Noah Watkins, Car-los Maltzahn, Ike
) [8] (./paper.aux)

LaTeX Warning: There were undefined references.

 )
(see the transcript file for additional information){/usr/share/texlive/texmf-d
ist/fonts/enc/dvips/base/8r.enc}</usr/share/texlive/texmf-dist/fonts/type1/publ
ic/amsfonts/cm/cmr10.pfb></usr/share/texlive/texmf-dist/fonts/type1/public/amsf
onts/cm/cmsy10.pfb></usr/share/texlive/texmf-dist/fonts/type1/public/amsfonts/c
m/cmsy9.pfb></usr/share/texlive/texmf-dist/fonts/type1/public/amsfonts/cm/cmtt1
0.pfb></usr/share/texlive/texmf-dist/fonts/type1/urw/times/utmb8a.pfb></usr/sha
re/texlive/texmf-dist/fonts/type1/urw/times/utmr8a.pfb></usr/share/texlive/texm
f-dist/fonts/type1/urw/times/utmri8a.pfb>
Output written on paper.pdf (8 pages, 833789 bytes).
Transcript written on paper.log.
This is pdfTeX, Version 3.14159265-2.6-1.40.16 (TeX Live 2015/Debian) (preloaded format=pdflatex)
 restricted \write18 enabled.
entering extended mode
(./paper.tex
LaTeX2e <2016/02/01>
Babel <3.9q> and hyphenation patterns for 3 language(s) loaded.
(./sigplanconf-eurosys.cls

LaTeX Warning: You have requested document class `sigplanconf-eurosys',
               but the document class provides `sigplanconf'.

Document Class: sigplanconf 2013/07/02 v2.8 ACM SIGPLAN Proceedings
(/usr/share/texlive/texmf-dist/tex/latex/base/article.cls
Document Class: article 2014/09/29 v1.4h Standard LaTeX document class
(/usr/share/texlive/texmf-dist/tex/latex/base/size10.clo))
Using natbib package with 'numbers' citation style.
(/usr/share/texlive/texmf-dist/tex/latex/natbib/natbib.sty))
(/usr/share/texlive/texmf-dist/tex/latex/graphics/graphicx.sty
(/usr/share/texlive/texmf-dist/tex/latex/graphics/keyval.sty)
(/usr/share/texlive/texmf-dist/tex/latex/graphics/graphics.sty
(/usr/share/texlive/texmf-dist/tex/latex/graphics/trig.sty)
(/usr/share/texlive/texmf-dist/tex/latex/latexconfig/graphics.cfg)
(/usr/share/texlive/texmf-dist/tex/latex/pdftex-def/pdftex.def
(/usr/share/texlive/texmf-dist/tex/generic/oberdiek/infwarerr.sty)
(/usr/share/texlive/texmf-dist/tex/generic/oberdiek/ltxcmds.sty))))
(./paper.aux) (/usr/share/texlive/texmf-dist/tex/latex/psnfss/ot1ptm.fd)
(/usr/share/texlive/texmf-dist/tex/context/base/supp-pdf.mkii
[Loading MPS to PDF converter (version 2006.09.02).]
) (/usr/share/texlive/texmf-dist/tex/generic/oberdiek/pdftexcmds.sty
(/usr/share/texlive/texmf-dist/tex/generic/oberdiek/ifluatex.sty)
(/usr/share/texlive/texmf-dist/tex/generic/oberdiek/ifpdf.sty))
(/usr/share/texlive/texmf-dist/tex/latex/oberdiek/epstopdf-base.sty
(/usr/share/texlive/texmf-dist/tex/latex/oberdiek/grfext.sty
(/usr/share/texlive/texmf-dist/tex/generic/oberdiek/kvdefinekeys.sty))
(/usr/share/texlive/texmf-dist/tex/latex/oberdiek/kvoptions.sty
(/usr/share/texlive/texmf-dist/tex/generic/oberdiek/kvsetkeys.sty
(/usr/share/texlive/texmf-dist/tex/generic/oberdiek/etexcmds.sty)))
(/usr/share/texlive/texmf-dist/tex/latex/latexconfig/epstopdf-sys.cfg))
Underfull \hbox (badness 1189) in paragraph at lines 12--27
\OT1/ptm/m/n/10 Today's large and highly-parallel work-loads are bot-tle-
<figures/subtree-policies.png, id=1, 420.57124pt x 299.1175pt>
<use figures/subtree-policies.png> [1{/var/lib/texmf/fonts/map/pdftex/updmap/pd
ftex.map} <./figures/subtree-policies.png>]
Overfull \hbox (3.45808pt too wide) in paragraph at lines 103--108
[]\OT1/ptm/m/n/10 For (3), de-cou-pled names-pace ap-proaches sac-ri-fice POSIX


Overfull \hbox (13.64824pt too wide) in paragraph at lines 115--125
 [][] 
<figures/creates-motivation.png, id=12, 590.205pt x 534.99875pt>
<use figures/creates-motivation.png>
Underfull \vbox (badness 10000) has occurred while \output is active
<figures/throughput-journal.png, id=13, 1046.91125pt x 320.19624pt>
<use figures/throughput-journal.png>
Overfull \hbox (8.1496pt too wide) in paragraph at lines 156--158
 [][] 
[2 <./figures/creates-motivation.png>]
<figures/throughput-cache-journal.png, id=18, 1049.9225pt x 319.1925pt>
<use figures/throughput-cache-journal.png>
Overfull \hbox (8.1496pt too wide) in paragraph at lines 217--220
 [][] 
<figures/inode-cache.png, id=19, 1047.915pt x 391.4625pt>
<use figures/inode-cache.png>
Overfull \hbox (8.1496pt too wide) in paragraph at lines 227--230
 [][] 
<figures/throughput-droplease.png, id=20, 1006.76125pt x 310.15875pt>
<use figures/throughput-droplease.png>
Overfull \hbox (8.1496pt too wide) in paragraph at lines 243--247
 [][] 

Underfull \vbox (badness 6316) has occurred while \output is active

LaTeX Warning: Reference `fig:throughput-cache' on page 3 undefined on input li
ne 285.


LaTeX Warning: Reference `fig:throughput-cache' on page 3 undefined on input li
ne 285.


LaTeX Warning: Reference `fig:throughput-cache' on page 3 undefined on input li
ne 290.


LaTeX Warning: Reference `fig:throughput-cache' on page 3 undefined on input li
ne 291.

(/usr/share/texlive/texmf-dist/tex/latex/psnfss/omsptm.fd)

LaTeX Warning: Reference `fig:throughput-cache' on page 3 undefined on input li
ne 304.


Underfull \vbox (badness 1546) has occurred while \output is active [3 <./figur
es/throughput-journal.png>]
<figures/exp0-underloaded.png, id=27, 1508.63625pt x 567.11874pt>
<use figures/exp0-underloaded.png>
Overfull \hbox (8.1496pt too wide) in paragraph at lines 312--315
 [][] 
<figures/runtime-consistency-scale.png, id=28, 996.72375pt x 301.125pt>
<use figures/runtime-consistency-scale.png>
Overfull \hbox (8.1496pt too wide) in paragraph at lines 320--324
 [][] 

LaTeX Warning: Reference `fig:exp0-behaviour' on page 4 undefined on input line
 351.


LaTeX Warning: Reference `fig:exp0-behaviour' on page 4 undefined on input line
 361.


LaTeX Warning: Reference `fig:exp0-behaviour' on page 4 undefined on input line
 370.


LaTeX Warning: Reference `fig:exp0-behaviour' on page 4 undefined on input line
 372.


Underfull \vbox (badness 10000) has occurred while \output is active [4 <./figu
res/throughput-cache-journal.png> <./figures/inode-cache.png>]
Underfull \hbox (badness 2229) in paragraph at lines 382--391
[]\OT1/ptm/b/n/10 Comparison to de-cou-pled names-paces\OT1/ptm/m/n/10 : De-cou
-pled

Underfull \vbox (badness 4193) has occurred while \output is active
<figures/fig-decouple.png, id=35, 1207.51125pt x 444.66125pt>
<use figures/fig-decouple.png>
Overfull \hbox (16.0748pt too wide) in paragraph at lines 398--402
 [][] 
[5 <./figures/throughput-droplease.png> <./figures/exp0-underloaded.png>]
Underfull \vbox (badness 10000) has occurred while \output is active [6 <./figu
res/runtime-consistency-scale.png> <./figures/fig-decouple.png>]
Underfull \hbox (badness 1194) in paragraph at lines 546--555
\OT1/ptm/m/n/10 Our first im-ple-men-ta-tion at-tempted to re-create jour-nal
[7]
Overfull \hbox (37.14656pt too wide) in paragraph at lines 654--655
\OT1/ptm/m/n/10 updatedb: http://lists.ceph.com/pipermail/ceph-users-ceph.com/2
015-
(./paper.bbl
Underfull \hbox (badness 1406) in paragraph at lines 29--35
[]\OT1/ptm/m/n/9 Michael A. Sevilla, Noah Watkins, Car-los Maltzahn, Ike
) [8] (./paper.aux)

LaTeX Warning: There were undefined references.

 )
(see the transcript file for additional information){/usr/share/texlive/texmf-d
ist/fonts/enc/dvips/base/8r.enc}</usr/share/texlive/texmf-dist/fonts/type1/publ
ic/amsfonts/cm/cmr10.pfb></usr/share/texlive/texmf-dist/fonts/type1/public/amsf
onts/cm/cmsy10.pfb></usr/share/texlive/texmf-dist/fonts/type1/public/amsfonts/c
m/cmsy9.pfb></usr/share/texlive/texmf-dist/fonts/type1/public/amsfonts/cm/cmtt1
0.pfb></usr/share/texlive/texmf-dist/fonts/type1/urw/times/utmb8a.pfb></usr/sha
re/texlive/texmf-dist/fonts/type1/urw/times/utmr8a.pfb></usr/share/texlive/texm
f-dist/fonts/type1/urw/times/utmri8a.pfb>
Output written on paper.pdf (8 pages, 833789 bytes).
Transcript written on paper.log.
