This is pdfTeX, Version 3.14159265-2.6-1.40.16 (TeX Live 2015/Debian) (preloaded format=pdflatex 2016.5.8)  13 JAN 2017 01:44
entering extended mode
 restricted \write18 enabled.
 %&-line parsing enabled.
**paper
(./paper.tex
LaTeX2e <2016/02/01>
Babel <3.9q> and hyphenation patterns for 3 language(s) loaded.
(./sigplanconf-eurosys.cls

LaTeX Warning: You have requested document class `sigplanconf-eurosys',
               but the document class provides `sigplanconf'.

Document Class: sigplanconf 2013/07/02 v2.8 ACM SIGPLAN Proceedings
\@numheaddepth=\count79
(/usr/share/texlive/texmf-dist/tex/latex/base/article.cls
Document Class: article 2014/09/29 v1.4h Standard LaTeX document class
(/usr/share/texlive/texmf-dist/tex/latex/base/size10.clo
File: size10.clo 2014/09/29 v1.4h Standard LaTeX file (size option)
)
\c@part=\count80
\c@section=\count81
\c@subsection=\count82
\c@subsubsection=\count83
\c@paragraph=\count84
\c@subparagraph=\count85
\c@figure=\count86
\c@table=\count87
\abovecaptionskip=\skip41
\belowcaptionskip=\skip42
\bibindent=\dimen102
)
\standardtextwidth=\dimen103
\standardvspace=\skip43

Using natbib package with 'numbers' citation style.
(/usr/share/texlive/texmf-dist/tex/latex/natbib/natbib.sty
Package: natbib 2010/09/13 8.31b (PWD, AO)
\bibhang=\skip44
\bibsep=\skip45
LaTeX Info: Redefining \cite on input line 694.
\c@NAT@ctr=\count88
)
\@sectionaboveskip=\skip46
\@sectionbelowskip=\skip47
\@subsectionaboveskip=\skip48
\@subsectionbelowskip=\skip49
\@paragraphaboveskip=\skip50
\@authorcount=\count89
\@titlenotecount=\count90
\@titlenotetext=\toks14
\@fnmark=\toks15
\@authori=\count91
\@measbox=\box26
)
(/usr/share/texlive/texmf-dist/tex/latex/graphics/graphicx.sty
Package: graphicx 2014/10/28 v1.0g Enhanced LaTeX Graphics (DPC,SPQR)

(/usr/share/texlive/texmf-dist/tex/latex/graphics/keyval.sty
Package: keyval 2014/10/28 v1.15 key=value parser (DPC)
\KV@toks@=\toks16
)
(/usr/share/texlive/texmf-dist/tex/latex/graphics/graphics.sty
Package: graphics 2016/01/03 v1.0q Standard LaTeX Graphics (DPC,SPQR)

(/usr/share/texlive/texmf-dist/tex/latex/graphics/trig.sty
Package: trig 2016/01/03 v1.10 sin cos tan (DPC)
)
(/usr/share/texlive/texmf-dist/tex/latex/latexconfig/graphics.cfg
File: graphics.cfg 2010/04/23 v1.9 graphics configuration of TeX Live
)
Package graphics Info: Driver file: pdftex.def on input line 95.

(/usr/share/texlive/texmf-dist/tex/latex/pdftex-def/pdftex.def
File: pdftex.def 2011/05/27 v0.06d Graphics/color for pdfTeX

(/usr/share/texlive/texmf-dist/tex/generic/oberdiek/infwarerr.sty
Package: infwarerr 2010/04/08 v1.3 Providing info/warning/error messages (HO)
)
(/usr/share/texlive/texmf-dist/tex/generic/oberdiek/ltxcmds.sty
Package: ltxcmds 2011/11/09 v1.22 LaTeX kernel commands for general use (HO)
)
\Gread@gobject=\count92
))
\Gin@req@height=\dimen104
\Gin@req@width=\dimen105
)
(./paper.aux)
\openout1 = `paper.aux'.

LaTeX Font Info:    Checking defaults for OML/cmm/m/it on input line 8.
LaTeX Font Info:    ... okay on input line 8.
LaTeX Font Info:    Checking defaults for T1/cmr/m/n on input line 8.
LaTeX Font Info:    ... okay on input line 8.
LaTeX Font Info:    Checking defaults for OT1/cmr/m/n on input line 8.
LaTeX Font Info:    ... okay on input line 8.
LaTeX Font Info:    Checking defaults for OMS/cmsy/m/n on input line 8.
LaTeX Font Info:    ... okay on input line 8.
LaTeX Font Info:    Checking defaults for OMX/cmex/m/n on input line 8.
LaTeX Font Info:    ... okay on input line 8.
LaTeX Font Info:    Checking defaults for U/cmr/m/n on input line 8.
LaTeX Font Info:    ... okay on input line 8.
LaTeX Font Info:    Try loading font information for OT1+ptm on input line 8.
 (/usr/share/texlive/texmf-dist/tex/latex/psnfss/ot1ptm.fd
File: ot1ptm.fd 2001/06/04 font definitions for OT1/ptm.
)
(/usr/share/texlive/texmf-dist/tex/context/base/supp-pdf.mkii
[Loading MPS to PDF converter (version 2006.09.02).]
\scratchcounter=\count93
\scratchdimen=\dimen106
\scratchbox=\box27
\nofMPsegments=\count94
\nofMParguments=\count95
\everyMPshowfont=\toks17
\MPscratchCnt=\count96
\MPscratchDim=\dimen107
\MPnumerator=\count97
\makeMPintoPDFobject=\count98
\everyMPtoPDFconversion=\toks18
) (/usr/share/texlive/texmf-dist/tex/generic/oberdiek/pdftexcmds.sty
Package: pdftexcmds 2011/11/29 v0.20 Utility functions of pdfTeX for LuaTeX (HO
)

(/usr/share/texlive/texmf-dist/tex/generic/oberdiek/ifluatex.sty
Package: ifluatex 2010/03/01 v1.3 Provides the ifluatex switch (HO)
Package ifluatex Info: LuaTeX not detected.
)
(/usr/share/texlive/texmf-dist/tex/generic/oberdiek/ifpdf.sty
Package: ifpdf 2011/01/30 v2.3 Provides the ifpdf switch (HO)
Package ifpdf Info: pdfTeX in PDF mode is detected.
)
Package pdftexcmds Info: LuaTeX not detected.
Package pdftexcmds Info: \pdf@primitive is available.
Package pdftexcmds Info: \pdf@ifprimitive is available.
Package pdftexcmds Info: \pdfdraftmode found.
)
(/usr/share/texlive/texmf-dist/tex/latex/oberdiek/epstopdf-base.sty
Package: epstopdf-base 2010/02/09 v2.5 Base part for package epstopdf

(/usr/share/texlive/texmf-dist/tex/latex/oberdiek/grfext.sty
Package: grfext 2010/08/19 v1.1 Manage graphics extensions (HO)

(/usr/share/texlive/texmf-dist/tex/generic/oberdiek/kvdefinekeys.sty
Package: kvdefinekeys 2011/04/07 v1.3 Define keys (HO)
))
(/usr/share/texlive/texmf-dist/tex/latex/oberdiek/kvoptions.sty
Package: kvoptions 2011/06/30 v3.11 Key value format for package options (HO)

(/usr/share/texlive/texmf-dist/tex/generic/oberdiek/kvsetkeys.sty
Package: kvsetkeys 2012/04/25 v1.16 Key value parser (HO)

(/usr/share/texlive/texmf-dist/tex/generic/oberdiek/etexcmds.sty
Package: etexcmds 2011/02/16 v1.5 Avoid name clashes with e-TeX commands (HO)
Package etexcmds Info: Could not find \expanded.
(etexcmds)             That can mean that you are not using pdfTeX 1.50 or
(etexcmds)             that some package has redefined \expanded.
(etexcmds)             In the latter case, load this package earlier.
)))
Package grfext Info: Graphics extension search list:
(grfext)             [.png,.pdf,.jpg,.mps,.jpeg,.jbig2,.jb2,.PNG,.PDF,.JPG,.JPE
G,.JBIG2,.JB2,.eps]
(grfext)             \AppendGraphicsExtensions on input line 452.

(/usr/share/texlive/texmf-dist/tex/latex/latexconfig/epstopdf-sys.cfg
File: epstopdf-sys.cfg 2010/07/13 v1.3 Configuration of (r)epstopdf for TeX Liv
e
))
LaTeX Font Info:    Font shape `OT1/ptm/bx/n' in size <17.28> not available
(Font)              Font shape `OT1/ptm/b/n' tried instead on input line 9.
LaTeX Font Info:    Font shape `OT1/ptm/bx/n' in size <12> not available
(Font)              Font shape `OT1/ptm/b/n' tried instead on input line 11.

Underfull \hbox (badness 1189) in paragraph at lines 12--27
\OT1/ptm/m/n/10 Today's large and highly-parallel work-loads are bot-tle-
 []

<figures/subtree-policies.png, id=1, 420.57124pt x 299.1175pt>
File: figures/subtree-policies.png Graphic file (type png)

<use figures/subtree-policies.png>
Package pdftex.def Info: figures/subtree-policies.png used on input line 52.
(pdftex.def)             Requested size: 213.39566pt x 151.77199pt.
LaTeX Font Info:    Font shape `OT1/ptm/bx/n' in size <10> not available
(Font)              Font shape `OT1/ptm/b/n' tried instead on input line 55.
 [1{/var/lib/texmf/fonts/map/pdftex/updmap/pdftex.map}


 <./figures/subtree-policies.png>]
Overfull \hbox (3.45808pt too wide) in paragraph at lines 103--108
[]\OT1/ptm/m/n/10 For (3), de-cou-pled names-pace ap-proaches sac-ri-fice POSIX

 []

LaTeX Font Info:    External font `cmex10' loaded for size
(Font)              <7> on input line 115.
LaTeX Font Info:    External font `cmex10' loaded for size
(Font)              <5> on input line 115.

Overfull \hbox (13.64824pt too wide) in paragraph at lines 115--125
 [][] 
 []

<figures/creates-motivation.png, id=12, 590.205pt x 534.99875pt>
File: figures/creates-motivation.png Graphic file (type png)

<use figures/creates-motivation.png>
Package pdftex.def Info: figures/creates-motivation.png used on input line 130.

(pdftex.def)             Requested size: 213.39566pt x 193.43207pt.

Underfull \vbox (badness 10000) has occurred while \output is active []


<figures/throughput-journal.png, id=13, 1046.91125pt x 320.19624pt>
File: figures/throughput-journal.png Graphic file (type png)

<use figures/throughput-journal.png>
Package pdftex.def Info: figures/throughput-journal.png used on input line 156.

(pdftex.def)             Requested size: 512.1496pt x 156.64346pt.

Overfull \hbox (8.1496pt too wide) in paragraph at lines 156--158
 [][] 
 []

[2 <./figures/creates-motivation.png>]
<figures/throughput-cache-journal.png, id=18, 1049.9225pt x 319.1925pt>
File: figures/throughput-cache-journal.png Graphic file (type png)

<use figures/throughput-cache-journal.png>
Package pdftex.def Info: figures/throughput-cache-journal.png used on input lin
e 217.
(pdftex.def)             Requested size: 512.1496pt x 155.70433pt.

Overfull \hbox (8.1496pt too wide) in paragraph at lines 217--220
 [][] 
 []

<figures/inode-cache.png, id=19, 1047.915pt x 391.4625pt>
File: figures/inode-cache.png Graphic file (type png)

<use figures/inode-cache.png>
Package pdftex.def Info: figures/inode-cache.png used on input line 227.
(pdftex.def)             Requested size: 512.1496pt x 191.32251pt.

Overfull \hbox (8.1496pt too wide) in paragraph at lines 227--230
 [][] 
 []

<figures/throughput-droplease.png, id=20, 1006.76125pt x 310.15875pt>
File: figures/throughput-droplease.png Graphic file (type png)

<use figures/throughput-droplease.png>
Package pdftex.def Info: figures/throughput-droplease.png used on input line 24
3.
(pdftex.def)             Requested size: 512.1496pt x 157.78133pt.

Overfull \hbox (8.1496pt too wide) in paragraph at lines 243--247
 [][] 
 []


Underfull \vbox (badness 6316) has occurred while \output is active []



LaTeX Warning: Reference `fig:throughput-cache' on page 3 undefined on input li
ne 285.


LaTeX Warning: Reference `fig:throughput-cache' on page 3 undefined on input li
ne 285.


LaTeX Warning: Reference `fig:throughput-cache' on page 3 undefined on input li
ne 290.


LaTeX Warning: Reference `fig:throughput-cache' on page 3 undefined on input li
ne 291.

LaTeX Font Info:    Try loading font information for OMS+ptm on input line 294.

(/usr/share/texlive/texmf-dist/tex/latex/psnfss/omsptm.fd
File: omsptm.fd 
)
LaTeX Font Info:    Font shape `OMS/ptm/m/n' in size <9> not available
(Font)              Font shape `OMS/cmsy/m/n' tried instead on input line 294.


LaTeX Warning: Reference `fig:throughput-cache' on page 3 undefined on input li
ne 304.


Underfull \vbox (badness 1546) has occurred while \output is active []

 [3 <./figures/throughput-journal.png>]
<figures/exp0-underloaded.png, id=27, 1508.63625pt x 567.11874pt>
File: figures/exp0-underloaded.png Graphic file (type png)

<use figures/exp0-underloaded.png>
Package pdftex.def Info: figures/exp0-underloaded.png used on input line 312.
(pdftex.def)             Requested size: 512.1496pt x 192.52359pt.

Overfull \hbox (8.1496pt too wide) in paragraph at lines 312--315
 [][] 
 []

<figures/runtime-consistency-scale.png, id=28, 996.72375pt x 301.125pt>
File: figures/runtime-consistency-scale.png Graphic file (type png)

<use figures/runtime-consistency-scale.png>
Package pdftex.def Info: figures/runtime-consistency-scale.png used on input li
ne 320.
(pdftex.def)             Requested size: 512.1496pt x 154.7296pt.

Overfull \hbox (8.1496pt too wide) in paragraph at lines 320--324
 [][] 
 []


LaTeX Warning: Reference `fig:exp0-behaviour' on page 4 undefined on input line
 351.


LaTeX Warning: Reference `fig:exp0-behaviour' on page 4 undefined on input line
 361.


LaTeX Warning: Reference `fig:exp0-behaviour' on page 4 undefined on input line
 370.


LaTeX Warning: Reference `fig:exp0-behaviour' on page 4 undefined on input line
 372.


Underfull \vbox (badness 10000) has occurred while \output is active []

 [4 <./figures/throughput-cache-journal.png> <./figures/inode-cache.png>]
Underfull \hbox (badness 2229) in paragraph at lines 382--391
[]\OT1/ptm/b/n/10 Comparison to de-cou-pled names-paces\OT1/ptm/m/n/10 : De-cou
-pled
 []


Underfull \vbox (badness 4193) has occurred while \output is active []


<figures/fig-decouple.png, id=35, 1207.51125pt x 444.66125pt>
File: figures/fig-decouple.png Graphic file (type png)

<use figures/fig-decouple.png>
Package pdftex.def Info: figures/fig-decouple.png used on input line 398.
(pdftex.def)             Requested size: 256.0748pt x 94.29758pt.

Overfull \hbox (16.0748pt too wide) in paragraph at lines 398--402
 [][] 
 []

[5 <./figures/throughput-droplease.png> <./figures/exp0-underloaded.png>]
Underfull \vbox (badness 10000) has occurred while \output is active []

 [6 <./figures/runtime-consistency-scale.png> <./figures/fig-decouple.png>]
Underfull \hbox (badness 1194) in paragraph at lines 546--555
\OT1/ptm/m/n/10 Our first im-ple-men-ta-tion at-tempted to re-create jour-nal
 []

[7]
Overfull \hbox (37.14656pt too wide) in paragraph at lines 654--655
\OT1/ptm/m/n/10 updatedb: http://lists.ceph.com/pipermail/ceph-users-ceph.com/2
015-
 []

(./paper.bbl
Underfull \hbox (badness 1406) in paragraph at lines 29--35
[]\OT1/ptm/m/n/9 Michael A. Sevilla, Noah Watkins, Car-los Maltzahn, Ike
 []

) [8] (./paper.aux)

LaTeX Warning: There were undefined references.

 ) 
Here is how much of TeX's memory you used:
 2142 strings out of 494953
 30373 string characters out of 6180978
 94354 words of memory out of 5000000
 5405 multiletter control sequences out of 15000+600000
 21652 words of font info for 39 fonts, out of 8000000 for 9000
 14 hyphenation exceptions out of 8191
 37i,8n,30p,360b,231s stack positions out of 5000i,500n,10000p,200000b,80000s
{/usr/share/texlive/texmf-dist/fonts/enc/dvips/base/8r.enc}</usr/share/texliv
e/texmf-dist/fonts/type1/public/amsfonts/cm/cmr10.pfb></usr/share/texlive/texmf
-dist/fonts/type1/public/amsfonts/cm/cmsy10.pfb></usr/share/texlive/texmf-dist/
fonts/type1/public/amsfonts/cm/cmsy9.pfb></usr/share/texlive/texmf-dist/fonts/t
ype1/public/amsfonts/cm/cmtt10.pfb></usr/share/texlive/texmf-dist/fonts/type1/u
rw/times/utmb8a.pfb></usr/share/texlive/texmf-dist/fonts/type1/urw/times/utmr8a
.pfb></usr/share/texlive/texmf-dist/fonts/type1/urw/times/utmri8a.pfb>
Output written on paper.pdf (8 pages, 833789 bytes).
PDF statistics:
 79 PDF objects out of 1000 (max. 8388607)
 43 compressed objects within 1 object stream
 0 named destinations out of 1000 (max. 500000)
 46 words of extra memory for PDF output out of 10000 (max. 10000000)

