2016-12-27 09:44:20  /entrypoint.sh: static: does not generate config
HEALTH_WARN too few PGs per OSD (8 < min 30)
2016-12-27 09:44:23  /entrypoint.sh: static: does not generate admin key
pool 'cephfs_data' created
pool 'cephfs_metadata' created
new fs with metadata pool 2 and data pool 1
2016-12-27 09:44:27  /entrypoint.sh: SUCCESS
2016-12-27 09:44:27.450431 7f128364b300  0 set uid:gid to 64045:64045 (ceph:ceph)
2016-12-27 09:44:27.450468 7f128364b300  0 ceph version 9.0.0-18991-gec12610 (ec12610bb1358fb2eab74cb7b0483c2613bae38f), process ceph-mds, pid 198
starting mds.issdm-12 at -
2016-12-27 09:44:27.481831 7f128364b300  0 pidfile_write: ignore empty --pid-file
2016-12-27 09:44:31.716407 7f127c055700  0 mds.0.cache creating system inode with ino:1
2016-12-27 09:44:31.729569 7f127c055700  0 mds.0.cache creating system inode with ino:100
2016-12-27 09:44:31.729598 7f127c055700  0 mds.0.cache creating system inode with ino:600
2016-12-27 09:44:31.730751 7f127c055700  0 mds.0.cache creating system inode with ino:601
2016-12-27 09:44:31.730871 7f127c055700  0 mds.0.cache creating system inode with ino:602
2016-12-27 09:44:31.740876 7f127c055700  0 mds.0.cache creating system inode with ino:603
2016-12-27 09:44:31.741015 7f127c055700  0 mds.0.cache creating system inode with ino:604
2016-12-27 09:44:31.741154 7f127c055700  0 mds.0.cache creating system inode with ino:605
2016-12-27 09:44:31.741402 7f127c055700  0 mds.0.cache creating system inode with ino:606
2016-12-27 09:44:31.741620 7f127c055700  0 mds.0.cache creating system inode with ino:607
2016-12-27 09:44:31.741907 7f127c055700  0 mds.0.cache creating system inode with ino:608
2016-12-27 09:44:31.742049 7f127c055700  0 mds.0.cache creating system inode with ino:609
