2016-12-27 11:57:13  /entrypoint.sh: static: does not generate config
HEALTH_WARN too few PGs per OSD (8 < min 30)
2016-12-27 11:57:15  /entrypoint.sh: static: does not generate admin key
pool 'cephfs_data' created
pool 'cephfs_metadata' created
new fs with metadata pool 2 and data pool 1
2016-12-27 11:57:18  /entrypoint.sh: SUCCESS
2016-12-27 11:57:18.827770 7f0741d26300  0 set uid:gid to 64045:64045 (ceph:ceph)
2016-12-27 11:57:18.827808 7f0741d26300  0 ceph version 9.0.0-18991-gec12610 (ec12610bb1358fb2eab74cb7b0483c2613bae38f), process ceph-mds, pid 197
starting mds.issdm-12 at -
2016-12-27 11:57:18.866108 7f0741d26300  0 pidfile_write: ignore empty --pid-file
2016-12-27 11:57:24.013924 7f073a730700  0 mds.0.cache creating system inode with ino:1
2016-12-27 11:57:24.086871 7f073a730700  0 mds.0.cache creating system inode with ino:100
2016-12-27 11:57:24.086903 7f073a730700  0 mds.0.cache creating system inode with ino:600
2016-12-27 11:57:24.087229 7f073a730700  0 mds.0.cache creating system inode with ino:601
2016-12-27 11:57:24.087384 7f073a730700  0 mds.0.cache creating system inode with ino:602
2016-12-27 11:57:24.096257 7f073a730700  0 mds.0.cache creating system inode with ino:603
2016-12-27 11:57:24.096384 7f073a730700  0 mds.0.cache creating system inode with ino:604
2016-12-27 11:57:24.096517 7f073a730700  0 mds.0.cache creating system inode with ino:605
2016-12-27 11:57:24.096611 7f073a730700  0 mds.0.cache creating system inode with ino:606
2016-12-27 11:57:24.096703 7f073a730700  0 mds.0.cache creating system inode with ino:607
2016-12-27 11:57:24.096812 7f073a730700  0 mds.0.cache creating system inode with ino:608
2016-12-27 11:57:24.096948 7f073a730700  0 mds.0.cache creating system inode with ino:609
2016-12-27 11:59:42.451870 7f073ceb0700  0 -- 192.168.140.188:6800/1458144767 >> 192.168.140.230:6800/2165793244 conn(0x7f074c6e4800 :6800 s=STATE_ACCEPTING_WAIT_CONNECT_MSG_AUTH pgs=0 cs=0 l=0).handle_connect_msg accept connect_seq 0 vs existing csq=0 existing_state=STATE_CONNECTING_WAIT_CONNECT_REPLY
2016-12-27 11:59:45.652287 7f073d6b1700  0 -- 192.168.140.188:6800/1458144767 >> 192.168.140.248:6800/4244166306 conn(0x7f074c6e3000 :6800 s=STATE_ACCEPTING_WAIT_CONNECT_MSG_AUTH pgs=0 cs=0 l=0).handle_connect_msg accept connect_seq 0 vs existing csq=0 existing_state=STATE_CONNECTING_WAIT_CONNECT_REPLY
