2016-12-03 23:33:30  /entrypoint.sh: static: does not generate config
HEALTH_WARN too few PGs per OSD (8 < min 30)
2016-12-03 23:33:31  /entrypoint.sh: static: does not generate admin key
2016-12-03 23:33:31  /entrypoint.sh: SUCCESS
2016-12-03 23:33:31.564979 7febfd97b300  0 set uid:gid to 64045:64045 (ceph:ceph)
2016-12-03 23:33:31.565024 7febfd97b300  0 ceph version 11.0.2-1332-gf628bac (f628bac31aa0b5b2696b8defc4aa18d4bc2ef757), process ceph-mds, pid 85
starting mds.issdm-18 at -
2016-12-03 23:33:31.567149 7febfd97b300  0 pidfile_write: ignore empty --pid-file
2016-12-03 23:34:10.979634 7febf6385700  0 mds.1.cache creating system inode with ino:101
2016-12-03 23:34:10.979784 7febf6385700  0 mds.1.cache creating system inode with ino:60a
2016-12-03 23:34:10.980030 7febf6385700  0 mds.1.cache creating system inode with ino:60b
2016-12-03 23:34:10.980131 7febf6385700  0 mds.1.cache creating system inode with ino:60c
2016-12-03 23:34:10.980229 7febf6385700  0 mds.1.cache creating system inode with ino:60d
2016-12-03 23:34:10.980521 7febf6385700  0 mds.1.cache creating system inode with ino:60e
2016-12-03 23:34:10.980636 7febf6385700  0 mds.1.cache creating system inode with ino:60f
2016-12-03 23:34:10.980768 7febf6385700  0 mds.1.cache creating system inode with ino:610
2016-12-03 23:34:10.980861 7febf6385700  0 mds.1.cache creating system inode with ino:611
2016-12-03 23:34:10.980956 7febf6385700  0 mds.1.cache creating system inode with ino:612
2016-12-03 23:34:10.981087 7febf6385700  0 mds.1.cache creating system inode with ino:613
2016-12-03 23:34:15.253485 7febf9306700  0 -- 192.168.140.230:6800/3020666541 >> 192.168.140.188:6800/4100547828 conn(0x7fec06d58000 :6800 s=STATE_ACCEPTING_WAIT_CONNECT_MSG_AUTH pgs=0 cs=0 l=0).handle_connect_msg accept connect_seq 0 vs existing csq=0 existing_state=STATE_CONNECTING_WAIT_CONNECT_REPLY
2016-12-03 23:34:15.253719 7febf9306700  0 -- 192.168.140.230:6800/3020666541 >> 192.168.140.188:6800/4100547828 conn(0x7fec06d58000 :6800 s=STATE_ACCEPTING_WAIT_CONNECT_MSG pgs=0 cs=0 l=0).fault with nothing to send and in the half  accept state just closed
