2016-12-03 23:32:12  /entrypoint.sh: static: does not generate config
HEALTH_WARN too few PGs per OSD (7 < min 30)
2016-12-03 23:32:13  /entrypoint.sh: static: does not generate admin key
pool 'cephfs_data' created
pool 'cephfs_metadata' created
new fs with metadata pool 2 and data pool 1
2016-12-03 23:32:16  /entrypoint.sh: SUCCESS
2016-12-03 23:32:16.947735 7f311cf90300  0 set uid:gid to 64045:64045 (ceph:ceph)
2016-12-03 23:32:16.947775 7f311cf90300  0 ceph version 11.0.2-1332-gf628bac (f628bac31aa0b5b2696b8defc4aa18d4bc2ef757), process ceph-mds, pid 189
starting mds.issdm-12 at -
2016-12-03 23:32:16.949838 7f311cf90300  0 pidfile_write: ignore empty --pid-file
2016-12-03 23:32:21.358884 7f311599a700  0 mds.0.cache creating system inode with ino:1
2016-12-03 23:32:21.359175 7f311599a700  0 mds.0.cache creating system inode with ino:100
2016-12-03 23:32:21.359197 7f311599a700  0 mds.0.cache creating system inode with ino:600
2016-12-03 23:32:21.359374 7f311599a700  0 mds.0.cache creating system inode with ino:601
2016-12-03 23:32:21.359472 7f311599a700  0 mds.0.cache creating system inode with ino:602
2016-12-03 23:32:21.359561 7f311599a700  0 mds.0.cache creating system inode with ino:603
2016-12-03 23:32:21.359836 7f311599a700  0 mds.0.cache creating system inode with ino:604
2016-12-03 23:32:21.359962 7f311599a700  0 mds.0.cache creating system inode with ino:605
2016-12-03 23:32:21.360078 7f311599a700  0 mds.0.cache creating system inode with ino:606
2016-12-03 23:32:21.360176 7f311599a700  0 mds.0.cache creating system inode with ino:607
2016-12-03 23:32:21.360275 7f311599a700  0 mds.0.cache creating system inode with ino:608
2016-12-03 23:32:21.360394 7f311599a700  0 mds.0.cache creating system inode with ino:609
2016-12-03 23:34:12.053097 7f311811a700  0 -- 192.168.140.188:6800/4100547828 >> 192.168.140.248:6800/3380152872 conn(0x7f3127071800 :6800 s=STATE_ACCEPTING_WAIT_CONNECT_MSG_AUTH pgs=0 cs=0 l=0).handle_connect_msg accept connect_seq 0 vs existing csq=0 existing_state=STATE_CONNECTING
2016-12-03 23:34:15.253548 7f311891b700  0 -- 192.168.140.188:6800/4100547828 >> 192.168.140.230:6800/3020666541 conn(0x7f3127070000 :6800 s=STATE_ACCEPTING_WAIT_CONNECT_MSG_AUTH pgs=0 cs=0 l=0).handle_connect_msg accept connect_seq 0 vs existing csq=0 existing_state=STATE_CONNECTING_WAIT_CONNECT_REPLY
