2016-12-23 17:59:48  /entrypoint.sh: static: does not generate config
HEALTH_WARN too few PGs per OSD (10 < min 30)
2016-12-23 17:59:48  /entrypoint.sh: static: does not generate admin key
2016-12-23 17:59:49  /entrypoint.sh: SUCCESS
2016-12-23 17:59:49.180724 7fe248086300  0 set uid:gid to 64045:64045 (ceph:ceph)
2016-12-23 17:59:49.180770 7fe248086300  0 ceph version 9.0.0-18991-gec12610 (ec12610bb1358fb2eab74cb7b0483c2613bae38f), process ceph-mds, pid 89
starting mds.issdm-15 at -
2016-12-23 17:59:49.182929 7fe248086300  0 pidfile_write: ignore empty --pid-file
2016-12-23 18:01:12.779863 7fe240a90700  0 mds.2.cache creating system inode with ino:102
2016-12-23 18:01:12.780027 7fe240a90700  0 mds.2.cache creating system inode with ino:614
2016-12-23 18:01:12.780374 7fe240a90700  0 mds.2.cache creating system inode with ino:615
2016-12-23 18:01:12.780473 7fe240a90700  0 mds.2.cache creating system inode with ino:616
2016-12-23 18:01:12.780849 7fe240a90700  0 mds.2.cache creating system inode with ino:617
2016-12-23 18:01:12.781093 7fe240a90700  0 mds.2.cache creating system inode with ino:618
2016-12-23 18:01:12.781327 7fe240a90700  0 mds.2.cache creating system inode with ino:619
2016-12-23 18:01:12.781661 7fe240a90700  0 mds.2.cache creating system inode with ino:61a
2016-12-23 18:01:12.781897 7fe240a90700  0 mds.2.cache creating system inode with ino:61b
2016-12-23 18:01:12.782142 7fe240a90700  0 mds.2.cache creating system inode with ino:61c
2016-12-23 18:01:12.782485 7fe240a90700  0 mds.2.cache creating system inode with ino:61d
2016-12-23 18:16:15.762422 7fe243210700  0 -- 192.168.140.248:6800/32588549 >> 192.168.140.230:6800/104532521 conn(0x7fe252b29800 :-1 s=STATE_OPEN pgs=9 cs=1 l=0).fault with nothing to send, going to standby
