2016-12-23 18:00:26  /entrypoint.sh: static: does not generate config
HEALTH_WARN too few PGs per OSD (10 < min 30)
2016-12-23 18:00:27  /entrypoint.sh: static: does not generate admin key
2016-12-23 18:00:28  /entrypoint.sh: SUCCESS
2016-12-23 18:00:28.060327 7fe138f93300  0 set uid:gid to 64045:64045 (ceph:ceph)
2016-12-23 18:00:28.060368 7fe138f93300  0 ceph version 9.0.0-18991-gec12610 (ec12610bb1358fb2eab74cb7b0483c2613bae38f), process ceph-mds, pid 88
starting mds.issdm-18 at -
2016-12-23 18:00:28.062504 7fe138f93300  0 pidfile_write: ignore empty --pid-file
2016-12-23 18:01:12.779401 7fe13199d700  0 mds.1.cache creating system inode with ino:101
2016-12-23 18:01:12.779640 7fe13199d700  0 mds.1.cache creating system inode with ino:60a
2016-12-23 18:01:12.779968 7fe13199d700  0 mds.1.cache creating system inode with ino:60b
2016-12-23 18:01:12.780097 7fe13199d700  0 mds.1.cache creating system inode with ino:60c
2016-12-23 18:01:12.780217 7fe13199d700  0 mds.1.cache creating system inode with ino:60d
2016-12-23 18:01:12.780497 7fe13199d700  0 mds.1.cache creating system inode with ino:60e
2016-12-23 18:01:12.780612 7fe13199d700  0 mds.1.cache creating system inode with ino:60f
2016-12-23 18:01:12.780733 7fe13199d700  0 mds.1.cache creating system inode with ino:610
2016-12-23 18:01:12.780827 7fe13199d700  0 mds.1.cache creating system inode with ino:611
2016-12-23 18:01:12.780938 7fe13199d700  0 mds.1.cache creating system inode with ino:612
2016-12-23 18:01:12.781045 7fe13199d700  0 mds.1.cache creating system inode with ino:613
2016-12-23 18:16:15.761665 7fe13411d700  0 -- 192.168.140.230:6800/104532521 >> 192.168.140.248:6800/32588549 conn(0x7fe14204d000 :6800 s=STATE_OPEN pgs=9 cs=1 l=0).fault with nothing to send, going to standby
