2016-12-23 17:59:11  /entrypoint.sh: static: does not generate config
HEALTH_WARN too few PGs per OSD (8 < min 30)
2016-12-23 17:59:12  /entrypoint.sh: static: does not generate admin key
pool 'cephfs_data' created
pool 'cephfs_metadata' created
new fs with metadata pool 2 and data pool 1
2016-12-23 17:59:15  /entrypoint.sh: SUCCESS
2016-12-23 17:59:15.748771 7f06c9882300  0 set uid:gid to 64045:64045 (ceph:ceph)
2016-12-23 17:59:15.748810 7f06c9882300  0 ceph version 9.0.0-18991-gec12610 (ec12610bb1358fb2eab74cb7b0483c2613bae38f), process ceph-mds, pid 198
starting mds.issdm-12 at -
2016-12-23 17:59:15.750908 7f06c9882300  0 pidfile_write: ignore empty --pid-file
2016-12-23 17:59:19.933354 7f06c228c700  0 mds.0.cache creating system inode with ino:1
2016-12-23 17:59:19.933660 7f06c228c700  0 mds.0.cache creating system inode with ino:100
2016-12-23 17:59:19.933681 7f06c228c700  0 mds.0.cache creating system inode with ino:600
2016-12-23 17:59:19.933882 7f06c228c700  0 mds.0.cache creating system inode with ino:601
2016-12-23 17:59:19.933996 7f06c228c700  0 mds.0.cache creating system inode with ino:602
2016-12-23 17:59:19.934279 7f06c228c700  0 mds.0.cache creating system inode with ino:603
2016-12-23 17:59:19.934414 7f06c228c700  0 mds.0.cache creating system inode with ino:604
2016-12-23 17:59:19.934685 7f06c228c700  0 mds.0.cache creating system inode with ino:605
2016-12-23 17:59:19.934968 7f06c228c700  0 mds.0.cache creating system inode with ino:606
2016-12-23 17:59:19.935549 7f06c228c700  0 mds.0.cache creating system inode with ino:607
2016-12-23 17:59:19.935784 7f06c228c700  0 mds.0.cache creating system inode with ino:608
2016-12-23 17:59:19.936161 7f06c228c700  0 mds.0.cache creating system inode with ino:609
